[0.023s] Invoking command in '/home/bryan/hexapod_ws/build/hexapod_utils': CMAKE_PREFIX_PATH=${CMAKE_PREFIX_PATH}:/home/bryan/bumperbot_ws/install/bumperbot_py_examples:/opt/ros/humble /usr/bin/cmake --build /home/bryan/hexapod_ws/build/hexapod_utils -- -j16 -l16
[0.065s] [35m[1mConsolidate compiler generated dependencies of target float_32_republisher[0m
[0.087s] [ 50%] [32mBuilding CXX object CMakeFiles/float_32_republisher.dir/src/float_32_republisher.cpp.o[0m
[5.507s] [100%] [32m[1mLinking CXX executable float_32_republisher[0m
[5.789s] [100%] Built target float_32_republisher
[5.800s] Invoked command in '/home/bryan/hexapod_ws/build/hexapod_utils' returned '0': CMAKE_PREFIX_PATH=${CMAKE_PREFIX_PATH}:/home/bryan/bumperbot_ws/install/bumperbot_py_examples:/opt/ros/humble /usr/bin/cmake --build /home/bryan/hexapod_ws/build/hexapod_utils -- -j16 -l16
[5.825s] Invoking command in '/home/bryan/hexapod_ws/build/hexapod_utils': CMAKE_PREFIX_PATH=${CMAKE_PREFIX_PATH}:/home/bryan/bumperbot_ws/install/bumperbot_py_examples:/opt/ros/humble /usr/bin/cmake --install /home/bryan/hexapod_ws/build/hexapod_utils
[5.832s] -- Install configuration: ""
[5.832s] -- Installing: /home/bryan/hexapod_ws/install/hexapod_utils/lib/hexapod_utils/float_32_republisher
[5.835s] -- Set runtime path of "/home/bryan/hexapod_ws/install/hexapod_utils/lib/hexapod_utils/float_32_republisher" to ""
[5.835s] -- Up-to-date: /home/bryan/hexapod_ws/install/hexapod_utils/share/ament_index/resource_index/package_run_dependencies/hexapod_utils
[5.835s] -- Installing: /home/bryan/hexapod_ws/install/hexapod_utils/share/ament_index/resource_index/parent_prefix_path/hexapod_utils
[5.835s] -- Up-to-date: /home/bryan/hexapod_ws/install/hexapod_utils/share/hexapod_utils/environment/ament_prefix_path.sh
[5.835s] -- Installing: /home/bryan/hexapod_ws/install/hexapod_utils/share/hexapod_utils/environment/ament_prefix_path.dsv
[5.835s] -- Up-to-date: /home/bryan/hexapod_ws/install/hexapod_utils/share/hexapod_utils/environment/path.sh
[5.835s] -- Installing: /home/bryan/hexapod_ws/install/hexapod_utils/share/hexapod_utils/environment/path.dsv
[5.835s] -- Up-to-date: /home/bryan/hexapod_ws/install/hexapod_utils/share/hexapod_utils/local_setup.bash
[5.836s] -- Up-to-date: /home/bryan/hexapod_ws/install/hexapod_utils/share/hexapod_utils/local_setup.sh
[5.836s] -- Up-to-date: /home/bryan/hexapod_ws/install/hexapod_utils/share/hexapod_utils/local_setup.zsh
[5.836s] -- Installing: /home/bryan/hexapod_ws/install/hexapod_utils/share/hexapod_utils/local_setup.dsv
[5.836s] -- Installing: /home/bryan/hexapod_ws/install/hexapod_utils/share/hexapod_utils/package.dsv
[5.836s] -- Up-to-date: /home/bryan/hexapod_ws/install/hexapod_utils/share/ament_index/resource_index/packages/hexapod_utils
[5.836s] -- Up-to-date: /home/bryan/hexapod_ws/install/hexapod_utils/share/hexapod_utils/cmake/hexapod_utilsConfig.cmake
[5.836s] -- Up-to-date: /home/bryan/hexapod_ws/install/hexapod_utils/share/hexapod_utils/cmake/hexapod_utilsConfig-version.cmake
[5.836s] -- Up-to-date: /home/bryan/hexapod_ws/install/hexapod_utils/share/hexapod_utils/package.xml
[5.837s] Invoked command in '/home/bryan/hexapod_ws/build/hexapod_utils' returned '0': CMAKE_PREFIX_PATH=${CMAKE_PREFIX_PATH}:/home/bryan/bumperbot_ws/install/bumperbot_py_examples:/opt/ros/humble /usr/bin/cmake --install /home/bryan/hexapod_ws/build/hexapod_utils
