[0.127s] Invoking command in '/home/bryan/hexapod_ws/build/hexapod_interfaces': CMAKE_PREFIX_PATH=${CMAKE_PREFIX_PATH}:/home/bryan/bumperbot_ws/install/bumperbot_py_examples:/opt/ros/humble /usr/bin/cmake --build /home/bryan/hexapod_ws/build/hexapod_interfaces -- -j16 -l16
[0.320s] [  3%] Built target hexapod_interfaces__cpp
[0.325s] [ 12%] Built target hexapod_interfaces__rosidl_generator_c
[0.348s] [ 12%] Built target ament_cmake_python_copy_hexapod_interfaces
[0.406s] [ 41%] Built target hexapod_interfaces__rosidl_typesupport_introspection_cpp
[0.411s] [ 48%] Built target hexapod_interfaces__rosidl_typesupport_cpp
[0.412s] [ 51%] Built target hexapod_interfaces__rosidl_typesupport_fastrtps_cpp
[0.412s] [ 58%] Built target hexapod_interfaces__rosidl_typesupport_introspection_c
[0.414s] [ 61%] Built target hexapod_interfaces__rosidl_typesupport_c
[0.414s] [ 70%] Built target hexapod_interfaces__rosidl_typesupport_fastrtps_c
[0.524s] [ 70%] Built target hexapod_interfaces
[0.564s] [ 74%] Built target hexapod_interfaces__py
[0.666s] [ 80%] Built target hexapod_interfaces__rosidl_generator_py
[0.755s] [ 93%] Built target hexapod_interfaces__rosidl_typesupport_fastrtps_c__pyext
[0.756s] [ 93%] Built target hexapod_interfaces__rosidl_typesupport_c__pyext
[0.765s] [100%] Built target hexapod_interfaces__rosidl_typesupport_introspection_c__pyext
[1.227s] running egg_info
[1.230s] writing hexapod_interfaces.egg-info/PKG-INFO
[1.230s] writing dependency_links to hexapod_interfaces.egg-info/dependency_links.txt
[1.231s] writing top-level names to hexapod_interfaces.egg-info/top_level.txt
[1.239s] reading manifest file 'hexapod_interfaces.egg-info/SOURCES.txt'
[1.239s] writing manifest file 'hexapod_interfaces.egg-info/SOURCES.txt'
[1.365s] [100%] Built target ament_cmake_python_build_hexapod_interfaces_egg
[1.405s] Invoked command in '/home/bryan/hexapod_ws/build/hexapod_interfaces' returned '0': CMAKE_PREFIX_PATH=${CMAKE_PREFIX_PATH}:/home/bryan/bumperbot_ws/install/bumperbot_py_examples:/opt/ros/humble /usr/bin/cmake --build /home/bryan/hexapod_ws/build/hexapod_interfaces -- -j16 -l16
[1.622s] Invoking command in '/home/bryan/hexapod_ws/build/hexapod_interfaces': CMAKE_PREFIX_PATH=${CMAKE_PREFIX_PATH}:/home/bryan/bumperbot_ws/install/bumperbot_py_examples:/opt/ros/humble /usr/bin/cmake --install /home/bryan/hexapod_ws/build/hexapod_interfaces
[1.650s] -- Install configuration: ""
[1.650s] -- Up-to-date: /home/bryan/hexapod_ws/install/hexapod_interfaces/share/ament_index/resource_index/rosidl_interfaces/hexapod_interfaces
[1.651s] -- Up-to-date: /home/bryan/hexapod_ws/install/hexapod_interfaces/include/hexapod_interfaces/hexapod_interfaces
[1.652s] -- Up-to-date: /home/bryan/hexapod_ws/install/hexapod_interfaces/include/hexapod_interfaces/hexapod_interfaces/msg
[1.652s] -- Up-to-date: /home/bryan/hexapod_ws/install/hexapod_interfaces/include/hexapod_interfaces/hexapod_interfaces/msg/point_array.h
[1.653s] -- Up-to-date: /home/bryan/hexapod_ws/install/hexapod_interfaces/include/hexapod_interfaces/hexapod_interfaces/msg/detail
[1.653s] -- Up-to-date: /home/bryan/hexapod_ws/install/hexapod_interfaces/include/hexapod_interfaces/hexapod_interfaces/msg/detail/point_array__type_support.h
[1.654s] -- Up-to-date: /home/bryan/hexapod_ws/install/hexapod_interfaces/include/hexapod_interfaces/hexapod_interfaces/msg/detail/point_array__functions.c
[1.654s] -- Up-to-date: /home/bryan/hexapod_ws/install/hexapod_interfaces/include/hexapod_interfaces/hexapod_interfaces/msg/detail/point_array__functions.h
[1.654s] -- Up-to-date: /home/bryan/hexapod_ws/install/hexapod_interfaces/include/hexapod_interfaces/hexapod_interfaces/msg/detail/point_array__struct.h
[1.654s] -- Up-to-date: /home/bryan/hexapod_ws/install/hexapod_interfaces/include/hexapod_interfaces/hexapod_interfaces/msg/rosidl_generator_c__visibility_control.h
[1.655s] -- Up-to-date: /home/bryan/hexapod_ws/install/hexapod_interfaces/share/hexapod_interfaces/environment/library_path.sh
[1.655s] -- Up-to-date: /home/bryan/hexapod_ws/install/hexapod_interfaces/share/hexapod_interfaces/environment/library_path.dsv
[1.655s] -- Up-to-date: /home/bryan/hexapod_ws/install/hexapod_interfaces/lib/libhexapod_interfaces__rosidl_generator_c.so
[1.655s] -- Up-to-date: /home/bryan/hexapod_ws/install/hexapod_interfaces/include/hexapod_interfaces/hexapod_interfaces
[1.655s] -- Up-to-date: /home/bryan/hexapod_ws/install/hexapod_interfaces/include/hexapod_interfaces/hexapod_interfaces/msg
[1.656s] -- Up-to-date: /home/bryan/hexapod_ws/install/hexapod_interfaces/include/hexapod_interfaces/hexapod_interfaces/msg/rosidl_typesupport_fastrtps_c__visibility_control.h
[1.656s] -- Up-to-date: /home/bryan/hexapod_ws/install/hexapod_interfaces/include/hexapod_interfaces/hexapod_interfaces/msg/detail
[1.657s] -- Up-to-date: /home/bryan/hexapod_ws/install/hexapod_interfaces/include/hexapod_interfaces/hexapod_interfaces/msg/detail/point_array__rosidl_typesupport_fastrtps_c.h
[1.657s] -- Up-to-date: /home/bryan/hexapod_ws/install/hexapod_interfaces/lib/libhexapod_interfaces__rosidl_typesupport_fastrtps_c.so
[1.657s] -- Up-to-date: /home/bryan/hexapod_ws/install/hexapod_interfaces/include/hexapod_interfaces/hexapod_interfaces
[1.657s] -- Up-to-date: /home/bryan/hexapod_ws/install/hexapod_interfaces/include/hexapod_interfaces/hexapod_interfaces/msg
[1.657s] -- Up-to-date: /home/bryan/hexapod_ws/install/hexapod_interfaces/include/hexapod_interfaces/hexapod_interfaces/msg/point_array.hpp
[1.658s] -- Up-to-date: /home/bryan/hexapod_ws/install/hexapod_interfaces/include/hexapod_interfaces/hexapod_interfaces/msg/detail
[1.658s] -- Up-to-date: /home/bryan/hexapod_ws/install/hexapod_interfaces/include/hexapod_interfaces/hexapod_interfaces/msg/detail/point_array__struct.hpp
[1.658s] -- Up-to-date: /home/bryan/hexapod_ws/install/hexapod_interfaces/include/hexapod_interfaces/hexapod_interfaces/msg/detail/point_array__builder.hpp
[1.658s] -- Up-to-date: /home/bryan/hexapod_ws/install/hexapod_interfaces/include/hexapod_interfaces/hexapod_interfaces/msg/detail/point_array__traits.hpp
[1.658s] -- Up-to-date: /home/bryan/hexapod_ws/install/hexapod_interfaces/include/hexapod_interfaces/hexapod_interfaces
[1.659s] -- Up-to-date: /home/bryan/hexapod_ws/install/hexapod_interfaces/include/hexapod_interfaces/hexapod_interfaces/msg
[1.659s] -- Up-to-date: /home/bryan/hexapod_ws/install/hexapod_interfaces/include/hexapod_interfaces/hexapod_interfaces/msg/rosidl_typesupport_fastrtps_cpp__visibility_control.h
[1.659s] -- Up-to-date: /home/bryan/hexapod_ws/install/hexapod_interfaces/include/hexapod_interfaces/hexapod_interfaces/msg/detail
[1.659s] -- Up-to-date: /home/bryan/hexapod_ws/install/hexapod_interfaces/include/hexapod_interfaces/hexapod_interfaces/msg/detail/dds_fastrtps
[1.659s] -- Up-to-date: /home/bryan/hexapod_ws/install/hexapod_interfaces/include/hexapod_interfaces/hexapod_interfaces/msg/detail/point_array__rosidl_typesupport_fastrtps_cpp.hpp
[1.659s] -- Up-to-date: /home/bryan/hexapod_ws/install/hexapod_interfaces/lib/libhexapod_interfaces__rosidl_typesupport_fastrtps_cpp.so
[1.659s] -- Up-to-date: /home/bryan/hexapod_ws/install/hexapod_interfaces/include/hexapod_interfaces/hexapod_interfaces
[1.659s] -- Up-to-date: /home/bryan/hexapod_ws/install/hexapod_interfaces/include/hexapod_interfaces/hexapod_interfaces/msg
[1.660s] -- Up-to-date: /home/bryan/hexapod_ws/install/hexapod_interfaces/include/hexapod_interfaces/hexapod_interfaces/msg/detail
[1.660s] -- Up-to-date: /home/bryan/hexapod_ws/install/hexapod_interfaces/include/hexapod_interfaces/hexapod_interfaces/msg/detail/point_array__type_support.c
[1.660s] -- Up-to-date: /home/bryan/hexapod_ws/install/hexapod_interfaces/include/hexapod_interfaces/hexapod_interfaces/msg/detail/point_array__rosidl_typesupport_introspection_c.h
[1.660s] -- Up-to-date: /home/bryan/hexapod_ws/install/hexapod_interfaces/include/hexapod_interfaces/hexapod_interfaces/msg/rosidl_typesupport_introspection_c__visibility_control.h
[1.660s] -- Up-to-date: /home/bryan/hexapod_ws/install/hexapod_interfaces/lib/libhexapod_interfaces__rosidl_typesupport_introspection_c.so
[1.660s] -- Up-to-date: /home/bryan/hexapod_ws/install/hexapod_interfaces/lib/libhexapod_interfaces__rosidl_typesupport_c.so
[1.660s] -- Up-to-date: /home/bryan/hexapod_ws/install/hexapod_interfaces/include/hexapod_interfaces/hexapod_interfaces
[1.660s] -- Up-to-date: /home/bryan/hexapod_ws/install/hexapod_interfaces/include/hexapod_interfaces/hexapod_interfaces/msg
[1.661s] -- Up-to-date: /home/bryan/hexapod_ws/install/hexapod_interfaces/include/hexapod_interfaces/hexapod_interfaces/msg/detail
[1.661s] -- Up-to-date: /home/bryan/hexapod_ws/install/hexapod_interfaces/include/hexapod_interfaces/hexapod_interfaces/msg/detail/point_array__type_support.cpp
[1.661s] -- Up-to-date: /home/bryan/hexapod_ws/install/hexapod_interfaces/include/hexapod_interfaces/hexapod_interfaces/msg/detail/point_array__rosidl_typesupport_introspection_cpp.hpp
[1.661s] -- Up-to-date: /home/bryan/hexapod_ws/install/hexapod_interfaces/lib/libhexapod_interfaces__rosidl_typesupport_introspection_cpp.so
[1.661s] -- Up-to-date: /home/bryan/hexapod_ws/install/hexapod_interfaces/lib/libhexapod_interfaces__rosidl_typesupport_cpp.so
[1.661s] -- Up-to-date: /home/bryan/hexapod_ws/install/hexapod_interfaces/share/hexapod_interfaces/environment/pythonpath.sh
[1.661s] -- Up-to-date: /home/bryan/hexapod_ws/install/hexapod_interfaces/share/hexapod_interfaces/environment/pythonpath.dsv
[1.661s] -- Up-to-date: /home/bryan/hexapod_ws/install/hexapod_interfaces/local/lib/python3.10/dist-packages/hexapod_interfaces-0.0.0-py3.10.egg-info
[1.661s] -- Installing: /home/bryan/hexapod_ws/install/hexapod_interfaces/local/lib/python3.10/dist-packages/hexapod_interfaces-0.0.0-py3.10.egg-info/SOURCES.txt
[1.662s] -- Installing: /home/bryan/hexapod_ws/install/hexapod_interfaces/local/lib/python3.10/dist-packages/hexapod_interfaces-0.0.0-py3.10.egg-info/PKG-INFO
[1.662s] -- Installing: /home/bryan/hexapod_ws/install/hexapod_interfaces/local/lib/python3.10/dist-packages/hexapod_interfaces-0.0.0-py3.10.egg-info/top_level.txt
[1.662s] -- Installing: /home/bryan/hexapod_ws/install/hexapod_interfaces/local/lib/python3.10/dist-packages/hexapod_interfaces-0.0.0-py3.10.egg-info/dependency_links.txt
[1.662s] -- Up-to-date: /home/bryan/hexapod_ws/install/hexapod_interfaces/local/lib/python3.10/dist-packages/hexapod_interfaces
[1.662s] -- Up-to-date: /home/bryan/hexapod_ws/install/hexapod_interfaces/local/lib/python3.10/dist-packages/hexapod_interfaces/__init__.py
[1.662s] -- Up-to-date: /home/bryan/hexapod_ws/install/hexapod_interfaces/local/lib/python3.10/dist-packages/hexapod_interfaces/_hexapod_interfaces_s.ep.rosidl_typesupport_c.c
[1.662s] -- Up-to-date: /home/bryan/hexapod_ws/install/hexapod_interfaces/local/lib/python3.10/dist-packages/hexapod_interfaces/msg
[1.662s] -- Up-to-date: /home/bryan/hexapod_ws/install/hexapod_interfaces/local/lib/python3.10/dist-packages/hexapod_interfaces/msg/__init__.py
[1.662s] -- Up-to-date: /home/bryan/hexapod_ws/install/hexapod_interfaces/local/lib/python3.10/dist-packages/hexapod_interfaces/msg/_point_array_s.c
[1.663s] -- Up-to-date: /home/bryan/hexapod_ws/install/hexapod_interfaces/local/lib/python3.10/dist-packages/hexapod_interfaces/msg/_point_array.py
[1.663s] -- Up-to-date: /home/bryan/hexapod_ws/install/hexapod_interfaces/local/lib/python3.10/dist-packages/hexapod_interfaces/hexapod_interfaces_s__rosidl_typesupport_c.cpython-310-x86_64-linux-gnu.so
[1.663s] -- Up-to-date: /home/bryan/hexapod_ws/install/hexapod_interfaces/local/lib/python3.10/dist-packages/hexapod_interfaces/_hexapod_interfaces_s.ep.rosidl_typesupport_introspection_c.c
[1.663s] -- Up-to-date: /home/bryan/hexapod_ws/install/hexapod_interfaces/local/lib/python3.10/dist-packages/hexapod_interfaces/_hexapod_interfaces_s.ep.rosidl_typesupport_fastrtps_c.c
[1.663s] -- Up-to-date: /home/bryan/hexapod_ws/install/hexapod_interfaces/local/lib/python3.10/dist-packages/hexapod_interfaces/libhexapod_interfaces__rosidl_generator_py.so
[1.663s] -- Up-to-date: /home/bryan/hexapod_ws/install/hexapod_interfaces/local/lib/python3.10/dist-packages/hexapod_interfaces/hexapod_interfaces_s__rosidl_typesupport_fastrtps_c.cpython-310-x86_64-linux-gnu.so
[1.663s] -- Up-to-date: /home/bryan/hexapod_ws/install/hexapod_interfaces/local/lib/python3.10/dist-packages/hexapod_interfaces/hexapod_interfaces_s__rosidl_typesupport_introspection_c.cpython-310-x86_64-linux-gnu.so
[1.758s] Listing '/home/bryan/hexapod_ws/install/hexapod_interfaces/local/lib/python3.10/dist-packages/hexapod_interfaces'...
[1.758s] Listing '/home/bryan/hexapod_ws/install/hexapod_interfaces/local/lib/python3.10/dist-packages/hexapod_interfaces/msg'...
[1.774s] -- Up-to-date: /home/bryan/hexapod_ws/install/hexapod_interfaces/local/lib/python3.10/dist-packages/hexapod_interfaces/hexapod_interfaces_s__rosidl_typesupport_fastrtps_c.cpython-310-x86_64-linux-gnu.so
[1.775s] -- Up-to-date: /home/bryan/hexapod_ws/install/hexapod_interfaces/local/lib/python3.10/dist-packages/hexapod_interfaces/hexapod_interfaces_s__rosidl_typesupport_introspection_c.cpython-310-x86_64-linux-gnu.so
[1.775s] -- Up-to-date: /home/bryan/hexapod_ws/install/hexapod_interfaces/local/lib/python3.10/dist-packages/hexapod_interfaces/hexapod_interfaces_s__rosidl_typesupport_c.cpython-310-x86_64-linux-gnu.so
[1.776s] -- Up-to-date: /home/bryan/hexapod_ws/install/hexapod_interfaces/lib/libhexapod_interfaces__rosidl_generator_py.so
[1.776s] -- Up-to-date: /home/bryan/hexapod_ws/install/hexapod_interfaces/share/hexapod_interfaces/msg/PointArray.idl
[1.776s] -- Up-to-date: /home/bryan/hexapod_ws/install/hexapod_interfaces/share/hexapod_interfaces/msg/PointArray.msg
[1.777s] -- Up-to-date: /home/bryan/hexapod_ws/install/hexapod_interfaces/share/ament_index/resource_index/package_run_dependencies/hexapod_interfaces
[1.777s] -- Up-to-date: /home/bryan/hexapod_ws/install/hexapod_interfaces/share/ament_index/resource_index/parent_prefix_path/hexapod_interfaces
[1.777s] -- Up-to-date: /home/bryan/hexapod_ws/install/hexapod_interfaces/share/hexapod_interfaces/environment/ament_prefix_path.sh
[1.777s] -- Up-to-date: /home/bryan/hexapod_ws/install/hexapod_interfaces/share/hexapod_interfaces/environment/ament_prefix_path.dsv
[1.777s] -- Up-to-date: /home/bryan/hexapod_ws/install/hexapod_interfaces/share/hexapod_interfaces/environment/path.sh
[1.777s] -- Up-to-date: /home/bryan/hexapod_ws/install/hexapod_interfaces/share/hexapod_interfaces/environment/path.dsv
[1.778s] -- Up-to-date: /home/bryan/hexapod_ws/install/hexapod_interfaces/share/hexapod_interfaces/local_setup.bash
[1.778s] -- Up-to-date: /home/bryan/hexapod_ws/install/hexapod_interfaces/share/hexapod_interfaces/local_setup.sh
[1.778s] -- Up-to-date: /home/bryan/hexapod_ws/install/hexapod_interfaces/share/hexapod_interfaces/local_setup.zsh
[1.779s] -- Up-to-date: /home/bryan/hexapod_ws/install/hexapod_interfaces/share/hexapod_interfaces/local_setup.dsv
[1.779s] -- Installing: /home/bryan/hexapod_ws/install/hexapod_interfaces/share/hexapod_interfaces/package.dsv
[1.779s] -- Up-to-date: /home/bryan/hexapod_ws/install/hexapod_interfaces/share/ament_index/resource_index/packages/hexapod_interfaces
[1.779s] -- Up-to-date: /home/bryan/hexapod_ws/install/hexapod_interfaces/share/hexapod_interfaces/cmake/export_hexapod_interfaces__rosidl_generator_cExport.cmake
[1.779s] -- Up-to-date: /home/bryan/hexapod_ws/install/hexapod_interfaces/share/hexapod_interfaces/cmake/export_hexapod_interfaces__rosidl_generator_cExport-noconfig.cmake
[1.779s] -- Up-to-date: /home/bryan/hexapod_ws/install/hexapod_interfaces/share/hexapod_interfaces/cmake/export_hexapod_interfaces__rosidl_typesupport_fastrtps_cExport.cmake
[1.779s] -- Up-to-date: /home/bryan/hexapod_ws/install/hexapod_interfaces/share/hexapod_interfaces/cmake/export_hexapod_interfaces__rosidl_typesupport_fastrtps_cExport-noconfig.cmake
[1.779s] -- Up-to-date: /home/bryan/hexapod_ws/install/hexapod_interfaces/share/hexapod_interfaces/cmake/export_hexapod_interfaces__rosidl_generator_cppExport.cmake
[1.780s] -- Up-to-date: /home/bryan/hexapod_ws/install/hexapod_interfaces/share/hexapod_interfaces/cmake/export_hexapod_interfaces__rosidl_typesupport_fastrtps_cppExport.cmake
[1.780s] -- Up-to-date: /home/bryan/hexapod_ws/install/hexapod_interfaces/share/hexapod_interfaces/cmake/export_hexapod_interfaces__rosidl_typesupport_fastrtps_cppExport-noconfig.cmake
[1.780s] -- Up-to-date: /home/bryan/hexapod_ws/install/hexapod_interfaces/share/hexapod_interfaces/cmake/hexapod_interfaces__rosidl_typesupport_introspection_cExport.cmake
[1.780s] -- Up-to-date: /home/bryan/hexapod_ws/install/hexapod_interfaces/share/hexapod_interfaces/cmake/hexapod_interfaces__rosidl_typesupport_introspection_cExport-noconfig.cmake
[1.780s] -- Up-to-date: /home/bryan/hexapod_ws/install/hexapod_interfaces/share/hexapod_interfaces/cmake/hexapod_interfaces__rosidl_typesupport_cExport.cmake
[1.780s] -- Up-to-date: /home/bryan/hexapod_ws/install/hexapod_interfaces/share/hexapod_interfaces/cmake/hexapod_interfaces__rosidl_typesupport_cExport-noconfig.cmake
[1.780s] -- Up-to-date: /home/bryan/hexapod_ws/install/hexapod_interfaces/share/hexapod_interfaces/cmake/hexapod_interfaces__rosidl_typesupport_introspection_cppExport.cmake
[1.781s] -- Up-to-date: /home/bryan/hexapod_ws/install/hexapod_interfaces/share/hexapod_interfaces/cmake/hexapod_interfaces__rosidl_typesupport_introspection_cppExport-noconfig.cmake
[1.781s] -- Up-to-date: /home/bryan/hexapod_ws/install/hexapod_interfaces/share/hexapod_interfaces/cmake/hexapod_interfaces__rosidl_typesupport_cppExport.cmake
[1.781s] -- Up-to-date: /home/bryan/hexapod_ws/install/hexapod_interfaces/share/hexapod_interfaces/cmake/hexapod_interfaces__rosidl_typesupport_cppExport-noconfig.cmake
[1.781s] -- Up-to-date: /home/bryan/hexapod_ws/install/hexapod_interfaces/share/hexapod_interfaces/cmake/export_hexapod_interfaces__rosidl_generator_pyExport.cmake
[1.781s] -- Up-to-date: /home/bryan/hexapod_ws/install/hexapod_interfaces/share/hexapod_interfaces/cmake/export_hexapod_interfaces__rosidl_generator_pyExport-noconfig.cmake
[1.781s] -- Up-to-date: /home/bryan/hexapod_ws/install/hexapod_interfaces/share/hexapod_interfaces/cmake/rosidl_cmake-extras.cmake
[1.781s] -- Up-to-date: /home/bryan/hexapod_ws/install/hexapod_interfaces/share/hexapod_interfaces/cmake/ament_cmake_export_dependencies-extras.cmake
[1.781s] -- Up-to-date: /home/bryan/hexapod_ws/install/hexapod_interfaces/share/hexapod_interfaces/cmake/ament_cmake_export_include_directories-extras.cmake
[1.781s] -- Up-to-date: /home/bryan/hexapod_ws/install/hexapod_interfaces/share/hexapod_interfaces/cmake/ament_cmake_export_libraries-extras.cmake
[1.781s] -- Up-to-date: /home/bryan/hexapod_ws/install/hexapod_interfaces/share/hexapod_interfaces/cmake/ament_cmake_export_targets-extras.cmake
[1.782s] -- Up-to-date: /home/bryan/hexapod_ws/install/hexapod_interfaces/share/hexapod_interfaces/cmake/rosidl_cmake_export_typesupport_targets-extras.cmake
[1.782s] -- Up-to-date: /home/bryan/hexapod_ws/install/hexapod_interfaces/share/hexapod_interfaces/cmake/rosidl_cmake_export_typesupport_libraries-extras.cmake
[1.782s] -- Up-to-date: /home/bryan/hexapod_ws/install/hexapod_interfaces/share/hexapod_interfaces/cmake/hexapod_interfacesConfig.cmake
[1.782s] -- Up-to-date: /home/bryan/hexapod_ws/install/hexapod_interfaces/share/hexapod_interfaces/cmake/hexapod_interfacesConfig-version.cmake
[1.782s] -- Up-to-date: /home/bryan/hexapod_ws/install/hexapod_interfaces/share/hexapod_interfaces/package.xml
[1.790s] Invoked command in '/home/bryan/hexapod_ws/build/hexapod_interfaces' returned '0': CMAKE_PREFIX_PATH=${CMAKE_PREFIX_PATH}:/home/bryan/bumperbot_ws/install/bumperbot_py_examples:/opt/ros/humble /usr/bin/cmake --install /home/bryan/hexapod_ws/build/hexapod_interfaces
