[0.040s] Invoking command in '/home/bryan/hexapod_ws/build/hexapod_kinematics': CMAKE_PREFIX_PATH=${CMAKE_PREFIX_PATH}:/opt/ros/humble /usr/bin/cmake --build /home/bryan/hexapod_ws/build/hexapod_kinematics -- -j16 -l16
[0.117s] Invoked command in '/home/bryan/hexapod_ws/build/hexapod_kinematics' returned '0': CMAKE_PREFIX_PATH=${CMAKE_PREFIX_PATH}:/opt/ros/humble /usr/bin/cmake --build /home/bryan/hexapod_ws/build/hexapod_kinematics -- -j16 -l16
[0.177s] Invoking command in '/home/bryan/hexapod_ws/build/hexapod_kinematics': CMAKE_PREFIX_PATH=${CMAKE_PREFIX_PATH}:/opt/ros/humble /usr/bin/cmake --install /home/bryan/hexapod_ws/build/hexapod_kinematics
[0.211s] -- Install configuration: ""
[0.214s] -- Up-to-date: /home/bryan/hexapod_ws/install/hexapod_kinematics/share/ament_index/resource_index/package_run_dependencies/hexapod_kinematics
[0.215s] -- Up-to-date: /home/bryan/hexapod_ws/install/hexapod_kinematics/share/ament_index/resource_index/parent_prefix_path/hexapod_kinematics
[0.215s] -- Up-to-date: /home/bryan/hexapod_ws/install/hexapod_kinematics/share/hexapod_kinematics/environment/ament_prefix_path.sh
[0.216s] -- Up-to-date: /home/bryan/hexapod_ws/install/hexapod_kinematics/share/hexapod_kinematics/environment/ament_prefix_path.dsv
[0.216s] -- Up-to-date: /home/bryan/hexapod_ws/install/hexapod_kinematics/share/hexapod_kinematics/environment/path.sh
[0.216s] -- Up-to-date: /home/bryan/hexapod_ws/install/hexapod_kinematics/share/hexapod_kinematics/environment/path.dsv
[0.217s] -- Up-to-date: /home/bryan/hexapod_ws/install/hexapod_kinematics/share/hexapod_kinematics/local_setup.bash
[0.217s] -- Up-to-date: /home/bryan/hexapod_ws/install/hexapod_kinematics/share/hexapod_kinematics/local_setup.sh
[0.217s] -- Up-to-date: /home/bryan/hexapod_ws/install/hexapod_kinematics/share/hexapod_kinematics/local_setup.zsh
[0.217s] -- Up-to-date: /home/bryan/hexapod_ws/install/hexapod_kinematics/share/hexapod_kinematics/local_setup.dsv
[0.217s] -- Installing: /home/bryan/hexapod_ws/install/hexapod_kinematics/share/hexapod_kinematics/package.dsv
[0.217s] -- Up-to-date: /home/bryan/hexapod_ws/install/hexapod_kinematics/share/ament_index/resource_index/packages/hexapod_kinematics
[0.218s] -- Up-to-date: /home/bryan/hexapod_ws/install/hexapod_kinematics/share/hexapod_kinematics/cmake/hexapod_kinematicsConfig.cmake
[0.219s] -- Up-to-date: /home/bryan/hexapod_ws/install/hexapod_kinematics/share/hexapod_kinematics/cmake/hexapod_kinematicsConfig-version.cmake
[0.220s] -- Up-to-date: /home/bryan/hexapod_ws/install/hexapod_kinematics/share/hexapod_kinematics/package.xml
[0.229s] Invoked command in '/home/bryan/hexapod_ws/build/hexapod_kinematics' returned '0': CMAKE_PREFIX_PATH=${CMAKE_PREFIX_PATH}:/opt/ros/humble /usr/bin/cmake --install /home/bryan/hexapod_ws/build/hexapod_kinematics
