In file included from [01m[K/opt/ros/humble/include/rclcpp/rclcpp/logging.hpp:24[m[K,
                 from [01m[K/opt/ros/humble/include/rclcpp/rclcpp/client.hpp:40[m[K,
                 from [01m[K/opt/ros/humble/include/rclcpp/rclcpp/callback_group.hpp:24[m[K,
                 from [01m[K/opt/ros/humble/include/rclcpp/rclcpp/any_executable.hpp:20[m[K,
                 from [01m[K/opt/ros/humble/include/rclcpp/rclcpp/memory_strategy.hpp:25[m[K,
                 from [01m[K/opt/ros/humble/include/rclcpp/rclcpp/memory_strategies.hpp:18[m[K,
                 from [01m[K/opt/ros/humble/include/rclcpp/rclcpp/executor_options.hpp:20[m[K,
                 from [01m[K/opt/ros/humble/include/rclcpp/rclcpp/executor.hpp:37[m[K,
                 from [01m[K/opt/ros/humble/include/rclcpp/rclcpp/executors/multi_threaded_executor.hpp:25[m[K,
                 from [01m[K/opt/ros/humble/include/rclcpp/rclcpp/executors.hpp:21[m[K,
                 from [01m[K/opt/ros/humble/include/rclcpp/rclcpp/rclcpp.hpp:155[m[K,
                 from [01m[K/home/bryan/hexapod_ws/src/hexapod_controller/src/inverse_kinematics.cpp:1[m[K:
[01m[K/home/bryan/hexapod_ws/src/hexapod_controller/src/inverse_kinematics.cpp:[m[K In member function ‘[01m[Kvoid HexapodIKNode::tipPosesCallback(std_msgs::msg::Float64MultiArray_<std::allocator<void> >::SharedPtr)[m[K’:
[01m[K/home/bryan/hexapod_ws/src/hexapod_controller/src/inverse_kinematics.cpp:58:116:[m[K [01;31m[Kerror: [m[Kexpected ‘[01m[K)[m[K’ before ‘[01m[KJ1[m[K’
   58 | this->get_logger(),"LEG: %d :xyz (%.2f, %.2f, %.2f) J1 %.2f J2 %.2f J3 %.2f",i+1,X,Y,Z [01;31m[KJ1[m[K, J2, J3);
      |                                                                                        [01;31m[K^~[m[K

[01m[K/home/bryan/hexapod_ws/src/hexapod_controller/src/inverse_kinematics.cpp:58:17:[m[K [01;36m[Knote: [m[Kto match this ‘[01m[K([m[K’
   58 |                 [01;36m[KRCLCPP_INFO[m[K(this->get_logger(),"LEG: %d :xyz (%.2f, %.2f, %.2f) J1 %.2f J2 %.2f J3 %.2f",i+1,X,Y,Z J1, J2, J3);
      |                 [01;36m[K^~~~~~~~~~~[m[K
[01m[K/home/bryan/hexapod_ws/src/hexapod_controller/src/inverse_kinematics.cpp:58:48:[m[K [01;35m[Kwarning: [m[Kformat ‘[01m[K%f[m[K’ expects a matching ‘[01m[Kdouble[m[K’ argument [[01;35m[K]8;;https://gcc.gnu.org/onlinedocs/gcc/Warning-Options.html#index-Wformat=-Wformat=]8;;[m[K]
   58 |                 RCLCPP_INFO(this->get_logger(),[01;35m[K"LEG: %d :xyz (%.2f, %.2f, %.2f) J1 %.2f J2 %.2f J3 %.2f"[m[K,i+1,X,Y,Z J1, J2, J3);
      |                                                [01;35m[K^~~~~~~~~~~~~~~~~~~~~~~~~~~~~~~~~~~~~~~~~~~~~~~~~~~~~~~~~[m[K
[01m[K/home/bryan/hexapod_ws/src/hexapod_controller/src/inverse_kinematics.cpp:58:103:[m[K [01;36m[Knote: [m[Kformat string is defined here
   58 |  RCLCPP_INFO(this->get_logger(),"LEG: %d :xyz (%.2f, %.2f, %.2f) J1 %.2f J2 %.2f J3 [01;36m[K%.2f[m[K",i+1,X,Y,Z J1, J2, J3);
      |                                                                                     [01;36m[K~~~^[m[K
      |                                                                                        [01;36m[K|[m[K
      |                                                                                        [01;36m[Kdouble[m[K

[01m[K/home/bryan/hexapod_ws/src/hexapod_controller/src/inverse_kinematics.cpp:38:24:[m[K [01;35m[Kwarning: [m[Kunused variable ‘[01m[KJ1L[m[K’ [[01;35m[K]8;;https://gcc.gnu.org/onlinedocs/gcc/Warning-Options.html#index-Wunused-variable-Wunused-variable]8;;[m[K]
   38 |                 double [01;35m[KJ1L[m[K = coxa_length;
      |                        [01;35m[K^~~[m[K
gmake[2]: *** [CMakeFiles/inverse_kinematics.dir/build.make:76: CMakeFiles/inverse_kinematics.dir/src/inverse_kinematics.cpp.o] Error 1
gmake[1]: *** [CMakeFiles/Makefile2:143: CMakeFiles/inverse_kinematics.dir/all] Error 2
gmake: *** [Makefile:146: all] Error 2
