[0.062s] DEBUG:colcon:Command line arguments: ['/usr/bin/colcon', 'build']
[0.062s] DEBUG:colcon:Parsed command line arguments: Namespace(log_base=None, log_level=None, verb_name='build', build_base='build', install_base='install', merge_install=False, symlink_install=False, test_result_base=None, continue_on_error=False, executor='parallel', parallel_workers=16, event_handlers=None, ignore_user_meta=False, metas=['./colcon.meta'], base_paths=['.'], packages_ignore=None, packages_ignore_regex=None, paths=None, packages_up_to=None, packages_up_to_regex=None, packages_above=None, packages_above_and_dependencies=None, packages_above_depth=None, packages_select_by_dep=None, packages_skip_by_dep=None, packages_skip_up_to=None, packages_select_build_failed=False, packages_skip_build_finished=False, packages_select_test_failures=False, packages_skip_test_passed=False, packages_select=None, packages_skip=None, packages_select_regex=None, packages_skip_regex=None, packages_start=None, packages_end=None, allow_overriding=[], cmake_args=None, cmake_target=None, cmake_target_skip_unavailable=False, cmake_clean_cache=False, cmake_clean_first=False, cmake_force_configure=False, ament_cmake_args=None, catkin_cmake_args=None, catkin_skip_building_tests=False, mixin_files=None, mixin=None, verb_parser=<colcon_mixin.mixin.mixin_argument.MixinArgumentDecorator object at 0x7cb243884400>, verb_extension=<colcon_core.verb.build.BuildVerb object at 0x7cb243857940>, main=<bound method BuildVerb.main of <colcon_core.verb.build.BuildVerb object at 0x7cb243857940>>, mixin_verb=('build',))
[0.164s] Level 1:colcon.colcon_core.package_discovery:discover_packages(colcon_meta) check parameters
[0.164s] Level 1:colcon.colcon_core.package_discovery:discover_packages(recursive) check parameters
[0.164s] Level 1:colcon.colcon_core.package_discovery:discover_packages(ignore) check parameters
[0.164s] Level 1:colcon.colcon_core.package_discovery:discover_packages(path) check parameters
[0.164s] Level 1:colcon.colcon_core.package_discovery:discover_packages(colcon_meta) discover
[0.164s] Level 1:colcon.colcon_core.package_discovery:discover_packages(recursive) discover
[0.164s] INFO:colcon.colcon_core.package_discovery:Crawling recursively for packages in '/home/bryan/hexapod_ws'
[0.164s] Level 1:colcon.colcon_core.package_identification:_identify(.) by extensions ['ignore', 'ignore_ament_install']
[0.165s] Level 1:colcon.colcon_core.package_identification:_identify(.) by extension 'ignore'
[0.165s] Level 1:colcon.colcon_core.package_identification:_identify(.) by extension 'ignore_ament_install'
[0.165s] Level 1:colcon.colcon_core.package_identification:_identify(.) by extensions ['colcon_pkg']
[0.165s] Level 1:colcon.colcon_core.package_identification:_identify(.) by extension 'colcon_pkg'
[0.165s] Level 1:colcon.colcon_core.package_identification:_identify(.) by extensions ['colcon_meta']
[0.165s] Level 1:colcon.colcon_core.package_identification:_identify(.) by extension 'colcon_meta'
[0.165s] Level 1:colcon.colcon_core.package_identification:_identify(.) by extensions ['ros']
[0.165s] Level 1:colcon.colcon_core.package_identification:_identify(.) by extension 'ros'
[0.171s] Level 1:colcon.colcon_core.package_identification:_identify(.) by extensions ['cmake', 'python']
[0.171s] Level 1:colcon.colcon_core.package_identification:_identify(.) by extension 'cmake'
[0.171s] Level 1:colcon.colcon_core.package_identification:_identify(.) by extension 'python'
[0.171s] Level 1:colcon.colcon_core.package_identification:_identify(.) by extensions ['python_setup_py']
[0.171s] Level 1:colcon.colcon_core.package_identification:_identify(.) by extension 'python_setup_py'
[0.171s] Level 1:colcon.colcon_core.package_identification:_identify(build) by extensions ['ignore', 'ignore_ament_install']
[0.171s] Level 1:colcon.colcon_core.package_identification:_identify(build) by extension 'ignore'
[0.171s] Level 1:colcon.colcon_core.package_identification:_identify(build) ignored
[0.171s] Level 1:colcon.colcon_core.package_identification:_identify(install) by extensions ['ignore', 'ignore_ament_install']
[0.171s] Level 1:colcon.colcon_core.package_identification:_identify(install) by extension 'ignore'
[0.171s] Level 1:colcon.colcon_core.package_identification:_identify(install) ignored
[0.172s] Level 1:colcon.colcon_core.package_identification:_identify(log) by extensions ['ignore', 'ignore_ament_install']
[0.172s] Level 1:colcon.colcon_core.package_identification:_identify(log) by extension 'ignore'
[0.172s] Level 1:colcon.colcon_core.package_identification:_identify(log) ignored
[0.172s] Level 1:colcon.colcon_core.package_identification:_identify(src) by extensions ['ignore', 'ignore_ament_install']
[0.172s] Level 1:colcon.colcon_core.package_identification:_identify(src) by extension 'ignore'
[0.172s] Level 1:colcon.colcon_core.package_identification:_identify(src) by extension 'ignore_ament_install'
[0.172s] Level 1:colcon.colcon_core.package_identification:_identify(src) by extensions ['colcon_pkg']
[0.172s] Level 1:colcon.colcon_core.package_identification:_identify(src) by extension 'colcon_pkg'
[0.172s] Level 1:colcon.colcon_core.package_identification:_identify(src) by extensions ['colcon_meta']
[0.172s] Level 1:colcon.colcon_core.package_identification:_identify(src) by extension 'colcon_meta'
[0.172s] Level 1:colcon.colcon_core.package_identification:_identify(src) by extensions ['ros']
[0.172s] Level 1:colcon.colcon_core.package_identification:_identify(src) by extension 'ros'
[0.172s] Level 1:colcon.colcon_core.package_identification:_identify(src) by extensions ['cmake', 'python']
[0.172s] Level 1:colcon.colcon_core.package_identification:_identify(src) by extension 'cmake'
[0.172s] Level 1:colcon.colcon_core.package_identification:_identify(src) by extension 'python'
[0.172s] Level 1:colcon.colcon_core.package_identification:_identify(src) by extensions ['python_setup_py']
[0.172s] Level 1:colcon.colcon_core.package_identification:_identify(src) by extension 'python_setup_py'
[0.172s] Level 1:colcon.colcon_core.package_identification:_identify(src/hexapod_controller) by extensions ['ignore', 'ignore_ament_install']
[0.172s] Level 1:colcon.colcon_core.package_identification:_identify(src/hexapod_controller) by extension 'ignore'
[0.172s] Level 1:colcon.colcon_core.package_identification:_identify(src/hexapod_controller) by extension 'ignore_ament_install'
[0.172s] Level 1:colcon.colcon_core.package_identification:_identify(src/hexapod_controller) by extensions ['colcon_pkg']
[0.172s] Level 1:colcon.colcon_core.package_identification:_identify(src/hexapod_controller) by extension 'colcon_pkg'
[0.172s] Level 1:colcon.colcon_core.package_identification:_identify(src/hexapod_controller) by extensions ['colcon_meta']
[0.172s] Level 1:colcon.colcon_core.package_identification:_identify(src/hexapod_controller) by extension 'colcon_meta'
[0.172s] Level 1:colcon.colcon_core.package_identification:_identify(src/hexapod_controller) by extensions ['ros']
[0.172s] Level 1:colcon.colcon_core.package_identification:_identify(src/hexapod_controller) by extension 'ros'
[0.174s] DEBUG:colcon.colcon_core.package_identification:Package 'src/hexapod_controller' with type 'ros.ament_cmake' and name 'hexapod_controller'
[0.174s] Level 1:colcon.colcon_core.package_identification:_identify(src/hexapod_description) by extensions ['ignore', 'ignore_ament_install']
[0.174s] Level 1:colcon.colcon_core.package_identification:_identify(src/hexapod_description) by extension 'ignore'
[0.174s] Level 1:colcon.colcon_core.package_identification:_identify(src/hexapod_description) by extension 'ignore_ament_install'
[0.174s] Level 1:colcon.colcon_core.package_identification:_identify(src/hexapod_description) by extensions ['colcon_pkg']
[0.174s] Level 1:colcon.colcon_core.package_identification:_identify(src/hexapod_description) by extension 'colcon_pkg'
[0.174s] Level 1:colcon.colcon_core.package_identification:_identify(src/hexapod_description) by extensions ['colcon_meta']
[0.174s] Level 1:colcon.colcon_core.package_identification:_identify(src/hexapod_description) by extension 'colcon_meta'
[0.174s] Level 1:colcon.colcon_core.package_identification:_identify(src/hexapod_description) by extensions ['ros']
[0.174s] Level 1:colcon.colcon_core.package_identification:_identify(src/hexapod_description) by extension 'ros'
[0.176s] DEBUG:colcon.colcon_core.package_identification:Package 'src/hexapod_description' with type 'ros.ament_cmake' and name 'hexapod_description'
[0.176s] Level 1:colcon.colcon_core.package_identification:_identify(src/hexapod_interfaces) by extensions ['ignore', 'ignore_ament_install']
[0.176s] Level 1:colcon.colcon_core.package_identification:_identify(src/hexapod_interfaces) by extension 'ignore'
[0.176s] Level 1:colcon.colcon_core.package_identification:_identify(src/hexapod_interfaces) by extension 'ignore_ament_install'
[0.176s] Level 1:colcon.colcon_core.package_identification:_identify(src/hexapod_interfaces) by extensions ['colcon_pkg']
[0.176s] Level 1:colcon.colcon_core.package_identification:_identify(src/hexapod_interfaces) by extension 'colcon_pkg'
[0.177s] Level 1:colcon.colcon_core.package_identification:_identify(src/hexapod_interfaces) by extensions ['colcon_meta']
[0.177s] Level 1:colcon.colcon_core.package_identification:_identify(src/hexapod_interfaces) by extension 'colcon_meta'
[0.177s] Level 1:colcon.colcon_core.package_identification:_identify(src/hexapod_interfaces) by extensions ['ros']
[0.177s] Level 1:colcon.colcon_core.package_identification:_identify(src/hexapod_interfaces) by extension 'ros'
[0.177s] DEBUG:colcon.colcon_core.package_identification:Package 'src/hexapod_interfaces' with type 'ros.ament_cmake' and name 'hexapod_interfaces'
[0.177s] Level 1:colcon.colcon_core.package_identification:_identify(src/hexapod_kinematics) by extensions ['ignore', 'ignore_ament_install']
[0.177s] Level 1:colcon.colcon_core.package_identification:_identify(src/hexapod_kinematics) by extension 'ignore'
[0.177s] Level 1:colcon.colcon_core.package_identification:_identify(src/hexapod_kinematics) by extension 'ignore_ament_install'
[0.177s] Level 1:colcon.colcon_core.package_identification:_identify(src/hexapod_kinematics) by extensions ['colcon_pkg']
[0.177s] Level 1:colcon.colcon_core.package_identification:_identify(src/hexapod_kinematics) by extension 'colcon_pkg'
[0.177s] Level 1:colcon.colcon_core.package_identification:_identify(src/hexapod_kinematics) by extensions ['colcon_meta']
[0.177s] Level 1:colcon.colcon_core.package_identification:_identify(src/hexapod_kinematics) by extension 'colcon_meta'
[0.177s] Level 1:colcon.colcon_core.package_identification:_identify(src/hexapod_kinematics) by extensions ['ros']
[0.177s] Level 1:colcon.colcon_core.package_identification:_identify(src/hexapod_kinematics) by extension 'ros'
[0.184s] DEBUG:colcon.colcon_core.package_identification:Package 'src/hexapod_kinematics' with type 'ros.ament_cmake' and name 'hexapod_kinematics'
[0.184s] Level 1:colcon.colcon_core.package_identification:_identify(src/hexapod_utils) by extensions ['ignore', 'ignore_ament_install']
[0.184s] Level 1:colcon.colcon_core.package_identification:_identify(src/hexapod_utils) by extension 'ignore'
[0.184s] Level 1:colcon.colcon_core.package_identification:_identify(src/hexapod_utils) by extension 'ignore_ament_install'
[0.184s] Level 1:colcon.colcon_core.package_identification:_identify(src/hexapod_utils) by extensions ['colcon_pkg']
[0.184s] Level 1:colcon.colcon_core.package_identification:_identify(src/hexapod_utils) by extension 'colcon_pkg'
[0.184s] Level 1:colcon.colcon_core.package_identification:_identify(src/hexapod_utils) by extensions ['colcon_meta']
[0.184s] Level 1:colcon.colcon_core.package_identification:_identify(src/hexapod_utils) by extension 'colcon_meta'
[0.184s] Level 1:colcon.colcon_core.package_identification:_identify(src/hexapod_utils) by extensions ['ros']
[0.184s] Level 1:colcon.colcon_core.package_identification:_identify(src/hexapod_utils) by extension 'ros'
[0.185s] DEBUG:colcon.colcon_core.package_identification:Package 'src/hexapod_utils' with type 'ros.ament_cmake' and name 'hexapod_utils'
[0.185s] Level 1:colcon.colcon_core.package_discovery:discover_packages(recursive) using defaults
[0.185s] Level 1:colcon.colcon_core.package_discovery:discover_packages(ignore) discover
[0.185s] Level 1:colcon.colcon_core.package_discovery:discover_packages(ignore) using defaults
[0.185s] Level 1:colcon.colcon_core.package_discovery:discover_packages(path) discover
[0.185s] Level 1:colcon.colcon_core.package_discovery:discover_packages(path) using defaults
[0.197s] Level 1:colcon.colcon_core.package_discovery:discover_packages(prefix_path) check parameters
[0.197s] Level 1:colcon.colcon_core.package_discovery:discover_packages(prefix_path) discover
[0.198s] DEBUG:colcon.colcon_installed_package_information.package_discovery:Found 5 installed packages in /home/bryan/hexapod_ws/install
[0.198s] DEBUG:colcon.colcon_installed_package_information.package_discovery:Found 1 installed packages in /home/bryan/turtlesim_ws/install
[0.199s] DEBUG:colcon.colcon_installed_package_information.package_discovery:Found 16 installed packages in /home/bryan/pico_ws/install
[0.199s] DEBUG:colcon.colcon_installed_package_information.package_discovery:Found 352 installed packages in /opt/ros/humble
[0.201s] Level 1:colcon.colcon_core.package_discovery:discover_packages(prefix_path) using defaults
[0.224s] Level 5:colcon.colcon_core.verb:set package 'hexapod_description' build argument 'cmake_args' from command line to 'None'
[0.224s] Level 5:colcon.colcon_core.verb:set package 'hexapod_description' build argument 'cmake_target' from command line to 'None'
[0.224s] Level 5:colcon.colcon_core.verb:set package 'hexapod_description' build argument 'cmake_target_skip_unavailable' from command line to 'False'
[0.224s] Level 5:colcon.colcon_core.verb:set package 'hexapod_description' build argument 'cmake_clean_cache' from command line to 'False'
[0.224s] Level 5:colcon.colcon_core.verb:set package 'hexapod_description' build argument 'cmake_clean_first' from command line to 'False'
[0.224s] Level 5:colcon.colcon_core.verb:set package 'hexapod_description' build argument 'cmake_force_configure' from command line to 'False'
[0.224s] Level 5:colcon.colcon_core.verb:set package 'hexapod_description' build argument 'ament_cmake_args' from command line to 'None'
[0.224s] Level 5:colcon.colcon_core.verb:set package 'hexapod_description' build argument 'catkin_cmake_args' from command line to 'None'
[0.224s] Level 5:colcon.colcon_core.verb:set package 'hexapod_description' build argument 'catkin_skip_building_tests' from command line to 'False'
[0.224s] DEBUG:colcon.colcon_core.verb:Building package 'hexapod_description' with the following arguments: {'ament_cmake_args': None, 'build_base': '/home/bryan/hexapod_ws/build/hexapod_description', 'catkin_cmake_args': None, 'catkin_skip_building_tests': False, 'cmake_args': None, 'cmake_clean_cache': False, 'cmake_clean_first': False, 'cmake_force_configure': False, 'cmake_target': None, 'cmake_target_skip_unavailable': False, 'install_base': '/home/bryan/hexapod_ws/install/hexapod_description', 'merge_install': False, 'path': '/home/bryan/hexapod_ws/src/hexapod_description', 'symlink_install': False, 'test_result_base': None}
[0.225s] Level 5:colcon.colcon_core.verb:set package 'hexapod_interfaces' build argument 'cmake_args' from command line to 'None'
[0.225s] Level 5:colcon.colcon_core.verb:set package 'hexapod_interfaces' build argument 'cmake_target' from command line to 'None'
[0.225s] Level 5:colcon.colcon_core.verb:set package 'hexapod_interfaces' build argument 'cmake_target_skip_unavailable' from command line to 'False'
[0.225s] Level 5:colcon.colcon_core.verb:set package 'hexapod_interfaces' build argument 'cmake_clean_cache' from command line to 'False'
[0.225s] Level 5:colcon.colcon_core.verb:set package 'hexapod_interfaces' build argument 'cmake_clean_first' from command line to 'False'
[0.225s] Level 5:colcon.colcon_core.verb:set package 'hexapod_interfaces' build argument 'cmake_force_configure' from command line to 'False'
[0.225s] Level 5:colcon.colcon_core.verb:set package 'hexapod_interfaces' build argument 'ament_cmake_args' from command line to 'None'
[0.225s] Level 5:colcon.colcon_core.verb:set package 'hexapod_interfaces' build argument 'catkin_cmake_args' from command line to 'None'
[0.225s] Level 5:colcon.colcon_core.verb:set package 'hexapod_interfaces' build argument 'catkin_skip_building_tests' from command line to 'False'
[0.225s] DEBUG:colcon.colcon_core.verb:Building package 'hexapod_interfaces' with the following arguments: {'ament_cmake_args': None, 'build_base': '/home/bryan/hexapod_ws/build/hexapod_interfaces', 'catkin_cmake_args': None, 'catkin_skip_building_tests': False, 'cmake_args': None, 'cmake_clean_cache': False, 'cmake_clean_first': False, 'cmake_force_configure': False, 'cmake_target': None, 'cmake_target_skip_unavailable': False, 'install_base': '/home/bryan/hexapod_ws/install/hexapod_interfaces', 'merge_install': False, 'path': '/home/bryan/hexapod_ws/src/hexapod_interfaces', 'symlink_install': False, 'test_result_base': None}
[0.225s] Level 5:colcon.colcon_core.verb:set package 'hexapod_kinematics' build argument 'cmake_args' from command line to 'None'
[0.225s] Level 5:colcon.colcon_core.verb:set package 'hexapod_kinematics' build argument 'cmake_target' from command line to 'None'
[0.225s] Level 5:colcon.colcon_core.verb:set package 'hexapod_kinematics' build argument 'cmake_target_skip_unavailable' from command line to 'False'
[0.225s] Level 5:colcon.colcon_core.verb:set package 'hexapod_kinematics' build argument 'cmake_clean_cache' from command line to 'False'
[0.225s] Level 5:colcon.colcon_core.verb:set package 'hexapod_kinematics' build argument 'cmake_clean_first' from command line to 'False'
[0.225s] Level 5:colcon.colcon_core.verb:set package 'hexapod_kinematics' build argument 'cmake_force_configure' from command line to 'False'
[0.225s] Level 5:colcon.colcon_core.verb:set package 'hexapod_kinematics' build argument 'ament_cmake_args' from command line to 'None'
[0.225s] Level 5:colcon.colcon_core.verb:set package 'hexapod_kinematics' build argument 'catkin_cmake_args' from command line to 'None'
[0.225s] Level 5:colcon.colcon_core.verb:set package 'hexapod_kinematics' build argument 'catkin_skip_building_tests' from command line to 'False'
[0.225s] DEBUG:colcon.colcon_core.verb:Building package 'hexapod_kinematics' with the following arguments: {'ament_cmake_args': None, 'build_base': '/home/bryan/hexapod_ws/build/hexapod_kinematics', 'catkin_cmake_args': None, 'catkin_skip_building_tests': False, 'cmake_args': None, 'cmake_clean_cache': False, 'cmake_clean_first': False, 'cmake_force_configure': False, 'cmake_target': None, 'cmake_target_skip_unavailable': False, 'install_base': '/home/bryan/hexapod_ws/install/hexapod_kinematics', 'merge_install': False, 'path': '/home/bryan/hexapod_ws/src/hexapod_kinematics', 'symlink_install': False, 'test_result_base': None}
[0.225s] Level 5:colcon.colcon_core.verb:set package 'hexapod_utils' build argument 'cmake_args' from command line to 'None'
[0.225s] Level 5:colcon.colcon_core.verb:set package 'hexapod_utils' build argument 'cmake_target' from command line to 'None'
[0.225s] Level 5:colcon.colcon_core.verb:set package 'hexapod_utils' build argument 'cmake_target_skip_unavailable' from command line to 'False'
[0.225s] Level 5:colcon.colcon_core.verb:set package 'hexapod_utils' build argument 'cmake_clean_cache' from command line to 'False'
[0.225s] Level 5:colcon.colcon_core.verb:set package 'hexapod_utils' build argument 'cmake_clean_first' from command line to 'False'
[0.225s] Level 5:colcon.colcon_core.verb:set package 'hexapod_utils' build argument 'cmake_force_configure' from command line to 'False'
[0.225s] Level 5:colcon.colcon_core.verb:set package 'hexapod_utils' build argument 'ament_cmake_args' from command line to 'None'
[0.225s] Level 5:colcon.colcon_core.verb:set package 'hexapod_utils' build argument 'catkin_cmake_args' from command line to 'None'
[0.225s] Level 5:colcon.colcon_core.verb:set package 'hexapod_utils' build argument 'catkin_skip_building_tests' from command line to 'False'
[0.225s] DEBUG:colcon.colcon_core.verb:Building package 'hexapod_utils' with the following arguments: {'ament_cmake_args': None, 'build_base': '/home/bryan/hexapod_ws/build/hexapod_utils', 'catkin_cmake_args': None, 'catkin_skip_building_tests': False, 'cmake_args': None, 'cmake_clean_cache': False, 'cmake_clean_first': False, 'cmake_force_configure': False, 'cmake_target': None, 'cmake_target_skip_unavailable': False, 'install_base': '/home/bryan/hexapod_ws/install/hexapod_utils', 'merge_install': False, 'path': '/home/bryan/hexapod_ws/src/hexapod_utils', 'symlink_install': False, 'test_result_base': None}
[0.226s] Level 5:colcon.colcon_core.verb:set package 'hexapod_controller' build argument 'cmake_args' from command line to 'None'
[0.226s] Level 5:colcon.colcon_core.verb:set package 'hexapod_controller' build argument 'cmake_target' from command line to 'None'
[0.226s] Level 5:colcon.colcon_core.verb:set package 'hexapod_controller' build argument 'cmake_target_skip_unavailable' from command line to 'False'
[0.226s] Level 5:colcon.colcon_core.verb:set package 'hexapod_controller' build argument 'cmake_clean_cache' from command line to 'False'
[0.226s] Level 5:colcon.colcon_core.verb:set package 'hexapod_controller' build argument 'cmake_clean_first' from command line to 'False'
[0.226s] Level 5:colcon.colcon_core.verb:set package 'hexapod_controller' build argument 'cmake_force_configure' from command line to 'False'
[0.226s] Level 5:colcon.colcon_core.verb:set package 'hexapod_controller' build argument 'ament_cmake_args' from command line to 'None'
[0.226s] Level 5:colcon.colcon_core.verb:set package 'hexapod_controller' build argument 'catkin_cmake_args' from command line to 'None'
[0.226s] Level 5:colcon.colcon_core.verb:set package 'hexapod_controller' build argument 'catkin_skip_building_tests' from command line to 'False'
[0.226s] DEBUG:colcon.colcon_core.verb:Building package 'hexapod_controller' with the following arguments: {'ament_cmake_args': None, 'build_base': '/home/bryan/hexapod_ws/build/hexapod_controller', 'catkin_cmake_args': None, 'catkin_skip_building_tests': False, 'cmake_args': None, 'cmake_clean_cache': False, 'cmake_clean_first': False, 'cmake_force_configure': False, 'cmake_target': None, 'cmake_target_skip_unavailable': False, 'install_base': '/home/bryan/hexapod_ws/install/hexapod_controller', 'merge_install': False, 'path': '/home/bryan/hexapod_ws/src/hexapod_controller', 'symlink_install': False, 'test_result_base': None}
[0.226s] INFO:colcon.colcon_core.executor:Executing jobs using 'parallel' executor
[0.226s] DEBUG:colcon.colcon_parallel_executor.executor.parallel:run_until_complete
[0.227s] INFO:colcon.colcon_ros.task.ament_cmake.build:Building ROS package in '/home/bryan/hexapod_ws/src/hexapod_interfaces' with build type 'ament_cmake'
[0.227s] INFO:colcon.colcon_cmake.task.cmake.build:Building CMake package in '/home/bryan/hexapod_ws/src/hexapod_interfaces'
[0.228s] INFO:colcon.colcon_core.plugin_system:Skipping extension 'colcon_core.shell.bat': Not used on non-Windows systems
[0.228s] INFO:colcon.colcon_core.shell:Skip shell extension 'powershell' for command environment: Not usable outside of PowerShell
[0.228s] DEBUG:colcon.colcon_core.shell:Skip shell extension 'dsv' for command environment
[0.231s] INFO:colcon.colcon_ros.task.ament_cmake.build:Building ROS package in '/home/bryan/hexapod_ws/src/hexapod_description' with build type 'ament_cmake'
[0.231s] INFO:colcon.colcon_cmake.task.cmake.build:Building CMake package in '/home/bryan/hexapod_ws/src/hexapod_description'
[0.231s] INFO:colcon.colcon_core.shell:Skip shell extension 'powershell' for command environment: Not usable outside of PowerShell
[0.231s] DEBUG:colcon.colcon_core.shell:Skip shell extension 'dsv' for command environment
[0.234s] INFO:colcon.colcon_ros.task.ament_cmake.build:Building ROS package in '/home/bryan/hexapod_ws/src/hexapod_kinematics' with build type 'ament_cmake'
[0.234s] INFO:colcon.colcon_cmake.task.cmake.build:Building CMake package in '/home/bryan/hexapod_ws/src/hexapod_kinematics'
[0.234s] INFO:colcon.colcon_core.shell:Skip shell extension 'powershell' for command environment: Not usable outside of PowerShell
[0.234s] DEBUG:colcon.colcon_core.shell:Skip shell extension 'dsv' for command environment
[0.237s] INFO:colcon.colcon_ros.task.ament_cmake.build:Building ROS package in '/home/bryan/hexapod_ws/src/hexapod_utils' with build type 'ament_cmake'
[0.237s] INFO:colcon.colcon_cmake.task.cmake.build:Building CMake package in '/home/bryan/hexapod_ws/src/hexapod_utils'
[0.237s] INFO:colcon.colcon_core.shell:Skip shell extension 'powershell' for command environment: Not usable outside of PowerShell
[0.237s] DEBUG:colcon.colcon_core.shell:Skip shell extension 'dsv' for command environment
[0.244s] DEBUG:colcon.colcon_core.event_handler.log_command:Invoking command in '/home/bryan/hexapod_ws/build/hexapod_interfaces': CMAKE_PREFIX_PATH=${CMAKE_PREFIX_PATH}:/opt/ros/humble /usr/bin/cmake --build /home/bryan/hexapod_ws/build/hexapod_interfaces -- -j16 -l16
[0.246s] DEBUG:colcon.colcon_core.event_handler.log_command:Invoking command in '/home/bryan/hexapod_ws/build/hexapod_description': CMAKE_PREFIX_PATH=${CMAKE_PREFIX_PATH}:/opt/ros/humble /usr/bin/cmake --build /home/bryan/hexapod_ws/build/hexapod_description -- -j16 -l16
[0.248s] DEBUG:colcon.colcon_core.event_handler.log_command:Invoking command in '/home/bryan/hexapod_ws/build/hexapod_kinematics': CMAKE_PREFIX_PATH=${CMAKE_PREFIX_PATH}:/opt/ros/humble /usr/bin/cmake --build /home/bryan/hexapod_ws/build/hexapod_kinematics -- -j16 -l16
[0.253s] DEBUG:colcon.colcon_core.event_handler.log_command:Invoking command in '/home/bryan/hexapod_ws/build/hexapod_utils': CMAKE_PREFIX_PATH=${CMAKE_PREFIX_PATH}:/opt/ros/humble /usr/bin/cmake --build /home/bryan/hexapod_ws/build/hexapod_utils -- -j16 -l16
[0.280s] DEBUG:colcon.colcon_core.event_handler.log_command:Invoked command in '/home/bryan/hexapod_ws/build/hexapod_description' returned '0': CMAKE_PREFIX_PATH=${CMAKE_PREFIX_PATH}:/opt/ros/humble /usr/bin/cmake --build /home/bryan/hexapod_ws/build/hexapod_description -- -j16 -l16
[0.281s] DEBUG:colcon.colcon_core.event_handler.log_command:Invoked command in '/home/bryan/hexapod_ws/build/hexapod_kinematics' returned '0': CMAKE_PREFIX_PATH=${CMAKE_PREFIX_PATH}:/opt/ros/humble /usr/bin/cmake --build /home/bryan/hexapod_ws/build/hexapod_kinematics -- -j16 -l16
[0.286s] DEBUG:colcon.colcon_core.event_handler.log_command:Invoked command in '/home/bryan/hexapod_ws/build/hexapod_utils' returned '0': CMAKE_PREFIX_PATH=${CMAKE_PREFIX_PATH}:/opt/ros/humble /usr/bin/cmake --build /home/bryan/hexapod_ws/build/hexapod_utils -- -j16 -l16
[0.308s] DEBUG:colcon.colcon_core.event_handler.log_command:Invoking command in '/home/bryan/hexapod_ws/build/hexapod_kinematics': CMAKE_PREFIX_PATH=${CMAKE_PREFIX_PATH}:/opt/ros/humble /usr/bin/cmake --install /home/bryan/hexapod_ws/build/hexapod_kinematics
[0.312s] DEBUG:colcon.colcon_core.event_handler.log_command:Invoking command in '/home/bryan/hexapod_ws/build/hexapod_description': CMAKE_PREFIX_PATH=${CMAKE_PREFIX_PATH}:/opt/ros/humble /usr/bin/cmake --install /home/bryan/hexapod_ws/build/hexapod_description
[0.314s] DEBUG:colcon.colcon_core.event_handler.log_command:Invoking command in '/home/bryan/hexapod_ws/build/hexapod_utils': CMAKE_PREFIX_PATH=${CMAKE_PREFIX_PATH}:/opt/ros/humble /usr/bin/cmake --install /home/bryan/hexapod_ws/build/hexapod_utils
[0.316s] Level 1:colcon.colcon_core.environment:create_environment_scripts_only(hexapod_kinematics)
[0.317s] DEBUG:colcon.colcon_core.event_handler.log_command:Invoked command in '/home/bryan/hexapod_ws/build/hexapod_kinematics' returned '0': CMAKE_PREFIX_PATH=${CMAKE_PREFIX_PATH}:/opt/ros/humble /usr/bin/cmake --install /home/bryan/hexapod_ws/build/hexapod_kinematics
[0.318s] Level 1:colcon.colcon_core.environment:checking '/home/bryan/hexapod_ws/install/hexapod_kinematics' for CMake module files
[0.318s] Level 1:colcon.colcon_core.environment:checking '/home/bryan/hexapod_ws/install/hexapod_kinematics' for CMake config files
[0.319s] Level 1:colcon.colcon_core.shell:create_environment_hook('hexapod_kinematics', 'cmake_prefix_path')
[0.319s] INFO:colcon.colcon_core.shell:Creating environment hook '/home/bryan/hexapod_ws/install/hexapod_kinematics/share/hexapod_kinematics/hook/cmake_prefix_path.ps1'
[0.321s] INFO:colcon.colcon_core.shell:Creating environment descriptor '/home/bryan/hexapod_ws/install/hexapod_kinematics/share/hexapod_kinematics/hook/cmake_prefix_path.dsv'
[0.321s] INFO:colcon.colcon_core.shell:Creating environment hook '/home/bryan/hexapod_ws/install/hexapod_kinematics/share/hexapod_kinematics/hook/cmake_prefix_path.sh'
[0.322s] Level 1:colcon.colcon_core.environment:checking '/home/bryan/hexapod_ws/install/hexapod_kinematics/bin'
[0.322s] Level 1:colcon.colcon_core.environment:checking '/home/bryan/hexapod_ws/install/hexapod_kinematics/lib/pkgconfig/hexapod_kinematics.pc'
[0.323s] Level 1:colcon.colcon_core.environment:checking '/home/bryan/hexapod_ws/install/hexapod_kinematics/lib/python3.10/site-packages'
[0.323s] Level 1:colcon.colcon_core.environment:checking '/home/bryan/hexapod_ws/install/hexapod_kinematics/bin'
[0.323s] INFO:colcon.colcon_core.shell:Creating package script '/home/bryan/hexapod_ws/install/hexapod_kinematics/share/hexapod_kinematics/package.ps1'
[0.324s] INFO:colcon.colcon_core.shell:Creating package descriptor '/home/bryan/hexapod_ws/install/hexapod_kinematics/share/hexapod_kinematics/package.dsv'
[0.324s] INFO:colcon.colcon_core.shell:Creating package script '/home/bryan/hexapod_ws/install/hexapod_kinematics/share/hexapod_kinematics/package.sh'
[0.325s] INFO:colcon.colcon_core.shell:Creating package script '/home/bryan/hexapod_ws/install/hexapod_kinematics/share/hexapod_kinematics/package.bash'
[0.325s] INFO:colcon.colcon_core.shell:Creating package script '/home/bryan/hexapod_ws/install/hexapod_kinematics/share/hexapod_kinematics/package.zsh'
[0.326s] Level 1:colcon.colcon_core.environment:create_file_with_runtime_dependencies(/home/bryan/hexapod_ws/install/hexapod_kinematics/share/colcon-core/packages/hexapod_kinematics)
[0.328s] Level 1:colcon.colcon_core.environment:create_environment_scripts_only(hexapod_utils)
[0.328s] Level 1:colcon.colcon_core.environment:checking '/home/bryan/hexapod_ws/install/hexapod_utils' for CMake module files
[0.330s] Level 1:colcon.colcon_core.environment:checking '/home/bryan/hexapod_ws/install/hexapod_utils' for CMake config files
[0.334s] Level 1:colcon.colcon_core.shell:create_environment_hook('hexapod_utils', 'cmake_prefix_path')
[0.335s] INFO:colcon.colcon_core.shell:Creating environment hook '/home/bryan/hexapod_ws/install/hexapod_utils/share/hexapod_utils/hook/cmake_prefix_path.ps1'
[0.337s] INFO:colcon.colcon_core.shell:Creating environment descriptor '/home/bryan/hexapod_ws/install/hexapod_utils/share/hexapod_utils/hook/cmake_prefix_path.dsv'
[0.338s] DEBUG:colcon.colcon_core.event_handler.log_command:Invoked command in '/home/bryan/hexapod_ws/build/hexapod_utils' returned '0': CMAKE_PREFIX_PATH=${CMAKE_PREFIX_PATH}:/opt/ros/humble /usr/bin/cmake --install /home/bryan/hexapod_ws/build/hexapod_utils
[0.338s] INFO:colcon.colcon_core.shell:Creating environment hook '/home/bryan/hexapod_ws/install/hexapod_utils/share/hexapod_utils/hook/cmake_prefix_path.sh'
[0.339s] Level 1:colcon.colcon_core.environment:checking '/home/bryan/hexapod_ws/install/hexapod_utils/lib'
[0.339s] Level 1:colcon.colcon_core.environment:checking '/home/bryan/hexapod_ws/install/hexapod_utils/bin'
[0.339s] Level 1:colcon.colcon_core.environment:checking '/home/bryan/hexapod_ws/install/hexapod_utils/lib/pkgconfig/hexapod_utils.pc'
[0.340s] Level 1:colcon.colcon_core.environment:checking '/home/bryan/hexapod_ws/install/hexapod_utils/lib/python3.10/site-packages'
[0.340s] Level 1:colcon.colcon_core.environment:checking '/home/bryan/hexapod_ws/install/hexapod_utils/bin'
[0.340s] INFO:colcon.colcon_core.shell:Creating package script '/home/bryan/hexapod_ws/install/hexapod_utils/share/hexapod_utils/package.ps1'
[0.341s] INFO:colcon.colcon_core.shell:Creating package descriptor '/home/bryan/hexapod_ws/install/hexapod_utils/share/hexapod_utils/package.dsv'
[0.341s] INFO:colcon.colcon_core.shell:Creating package script '/home/bryan/hexapod_ws/install/hexapod_utils/share/hexapod_utils/package.sh'
[0.342s] INFO:colcon.colcon_core.shell:Creating package script '/home/bryan/hexapod_ws/install/hexapod_utils/share/hexapod_utils/package.bash'
[0.342s] INFO:colcon.colcon_core.shell:Creating package script '/home/bryan/hexapod_ws/install/hexapod_utils/share/hexapod_utils/package.zsh'
[0.343s] Level 1:colcon.colcon_core.environment:create_file_with_runtime_dependencies(/home/bryan/hexapod_ws/install/hexapod_utils/share/colcon-core/packages/hexapod_utils)
[0.344s] Level 1:colcon.colcon_core.environment:create_environment_scripts_only(hexapod_description)
[0.344s] Level 1:colcon.colcon_core.environment:checking '/home/bryan/hexapod_ws/install/hexapod_description' for CMake module files
[0.345s] DEBUG:colcon.colcon_core.event_handler.log_command:Invoked command in '/home/bryan/hexapod_ws/build/hexapod_description' returned '0': CMAKE_PREFIX_PATH=${CMAKE_PREFIX_PATH}:/opt/ros/humble /usr/bin/cmake --install /home/bryan/hexapod_ws/build/hexapod_description
[0.345s] Level 1:colcon.colcon_core.environment:checking '/home/bryan/hexapod_ws/install/hexapod_description' for CMake config files
[0.345s] Level 1:colcon.colcon_core.shell:create_environment_hook('hexapod_description', 'cmake_prefix_path')
[0.345s] INFO:colcon.colcon_core.shell:Creating environment hook '/home/bryan/hexapod_ws/install/hexapod_description/share/hexapod_description/hook/cmake_prefix_path.ps1'
[0.346s] INFO:colcon.colcon_core.shell:Creating environment descriptor '/home/bryan/hexapod_ws/install/hexapod_description/share/hexapod_description/hook/cmake_prefix_path.dsv'
[0.346s] INFO:colcon.colcon_core.shell:Creating environment hook '/home/bryan/hexapod_ws/install/hexapod_description/share/hexapod_description/hook/cmake_prefix_path.sh'
[0.347s] Level 1:colcon.colcon_core.environment:checking '/home/bryan/hexapod_ws/install/hexapod_description/bin'
[0.347s] Level 1:colcon.colcon_core.environment:checking '/home/bryan/hexapod_ws/install/hexapod_description/lib/pkgconfig/hexapod_description.pc'
[0.347s] Level 1:colcon.colcon_core.environment:checking '/home/bryan/hexapod_ws/install/hexapod_description/lib/python3.10/site-packages'
[0.347s] Level 1:colcon.colcon_core.environment:checking '/home/bryan/hexapod_ws/install/hexapod_description/bin'
[0.348s] INFO:colcon.colcon_core.shell:Creating package script '/home/bryan/hexapod_ws/install/hexapod_description/share/hexapod_description/package.ps1'
[0.348s] INFO:colcon.colcon_core.shell:Creating package descriptor '/home/bryan/hexapod_ws/install/hexapod_description/share/hexapod_description/package.dsv'
[0.348s] INFO:colcon.colcon_core.shell:Creating package script '/home/bryan/hexapod_ws/install/hexapod_description/share/hexapod_description/package.sh'
[0.349s] INFO:colcon.colcon_core.shell:Creating package script '/home/bryan/hexapod_ws/install/hexapod_description/share/hexapod_description/package.bash'
[0.349s] INFO:colcon.colcon_core.shell:Creating package script '/home/bryan/hexapod_ws/install/hexapod_description/share/hexapod_description/package.zsh'
[0.349s] Level 1:colcon.colcon_core.environment:create_file_with_runtime_dependencies(/home/bryan/hexapod_ws/install/hexapod_description/share/colcon-core/packages/hexapod_description)
[0.351s] Level 1:colcon.colcon_core.environment:create_environment_scripts_only(hexapod_kinematics)
[0.352s] Level 1:colcon.colcon_core.environment:checking '/home/bryan/hexapod_ws/install/hexapod_kinematics' for CMake module files
[0.352s] Level 1:colcon.colcon_core.environment:checking '/home/bryan/hexapod_ws/install/hexapod_kinematics' for CMake config files
[0.352s] Level 1:colcon.colcon_core.shell:create_environment_hook('hexapod_kinematics', 'cmake_prefix_path')
[0.353s] INFO:colcon.colcon_core.shell:Creating environment hook '/home/bryan/hexapod_ws/install/hexapod_kinematics/share/hexapod_kinematics/hook/cmake_prefix_path.ps1'
[0.353s] INFO:colcon.colcon_core.shell:Creating environment descriptor '/home/bryan/hexapod_ws/install/hexapod_kinematics/share/hexapod_kinematics/hook/cmake_prefix_path.dsv'
[0.353s] INFO:colcon.colcon_core.shell:Creating environment hook '/home/bryan/hexapod_ws/install/hexapod_kinematics/share/hexapod_kinematics/hook/cmake_prefix_path.sh'
[0.354s] Level 1:colcon.colcon_core.environment:checking '/home/bryan/hexapod_ws/install/hexapod_kinematics/bin'
[0.354s] Level 1:colcon.colcon_core.environment:checking '/home/bryan/hexapod_ws/install/hexapod_kinematics/lib/pkgconfig/hexapod_kinematics.pc'
[0.355s] Level 1:colcon.colcon_core.environment:checking '/home/bryan/hexapod_ws/install/hexapod_kinematics/lib/python3.10/site-packages'
[0.355s] Level 1:colcon.colcon_core.environment:checking '/home/bryan/hexapod_ws/install/hexapod_kinematics/bin'
[0.355s] INFO:colcon.colcon_core.shell:Creating package script '/home/bryan/hexapod_ws/install/hexapod_kinematics/share/hexapod_kinematics/package.ps1'
[0.356s] INFO:colcon.colcon_core.shell:Creating package descriptor '/home/bryan/hexapod_ws/install/hexapod_kinematics/share/hexapod_kinematics/package.dsv'
[0.356s] INFO:colcon.colcon_core.shell:Creating package script '/home/bryan/hexapod_ws/install/hexapod_kinematics/share/hexapod_kinematics/package.sh'
[0.357s] INFO:colcon.colcon_core.shell:Creating package script '/home/bryan/hexapod_ws/install/hexapod_kinematics/share/hexapod_kinematics/package.bash'
[0.357s] INFO:colcon.colcon_core.shell:Creating package script '/home/bryan/hexapod_ws/install/hexapod_kinematics/share/hexapod_kinematics/package.zsh'
[0.358s] Level 1:colcon.colcon_core.environment:create_file_with_runtime_dependencies(/home/bryan/hexapod_ws/install/hexapod_kinematics/share/colcon-core/packages/hexapod_kinematics)
[0.366s] Level 1:colcon.colcon_core.environment:create_environment_scripts_only(hexapod_utils)
[0.366s] Level 1:colcon.colcon_core.environment:checking '/home/bryan/hexapod_ws/install/hexapod_utils' for CMake module files
[0.367s] Level 1:colcon.colcon_core.environment:checking '/home/bryan/hexapod_ws/install/hexapod_utils' for CMake config files
[0.367s] Level 1:colcon.colcon_core.shell:create_environment_hook('hexapod_utils', 'cmake_prefix_path')
[0.367s] INFO:colcon.colcon_core.shell:Creating environment hook '/home/bryan/hexapod_ws/install/hexapod_utils/share/hexapod_utils/hook/cmake_prefix_path.ps1'
[0.368s] INFO:colcon.colcon_core.shell:Creating environment descriptor '/home/bryan/hexapod_ws/install/hexapod_utils/share/hexapod_utils/hook/cmake_prefix_path.dsv'
[0.368s] INFO:colcon.colcon_core.shell:Creating environment hook '/home/bryan/hexapod_ws/install/hexapod_utils/share/hexapod_utils/hook/cmake_prefix_path.sh'
[0.369s] Level 1:colcon.colcon_core.environment:checking '/home/bryan/hexapod_ws/install/hexapod_utils/lib'
[0.369s] Level 1:colcon.colcon_core.environment:checking '/home/bryan/hexapod_ws/install/hexapod_utils/bin'
[0.369s] Level 1:colcon.colcon_core.environment:checking '/home/bryan/hexapod_ws/install/hexapod_utils/lib/pkgconfig/hexapod_utils.pc'
[0.369s] Level 1:colcon.colcon_core.environment:checking '/home/bryan/hexapod_ws/install/hexapod_utils/lib/python3.10/site-packages'
[0.369s] Level 1:colcon.colcon_core.environment:checking '/home/bryan/hexapod_ws/install/hexapod_utils/bin'
[0.370s] INFO:colcon.colcon_core.shell:Creating package script '/home/bryan/hexapod_ws/install/hexapod_utils/share/hexapod_utils/package.ps1'
[0.370s] INFO:colcon.colcon_core.shell:Creating package descriptor '/home/bryan/hexapod_ws/install/hexapod_utils/share/hexapod_utils/package.dsv'
[0.371s] INFO:colcon.colcon_core.shell:Creating package script '/home/bryan/hexapod_ws/install/hexapod_utils/share/hexapod_utils/package.sh'
[0.371s] INFO:colcon.colcon_core.shell:Creating package script '/home/bryan/hexapod_ws/install/hexapod_utils/share/hexapod_utils/package.bash'
[0.372s] INFO:colcon.colcon_core.shell:Creating package script '/home/bryan/hexapod_ws/install/hexapod_utils/share/hexapod_utils/package.zsh'
[0.372s] Level 1:colcon.colcon_core.environment:create_file_with_runtime_dependencies(/home/bryan/hexapod_ws/install/hexapod_utils/share/colcon-core/packages/hexapod_utils)
[0.373s] Level 1:colcon.colcon_core.environment:create_environment_scripts_only(hexapod_description)
[0.373s] Level 1:colcon.colcon_core.environment:checking '/home/bryan/hexapod_ws/install/hexapod_description' for CMake module files
[0.374s] Level 1:colcon.colcon_core.environment:checking '/home/bryan/hexapod_ws/install/hexapod_description' for CMake config files
[0.374s] Level 1:colcon.colcon_core.shell:create_environment_hook('hexapod_description', 'cmake_prefix_path')
[0.375s] INFO:colcon.colcon_core.shell:Creating environment hook '/home/bryan/hexapod_ws/install/hexapod_description/share/hexapod_description/hook/cmake_prefix_path.ps1'
[0.375s] INFO:colcon.colcon_core.shell:Creating environment descriptor '/home/bryan/hexapod_ws/install/hexapod_description/share/hexapod_description/hook/cmake_prefix_path.dsv'
[0.375s] INFO:colcon.colcon_core.shell:Creating environment hook '/home/bryan/hexapod_ws/install/hexapod_description/share/hexapod_description/hook/cmake_prefix_path.sh'
[0.376s] Level 1:colcon.colcon_core.environment:checking '/home/bryan/hexapod_ws/install/hexapod_description/bin'
[0.376s] Level 1:colcon.colcon_core.environment:checking '/home/bryan/hexapod_ws/install/hexapod_description/lib/pkgconfig/hexapod_description.pc'
[0.376s] Level 1:colcon.colcon_core.environment:checking '/home/bryan/hexapod_ws/install/hexapod_description/lib/python3.10/site-packages'
[0.376s] Level 1:colcon.colcon_core.environment:checking '/home/bryan/hexapod_ws/install/hexapod_description/bin'
[0.377s] INFO:colcon.colcon_core.shell:Creating package script '/home/bryan/hexapod_ws/install/hexapod_description/share/hexapod_description/package.ps1'
[0.377s] INFO:colcon.colcon_core.shell:Creating package descriptor '/home/bryan/hexapod_ws/install/hexapod_description/share/hexapod_description/package.dsv'
[0.378s] INFO:colcon.colcon_core.shell:Creating package script '/home/bryan/hexapod_ws/install/hexapod_description/share/hexapod_description/package.sh'
[0.378s] INFO:colcon.colcon_core.shell:Creating package script '/home/bryan/hexapod_ws/install/hexapod_description/share/hexapod_description/package.bash'
[0.379s] INFO:colcon.colcon_core.shell:Creating package script '/home/bryan/hexapod_ws/install/hexapod_description/share/hexapod_description/package.zsh'
[0.379s] Level 1:colcon.colcon_core.environment:create_file_with_runtime_dependencies(/home/bryan/hexapod_ws/install/hexapod_description/share/colcon-core/packages/hexapod_description)
[0.513s] DEBUG:colcon.colcon_core.event_handler.log_command:Invoked command in '/home/bryan/hexapod_ws/build/hexapod_interfaces' returned '0': CMAKE_PREFIX_PATH=${CMAKE_PREFIX_PATH}:/opt/ros/humble /usr/bin/cmake --build /home/bryan/hexapod_ws/build/hexapod_interfaces -- -j16 -l16
[0.572s] DEBUG:colcon.colcon_core.event_handler.log_command:Invoking command in '/home/bryan/hexapod_ws/build/hexapod_interfaces': CMAKE_PREFIX_PATH=${CMAKE_PREFIX_PATH}:/opt/ros/humble /usr/bin/cmake --install /home/bryan/hexapod_ws/build/hexapod_interfaces
[0.607s] Level 1:colcon.colcon_core.environment:create_environment_scripts_only(hexapod_interfaces)
[0.608s] Level 1:colcon.colcon_core.environment:checking '/home/bryan/hexapod_ws/install/hexapod_interfaces' for CMake module files
[0.608s] DEBUG:colcon.colcon_core.event_handler.log_command:Invoked command in '/home/bryan/hexapod_ws/build/hexapod_interfaces' returned '0': CMAKE_PREFIX_PATH=${CMAKE_PREFIX_PATH}:/opt/ros/humble /usr/bin/cmake --install /home/bryan/hexapod_ws/build/hexapod_interfaces
[0.608s] Level 1:colcon.colcon_core.environment:checking '/home/bryan/hexapod_ws/install/hexapod_interfaces' for CMake config files
[0.609s] Level 1:colcon.colcon_core.shell:create_environment_hook('hexapod_interfaces', 'cmake_prefix_path')
[0.609s] INFO:colcon.colcon_core.shell:Creating environment hook '/home/bryan/hexapod_ws/install/hexapod_interfaces/share/hexapod_interfaces/hook/cmake_prefix_path.ps1'
[0.609s] INFO:colcon.colcon_core.shell:Creating environment descriptor '/home/bryan/hexapod_ws/install/hexapod_interfaces/share/hexapod_interfaces/hook/cmake_prefix_path.dsv'
[0.610s] INFO:colcon.colcon_core.shell:Creating environment hook '/home/bryan/hexapod_ws/install/hexapod_interfaces/share/hexapod_interfaces/hook/cmake_prefix_path.sh'
[0.610s] Level 1:colcon.colcon_core.environment:checking '/home/bryan/hexapod_ws/install/hexapod_interfaces/lib'
[0.610s] Level 1:colcon.colcon_core.shell:create_environment_hook('hexapod_interfaces', 'ld_library_path_lib')
[0.610s] INFO:colcon.colcon_core.shell:Creating environment hook '/home/bryan/hexapod_ws/install/hexapod_interfaces/share/hexapod_interfaces/hook/ld_library_path_lib.ps1'
[0.611s] INFO:colcon.colcon_core.shell:Creating environment descriptor '/home/bryan/hexapod_ws/install/hexapod_interfaces/share/hexapod_interfaces/hook/ld_library_path_lib.dsv'
[0.611s] INFO:colcon.colcon_core.shell:Creating environment hook '/home/bryan/hexapod_ws/install/hexapod_interfaces/share/hexapod_interfaces/hook/ld_library_path_lib.sh'
[0.611s] Level 1:colcon.colcon_core.environment:checking '/home/bryan/hexapod_ws/install/hexapod_interfaces/bin'
[0.611s] Level 1:colcon.colcon_core.environment:checking '/home/bryan/hexapod_ws/install/hexapod_interfaces/lib/pkgconfig/hexapod_interfaces.pc'
[0.612s] Level 1:colcon.colcon_core.environment:checking '/home/bryan/hexapod_ws/install/hexapod_interfaces/lib/python3.10/site-packages'
[0.612s] Level 1:colcon.colcon_core.environment:checking '/home/bryan/hexapod_ws/install/hexapod_interfaces/bin'
[0.612s] INFO:colcon.colcon_core.shell:Creating package script '/home/bryan/hexapod_ws/install/hexapod_interfaces/share/hexapod_interfaces/package.ps1'
[0.612s] INFO:colcon.colcon_core.shell:Creating package descriptor '/home/bryan/hexapod_ws/install/hexapod_interfaces/share/hexapod_interfaces/package.dsv'
[0.613s] INFO:colcon.colcon_core.shell:Creating package script '/home/bryan/hexapod_ws/install/hexapod_interfaces/share/hexapod_interfaces/package.sh'
[0.613s] INFO:colcon.colcon_core.shell:Creating package script '/home/bryan/hexapod_ws/install/hexapod_interfaces/share/hexapod_interfaces/package.bash'
[0.613s] INFO:colcon.colcon_core.shell:Creating package script '/home/bryan/hexapod_ws/install/hexapod_interfaces/share/hexapod_interfaces/package.zsh'
[0.614s] Level 1:colcon.colcon_core.environment:create_file_with_runtime_dependencies(/home/bryan/hexapod_ws/install/hexapod_interfaces/share/colcon-core/packages/hexapod_interfaces)
[0.675s] Level 1:colcon.colcon_core.environment:create_environment_scripts_only(hexapod_interfaces)
[0.675s] Level 1:colcon.colcon_core.environment:checking '/home/bryan/hexapod_ws/install/hexapod_interfaces' for CMake module files
[0.676s] Level 1:colcon.colcon_core.environment:checking '/home/bryan/hexapod_ws/install/hexapod_interfaces' for CMake config files
[0.676s] Level 1:colcon.colcon_core.shell:create_environment_hook('hexapod_interfaces', 'cmake_prefix_path')
[0.676s] INFO:colcon.colcon_core.shell:Creating environment hook '/home/bryan/hexapod_ws/install/hexapod_interfaces/share/hexapod_interfaces/hook/cmake_prefix_path.ps1'
[0.676s] INFO:colcon.colcon_core.shell:Creating environment descriptor '/home/bryan/hexapod_ws/install/hexapod_interfaces/share/hexapod_interfaces/hook/cmake_prefix_path.dsv'
[0.677s] INFO:colcon.colcon_core.shell:Creating environment hook '/home/bryan/hexapod_ws/install/hexapod_interfaces/share/hexapod_interfaces/hook/cmake_prefix_path.sh'
[0.677s] Level 1:colcon.colcon_core.environment:checking '/home/bryan/hexapod_ws/install/hexapod_interfaces/lib'
[0.677s] Level 1:colcon.colcon_core.shell:create_environment_hook('hexapod_interfaces', 'ld_library_path_lib')
[0.677s] INFO:colcon.colcon_core.shell:Creating environment hook '/home/bryan/hexapod_ws/install/hexapod_interfaces/share/hexapod_interfaces/hook/ld_library_path_lib.ps1'
[0.677s] INFO:colcon.colcon_core.shell:Creating environment descriptor '/home/bryan/hexapod_ws/install/hexapod_interfaces/share/hexapod_interfaces/hook/ld_library_path_lib.dsv'
[0.678s] INFO:colcon.colcon_core.shell:Creating environment hook '/home/bryan/hexapod_ws/install/hexapod_interfaces/share/hexapod_interfaces/hook/ld_library_path_lib.sh'
[0.678s] Level 1:colcon.colcon_core.environment:checking '/home/bryan/hexapod_ws/install/hexapod_interfaces/bin'
[0.678s] Level 1:colcon.colcon_core.environment:checking '/home/bryan/hexapod_ws/install/hexapod_interfaces/lib/pkgconfig/hexapod_interfaces.pc'
[0.678s] Level 1:colcon.colcon_core.environment:checking '/home/bryan/hexapod_ws/install/hexapod_interfaces/lib/python3.10/site-packages'
[0.678s] Level 1:colcon.colcon_core.environment:checking '/home/bryan/hexapod_ws/install/hexapod_interfaces/bin'
[0.678s] INFO:colcon.colcon_core.shell:Creating package script '/home/bryan/hexapod_ws/install/hexapod_interfaces/share/hexapod_interfaces/package.ps1'
[0.679s] INFO:colcon.colcon_core.shell:Creating package descriptor '/home/bryan/hexapod_ws/install/hexapod_interfaces/share/hexapod_interfaces/package.dsv'
[0.679s] INFO:colcon.colcon_core.shell:Creating package script '/home/bryan/hexapod_ws/install/hexapod_interfaces/share/hexapod_interfaces/package.sh'
[0.679s] INFO:colcon.colcon_core.shell:Creating package script '/home/bryan/hexapod_ws/install/hexapod_interfaces/share/hexapod_interfaces/package.bash'
[0.679s] INFO:colcon.colcon_core.shell:Creating package script '/home/bryan/hexapod_ws/install/hexapod_interfaces/share/hexapod_interfaces/package.zsh'
[0.679s] Level 1:colcon.colcon_core.environment:create_file_with_runtime_dependencies(/home/bryan/hexapod_ws/install/hexapod_interfaces/share/colcon-core/packages/hexapod_interfaces)
[0.680s] INFO:colcon.colcon_ros.task.ament_cmake.build:Building ROS package in '/home/bryan/hexapod_ws/src/hexapod_controller' with build type 'ament_cmake'
[0.680s] INFO:colcon.colcon_cmake.task.cmake.build:Building CMake package in '/home/bryan/hexapod_ws/src/hexapod_controller'
[0.680s] INFO:colcon.colcon_core.shell:Skip shell extension 'powershell' for command environment: Not usable outside of PowerShell
[0.680s] DEBUG:colcon.colcon_core.shell:Skip shell extension 'dsv' for command environment
[0.690s] DEBUG:colcon.colcon_core.event_handler.log_command:Invoking command in '/home/bryan/hexapod_ws/build/hexapod_controller': CMAKE_PREFIX_PATH=/home/bryan/hexapod_ws/install/hexapod_interfaces:/home/bryan/pico_ws/install/whycon:/home/bryan/pico_ws/install/swift_pico:/home/bryan/pico_ws/install/waypoint_navigation:/home/bryan/pico_ws/install/swift_pico_description:/home/bryan/pico_ws/install/rotors_swift_interface:/home/bryan/pico_ws/install/swift_msgs:/home/bryan/pico_ws/install/rotors_swift_gazebo:/home/bryan/pico_ws/install/rotors_swift_description:/home/bryan/pico_ws/install/rotors_control:/home/bryan/pico_ws/install/pid_tune:/home/bryan/pico_ws/install/pid_msg:/home/bryan/pico_ws/install/mav_comm:/home/bryan/pico_ws/install/mav_system_msgs:/home/bryan/pico_ws/install/mav_state_machine_msgs:/home/bryan/pico_ws/install/mav_planning_msgs:/home/bryan/pico_ws/install/mav_msgs:/home/bryan/hexapod_ws/install/hexapod_utils:/home/bryan/hexapod_ws/install/hexapod_kinematics:/home/bryan/hexapod_ws/install/hexapod_description:/home/bryan/hexapod_ws/install/hexapod_controller:/home/bryan/turtlesim_ws/install/turtlesim:/opt/ros/humble LD_LIBRARY_PATH=/home/bryan/hexapod_ws/install/hexapod_interfaces/lib:/home/bryan/pico_ws/install/whycon/lib:/home/bryan/pico_ws/install/waypoint_navigation/lib:/home/bryan/pico_ws/install/rotors_control/lib:/home/bryan/pico_ws/install/mav_planning_msgs/lib:/home/bryan/turtlesim_ws/install/turtlesim/lib:/usr/lib/x86_64-linux-gnu/gazebo-11/plugins:/usr/local/lib:/home/bryan/pico_ws/install/swift_msgs/lib:/home/bryan/pico_ws/install/pid_msg/lib:/home/bryan/pico_ws/install/mav_system_msgs/lib:/home/bryan/pico_ws/install/mav_state_machine_msgs/lib:/home/bryan/pico_ws/install/mav_msgs/lib:/opt/ros/humble/opt/rviz_ogre_vendor/lib:/opt/ros/humble/lib/x86_64-linux-gnu:/opt/ros/humble/lib /usr/bin/cmake --build /home/bryan/hexapod_ws/build/hexapod_controller -- -j16 -l16
[7.765s] DEBUG:colcon.colcon_core.event_handler.log_command:Invoked command in '/home/bryan/hexapod_ws/build/hexapod_controller' returned '0': CMAKE_PREFIX_PATH=/home/bryan/hexapod_ws/install/hexapod_interfaces:/home/bryan/pico_ws/install/whycon:/home/bryan/pico_ws/install/swift_pico:/home/bryan/pico_ws/install/waypoint_navigation:/home/bryan/pico_ws/install/swift_pico_description:/home/bryan/pico_ws/install/rotors_swift_interface:/home/bryan/pico_ws/install/swift_msgs:/home/bryan/pico_ws/install/rotors_swift_gazebo:/home/bryan/pico_ws/install/rotors_swift_description:/home/bryan/pico_ws/install/rotors_control:/home/bryan/pico_ws/install/pid_tune:/home/bryan/pico_ws/install/pid_msg:/home/bryan/pico_ws/install/mav_comm:/home/bryan/pico_ws/install/mav_system_msgs:/home/bryan/pico_ws/install/mav_state_machine_msgs:/home/bryan/pico_ws/install/mav_planning_msgs:/home/bryan/pico_ws/install/mav_msgs:/home/bryan/hexapod_ws/install/hexapod_utils:/home/bryan/hexapod_ws/install/hexapod_kinematics:/home/bryan/hexapod_ws/install/hexapod_description:/home/bryan/hexapod_ws/install/hexapod_controller:/home/bryan/turtlesim_ws/install/turtlesim:/opt/ros/humble LD_LIBRARY_PATH=/home/bryan/hexapod_ws/install/hexapod_interfaces/lib:/home/bryan/pico_ws/install/whycon/lib:/home/bryan/pico_ws/install/waypoint_navigation/lib:/home/bryan/pico_ws/install/rotors_control/lib:/home/bryan/pico_ws/install/mav_planning_msgs/lib:/home/bryan/turtlesim_ws/install/turtlesim/lib:/usr/lib/x86_64-linux-gnu/gazebo-11/plugins:/usr/local/lib:/home/bryan/pico_ws/install/swift_msgs/lib:/home/bryan/pico_ws/install/pid_msg/lib:/home/bryan/pico_ws/install/mav_system_msgs/lib:/home/bryan/pico_ws/install/mav_state_machine_msgs/lib:/home/bryan/pico_ws/install/mav_msgs/lib:/opt/ros/humble/opt/rviz_ogre_vendor/lib:/opt/ros/humble/lib/x86_64-linux-gnu:/opt/ros/humble/lib /usr/bin/cmake --build /home/bryan/hexapod_ws/build/hexapod_controller -- -j16 -l16
[7.800s] DEBUG:colcon.colcon_core.event_handler.log_command:Invoking command in '/home/bryan/hexapod_ws/build/hexapod_controller': CMAKE_PREFIX_PATH=/home/bryan/hexapod_ws/install/hexapod_interfaces:/home/bryan/pico_ws/install/whycon:/home/bryan/pico_ws/install/swift_pico:/home/bryan/pico_ws/install/waypoint_navigation:/home/bryan/pico_ws/install/swift_pico_description:/home/bryan/pico_ws/install/rotors_swift_interface:/home/bryan/pico_ws/install/swift_msgs:/home/bryan/pico_ws/install/rotors_swift_gazebo:/home/bryan/pico_ws/install/rotors_swift_description:/home/bryan/pico_ws/install/rotors_control:/home/bryan/pico_ws/install/pid_tune:/home/bryan/pico_ws/install/pid_msg:/home/bryan/pico_ws/install/mav_comm:/home/bryan/pico_ws/install/mav_system_msgs:/home/bryan/pico_ws/install/mav_state_machine_msgs:/home/bryan/pico_ws/install/mav_planning_msgs:/home/bryan/pico_ws/install/mav_msgs:/home/bryan/hexapod_ws/install/hexapod_utils:/home/bryan/hexapod_ws/install/hexapod_kinematics:/home/bryan/hexapod_ws/install/hexapod_description:/home/bryan/hexapod_ws/install/hexapod_controller:/home/bryan/turtlesim_ws/install/turtlesim:/opt/ros/humble LD_LIBRARY_PATH=/home/bryan/hexapod_ws/install/hexapod_interfaces/lib:/home/bryan/pico_ws/install/whycon/lib:/home/bryan/pico_ws/install/waypoint_navigation/lib:/home/bryan/pico_ws/install/rotors_control/lib:/home/bryan/pico_ws/install/mav_planning_msgs/lib:/home/bryan/turtlesim_ws/install/turtlesim/lib:/usr/lib/x86_64-linux-gnu/gazebo-11/plugins:/usr/local/lib:/home/bryan/pico_ws/install/swift_msgs/lib:/home/bryan/pico_ws/install/pid_msg/lib:/home/bryan/pico_ws/install/mav_system_msgs/lib:/home/bryan/pico_ws/install/mav_state_machine_msgs/lib:/home/bryan/pico_ws/install/mav_msgs/lib:/opt/ros/humble/opt/rviz_ogre_vendor/lib:/opt/ros/humble/lib/x86_64-linux-gnu:/opt/ros/humble/lib /usr/bin/cmake --install /home/bryan/hexapod_ws/build/hexapod_controller
[7.815s] Level 1:colcon.colcon_core.environment:create_environment_scripts_only(hexapod_controller)
[7.815s] Level 1:colcon.colcon_core.environment:checking '/home/bryan/hexapod_ws/install/hexapod_controller' for CMake module files
[7.815s] DEBUG:colcon.colcon_core.event_handler.log_command:Invoked command in '/home/bryan/hexapod_ws/build/hexapod_controller' returned '0': CMAKE_PREFIX_PATH=/home/bryan/hexapod_ws/install/hexapod_interfaces:/home/bryan/pico_ws/install/whycon:/home/bryan/pico_ws/install/swift_pico:/home/bryan/pico_ws/install/waypoint_navigation:/home/bryan/pico_ws/install/swift_pico_description:/home/bryan/pico_ws/install/rotors_swift_interface:/home/bryan/pico_ws/install/swift_msgs:/home/bryan/pico_ws/install/rotors_swift_gazebo:/home/bryan/pico_ws/install/rotors_swift_description:/home/bryan/pico_ws/install/rotors_control:/home/bryan/pico_ws/install/pid_tune:/home/bryan/pico_ws/install/pid_msg:/home/bryan/pico_ws/install/mav_comm:/home/bryan/pico_ws/install/mav_system_msgs:/home/bryan/pico_ws/install/mav_state_machine_msgs:/home/bryan/pico_ws/install/mav_planning_msgs:/home/bryan/pico_ws/install/mav_msgs:/home/bryan/hexapod_ws/install/hexapod_utils:/home/bryan/hexapod_ws/install/hexapod_kinematics:/home/bryan/hexapod_ws/install/hexapod_description:/home/bryan/hexapod_ws/install/hexapod_controller:/home/bryan/turtlesim_ws/install/turtlesim:/opt/ros/humble LD_LIBRARY_PATH=/home/bryan/hexapod_ws/install/hexapod_interfaces/lib:/home/bryan/pico_ws/install/whycon/lib:/home/bryan/pico_ws/install/waypoint_navigation/lib:/home/bryan/pico_ws/install/rotors_control/lib:/home/bryan/pico_ws/install/mav_planning_msgs/lib:/home/bryan/turtlesim_ws/install/turtlesim/lib:/usr/lib/x86_64-linux-gnu/gazebo-11/plugins:/usr/local/lib:/home/bryan/pico_ws/install/swift_msgs/lib:/home/bryan/pico_ws/install/pid_msg/lib:/home/bryan/pico_ws/install/mav_system_msgs/lib:/home/bryan/pico_ws/install/mav_state_machine_msgs/lib:/home/bryan/pico_ws/install/mav_msgs/lib:/opt/ros/humble/opt/rviz_ogre_vendor/lib:/opt/ros/humble/lib/x86_64-linux-gnu:/opt/ros/humble/lib /usr/bin/cmake --install /home/bryan/hexapod_ws/build/hexapod_controller
[7.815s] Level 1:colcon.colcon_core.environment:checking '/home/bryan/hexapod_ws/install/hexapod_controller' for CMake config files
[7.816s] Level 1:colcon.colcon_core.shell:create_environment_hook('hexapod_controller', 'cmake_prefix_path')
[7.816s] INFO:colcon.colcon_core.shell:Creating environment hook '/home/bryan/hexapod_ws/install/hexapod_controller/share/hexapod_controller/hook/cmake_prefix_path.ps1'
[7.816s] INFO:colcon.colcon_core.shell:Creating environment descriptor '/home/bryan/hexapod_ws/install/hexapod_controller/share/hexapod_controller/hook/cmake_prefix_path.dsv'
[7.816s] INFO:colcon.colcon_core.shell:Creating environment hook '/home/bryan/hexapod_ws/install/hexapod_controller/share/hexapod_controller/hook/cmake_prefix_path.sh'
[7.817s] Level 1:colcon.colcon_core.environment:checking '/home/bryan/hexapod_ws/install/hexapod_controller/lib'
[7.817s] Level 1:colcon.colcon_core.environment:checking '/home/bryan/hexapod_ws/install/hexapod_controller/bin'
[7.817s] Level 1:colcon.colcon_core.environment:checking '/home/bryan/hexapod_ws/install/hexapod_controller/lib/pkgconfig/hexapod_controller.pc'
[7.817s] Level 1:colcon.colcon_core.environment:checking '/home/bryan/hexapod_ws/install/hexapod_controller/lib/python3.10/site-packages'
[7.817s] Level 1:colcon.colcon_core.environment:checking '/home/bryan/hexapod_ws/install/hexapod_controller/bin'
[7.817s] INFO:colcon.colcon_core.shell:Creating package script '/home/bryan/hexapod_ws/install/hexapod_controller/share/hexapod_controller/package.ps1'
[7.817s] INFO:colcon.colcon_core.shell:Creating package descriptor '/home/bryan/hexapod_ws/install/hexapod_controller/share/hexapod_controller/package.dsv'
[7.818s] INFO:colcon.colcon_core.shell:Creating package script '/home/bryan/hexapod_ws/install/hexapod_controller/share/hexapod_controller/package.sh'
[7.818s] INFO:colcon.colcon_core.shell:Creating package script '/home/bryan/hexapod_ws/install/hexapod_controller/share/hexapod_controller/package.bash'
[7.818s] INFO:colcon.colcon_core.shell:Creating package script '/home/bryan/hexapod_ws/install/hexapod_controller/share/hexapod_controller/package.zsh'
[7.818s] Level 1:colcon.colcon_core.environment:create_file_with_runtime_dependencies(/home/bryan/hexapod_ws/install/hexapod_controller/share/colcon-core/packages/hexapod_controller)
[7.852s] Level 1:colcon.colcon_core.environment:create_environment_scripts_only(hexapod_controller)
[7.852s] Level 1:colcon.colcon_core.environment:checking '/home/bryan/hexapod_ws/install/hexapod_controller' for CMake module files
[7.852s] Level 1:colcon.colcon_core.environment:checking '/home/bryan/hexapod_ws/install/hexapod_controller' for CMake config files
[7.852s] Level 1:colcon.colcon_core.shell:create_environment_hook('hexapod_controller', 'cmake_prefix_path')
[7.852s] INFO:colcon.colcon_core.shell:Creating environment hook '/home/bryan/hexapod_ws/install/hexapod_controller/share/hexapod_controller/hook/cmake_prefix_path.ps1'
[7.853s] INFO:colcon.colcon_core.shell:Creating environment descriptor '/home/bryan/hexapod_ws/install/hexapod_controller/share/hexapod_controller/hook/cmake_prefix_path.dsv'
[7.853s] INFO:colcon.colcon_core.shell:Creating environment hook '/home/bryan/hexapod_ws/install/hexapod_controller/share/hexapod_controller/hook/cmake_prefix_path.sh'
[7.853s] Level 1:colcon.colcon_core.environment:checking '/home/bryan/hexapod_ws/install/hexapod_controller/lib'
[7.853s] Level 1:colcon.colcon_core.environment:checking '/home/bryan/hexapod_ws/install/hexapod_controller/bin'
[7.853s] Level 1:colcon.colcon_core.environment:checking '/home/bryan/hexapod_ws/install/hexapod_controller/lib/pkgconfig/hexapod_controller.pc'
[7.853s] Level 1:colcon.colcon_core.environment:checking '/home/bryan/hexapod_ws/install/hexapod_controller/lib/python3.10/site-packages'
[7.853s] Level 1:colcon.colcon_core.environment:checking '/home/bryan/hexapod_ws/install/hexapod_controller/bin'
[7.854s] INFO:colcon.colcon_core.shell:Creating package script '/home/bryan/hexapod_ws/install/hexapod_controller/share/hexapod_controller/package.ps1'
[7.854s] INFO:colcon.colcon_core.shell:Creating package descriptor '/home/bryan/hexapod_ws/install/hexapod_controller/share/hexapod_controller/package.dsv'
[7.854s] INFO:colcon.colcon_core.shell:Creating package script '/home/bryan/hexapod_ws/install/hexapod_controller/share/hexapod_controller/package.sh'
[7.855s] INFO:colcon.colcon_core.shell:Creating package script '/home/bryan/hexapod_ws/install/hexapod_controller/share/hexapod_controller/package.bash'
[7.855s] INFO:colcon.colcon_core.shell:Creating package script '/home/bryan/hexapod_ws/install/hexapod_controller/share/hexapod_controller/package.zsh'
[7.855s] Level 1:colcon.colcon_core.environment:create_file_with_runtime_dependencies(/home/bryan/hexapod_ws/install/hexapod_controller/share/colcon-core/packages/hexapod_controller)
[7.855s] DEBUG:colcon.colcon_parallel_executor.executor.parallel:closing loop
[7.856s] DEBUG:colcon.colcon_parallel_executor.executor.parallel:loop closed
[7.856s] DEBUG:colcon.colcon_parallel_executor.executor.parallel:run_until_complete finished with '0'
[7.856s] DEBUG:colcon.colcon_core.event_reactor:joining thread
[7.859s] INFO:colcon.colcon_core.plugin_system:Skipping extension 'colcon_notification.desktop_notification.terminal_notifier': Not used on non-Darwin systems
[7.859s] INFO:colcon.colcon_core.plugin_system:Skipping extension 'colcon_notification.desktop_notification.win32': Not used on non-Windows systems
[7.859s] INFO:colcon.colcon_notification.desktop_notification:Sending desktop notification using 'notify2'
[7.869s] DEBUG:colcon.colcon_core.event_reactor:joined thread
[7.869s] INFO:colcon.colcon_core.shell:Creating prefix script '/home/bryan/hexapod_ws/install/local_setup.ps1'
[7.870s] INFO:colcon.colcon_core.shell:Creating prefix util module '/home/bryan/hexapod_ws/install/_local_setup_util_ps1.py'
[7.870s] INFO:colcon.colcon_core.shell:Creating prefix chain script '/home/bryan/hexapod_ws/install/setup.ps1'
[7.872s] INFO:colcon.colcon_core.shell:Creating prefix script '/home/bryan/hexapod_ws/install/local_setup.sh'
[7.872s] INFO:colcon.colcon_core.shell:Creating prefix util module '/home/bryan/hexapod_ws/install/_local_setup_util_sh.py'
[7.872s] INFO:colcon.colcon_core.shell:Creating prefix chain script '/home/bryan/hexapod_ws/install/setup.sh'
[7.873s] INFO:colcon.colcon_core.shell:Creating prefix script '/home/bryan/hexapod_ws/install/local_setup.bash'
[7.874s] INFO:colcon.colcon_core.shell:Creating prefix chain script '/home/bryan/hexapod_ws/install/setup.bash'
[7.874s] INFO:colcon.colcon_core.shell:Creating prefix script '/home/bryan/hexapod_ws/install/local_setup.zsh'
[7.875s] INFO:colcon.colcon_core.shell:Creating prefix chain script '/home/bryan/hexapod_ws/install/setup.zsh'
