[35m[1mConsolidate compiler generated dependencies of target tip_trajectory_generator[0m
[ 75%] Built target tip_pose_generator
[ 75%] Built target body_pose_generator
[ 75%] Built target inverse_kinematics
[ 87%] [32mBuilding CXX object CMakeFiles/tip_trajectory_generator.dir/src/tip_trajectory_generator.cpp.o[0m
[01m[K/home/bryan/hexapod_ws/src/hexapod_controller/src/tip_trajectory_generator.cpp:[m[K In member function ‘[01m[Kvoid HexapodTrajectoryGenNode::generate_3_points()[m[K’:
[01m[K/home/bryan/hexapod_ws/src/hexapod_controller/src/tip_trajectory_generator.cpp:152:144:[m[K [01;31m[Kerror: [m[Kinvalid types ‘[01m[Kdouble[int][m[K’ for array subscript
  152 |         this->start.x = (0.5 * velocity[0] * this->num_stance_control_points_vec[gait].second / publish_frequency) * (num_stance_control_points[01;31m[K[[m[K0].second/num_stance_control_points[gait].second); // (num_stance_control_points[0].second/num_stance_control_points[gait].second) is correction for step size when gait is not tripod. its inverse is the correction factor for vwlocity when not in tripod gate
      |                                                                                                                                                [01;31m[K^[m[K
[01m[K/home/bryan/hexapod_ws/src/hexapod_controller/src/tip_trajectory_generator.cpp:152:180:[m[K [01;31m[Kerror: [m[Kinvalid types ‘[01m[Kdouble[int][m[K’ for array subscript
  152 |         this->start.x = (0.5 * velocity[0] * this->num_stance_control_points_vec[gait].second / publish_frequency) * (num_stance_control_points[0].second/num_stance_control_points[01;31m[K[[m[Kgait].second); // (num_stance_control_points[0].second/num_stance_control_points[gait].second) is correction for step size when gait is not tripod. its inverse is the correction factor for vwlocity when not in tripod gate
      |                                                                                                                                                                                    [01;31m[K^[m[K
[01m[K/home/bryan/hexapod_ws/src/hexapod_controller/src/tip_trajectory_generator.cpp:153:144:[m[K [01;31m[Kerror: [m[Kinvalid types ‘[01m[Kdouble[int][m[K’ for array subscript
  153 |         this->start.y = (0.5 * velocity[1] * this->num_stance_control_points_vec[gait].second / publish_frequency) * (num_stance_control_points[01;31m[K[[m[K0].second/num_stance_control_points[gait].second);
      |                                                                                                                                                [01;31m[K^[m[K
[01m[K/home/bryan/hexapod_ws/src/hexapod_controller/src/tip_trajectory_generator.cpp:153:180:[m[K [01;31m[Kerror: [m[Kinvalid types ‘[01m[Kdouble[int][m[K’ for array subscript
  153 |         this->start.y = (0.5 * velocity[1] * this->num_stance_control_points_vec[gait].second / publish_frequency) * (num_stance_control_points[0].second/num_stance_control_points[01;31m[K[[m[Kgait].second);
      |                                                                                                                                                                                    [01;31m[K^[m[K
gmake[2]: *** [CMakeFiles/tip_trajectory_generator.dir/build.make:76: CMakeFiles/tip_trajectory_generator.dir/src/tip_trajectory_generator.cpp.o] Error 1
gmake[1]: *** [CMakeFiles/Makefile2:221: CMakeFiles/tip_trajectory_generator.dir/all] Error 2
gmake: *** [Makefile:146: all] Error 2
