[0.037s] Invoking command in '/home/bryan/hexapod_ws/src/build/hexapod_bringup': CMAKE_PREFIX_PATH=${CMAKE_PREFIX_PATH}:/home/bryan/bumperbot_ws/install/bumperbot_py_examples:/home/bryan/hexapod_ws/install/mpu9250:/opt/ros/humble /usr/bin/cmake /home/bryan/hexapod_ws/src/hexapod_bringup -DCMAKE_INSTALL_PREFIX=/home/bryan/hexapod_ws/src/install/hexapod_bringup
[0.279s] -- The C compiler identification is GNU 11.4.0
[0.279s] -- The CXX compiler identification is GNU 11.4.0
[0.279s] -- Detecting C compiler ABI info
[0.346s] -- Detecting C compiler ABI info - done
[0.355s] -- Check for working C compiler: /usr/bin/cc - skipped
[0.355s] -- Detecting C compile features
[0.356s] -- Detecting C compile features - done
[0.360s] -- Detecting CXX compiler ABI info
[0.454s] -- Detecting CXX compiler ABI info - done
[0.463s] -- Check for working CXX compiler: /usr/bin/c++ - skipped
[0.463s] -- Detecting CXX compile features
[0.464s] -- Detecting CXX compile features - done
[0.469s] -- Found ament_cmake: 1.3.10 (/opt/ros/humble/share/ament_cmake/cmake)
[0.678s] -- Found Python3: /usr/bin/python3 (found version "3.10.12") found components: Interpreter 
[0.868s] -- Configuring done
[0.871s] -- Generating done
[0.873s] -- Build files have been written to: /home/bryan/hexapod_ws/src/build/hexapod_bringup
[0.878s] Invoked command in '/home/bryan/hexapod_ws/src/build/hexapod_bringup' returned '0': CMAKE_PREFIX_PATH=${CMAKE_PREFIX_PATH}:/home/bryan/bumperbot_ws/install/bumperbot_py_examples:/home/bryan/hexapod_ws/install/mpu9250:/opt/ros/humble /usr/bin/cmake /home/bryan/hexapod_ws/src/hexapod_bringup -DCMAKE_INSTALL_PREFIX=/home/bryan/hexapod_ws/src/install/hexapod_bringup
[0.879s] Invoking command in '/home/bryan/hexapod_ws/src/build/hexapod_bringup': CMAKE_PREFIX_PATH=${CMAKE_PREFIX_PATH}:/home/bryan/bumperbot_ws/install/bumperbot_py_examples:/home/bryan/hexapod_ws/install/mpu9250:/opt/ros/humble /usr/bin/cmake --build /home/bryan/hexapod_ws/src/build/hexapod_bringup -- -j16 -l16
[0.914s] Invoked command in '/home/bryan/hexapod_ws/src/build/hexapod_bringup' returned '0': CMAKE_PREFIX_PATH=${CMAKE_PREFIX_PATH}:/home/bryan/bumperbot_ws/install/bumperbot_py_examples:/home/bryan/hexapod_ws/install/mpu9250:/opt/ros/humble /usr/bin/cmake --build /home/bryan/hexapod_ws/src/build/hexapod_bringup -- -j16 -l16
[0.927s] Invoking command in '/home/bryan/hexapod_ws/src/build/hexapod_bringup': CMAKE_PREFIX_PATH=${CMAKE_PREFIX_PATH}:/home/bryan/bumperbot_ws/install/bumperbot_py_examples:/home/bryan/hexapod_ws/install/mpu9250:/opt/ros/humble /usr/bin/cmake --install /home/bryan/hexapod_ws/src/build/hexapod_bringup
[0.935s] -- Install configuration: ""
[0.935s] -- Installing: /home/bryan/hexapod_ws/src/install/hexapod_bringup/share/hexapod_bringup/config
[0.935s] -- Installing: /home/bryan/hexapod_ws/src/install/hexapod_bringup/share/hexapod_bringup/launch
[0.936s] -- Installing: /home/bryan/hexapod_ws/src/install/hexapod_bringup/share/hexapod_bringup/launch/simulated_robot.launch.py
[0.936s] -- Installing: /home/bryan/hexapod_ws/src/install/hexapod_bringup/share/hexapod_bringup/launch/real_robot.launch.py
[0.936s] -- Installing: /home/bryan/hexapod_ws/src/install/hexapod_bringup/share/ament_index/resource_index/package_run_dependencies/hexapod_bringup
[0.936s] -- Installing: /home/bryan/hexapod_ws/src/install/hexapod_bringup/share/ament_index/resource_index/parent_prefix_path/hexapod_bringup
[0.936s] -- Installing: /home/bryan/hexapod_ws/src/install/hexapod_bringup/share/hexapod_bringup/environment/ament_prefix_path.sh
[0.936s] -- Installing: /home/bryan/hexapod_ws/src/install/hexapod_bringup/share/hexapod_bringup/environment/ament_prefix_path.dsv
[0.936s] -- Installing: /home/bryan/hexapod_ws/src/install/hexapod_bringup/share/hexapod_bringup/environment/path.sh
[0.936s] -- Installing: /home/bryan/hexapod_ws/src/install/hexapod_bringup/share/hexapod_bringup/environment/path.dsv
[0.936s] -- Installing: /home/bryan/hexapod_ws/src/install/hexapod_bringup/share/hexapod_bringup/local_setup.bash
[0.936s] -- Installing: /home/bryan/hexapod_ws/src/install/hexapod_bringup/share/hexapod_bringup/local_setup.sh
[0.936s] -- Installing: /home/bryan/hexapod_ws/src/install/hexapod_bringup/share/hexapod_bringup/local_setup.zsh
[0.936s] -- Installing: /home/bryan/hexapod_ws/src/install/hexapod_bringup/share/hexapod_bringup/local_setup.dsv
[0.936s] -- Installing: /home/bryan/hexapod_ws/src/install/hexapod_bringup/share/hexapod_bringup/package.dsv
[0.936s] -- Installing: /home/bryan/hexapod_ws/src/install/hexapod_bringup/share/ament_index/resource_index/packages/hexapod_bringup
[0.936s] -- Installing: /home/bryan/hexapod_ws/src/install/hexapod_bringup/share/hexapod_bringup/cmake/hexapod_bringupConfig.cmake
[0.936s] -- Installing: /home/bryan/hexapod_ws/src/install/hexapod_bringup/share/hexapod_bringup/cmake/hexapod_bringupConfig-version.cmake
[0.936s] -- Installing: /home/bryan/hexapod_ws/src/install/hexapod_bringup/share/hexapod_bringup/package.xml
[0.938s] Invoked command in '/home/bryan/hexapod_ws/src/build/hexapod_bringup' returned '0': CMAKE_PREFIX_PATH=${CMAKE_PREFIX_PATH}:/home/bryan/bumperbot_ws/install/bumperbot_py_examples:/home/bryan/hexapod_ws/install/mpu9250:/opt/ros/humble /usr/bin/cmake --install /home/bryan/hexapod_ws/src/build/hexapod_bringup
