[0.009s] Invoking command in '/home/bryan/hexapod_ws/build/hexapod_utils': CMAKE_PREFIX_PATH=${CMAKE_PREFIX_PATH}:/opt/ros/humble /usr/bin/cmake --build /home/bryan/hexapod_ws/build/hexapod_utils -- -j16 -l16
[0.027s] -- Found ament_cmake: 1.3.10 (/opt/ros/humble/share/ament_cmake/cmake)
[0.115s] -- Found rclpy: 3.3.14 (/opt/ros/humble/share/rclpy/cmake)
[0.115s] -- Found ament_lint_auto: 0.12.11 (/opt/ros/humble/share/ament_lint_auto/cmake)
[0.160s] -- Added test 'flake8' to check Python code syntax and style conventions
[0.160s] -- Added test 'lint_cmake' to check CMake code style
[0.160s] -- Added test 'pep257' to check Python code against some of the docstring style conventions in PEP 257
[0.160s] -- Added test 'xmllint' to check XML markup files
[0.161s] -- Configuring done
[0.162s] -- Generating done
[0.162s] -- Build files have been written to: /home/bryan/hexapod_ws/build/hexapod_utils
[0.182s] Invoked command in '/home/bryan/hexapod_ws/build/hexapod_utils' returned '0': CMAKE_PREFIX_PATH=${CMAKE_PREFIX_PATH}:/opt/ros/humble /usr/bin/cmake --build /home/bryan/hexapod_ws/build/hexapod_utils -- -j16 -l16
[0.212s] Invoking command in '/home/bryan/hexapod_ws/build/hexapod_utils': CMAKE_PREFIX_PATH=${CMAKE_PREFIX_PATH}:/opt/ros/humble /usr/bin/cmake --install /home/bryan/hexapod_ws/build/hexapod_utils
[0.219s] [31mCMake Error at cmake_install.cmake:46 (file):
[0.219s]   file INSTALL cannot find
[0.219s]   "/home/bryan/hexapod_ws/src/hexapod_utils/hexapod_utils/keyboard_publisher.py,":
[0.220s]   No such file or directory.
[0.220s] 
[0.220s] [0m
[0.220s] -- Install configuration: ""
[0.220s] Invoked command in '/home/bryan/hexapod_ws/build/hexapod_utils' returned '1': CMAKE_PREFIX_PATH=${CMAKE_PREFIX_PATH}:/opt/ros/humble /usr/bin/cmake --install /home/bryan/hexapod_ws/build/hexapod_utils
