[0.045s] Invoking command in '/home/bryan/hexapod_ws/build/hexapod_interfaces': CMAKE_PREFIX_PATH=${CMAKE_PREFIX_PATH}:/opt/ros/humble /usr/bin/cmake --build /home/bryan/hexapod_ws/build/hexapod_interfaces -- -j16 -l16
[0.159s] [  6%] Built target hexapod_interfaces__cpp
[0.160s] [ 12%] Built target hexapod_interfaces__rosidl_generator_c
[0.184s] [ 12%] Built target ament_cmake_python_copy_hexapod_interfaces
[0.212s] [ 32%] Built target hexapod_interfaces__rosidl_typesupport_c
[0.213s] [ 38%] Built target hexapod_interfaces__rosidl_typesupport_introspection_c
[0.213s] [ 41%] Built target hexapod_interfaces__rosidl_typesupport_cpp
[0.222s] [ 51%] Built target hexapod_interfaces__rosidl_typesupport_fastrtps_cpp
[0.231s] [ 61%] Built target hexapod_interfaces__rosidl_typesupport_introspection_cpp
[0.268s] [ 70%] Built target hexapod_interfaces__rosidl_typesupport_fastrtps_c
[0.305s] [ 70%] Built target hexapod_interfaces
[0.361s] [ 74%] Built target hexapod_interfaces__py
[0.427s] [ 80%] Built target hexapod_interfaces__rosidl_generator_py
[0.483s] [ 87%] Built target hexapod_interfaces__rosidl_typesupport_c__pyext
[0.483s] [100%] Built target hexapod_interfaces__rosidl_typesupport_introspection_c__pyext
[0.484s] [100%] Built target hexapod_interfaces__rosidl_typesupport_fastrtps_c__pyext
[0.715s] running egg_info
[0.717s] writing hexapod_interfaces.egg-info/PKG-INFO
[0.717s] writing dependency_links to hexapod_interfaces.egg-info/dependency_links.txt
[0.717s] writing top-level names to hexapod_interfaces.egg-info/top_level.txt
[0.723s] reading manifest file 'hexapod_interfaces.egg-info/SOURCES.txt'
[0.724s] writing manifest file 'hexapod_interfaces.egg-info/SOURCES.txt'
[0.794s] [100%] Built target ament_cmake_python_build_hexapod_interfaces_egg
[0.820s] Invoked command in '/home/bryan/hexapod_ws/build/hexapod_interfaces' returned '0': CMAKE_PREFIX_PATH=${CMAKE_PREFIX_PATH}:/opt/ros/humble /usr/bin/cmake --build /home/bryan/hexapod_ws/build/hexapod_interfaces -- -j16 -l16
[0.971s] Invoking command in '/home/bryan/hexapod_ws/build/hexapod_interfaces': CMAKE_PREFIX_PATH=${CMAKE_PREFIX_PATH}:/opt/ros/humble /usr/bin/cmake --install /home/bryan/hexapod_ws/build/hexapod_interfaces
[0.984s] -- Install configuration: ""
[0.984s] -- Up-to-date: /home/bryan/hexapod_ws/install/hexapod_interfaces/share/ament_index/resource_index/rosidl_interfaces/hexapod_interfaces
[0.984s] -- Up-to-date: /home/bryan/hexapod_ws/install/hexapod_interfaces/include/hexapod_interfaces/hexapod_interfaces
[0.984s] -- Up-to-date: /home/bryan/hexapod_ws/install/hexapod_interfaces/include/hexapod_interfaces/hexapod_interfaces/msg
[0.984s] -- Up-to-date: /home/bryan/hexapod_ws/install/hexapod_interfaces/include/hexapod_interfaces/hexapod_interfaces/msg/point_array.h
[0.985s] -- Up-to-date: /home/bryan/hexapod_ws/install/hexapod_interfaces/include/hexapod_interfaces/hexapod_interfaces/msg/detail
[0.985s] -- Up-to-date: /home/bryan/hexapod_ws/install/hexapod_interfaces/include/hexapod_interfaces/hexapod_interfaces/msg/detail/point_array__type_support.h
[0.985s] -- Up-to-date: /home/bryan/hexapod_ws/install/hexapod_interfaces/include/hexapod_interfaces/hexapod_interfaces/msg/detail/point_array__functions.c
[0.986s] -- Up-to-date: /home/bryan/hexapod_ws/install/hexapod_interfaces/include/hexapod_interfaces/hexapod_interfaces/msg/detail/point_array__functions.h
[0.986s] -- Up-to-date: /home/bryan/hexapod_ws/install/hexapod_interfaces/include/hexapod_interfaces/hexapod_interfaces/msg/detail/point_array__struct.h
[0.986s] -- Up-to-date: /home/bryan/hexapod_ws/install/hexapod_interfaces/include/hexapod_interfaces/hexapod_interfaces/msg/rosidl_generator_c__visibility_control.h
[0.987s] -- Up-to-date: /home/bryan/hexapod_ws/install/hexapod_interfaces/share/hexapod_interfaces/environment/library_path.sh
[0.987s] -- Up-to-date: /home/bryan/hexapod_ws/install/hexapod_interfaces/share/hexapod_interfaces/environment/library_path.dsv
[0.987s] -- Up-to-date: /home/bryan/hexapod_ws/install/hexapod_interfaces/lib/libhexapod_interfaces__rosidl_generator_c.so
[0.987s] -- Up-to-date: /home/bryan/hexapod_ws/install/hexapod_interfaces/include/hexapod_interfaces/hexapod_interfaces
[0.987s] -- Up-to-date: /home/bryan/hexapod_ws/install/hexapod_interfaces/include/hexapod_interfaces/hexapod_interfaces/msg
[0.988s] -- Up-to-date: /home/bryan/hexapod_ws/install/hexapod_interfaces/include/hexapod_interfaces/hexapod_interfaces/msg/rosidl_typesupport_fastrtps_c__visibility_control.h
[0.988s] -- Up-to-date: /home/bryan/hexapod_ws/install/hexapod_interfaces/include/hexapod_interfaces/hexapod_interfaces/msg/detail
[0.988s] -- Up-to-date: /home/bryan/hexapod_ws/install/hexapod_interfaces/include/hexapod_interfaces/hexapod_interfaces/msg/detail/point_array__rosidl_typesupport_fastrtps_c.h
[0.988s] -- Up-to-date: /home/bryan/hexapod_ws/install/hexapod_interfaces/lib/libhexapod_interfaces__rosidl_typesupport_fastrtps_c.so
[0.989s] -- Up-to-date: /home/bryan/hexapod_ws/install/hexapod_interfaces/include/hexapod_interfaces/hexapod_interfaces
[0.989s] -- Up-to-date: /home/bryan/hexapod_ws/install/hexapod_interfaces/include/hexapod_interfaces/hexapod_interfaces/msg
[0.989s] -- Up-to-date: /home/bryan/hexapod_ws/install/hexapod_interfaces/include/hexapod_interfaces/hexapod_interfaces/msg/point_array.hpp
[0.989s] -- Up-to-date: /home/bryan/hexapod_ws/install/hexapod_interfaces/include/hexapod_interfaces/hexapod_interfaces/msg/detail
[0.989s] -- Up-to-date: /home/bryan/hexapod_ws/install/hexapod_interfaces/include/hexapod_interfaces/hexapod_interfaces/msg/detail/point_array__struct.hpp
[0.989s] -- Up-to-date: /home/bryan/hexapod_ws/install/hexapod_interfaces/include/hexapod_interfaces/hexapod_interfaces/msg/detail/point_array__builder.hpp
[0.989s] -- Up-to-date: /home/bryan/hexapod_ws/install/hexapod_interfaces/include/hexapod_interfaces/hexapod_interfaces/msg/detail/point_array__traits.hpp
[0.989s] -- Up-to-date: /home/bryan/hexapod_ws/install/hexapod_interfaces/include/hexapod_interfaces/hexapod_interfaces
[0.990s] -- Up-to-date: /home/bryan/hexapod_ws/install/hexapod_interfaces/include/hexapod_interfaces/hexapod_interfaces/msg
[0.990s] -- Up-to-date: /home/bryan/hexapod_ws/install/hexapod_interfaces/include/hexapod_interfaces/hexapod_interfaces/msg/rosidl_typesupport_fastrtps_cpp__visibility_control.h
[0.990s] -- Up-to-date: /home/bryan/hexapod_ws/install/hexapod_interfaces/include/hexapod_interfaces/hexapod_interfaces/msg/detail
[0.990s] -- Up-to-date: /home/bryan/hexapod_ws/install/hexapod_interfaces/include/hexapod_interfaces/hexapod_interfaces/msg/detail/dds_fastrtps
[0.990s] -- Up-to-date: /home/bryan/hexapod_ws/install/hexapod_interfaces/include/hexapod_interfaces/hexapod_interfaces/msg/detail/point_array__rosidl_typesupport_fastrtps_cpp.hpp
[0.990s] -- Up-to-date: /home/bryan/hexapod_ws/install/hexapod_interfaces/lib/libhexapod_interfaces__rosidl_typesupport_fastrtps_cpp.so
[0.990s] -- Up-to-date: /home/bryan/hexapod_ws/install/hexapod_interfaces/include/hexapod_interfaces/hexapod_interfaces
[0.990s] -- Up-to-date: /home/bryan/hexapod_ws/install/hexapod_interfaces/include/hexapod_interfaces/hexapod_interfaces/msg
[0.990s] -- Up-to-date: /home/bryan/hexapod_ws/install/hexapod_interfaces/include/hexapod_interfaces/hexapod_interfaces/msg/detail
[0.990s] -- Up-to-date: /home/bryan/hexapod_ws/install/hexapod_interfaces/include/hexapod_interfaces/hexapod_interfaces/msg/detail/point_array__type_support.c
[0.990s] -- Up-to-date: /home/bryan/hexapod_ws/install/hexapod_interfaces/include/hexapod_interfaces/hexapod_interfaces/msg/detail/point_array__rosidl_typesupport_introspection_c.h
[0.990s] -- Up-to-date: /home/bryan/hexapod_ws/install/hexapod_interfaces/include/hexapod_interfaces/hexapod_interfaces/msg/rosidl_typesupport_introspection_c__visibility_control.h
[0.990s] -- Up-to-date: /home/bryan/hexapod_ws/install/hexapod_interfaces/lib/libhexapod_interfaces__rosidl_typesupport_introspection_c.so
[0.990s] -- Up-to-date: /home/bryan/hexapod_ws/install/hexapod_interfaces/lib/libhexapod_interfaces__rosidl_typesupport_c.so
[0.990s] -- Up-to-date: /home/bryan/hexapod_ws/install/hexapod_interfaces/include/hexapod_interfaces/hexapod_interfaces
[0.991s] -- Up-to-date: /home/bryan/hexapod_ws/install/hexapod_interfaces/include/hexapod_interfaces/hexapod_interfaces/msg
[0.991s] -- Up-to-date: /home/bryan/hexapod_ws/install/hexapod_interfaces/include/hexapod_interfaces/hexapod_interfaces/msg/detail
[0.991s] -- Up-to-date: /home/bryan/hexapod_ws/install/hexapod_interfaces/include/hexapod_interfaces/hexapod_interfaces/msg/detail/point_array__type_support.cpp
[0.991s] -- Up-to-date: /home/bryan/hexapod_ws/install/hexapod_interfaces/include/hexapod_interfaces/hexapod_interfaces/msg/detail/point_array__rosidl_typesupport_introspection_cpp.hpp
[0.991s] -- Up-to-date: /home/bryan/hexapod_ws/install/hexapod_interfaces/lib/libhexapod_interfaces__rosidl_typesupport_introspection_cpp.so
[0.991s] -- Up-to-date: /home/bryan/hexapod_ws/install/hexapod_interfaces/lib/libhexapod_interfaces__rosidl_typesupport_cpp.so
[0.991s] -- Up-to-date: /home/bryan/hexapod_ws/install/hexapod_interfaces/share/hexapod_interfaces/environment/pythonpath.sh
[0.991s] -- Up-to-date: /home/bryan/hexapod_ws/install/hexapod_interfaces/share/hexapod_interfaces/environment/pythonpath.dsv
[0.991s] -- Up-to-date: /home/bryan/hexapod_ws/install/hexapod_interfaces/local/lib/python3.10/dist-packages/hexapod_interfaces-0.0.0-py3.10.egg-info
[0.991s] -- Installing: /home/bryan/hexapod_ws/install/hexapod_interfaces/local/lib/python3.10/dist-packages/hexapod_interfaces-0.0.0-py3.10.egg-info/SOURCES.txt
[0.991s] -- Installing: /home/bryan/hexapod_ws/install/hexapod_interfaces/local/lib/python3.10/dist-packages/hexapod_interfaces-0.0.0-py3.10.egg-info/PKG-INFO
[0.991s] -- Installing: /home/bryan/hexapod_ws/install/hexapod_interfaces/local/lib/python3.10/dist-packages/hexapod_interfaces-0.0.0-py3.10.egg-info/top_level.txt
[0.991s] -- Installing: /home/bryan/hexapod_ws/install/hexapod_interfaces/local/lib/python3.10/dist-packages/hexapod_interfaces-0.0.0-py3.10.egg-info/dependency_links.txt
[0.991s] -- Up-to-date: /home/bryan/hexapod_ws/install/hexapod_interfaces/local/lib/python3.10/dist-packages/hexapod_interfaces
[0.991s] -- Up-to-date: /home/bryan/hexapod_ws/install/hexapod_interfaces/local/lib/python3.10/dist-packages/hexapod_interfaces/__init__.py
[0.991s] -- Up-to-date: /home/bryan/hexapod_ws/install/hexapod_interfaces/local/lib/python3.10/dist-packages/hexapod_interfaces/_hexapod_interfaces_s.ep.rosidl_typesupport_c.c
[0.991s] -- Up-to-date: /home/bryan/hexapod_ws/install/hexapod_interfaces/local/lib/python3.10/dist-packages/hexapod_interfaces/msg
[0.991s] -- Up-to-date: /home/bryan/hexapod_ws/install/hexapod_interfaces/local/lib/python3.10/dist-packages/hexapod_interfaces/msg/__init__.py
[0.991s] -- Up-to-date: /home/bryan/hexapod_ws/install/hexapod_interfaces/local/lib/python3.10/dist-packages/hexapod_interfaces/msg/_point_array_s.c
[0.991s] -- Up-to-date: /home/bryan/hexapod_ws/install/hexapod_interfaces/local/lib/python3.10/dist-packages/hexapod_interfaces/msg/_point_array.py
[0.992s] -- Up-to-date: /home/bryan/hexapod_ws/install/hexapod_interfaces/local/lib/python3.10/dist-packages/hexapod_interfaces/hexapod_interfaces_s__rosidl_typesupport_c.cpython-310-x86_64-linux-gnu.so
[0.992s] -- Up-to-date: /home/bryan/hexapod_ws/install/hexapod_interfaces/local/lib/python3.10/dist-packages/hexapod_interfaces/_hexapod_interfaces_s.ep.rosidl_typesupport_introspection_c.c
[0.992s] -- Up-to-date: /home/bryan/hexapod_ws/install/hexapod_interfaces/local/lib/python3.10/dist-packages/hexapod_interfaces/_hexapod_interfaces_s.ep.rosidl_typesupport_fastrtps_c.c
[0.992s] -- Up-to-date: /home/bryan/hexapod_ws/install/hexapod_interfaces/local/lib/python3.10/dist-packages/hexapod_interfaces/libhexapod_interfaces__rosidl_generator_py.so
[0.992s] -- Up-to-date: /home/bryan/hexapod_ws/install/hexapod_interfaces/local/lib/python3.10/dist-packages/hexapod_interfaces/hexapod_interfaces_s__rosidl_typesupport_fastrtps_c.cpython-310-x86_64-linux-gnu.so
[0.992s] -- Up-to-date: /home/bryan/hexapod_ws/install/hexapod_interfaces/local/lib/python3.10/dist-packages/hexapod_interfaces/hexapod_interfaces_s__rosidl_typesupport_introspection_c.cpython-310-x86_64-linux-gnu.so
[1.048s] Listing '/home/bryan/hexapod_ws/install/hexapod_interfaces/local/lib/python3.10/dist-packages/hexapod_interfaces'...
[1.048s] Listing '/home/bryan/hexapod_ws/install/hexapod_interfaces/local/lib/python3.10/dist-packages/hexapod_interfaces/msg'...
[1.060s] -- Up-to-date: /home/bryan/hexapod_ws/install/hexapod_interfaces/local/lib/python3.10/dist-packages/hexapod_interfaces/hexapod_interfaces_s__rosidl_typesupport_fastrtps_c.cpython-310-x86_64-linux-gnu.so
[1.061s] -- Up-to-date: /home/bryan/hexapod_ws/install/hexapod_interfaces/local/lib/python3.10/dist-packages/hexapod_interfaces/hexapod_interfaces_s__rosidl_typesupport_introspection_c.cpython-310-x86_64-linux-gnu.so
[1.061s] -- Up-to-date: /home/bryan/hexapod_ws/install/hexapod_interfaces/local/lib/python3.10/dist-packages/hexapod_interfaces/hexapod_interfaces_s__rosidl_typesupport_c.cpython-310-x86_64-linux-gnu.so
[1.061s] -- Up-to-date: /home/bryan/hexapod_ws/install/hexapod_interfaces/lib/libhexapod_interfaces__rosidl_generator_py.so
[1.062s] -- Up-to-date: /home/bryan/hexapod_ws/install/hexapod_interfaces/share/hexapod_interfaces/msg/PointArray.idl
[1.062s] -- Up-to-date: /home/bryan/hexapod_ws/install/hexapod_interfaces/share/hexapod_interfaces/msg/PointArray.msg
[1.062s] -- Up-to-date: /home/bryan/hexapod_ws/install/hexapod_interfaces/share/ament_index/resource_index/package_run_dependencies/hexapod_interfaces
[1.062s] -- Up-to-date: /home/bryan/hexapod_ws/install/hexapod_interfaces/share/ament_index/resource_index/parent_prefix_path/hexapod_interfaces
[1.062s] -- Up-to-date: /home/bryan/hexapod_ws/install/hexapod_interfaces/share/hexapod_interfaces/environment/ament_prefix_path.sh
[1.062s] -- Up-to-date: /home/bryan/hexapod_ws/install/hexapod_interfaces/share/hexapod_interfaces/environment/ament_prefix_path.dsv
[1.062s] -- Up-to-date: /home/bryan/hexapod_ws/install/hexapod_interfaces/share/hexapod_interfaces/environment/path.sh
[1.063s] -- Up-to-date: /home/bryan/hexapod_ws/install/hexapod_interfaces/share/hexapod_interfaces/environment/path.dsv
[1.063s] -- Up-to-date: /home/bryan/hexapod_ws/install/hexapod_interfaces/share/hexapod_interfaces/local_setup.bash
[1.063s] -- Up-to-date: /home/bryan/hexapod_ws/install/hexapod_interfaces/share/hexapod_interfaces/local_setup.sh
[1.063s] -- Up-to-date: /home/bryan/hexapod_ws/install/hexapod_interfaces/share/hexapod_interfaces/local_setup.zsh
[1.063s] -- Up-to-date: /home/bryan/hexapod_ws/install/hexapod_interfaces/share/hexapod_interfaces/local_setup.dsv
[1.063s] -- Installing: /home/bryan/hexapod_ws/install/hexapod_interfaces/share/hexapod_interfaces/package.dsv
[1.064s] -- Up-to-date: /home/bryan/hexapod_ws/install/hexapod_interfaces/share/ament_index/resource_index/packages/hexapod_interfaces
[1.064s] -- Up-to-date: /home/bryan/hexapod_ws/install/hexapod_interfaces/share/hexapod_interfaces/cmake/export_hexapod_interfaces__rosidl_generator_cExport.cmake
[1.064s] -- Up-to-date: /home/bryan/hexapod_ws/install/hexapod_interfaces/share/hexapod_interfaces/cmake/export_hexapod_interfaces__rosidl_generator_cExport-noconfig.cmake
[1.064s] -- Up-to-date: /home/bryan/hexapod_ws/install/hexapod_interfaces/share/hexapod_interfaces/cmake/export_hexapod_interfaces__rosidl_typesupport_fastrtps_cExport.cmake
[1.065s] -- Up-to-date: /home/bryan/hexapod_ws/install/hexapod_interfaces/share/hexapod_interfaces/cmake/export_hexapod_interfaces__rosidl_typesupport_fastrtps_cExport-noconfig.cmake
[1.065s] -- Up-to-date: /home/bryan/hexapod_ws/install/hexapod_interfaces/share/hexapod_interfaces/cmake/export_hexapod_interfaces__rosidl_generator_cppExport.cmake
[1.065s] -- Up-to-date: /home/bryan/hexapod_ws/install/hexapod_interfaces/share/hexapod_interfaces/cmake/export_hexapod_interfaces__rosidl_typesupport_fastrtps_cppExport.cmake
[1.065s] -- Up-to-date: /home/bryan/hexapod_ws/install/hexapod_interfaces/share/hexapod_interfaces/cmake/export_hexapod_interfaces__rosidl_typesupport_fastrtps_cppExport-noconfig.cmake
[1.065s] -- Up-to-date: /home/bryan/hexapod_ws/install/hexapod_interfaces/share/hexapod_interfaces/cmake/hexapod_interfaces__rosidl_typesupport_introspection_cExport.cmake
[1.066s] -- Up-to-date: /home/bryan/hexapod_ws/install/hexapod_interfaces/share/hexapod_interfaces/cmake/hexapod_interfaces__rosidl_typesupport_introspection_cExport-noconfig.cmake
[1.066s] -- Up-to-date: /home/bryan/hexapod_ws/install/hexapod_interfaces/share/hexapod_interfaces/cmake/hexapod_interfaces__rosidl_typesupport_cExport.cmake
[1.066s] -- Up-to-date: /home/bryan/hexapod_ws/install/hexapod_interfaces/share/hexapod_interfaces/cmake/hexapod_interfaces__rosidl_typesupport_cExport-noconfig.cmake
[1.066s] -- Up-to-date: /home/bryan/hexapod_ws/install/hexapod_interfaces/share/hexapod_interfaces/cmake/hexapod_interfaces__rosidl_typesupport_introspection_cppExport.cmake
[1.066s] -- Up-to-date: /home/bryan/hexapod_ws/install/hexapod_interfaces/share/hexapod_interfaces/cmake/hexapod_interfaces__rosidl_typesupport_introspection_cppExport-noconfig.cmake
[1.067s] -- Up-to-date: /home/bryan/hexapod_ws/install/hexapod_interfaces/share/hexapod_interfaces/cmake/hexapod_interfaces__rosidl_typesupport_cppExport.cmake
[1.067s] -- Up-to-date: /home/bryan/hexapod_ws/install/hexapod_interfaces/share/hexapod_interfaces/cmake/hexapod_interfaces__rosidl_typesupport_cppExport-noconfig.cmake
[1.067s] -- Up-to-date: /home/bryan/hexapod_ws/install/hexapod_interfaces/share/hexapod_interfaces/cmake/export_hexapod_interfaces__rosidl_generator_pyExport.cmake
[1.068s] -- Up-to-date: /home/bryan/hexapod_ws/install/hexapod_interfaces/share/hexapod_interfaces/cmake/export_hexapod_interfaces__rosidl_generator_pyExport-noconfig.cmake
[1.068s] -- Up-to-date: /home/bryan/hexapod_ws/install/hexapod_interfaces/share/hexapod_interfaces/cmake/rosidl_cmake-extras.cmake
[1.068s] -- Up-to-date: /home/bryan/hexapod_ws/install/hexapod_interfaces/share/hexapod_interfaces/cmake/ament_cmake_export_dependencies-extras.cmake
[1.068s] -- Up-to-date: /home/bryan/hexapod_ws/install/hexapod_interfaces/share/hexapod_interfaces/cmake/ament_cmake_export_include_directories-extras.cmake
[1.068s] -- Up-to-date: /home/bryan/hexapod_ws/install/hexapod_interfaces/share/hexapod_interfaces/cmake/ament_cmake_export_libraries-extras.cmake
[1.068s] -- Up-to-date: /home/bryan/hexapod_ws/install/hexapod_interfaces/share/hexapod_interfaces/cmake/ament_cmake_export_targets-extras.cmake
[1.068s] -- Up-to-date: /home/bryan/hexapod_ws/install/hexapod_interfaces/share/hexapod_interfaces/cmake/rosidl_cmake_export_typesupport_targets-extras.cmake
[1.068s] -- Up-to-date: /home/bryan/hexapod_ws/install/hexapod_interfaces/share/hexapod_interfaces/cmake/rosidl_cmake_export_typesupport_libraries-extras.cmake
[1.068s] -- Up-to-date: /home/bryan/hexapod_ws/install/hexapod_interfaces/share/hexapod_interfaces/cmake/hexapod_interfacesConfig.cmake
[1.069s] -- Up-to-date: /home/bryan/hexapod_ws/install/hexapod_interfaces/share/hexapod_interfaces/cmake/hexapod_interfacesConfig-version.cmake
[1.069s] -- Up-to-date: /home/bryan/hexapod_ws/install/hexapod_interfaces/share/hexapod_interfaces/package.xml
[1.073s] Invoked command in '/home/bryan/hexapod_ws/build/hexapod_interfaces' returned '0': CMAKE_PREFIX_PATH=${CMAKE_PREFIX_PATH}:/opt/ros/humble /usr/bin/cmake --install /home/bryan/hexapod_ws/build/hexapod_interfaces
