[0.110s] DEBUG:colcon:Command line arguments: ['/usr/bin/colcon', 'build']
[0.110s] DEBUG:colcon:Parsed command line arguments: Namespace(log_base=None, log_level=None, verb_name='build', build_base='build', install_base='install', merge_install=False, symlink_install=False, test_result_base=None, continue_on_error=False, executor='parallel', parallel_workers=16, event_handlers=None, ignore_user_meta=False, metas=['./colcon.meta'], base_paths=['.'], packages_ignore=None, packages_ignore_regex=None, paths=None, packages_up_to=None, packages_up_to_regex=None, packages_above=None, packages_above_and_dependencies=None, packages_above_depth=None, packages_select_by_dep=None, packages_skip_by_dep=None, packages_skip_up_to=None, packages_select_build_failed=False, packages_skip_build_finished=False, packages_select_test_failures=False, packages_skip_test_passed=False, packages_select=None, packages_skip=None, packages_select_regex=None, packages_skip_regex=None, packages_start=None, packages_end=None, allow_overriding=[], cmake_args=None, cmake_target=None, cmake_target_skip_unavailable=False, cmake_clean_cache=False, cmake_clean_first=False, cmake_force_configure=False, ament_cmake_args=None, catkin_cmake_args=None, catkin_skip_building_tests=False, mixin_files=None, mixin=None, verb_parser=<colcon_mixin.mixin.mixin_argument.MixinArgumentDecorator object at 0x732a2f77c430>, verb_extension=<colcon_core.verb.build.BuildVerb object at 0x732a2f74f970>, main=<bound method BuildVerb.main of <colcon_core.verb.build.BuildVerb object at 0x732a2f74f970>>, mixin_verb=('build',))
[0.259s] Level 1:colcon.colcon_core.package_discovery:discover_packages(colcon_meta) check parameters
[0.259s] Level 1:colcon.colcon_core.package_discovery:discover_packages(recursive) check parameters
[0.259s] Level 1:colcon.colcon_core.package_discovery:discover_packages(ignore) check parameters
[0.259s] Level 1:colcon.colcon_core.package_discovery:discover_packages(path) check parameters
[0.259s] Level 1:colcon.colcon_core.package_discovery:discover_packages(colcon_meta) discover
[0.259s] Level 1:colcon.colcon_core.package_discovery:discover_packages(recursive) discover
[0.260s] INFO:colcon.colcon_core.package_discovery:Crawling recursively for packages in '/home/bryan/hexapod_ws'
[0.260s] Level 1:colcon.colcon_core.package_identification:_identify(.) by extensions ['ignore', 'ignore_ament_install']
[0.260s] Level 1:colcon.colcon_core.package_identification:_identify(.) by extension 'ignore'
[0.260s] Level 1:colcon.colcon_core.package_identification:_identify(.) by extension 'ignore_ament_install'
[0.260s] Level 1:colcon.colcon_core.package_identification:_identify(.) by extensions ['colcon_pkg']
[0.260s] Level 1:colcon.colcon_core.package_identification:_identify(.) by extension 'colcon_pkg'
[0.260s] Level 1:colcon.colcon_core.package_identification:_identify(.) by extensions ['colcon_meta']
[0.260s] Level 1:colcon.colcon_core.package_identification:_identify(.) by extension 'colcon_meta'
[0.260s] Level 1:colcon.colcon_core.package_identification:_identify(.) by extensions ['ros']
[0.260s] Level 1:colcon.colcon_core.package_identification:_identify(.) by extension 'ros'
[0.270s] Level 1:colcon.colcon_core.package_identification:_identify(.) by extensions ['cmake', 'python']
[0.270s] Level 1:colcon.colcon_core.package_identification:_identify(.) by extension 'cmake'
[0.270s] Level 1:colcon.colcon_core.package_identification:_identify(.) by extension 'python'
[0.270s] Level 1:colcon.colcon_core.package_identification:_identify(.) by extensions ['python_setup_py']
[0.270s] Level 1:colcon.colcon_core.package_identification:_identify(.) by extension 'python_setup_py'
[0.270s] Level 1:colcon.colcon_core.package_identification:_identify(build) by extensions ['ignore', 'ignore_ament_install']
[0.270s] Level 1:colcon.colcon_core.package_identification:_identify(build) by extension 'ignore'
[0.271s] Level 1:colcon.colcon_core.package_identification:_identify(build) ignored
[0.271s] Level 1:colcon.colcon_core.package_identification:_identify(install) by extensions ['ignore', 'ignore_ament_install']
[0.271s] Level 1:colcon.colcon_core.package_identification:_identify(install) by extension 'ignore'
[0.271s] Level 1:colcon.colcon_core.package_identification:_identify(install) ignored
[0.271s] Level 1:colcon.colcon_core.package_identification:_identify(log) by extensions ['ignore', 'ignore_ament_install']
[0.271s] Level 1:colcon.colcon_core.package_identification:_identify(log) by extension 'ignore'
[0.271s] Level 1:colcon.colcon_core.package_identification:_identify(log) ignored
[0.271s] Level 1:colcon.colcon_core.package_identification:_identify(src) by extensions ['ignore', 'ignore_ament_install']
[0.271s] Level 1:colcon.colcon_core.package_identification:_identify(src) by extension 'ignore'
[0.271s] Level 1:colcon.colcon_core.package_identification:_identify(src) by extension 'ignore_ament_install'
[0.271s] Level 1:colcon.colcon_core.package_identification:_identify(src) by extensions ['colcon_pkg']
[0.272s] Level 1:colcon.colcon_core.package_identification:_identify(src) by extension 'colcon_pkg'
[0.272s] Level 1:colcon.colcon_core.package_identification:_identify(src) by extensions ['colcon_meta']
[0.272s] Level 1:colcon.colcon_core.package_identification:_identify(src) by extension 'colcon_meta'
[0.272s] Level 1:colcon.colcon_core.package_identification:_identify(src) by extensions ['ros']
[0.272s] Level 1:colcon.colcon_core.package_identification:_identify(src) by extension 'ros'
[0.272s] Level 1:colcon.colcon_core.package_identification:_identify(src) by extensions ['cmake', 'python']
[0.272s] Level 1:colcon.colcon_core.package_identification:_identify(src) by extension 'cmake'
[0.272s] Level 1:colcon.colcon_core.package_identification:_identify(src) by extension 'python'
[0.272s] Level 1:colcon.colcon_core.package_identification:_identify(src) by extensions ['python_setup_py']
[0.272s] Level 1:colcon.colcon_core.package_identification:_identify(src) by extension 'python_setup_py'
[0.272s] Level 1:colcon.colcon_core.package_identification:_identify(src/hexapod_controller) by extensions ['ignore', 'ignore_ament_install']
[0.272s] Level 1:colcon.colcon_core.package_identification:_identify(src/hexapod_controller) by extension 'ignore'
[0.272s] Level 1:colcon.colcon_core.package_identification:_identify(src/hexapod_controller) by extension 'ignore_ament_install'
[0.272s] Level 1:colcon.colcon_core.package_identification:_identify(src/hexapod_controller) by extensions ['colcon_pkg']
[0.272s] Level 1:colcon.colcon_core.package_identification:_identify(src/hexapod_controller) by extension 'colcon_pkg'
[0.272s] Level 1:colcon.colcon_core.package_identification:_identify(src/hexapod_controller) by extensions ['colcon_meta']
[0.272s] Level 1:colcon.colcon_core.package_identification:_identify(src/hexapod_controller) by extension 'colcon_meta'
[0.272s] Level 1:colcon.colcon_core.package_identification:_identify(src/hexapod_controller) by extensions ['ros']
[0.272s] Level 1:colcon.colcon_core.package_identification:_identify(src/hexapod_controller) by extension 'ros'
[0.275s] DEBUG:colcon.colcon_core.package_identification:Package 'src/hexapod_controller' with type 'ros.ament_cmake' and name 'hexapod_controller'
[0.276s] Level 1:colcon.colcon_core.package_identification:_identify(src/hexapod_description) by extensions ['ignore', 'ignore_ament_install']
[0.276s] Level 1:colcon.colcon_core.package_identification:_identify(src/hexapod_description) by extension 'ignore'
[0.276s] Level 1:colcon.colcon_core.package_identification:_identify(src/hexapod_description) by extension 'ignore_ament_install'
[0.276s] Level 1:colcon.colcon_core.package_identification:_identify(src/hexapod_description) by extensions ['colcon_pkg']
[0.276s] Level 1:colcon.colcon_core.package_identification:_identify(src/hexapod_description) by extension 'colcon_pkg'
[0.276s] Level 1:colcon.colcon_core.package_identification:_identify(src/hexapod_description) by extensions ['colcon_meta']
[0.276s] Level 1:colcon.colcon_core.package_identification:_identify(src/hexapod_description) by extension 'colcon_meta'
[0.276s] Level 1:colcon.colcon_core.package_identification:_identify(src/hexapod_description) by extensions ['ros']
[0.276s] Level 1:colcon.colcon_core.package_identification:_identify(src/hexapod_description) by extension 'ros'
[0.279s] DEBUG:colcon.colcon_core.package_identification:Package 'src/hexapod_description' with type 'ros.ament_cmake' and name 'hexapod_description'
[0.279s] Level 1:colcon.colcon_core.package_identification:_identify(src/hexapod_interfaces) by extensions ['ignore', 'ignore_ament_install']
[0.279s] Level 1:colcon.colcon_core.package_identification:_identify(src/hexapod_interfaces) by extension 'ignore'
[0.279s] Level 1:colcon.colcon_core.package_identification:_identify(src/hexapod_interfaces) by extension 'ignore_ament_install'
[0.279s] Level 1:colcon.colcon_core.package_identification:_identify(src/hexapod_interfaces) by extensions ['colcon_pkg']
[0.279s] Level 1:colcon.colcon_core.package_identification:_identify(src/hexapod_interfaces) by extension 'colcon_pkg'
[0.279s] Level 1:colcon.colcon_core.package_identification:_identify(src/hexapod_interfaces) by extensions ['colcon_meta']
[0.279s] Level 1:colcon.colcon_core.package_identification:_identify(src/hexapod_interfaces) by extension 'colcon_meta'
[0.279s] Level 1:colcon.colcon_core.package_identification:_identify(src/hexapod_interfaces) by extensions ['ros']
[0.279s] Level 1:colcon.colcon_core.package_identification:_identify(src/hexapod_interfaces) by extension 'ros'
[0.280s] DEBUG:colcon.colcon_core.package_identification:Package 'src/hexapod_interfaces' with type 'ros.ament_cmake' and name 'hexapod_interfaces'
[0.280s] Level 1:colcon.colcon_core.package_identification:_identify(src/hexapod_kinematics) by extensions ['ignore', 'ignore_ament_install']
[0.280s] Level 1:colcon.colcon_core.package_identification:_identify(src/hexapod_kinematics) by extension 'ignore'
[0.280s] Level 1:colcon.colcon_core.package_identification:_identify(src/hexapod_kinematics) by extension 'ignore_ament_install'
[0.280s] Level 1:colcon.colcon_core.package_identification:_identify(src/hexapod_kinematics) by extensions ['colcon_pkg']
[0.280s] Level 1:colcon.colcon_core.package_identification:_identify(src/hexapod_kinematics) by extension 'colcon_pkg'
[0.280s] Level 1:colcon.colcon_core.package_identification:_identify(src/hexapod_kinematics) by extensions ['colcon_meta']
[0.280s] Level 1:colcon.colcon_core.package_identification:_identify(src/hexapod_kinematics) by extension 'colcon_meta'
[0.280s] Level 1:colcon.colcon_core.package_identification:_identify(src/hexapod_kinematics) by extensions ['ros']
[0.280s] Level 1:colcon.colcon_core.package_identification:_identify(src/hexapod_kinematics) by extension 'ros'
[0.297s] DEBUG:colcon.colcon_core.package_identification:Package 'src/hexapod_kinematics' with type 'ros.ament_cmake' and name 'hexapod_kinematics'
[0.297s] Level 1:colcon.colcon_core.package_identification:_identify(src/hexapod_utils) by extensions ['ignore', 'ignore_ament_install']
[0.297s] Level 1:colcon.colcon_core.package_identification:_identify(src/hexapod_utils) by extension 'ignore'
[0.297s] Level 1:colcon.colcon_core.package_identification:_identify(src/hexapod_utils) by extension 'ignore_ament_install'
[0.297s] Level 1:colcon.colcon_core.package_identification:_identify(src/hexapod_utils) by extensions ['colcon_pkg']
[0.297s] Level 1:colcon.colcon_core.package_identification:_identify(src/hexapod_utils) by extension 'colcon_pkg'
[0.297s] Level 1:colcon.colcon_core.package_identification:_identify(src/hexapod_utils) by extensions ['colcon_meta']
[0.297s] Level 1:colcon.colcon_core.package_identification:_identify(src/hexapod_utils) by extension 'colcon_meta'
[0.297s] Level 1:colcon.colcon_core.package_identification:_identify(src/hexapod_utils) by extensions ['ros']
[0.297s] Level 1:colcon.colcon_core.package_identification:_identify(src/hexapod_utils) by extension 'ros'
[0.298s] DEBUG:colcon.colcon_core.package_identification:Package 'src/hexapod_utils' with type 'ros.ament_cmake' and name 'hexapod_utils'
[0.298s] Level 1:colcon.colcon_core.package_discovery:discover_packages(recursive) using defaults
[0.298s] Level 1:colcon.colcon_core.package_discovery:discover_packages(ignore) discover
[0.298s] Level 1:colcon.colcon_core.package_discovery:discover_packages(ignore) using defaults
[0.298s] Level 1:colcon.colcon_core.package_discovery:discover_packages(path) discover
[0.298s] Level 1:colcon.colcon_core.package_discovery:discover_packages(path) using defaults
[0.318s] Level 1:colcon.colcon_core.package_discovery:discover_packages(prefix_path) check parameters
[0.318s] Level 1:colcon.colcon_core.package_discovery:discover_packages(prefix_path) discover
[0.320s] DEBUG:colcon.colcon_installed_package_information.package_discovery:Found 5 installed packages in /home/bryan/hexapod_ws/install
[0.321s] DEBUG:colcon.colcon_installed_package_information.package_discovery:Found 1 installed packages in /home/bryan/turtlesim_ws/install
[0.322s] DEBUG:colcon.colcon_installed_package_information.package_discovery:Found 16 installed packages in /home/bryan/pico_ws/install
[0.323s] DEBUG:colcon.colcon_installed_package_information.package_discovery:Found 352 installed packages in /opt/ros/humble
[0.324s] Level 1:colcon.colcon_core.package_discovery:discover_packages(prefix_path) using defaults
[0.357s] Level 5:colcon.colcon_core.verb:set package 'hexapod_description' build argument 'cmake_args' from command line to 'None'
[0.357s] Level 5:colcon.colcon_core.verb:set package 'hexapod_description' build argument 'cmake_target' from command line to 'None'
[0.357s] Level 5:colcon.colcon_core.verb:set package 'hexapod_description' build argument 'cmake_target_skip_unavailable' from command line to 'False'
[0.357s] Level 5:colcon.colcon_core.verb:set package 'hexapod_description' build argument 'cmake_clean_cache' from command line to 'False'
[0.357s] Level 5:colcon.colcon_core.verb:set package 'hexapod_description' build argument 'cmake_clean_first' from command line to 'False'
[0.357s] Level 5:colcon.colcon_core.verb:set package 'hexapod_description' build argument 'cmake_force_configure' from command line to 'False'
[0.357s] Level 5:colcon.colcon_core.verb:set package 'hexapod_description' build argument 'ament_cmake_args' from command line to 'None'
[0.357s] Level 5:colcon.colcon_core.verb:set package 'hexapod_description' build argument 'catkin_cmake_args' from command line to 'None'
[0.357s] Level 5:colcon.colcon_core.verb:set package 'hexapod_description' build argument 'catkin_skip_building_tests' from command line to 'False'
[0.357s] DEBUG:colcon.colcon_core.verb:Building package 'hexapod_description' with the following arguments: {'ament_cmake_args': None, 'build_base': '/home/bryan/hexapod_ws/build/hexapod_description', 'catkin_cmake_args': None, 'catkin_skip_building_tests': False, 'cmake_args': None, 'cmake_clean_cache': False, 'cmake_clean_first': False, 'cmake_force_configure': False, 'cmake_target': None, 'cmake_target_skip_unavailable': False, 'install_base': '/home/bryan/hexapod_ws/install/hexapod_description', 'merge_install': False, 'path': '/home/bryan/hexapod_ws/src/hexapod_description', 'symlink_install': False, 'test_result_base': None}
[0.357s] Level 5:colcon.colcon_core.verb:set package 'hexapod_interfaces' build argument 'cmake_args' from command line to 'None'
[0.357s] Level 5:colcon.colcon_core.verb:set package 'hexapod_interfaces' build argument 'cmake_target' from command line to 'None'
[0.358s] Level 5:colcon.colcon_core.verb:set package 'hexapod_interfaces' build argument 'cmake_target_skip_unavailable' from command line to 'False'
[0.358s] Level 5:colcon.colcon_core.verb:set package 'hexapod_interfaces' build argument 'cmake_clean_cache' from command line to 'False'
[0.358s] Level 5:colcon.colcon_core.verb:set package 'hexapod_interfaces' build argument 'cmake_clean_first' from command line to 'False'
[0.358s] Level 5:colcon.colcon_core.verb:set package 'hexapod_interfaces' build argument 'cmake_force_configure' from command line to 'False'
[0.358s] Level 5:colcon.colcon_core.verb:set package 'hexapod_interfaces' build argument 'ament_cmake_args' from command line to 'None'
[0.358s] Level 5:colcon.colcon_core.verb:set package 'hexapod_interfaces' build argument 'catkin_cmake_args' from command line to 'None'
[0.358s] Level 5:colcon.colcon_core.verb:set package 'hexapod_interfaces' build argument 'catkin_skip_building_tests' from command line to 'False'
[0.358s] DEBUG:colcon.colcon_core.verb:Building package 'hexapod_interfaces' with the following arguments: {'ament_cmake_args': None, 'build_base': '/home/bryan/hexapod_ws/build/hexapod_interfaces', 'catkin_cmake_args': None, 'catkin_skip_building_tests': False, 'cmake_args': None, 'cmake_clean_cache': False, 'cmake_clean_first': False, 'cmake_force_configure': False, 'cmake_target': None, 'cmake_target_skip_unavailable': False, 'install_base': '/home/bryan/hexapod_ws/install/hexapod_interfaces', 'merge_install': False, 'path': '/home/bryan/hexapod_ws/src/hexapod_interfaces', 'symlink_install': False, 'test_result_base': None}
[0.358s] Level 5:colcon.colcon_core.verb:set package 'hexapod_kinematics' build argument 'cmake_args' from command line to 'None'
[0.358s] Level 5:colcon.colcon_core.verb:set package 'hexapod_kinematics' build argument 'cmake_target' from command line to 'None'
[0.358s] Level 5:colcon.colcon_core.verb:set package 'hexapod_kinematics' build argument 'cmake_target_skip_unavailable' from command line to 'False'
[0.358s] Level 5:colcon.colcon_core.verb:set package 'hexapod_kinematics' build argument 'cmake_clean_cache' from command line to 'False'
[0.358s] Level 5:colcon.colcon_core.verb:set package 'hexapod_kinematics' build argument 'cmake_clean_first' from command line to 'False'
[0.358s] Level 5:colcon.colcon_core.verb:set package 'hexapod_kinematics' build argument 'cmake_force_configure' from command line to 'False'
[0.358s] Level 5:colcon.colcon_core.verb:set package 'hexapod_kinematics' build argument 'ament_cmake_args' from command line to 'None'
[0.358s] Level 5:colcon.colcon_core.verb:set package 'hexapod_kinematics' build argument 'catkin_cmake_args' from command line to 'None'
[0.358s] Level 5:colcon.colcon_core.verb:set package 'hexapod_kinematics' build argument 'catkin_skip_building_tests' from command line to 'False'
[0.358s] DEBUG:colcon.colcon_core.verb:Building package 'hexapod_kinematics' with the following arguments: {'ament_cmake_args': None, 'build_base': '/home/bryan/hexapod_ws/build/hexapod_kinematics', 'catkin_cmake_args': None, 'catkin_skip_building_tests': False, 'cmake_args': None, 'cmake_clean_cache': False, 'cmake_clean_first': False, 'cmake_force_configure': False, 'cmake_target': None, 'cmake_target_skip_unavailable': False, 'install_base': '/home/bryan/hexapod_ws/install/hexapod_kinematics', 'merge_install': False, 'path': '/home/bryan/hexapod_ws/src/hexapod_kinematics', 'symlink_install': False, 'test_result_base': None}
[0.358s] Level 5:colcon.colcon_core.verb:set package 'hexapod_utils' build argument 'cmake_args' from command line to 'None'
[0.358s] Level 5:colcon.colcon_core.verb:set package 'hexapod_utils' build argument 'cmake_target' from command line to 'None'
[0.359s] Level 5:colcon.colcon_core.verb:set package 'hexapod_utils' build argument 'cmake_target_skip_unavailable' from command line to 'False'
[0.359s] Level 5:colcon.colcon_core.verb:set package 'hexapod_utils' build argument 'cmake_clean_cache' from command line to 'False'
[0.359s] Level 5:colcon.colcon_core.verb:set package 'hexapod_utils' build argument 'cmake_clean_first' from command line to 'False'
[0.359s] Level 5:colcon.colcon_core.verb:set package 'hexapod_utils' build argument 'cmake_force_configure' from command line to 'False'
[0.359s] Level 5:colcon.colcon_core.verb:set package 'hexapod_utils' build argument 'ament_cmake_args' from command line to 'None'
[0.359s] Level 5:colcon.colcon_core.verb:set package 'hexapod_utils' build argument 'catkin_cmake_args' from command line to 'None'
[0.359s] Level 5:colcon.colcon_core.verb:set package 'hexapod_utils' build argument 'catkin_skip_building_tests' from command line to 'False'
[0.359s] DEBUG:colcon.colcon_core.verb:Building package 'hexapod_utils' with the following arguments: {'ament_cmake_args': None, 'build_base': '/home/bryan/hexapod_ws/build/hexapod_utils', 'catkin_cmake_args': None, 'catkin_skip_building_tests': False, 'cmake_args': None, 'cmake_clean_cache': False, 'cmake_clean_first': False, 'cmake_force_configure': False, 'cmake_target': None, 'cmake_target_skip_unavailable': False, 'install_base': '/home/bryan/hexapod_ws/install/hexapod_utils', 'merge_install': False, 'path': '/home/bryan/hexapod_ws/src/hexapod_utils', 'symlink_install': False, 'test_result_base': None}
[0.359s] Level 5:colcon.colcon_core.verb:set package 'hexapod_controller' build argument 'cmake_args' from command line to 'None'
[0.359s] Level 5:colcon.colcon_core.verb:set package 'hexapod_controller' build argument 'cmake_target' from command line to 'None'
[0.359s] Level 5:colcon.colcon_core.verb:set package 'hexapod_controller' build argument 'cmake_target_skip_unavailable' from command line to 'False'
[0.359s] Level 5:colcon.colcon_core.verb:set package 'hexapod_controller' build argument 'cmake_clean_cache' from command line to 'False'
[0.359s] Level 5:colcon.colcon_core.verb:set package 'hexapod_controller' build argument 'cmake_clean_first' from command line to 'False'
[0.359s] Level 5:colcon.colcon_core.verb:set package 'hexapod_controller' build argument 'cmake_force_configure' from command line to 'False'
[0.359s] Level 5:colcon.colcon_core.verb:set package 'hexapod_controller' build argument 'ament_cmake_args' from command line to 'None'
[0.359s] Level 5:colcon.colcon_core.verb:set package 'hexapod_controller' build argument 'catkin_cmake_args' from command line to 'None'
[0.359s] Level 5:colcon.colcon_core.verb:set package 'hexapod_controller' build argument 'catkin_skip_building_tests' from command line to 'False'
[0.359s] DEBUG:colcon.colcon_core.verb:Building package 'hexapod_controller' with the following arguments: {'ament_cmake_args': None, 'build_base': '/home/bryan/hexapod_ws/build/hexapod_controller', 'catkin_cmake_args': None, 'catkin_skip_building_tests': False, 'cmake_args': None, 'cmake_clean_cache': False, 'cmake_clean_first': False, 'cmake_force_configure': False, 'cmake_target': None, 'cmake_target_skip_unavailable': False, 'install_base': '/home/bryan/hexapod_ws/install/hexapod_controller', 'merge_install': False, 'path': '/home/bryan/hexapod_ws/src/hexapod_controller', 'symlink_install': False, 'test_result_base': None}
[0.359s] INFO:colcon.colcon_core.executor:Executing jobs using 'parallel' executor
[0.360s] DEBUG:colcon.colcon_parallel_executor.executor.parallel:run_until_complete
[0.360s] INFO:colcon.colcon_ros.task.ament_cmake.build:Building ROS package in '/home/bryan/hexapod_ws/src/hexapod_interfaces' with build type 'ament_cmake'
[0.360s] INFO:colcon.colcon_cmake.task.cmake.build:Building CMake package in '/home/bryan/hexapod_ws/src/hexapod_interfaces'
[0.362s] INFO:colcon.colcon_core.plugin_system:Skipping extension 'colcon_core.shell.bat': Not used on non-Windows systems
[0.362s] INFO:colcon.colcon_core.shell:Skip shell extension 'powershell' for command environment: Not usable outside of PowerShell
[0.362s] DEBUG:colcon.colcon_core.shell:Skip shell extension 'dsv' for command environment
[0.366s] INFO:colcon.colcon_ros.task.ament_cmake.build:Building ROS package in '/home/bryan/hexapod_ws/src/hexapod_description' with build type 'ament_cmake'
[0.366s] INFO:colcon.colcon_cmake.task.cmake.build:Building CMake package in '/home/bryan/hexapod_ws/src/hexapod_description'
[0.367s] INFO:colcon.colcon_core.shell:Skip shell extension 'powershell' for command environment: Not usable outside of PowerShell
[0.367s] DEBUG:colcon.colcon_core.shell:Skip shell extension 'dsv' for command environment
[0.371s] INFO:colcon.colcon_ros.task.ament_cmake.build:Building ROS package in '/home/bryan/hexapod_ws/src/hexapod_kinematics' with build type 'ament_cmake'
[0.372s] INFO:colcon.colcon_cmake.task.cmake.build:Building CMake package in '/home/bryan/hexapod_ws/src/hexapod_kinematics'
[0.372s] INFO:colcon.colcon_core.shell:Skip shell extension 'powershell' for command environment: Not usable outside of PowerShell
[0.372s] DEBUG:colcon.colcon_core.shell:Skip shell extension 'dsv' for command environment
[0.376s] INFO:colcon.colcon_ros.task.ament_cmake.build:Building ROS package in '/home/bryan/hexapod_ws/src/hexapod_utils' with build type 'ament_cmake'
[0.377s] INFO:colcon.colcon_cmake.task.cmake.build:Building CMake package in '/home/bryan/hexapod_ws/src/hexapod_utils'
[0.377s] INFO:colcon.colcon_core.shell:Skip shell extension 'powershell' for command environment: Not usable outside of PowerShell
[0.377s] DEBUG:colcon.colcon_core.shell:Skip shell extension 'dsv' for command environment
[0.385s] DEBUG:colcon.colcon_core.event_handler.log_command:Invoking command in '/home/bryan/hexapod_ws/build/hexapod_interfaces': CMAKE_PREFIX_PATH=${CMAKE_PREFIX_PATH}:/opt/ros/humble /usr/bin/cmake --build /home/bryan/hexapod_ws/build/hexapod_interfaces -- -j16 -l16
[0.393s] DEBUG:colcon.colcon_core.event_handler.log_command:Invoking command in '/home/bryan/hexapod_ws/build/hexapod_description': CMAKE_PREFIX_PATH=${CMAKE_PREFIX_PATH}:/opt/ros/humble /usr/bin/cmake --build /home/bryan/hexapod_ws/build/hexapod_description -- -j16 -l16
[0.395s] DEBUG:colcon.colcon_core.event_handler.log_command:Invoking command in '/home/bryan/hexapod_ws/build/hexapod_kinematics': CMAKE_PREFIX_PATH=${CMAKE_PREFIX_PATH}:/opt/ros/humble /usr/bin/cmake --build /home/bryan/hexapod_ws/build/hexapod_kinematics -- -j16 -l16
[0.402s] DEBUG:colcon.colcon_core.event_handler.log_command:Invoking command in '/home/bryan/hexapod_ws/build/hexapod_utils': CMAKE_PREFIX_PATH=${CMAKE_PREFIX_PATH}:/opt/ros/humble /usr/bin/cmake --build /home/bryan/hexapod_ws/build/hexapod_utils -- -j16 -l16
[0.451s] DEBUG:colcon.colcon_core.event_handler.log_command:Invoked command in '/home/bryan/hexapod_ws/build/hexapod_description' returned '0': CMAKE_PREFIX_PATH=${CMAKE_PREFIX_PATH}:/opt/ros/humble /usr/bin/cmake --build /home/bryan/hexapod_ws/build/hexapod_description -- -j16 -l16
[0.461s] DEBUG:colcon.colcon_core.event_handler.log_command:Invoked command in '/home/bryan/hexapod_ws/build/hexapod_kinematics' returned '0': CMAKE_PREFIX_PATH=${CMAKE_PREFIX_PATH}:/opt/ros/humble /usr/bin/cmake --build /home/bryan/hexapod_ws/build/hexapod_kinematics -- -j16 -l16
[0.465s] DEBUG:colcon.colcon_core.event_handler.log_command:Invoked command in '/home/bryan/hexapod_ws/build/hexapod_utils' returned '0': CMAKE_PREFIX_PATH=${CMAKE_PREFIX_PATH}:/opt/ros/humble /usr/bin/cmake --build /home/bryan/hexapod_ws/build/hexapod_utils -- -j16 -l16
[0.520s] DEBUG:colcon.colcon_core.event_handler.log_command:Invoking command in '/home/bryan/hexapod_ws/build/hexapod_description': CMAKE_PREFIX_PATH=${CMAKE_PREFIX_PATH}:/opt/ros/humble /usr/bin/cmake --install /home/bryan/hexapod_ws/build/hexapod_description
[0.528s] DEBUG:colcon.colcon_core.event_handler.log_command:Invoking command in '/home/bryan/hexapod_ws/build/hexapod_kinematics': CMAKE_PREFIX_PATH=${CMAKE_PREFIX_PATH}:/opt/ros/humble /usr/bin/cmake --install /home/bryan/hexapod_ws/build/hexapod_kinematics
[0.532s] DEBUG:colcon.colcon_core.event_handler.log_command:Invoking command in '/home/bryan/hexapod_ws/build/hexapod_utils': CMAKE_PREFIX_PATH=${CMAKE_PREFIX_PATH}:/opt/ros/humble /usr/bin/cmake --install /home/bryan/hexapod_ws/build/hexapod_utils
[0.548s] Level 1:colcon.colcon_core.environment:create_environment_scripts_only(hexapod_description)
[0.561s] DEBUG:colcon.colcon_core.event_handler.log_command:Invoked command in '/home/bryan/hexapod_ws/build/hexapod_description' returned '0': CMAKE_PREFIX_PATH=${CMAKE_PREFIX_PATH}:/opt/ros/humble /usr/bin/cmake --install /home/bryan/hexapod_ws/build/hexapod_description
[0.565s] Level 1:colcon.colcon_core.environment:checking '/home/bryan/hexapod_ws/install/hexapod_description' for CMake module files
[0.565s] Level 1:colcon.colcon_core.environment:checking '/home/bryan/hexapod_ws/install/hexapod_description' for CMake config files
[0.566s] Level 1:colcon.colcon_core.shell:create_environment_hook('hexapod_description', 'cmake_prefix_path')
[0.566s] INFO:colcon.colcon_core.shell:Creating environment hook '/home/bryan/hexapod_ws/install/hexapod_description/share/hexapod_description/hook/cmake_prefix_path.ps1'
[0.567s] INFO:colcon.colcon_core.shell:Creating environment descriptor '/home/bryan/hexapod_ws/install/hexapod_description/share/hexapod_description/hook/cmake_prefix_path.dsv'
[0.568s] INFO:colcon.colcon_core.shell:Creating environment hook '/home/bryan/hexapod_ws/install/hexapod_description/share/hexapod_description/hook/cmake_prefix_path.sh'
[0.569s] Level 1:colcon.colcon_core.environment:checking '/home/bryan/hexapod_ws/install/hexapod_description/bin'
[0.570s] Level 1:colcon.colcon_core.environment:checking '/home/bryan/hexapod_ws/install/hexapod_description/lib/pkgconfig/hexapod_description.pc'
[0.570s] Level 1:colcon.colcon_core.environment:checking '/home/bryan/hexapod_ws/install/hexapod_description/lib/python3.10/site-packages'
[0.570s] Level 1:colcon.colcon_core.environment:checking '/home/bryan/hexapod_ws/install/hexapod_description/bin'
[0.571s] INFO:colcon.colcon_core.shell:Creating package script '/home/bryan/hexapod_ws/install/hexapod_description/share/hexapod_description/package.ps1'
[0.573s] INFO:colcon.colcon_core.shell:Creating package descriptor '/home/bryan/hexapod_ws/install/hexapod_description/share/hexapod_description/package.dsv'
[0.574s] INFO:colcon.colcon_core.shell:Creating package script '/home/bryan/hexapod_ws/install/hexapod_description/share/hexapod_description/package.sh'
[0.576s] INFO:colcon.colcon_core.shell:Creating package script '/home/bryan/hexapod_ws/install/hexapod_description/share/hexapod_description/package.bash'
[0.577s] INFO:colcon.colcon_core.shell:Creating package script '/home/bryan/hexapod_ws/install/hexapod_description/share/hexapod_description/package.zsh'
[0.578s] Level 1:colcon.colcon_core.environment:create_file_with_runtime_dependencies(/home/bryan/hexapod_ws/install/hexapod_description/share/colcon-core/packages/hexapod_description)
[0.581s] Level 1:colcon.colcon_core.environment:create_environment_scripts_only(hexapod_utils)
[0.582s] Level 1:colcon.colcon_core.environment:checking '/home/bryan/hexapod_ws/install/hexapod_utils' for CMake module files
[0.583s] DEBUG:colcon.colcon_core.event_handler.log_command:Invoked command in '/home/bryan/hexapod_ws/build/hexapod_utils' returned '0': CMAKE_PREFIX_PATH=${CMAKE_PREFIX_PATH}:/opt/ros/humble /usr/bin/cmake --install /home/bryan/hexapod_ws/build/hexapod_utils
[0.584s] Level 1:colcon.colcon_core.environment:checking '/home/bryan/hexapod_ws/install/hexapod_utils' for CMake config files
[0.584s] Level 1:colcon.colcon_core.shell:create_environment_hook('hexapod_utils', 'cmake_prefix_path')
[0.585s] INFO:colcon.colcon_core.shell:Creating environment hook '/home/bryan/hexapod_ws/install/hexapod_utils/share/hexapod_utils/hook/cmake_prefix_path.ps1'
[0.585s] INFO:colcon.colcon_core.shell:Creating environment descriptor '/home/bryan/hexapod_ws/install/hexapod_utils/share/hexapod_utils/hook/cmake_prefix_path.dsv'
[0.586s] INFO:colcon.colcon_core.shell:Creating environment hook '/home/bryan/hexapod_ws/install/hexapod_utils/share/hexapod_utils/hook/cmake_prefix_path.sh'
[0.586s] Level 1:colcon.colcon_core.environment:checking '/home/bryan/hexapod_ws/install/hexapod_utils/lib'
[0.586s] Level 1:colcon.colcon_core.environment:checking '/home/bryan/hexapod_ws/install/hexapod_utils/bin'
[0.586s] Level 1:colcon.colcon_core.environment:checking '/home/bryan/hexapod_ws/install/hexapod_utils/lib/pkgconfig/hexapod_utils.pc'
[0.587s] Level 1:colcon.colcon_core.environment:checking '/home/bryan/hexapod_ws/install/hexapod_utils/lib/python3.10/site-packages'
[0.587s] Level 1:colcon.colcon_core.environment:checking '/home/bryan/hexapod_ws/install/hexapod_utils/bin'
[0.587s] INFO:colcon.colcon_core.shell:Creating package script '/home/bryan/hexapod_ws/install/hexapod_utils/share/hexapod_utils/package.ps1'
[0.588s] INFO:colcon.colcon_core.shell:Creating package descriptor '/home/bryan/hexapod_ws/install/hexapod_utils/share/hexapod_utils/package.dsv'
[0.589s] INFO:colcon.colcon_core.shell:Creating package script '/home/bryan/hexapod_ws/install/hexapod_utils/share/hexapod_utils/package.sh'
[0.590s] INFO:colcon.colcon_core.shell:Creating package script '/home/bryan/hexapod_ws/install/hexapod_utils/share/hexapod_utils/package.bash'
[0.590s] INFO:colcon.colcon_core.shell:Creating package script '/home/bryan/hexapod_ws/install/hexapod_utils/share/hexapod_utils/package.zsh'
[0.590s] Level 1:colcon.colcon_core.environment:create_file_with_runtime_dependencies(/home/bryan/hexapod_ws/install/hexapod_utils/share/colcon-core/packages/hexapod_utils)
[0.592s] Level 1:colcon.colcon_core.environment:create_environment_scripts_only(hexapod_kinematics)
[0.593s] Level 1:colcon.colcon_core.environment:checking '/home/bryan/hexapod_ws/install/hexapod_kinematics' for CMake module files
[0.594s] DEBUG:colcon.colcon_core.event_handler.log_command:Invoked command in '/home/bryan/hexapod_ws/build/hexapod_kinematics' returned '0': CMAKE_PREFIX_PATH=${CMAKE_PREFIX_PATH}:/opt/ros/humble /usr/bin/cmake --install /home/bryan/hexapod_ws/build/hexapod_kinematics
[0.595s] Level 1:colcon.colcon_core.environment:checking '/home/bryan/hexapod_ws/install/hexapod_kinematics' for CMake config files
[0.595s] Level 1:colcon.colcon_core.shell:create_environment_hook('hexapod_kinematics', 'cmake_prefix_path')
[0.596s] INFO:colcon.colcon_core.shell:Creating environment hook '/home/bryan/hexapod_ws/install/hexapod_kinematics/share/hexapod_kinematics/hook/cmake_prefix_path.ps1'
[0.596s] INFO:colcon.colcon_core.shell:Creating environment descriptor '/home/bryan/hexapod_ws/install/hexapod_kinematics/share/hexapod_kinematics/hook/cmake_prefix_path.dsv'
[0.597s] INFO:colcon.colcon_core.shell:Creating environment hook '/home/bryan/hexapod_ws/install/hexapod_kinematics/share/hexapod_kinematics/hook/cmake_prefix_path.sh'
[0.597s] Level 1:colcon.colcon_core.environment:checking '/home/bryan/hexapod_ws/install/hexapod_kinematics/bin'
[0.598s] Level 1:colcon.colcon_core.environment:checking '/home/bryan/hexapod_ws/install/hexapod_kinematics/lib/pkgconfig/hexapod_kinematics.pc'
[0.598s] Level 1:colcon.colcon_core.environment:checking '/home/bryan/hexapod_ws/install/hexapod_kinematics/lib/python3.10/site-packages'
[0.598s] Level 1:colcon.colcon_core.environment:checking '/home/bryan/hexapod_ws/install/hexapod_kinematics/bin'
[0.599s] INFO:colcon.colcon_core.shell:Creating package script '/home/bryan/hexapod_ws/install/hexapod_kinematics/share/hexapod_kinematics/package.ps1'
[0.600s] INFO:colcon.colcon_core.shell:Creating package descriptor '/home/bryan/hexapod_ws/install/hexapod_kinematics/share/hexapod_kinematics/package.dsv'
[0.601s] INFO:colcon.colcon_core.shell:Creating package script '/home/bryan/hexapod_ws/install/hexapod_kinematics/share/hexapod_kinematics/package.sh'
[0.602s] INFO:colcon.colcon_core.shell:Creating package script '/home/bryan/hexapod_ws/install/hexapod_kinematics/share/hexapod_kinematics/package.bash'
[0.602s] INFO:colcon.colcon_core.shell:Creating package script '/home/bryan/hexapod_ws/install/hexapod_kinematics/share/hexapod_kinematics/package.zsh'
[0.603s] Level 1:colcon.colcon_core.environment:create_file_with_runtime_dependencies(/home/bryan/hexapod_ws/install/hexapod_kinematics/share/colcon-core/packages/hexapod_kinematics)
[0.618s] Level 1:colcon.colcon_core.environment:create_environment_scripts_only(hexapod_description)
[0.618s] Level 1:colcon.colcon_core.environment:checking '/home/bryan/hexapod_ws/install/hexapod_description' for CMake module files
[0.619s] Level 1:colcon.colcon_core.environment:checking '/home/bryan/hexapod_ws/install/hexapod_description' for CMake config files
[0.619s] Level 1:colcon.colcon_core.shell:create_environment_hook('hexapod_description', 'cmake_prefix_path')
[0.620s] INFO:colcon.colcon_core.shell:Creating environment hook '/home/bryan/hexapod_ws/install/hexapod_description/share/hexapod_description/hook/cmake_prefix_path.ps1'
[0.620s] INFO:colcon.colcon_core.shell:Creating environment descriptor '/home/bryan/hexapod_ws/install/hexapod_description/share/hexapod_description/hook/cmake_prefix_path.dsv'
[0.621s] INFO:colcon.colcon_core.shell:Creating environment hook '/home/bryan/hexapod_ws/install/hexapod_description/share/hexapod_description/hook/cmake_prefix_path.sh'
[0.622s] Level 1:colcon.colcon_core.environment:checking '/home/bryan/hexapod_ws/install/hexapod_description/bin'
[0.622s] Level 1:colcon.colcon_core.environment:checking '/home/bryan/hexapod_ws/install/hexapod_description/lib/pkgconfig/hexapod_description.pc'
[0.622s] Level 1:colcon.colcon_core.environment:checking '/home/bryan/hexapod_ws/install/hexapod_description/lib/python3.10/site-packages'
[0.623s] Level 1:colcon.colcon_core.environment:checking '/home/bryan/hexapod_ws/install/hexapod_description/bin'
[0.623s] INFO:colcon.colcon_core.shell:Creating package script '/home/bryan/hexapod_ws/install/hexapod_description/share/hexapod_description/package.ps1'
[0.624s] INFO:colcon.colcon_core.shell:Creating package descriptor '/home/bryan/hexapod_ws/install/hexapod_description/share/hexapod_description/package.dsv'
[0.625s] INFO:colcon.colcon_core.shell:Creating package script '/home/bryan/hexapod_ws/install/hexapod_description/share/hexapod_description/package.sh'
[0.625s] INFO:colcon.colcon_core.shell:Creating package script '/home/bryan/hexapod_ws/install/hexapod_description/share/hexapod_description/package.bash'
[0.626s] INFO:colcon.colcon_core.shell:Creating package script '/home/bryan/hexapod_ws/install/hexapod_description/share/hexapod_description/package.zsh'
[0.626s] Level 1:colcon.colcon_core.environment:create_file_with_runtime_dependencies(/home/bryan/hexapod_ws/install/hexapod_description/share/colcon-core/packages/hexapod_description)
[0.629s] Level 1:colcon.colcon_core.environment:create_environment_scripts_only(hexapod_utils)
[0.629s] Level 1:colcon.colcon_core.environment:checking '/home/bryan/hexapod_ws/install/hexapod_utils' for CMake module files
[0.630s] Level 1:colcon.colcon_core.environment:checking '/home/bryan/hexapod_ws/install/hexapod_utils' for CMake config files
[0.630s] Level 1:colcon.colcon_core.shell:create_environment_hook('hexapod_utils', 'cmake_prefix_path')
[0.630s] INFO:colcon.colcon_core.shell:Creating environment hook '/home/bryan/hexapod_ws/install/hexapod_utils/share/hexapod_utils/hook/cmake_prefix_path.ps1'
[0.631s] INFO:colcon.colcon_core.shell:Creating environment descriptor '/home/bryan/hexapod_ws/install/hexapod_utils/share/hexapod_utils/hook/cmake_prefix_path.dsv'
[0.631s] INFO:colcon.colcon_core.shell:Creating environment hook '/home/bryan/hexapod_ws/install/hexapod_utils/share/hexapod_utils/hook/cmake_prefix_path.sh'
[0.632s] Level 1:colcon.colcon_core.environment:checking '/home/bryan/hexapod_ws/install/hexapod_utils/lib'
[0.632s] Level 1:colcon.colcon_core.environment:checking '/home/bryan/hexapod_ws/install/hexapod_utils/bin'
[0.632s] Level 1:colcon.colcon_core.environment:checking '/home/bryan/hexapod_ws/install/hexapod_utils/lib/pkgconfig/hexapod_utils.pc'
[0.633s] Level 1:colcon.colcon_core.environment:checking '/home/bryan/hexapod_ws/install/hexapod_utils/lib/python3.10/site-packages'
[0.633s] Level 1:colcon.colcon_core.environment:checking '/home/bryan/hexapod_ws/install/hexapod_utils/bin'
[0.633s] INFO:colcon.colcon_core.shell:Creating package script '/home/bryan/hexapod_ws/install/hexapod_utils/share/hexapod_utils/package.ps1'
[0.634s] INFO:colcon.colcon_core.shell:Creating package descriptor '/home/bryan/hexapod_ws/install/hexapod_utils/share/hexapod_utils/package.dsv'
[0.634s] INFO:colcon.colcon_core.shell:Creating package script '/home/bryan/hexapod_ws/install/hexapod_utils/share/hexapod_utils/package.sh'
[0.635s] INFO:colcon.colcon_core.shell:Creating package script '/home/bryan/hexapod_ws/install/hexapod_utils/share/hexapod_utils/package.bash'
[0.635s] INFO:colcon.colcon_core.shell:Creating package script '/home/bryan/hexapod_ws/install/hexapod_utils/share/hexapod_utils/package.zsh'
[0.636s] Level 1:colcon.colcon_core.environment:create_file_with_runtime_dependencies(/home/bryan/hexapod_ws/install/hexapod_utils/share/colcon-core/packages/hexapod_utils)
[0.639s] Level 1:colcon.colcon_core.environment:create_environment_scripts_only(hexapod_kinematics)
[0.640s] Level 1:colcon.colcon_core.environment:checking '/home/bryan/hexapod_ws/install/hexapod_kinematics' for CMake module files
[0.641s] Level 1:colcon.colcon_core.environment:checking '/home/bryan/hexapod_ws/install/hexapod_kinematics' for CMake config files
[0.642s] Level 1:colcon.colcon_core.shell:create_environment_hook('hexapod_kinematics', 'cmake_prefix_path')
[0.643s] INFO:colcon.colcon_core.shell:Creating environment hook '/home/bryan/hexapod_ws/install/hexapod_kinematics/share/hexapod_kinematics/hook/cmake_prefix_path.ps1'
[0.644s] INFO:colcon.colcon_core.shell:Creating environment descriptor '/home/bryan/hexapod_ws/install/hexapod_kinematics/share/hexapod_kinematics/hook/cmake_prefix_path.dsv'
[0.645s] INFO:colcon.colcon_core.shell:Creating environment hook '/home/bryan/hexapod_ws/install/hexapod_kinematics/share/hexapod_kinematics/hook/cmake_prefix_path.sh'
[0.646s] Level 1:colcon.colcon_core.environment:checking '/home/bryan/hexapod_ws/install/hexapod_kinematics/bin'
[0.646s] Level 1:colcon.colcon_core.environment:checking '/home/bryan/hexapod_ws/install/hexapod_kinematics/lib/pkgconfig/hexapod_kinematics.pc'
[0.647s] Level 1:colcon.colcon_core.environment:checking '/home/bryan/hexapod_ws/install/hexapod_kinematics/lib/python3.10/site-packages'
[0.648s] Level 1:colcon.colcon_core.environment:checking '/home/bryan/hexapod_ws/install/hexapod_kinematics/bin'
[0.649s] INFO:colcon.colcon_core.shell:Creating package script '/home/bryan/hexapod_ws/install/hexapod_kinematics/share/hexapod_kinematics/package.ps1'
[0.650s] INFO:colcon.colcon_core.shell:Creating package descriptor '/home/bryan/hexapod_ws/install/hexapod_kinematics/share/hexapod_kinematics/package.dsv'
[0.652s] INFO:colcon.colcon_core.shell:Creating package script '/home/bryan/hexapod_ws/install/hexapod_kinematics/share/hexapod_kinematics/package.sh'
[0.654s] INFO:colcon.colcon_core.shell:Creating package script '/home/bryan/hexapod_ws/install/hexapod_kinematics/share/hexapod_kinematics/package.bash'
[0.656s] INFO:colcon.colcon_core.shell:Creating package script '/home/bryan/hexapod_ws/install/hexapod_kinematics/share/hexapod_kinematics/package.zsh'
[0.657s] Level 1:colcon.colcon_core.environment:create_file_with_runtime_dependencies(/home/bryan/hexapod_ws/install/hexapod_kinematics/share/colcon-core/packages/hexapod_kinematics)
[0.946s] DEBUG:colcon.colcon_core.event_handler.log_command:Invoked command in '/home/bryan/hexapod_ws/build/hexapod_interfaces' returned '0': CMAKE_PREFIX_PATH=${CMAKE_PREFIX_PATH}:/opt/ros/humble /usr/bin/cmake --build /home/bryan/hexapod_ws/build/hexapod_interfaces -- -j16 -l16
[1.051s] DEBUG:colcon.colcon_core.event_handler.log_command:Invoking command in '/home/bryan/hexapod_ws/build/hexapod_interfaces': CMAKE_PREFIX_PATH=${CMAKE_PREFIX_PATH}:/opt/ros/humble /usr/bin/cmake --install /home/bryan/hexapod_ws/build/hexapod_interfaces
[1.116s] Level 1:colcon.colcon_core.environment:create_environment_scripts_only(hexapod_interfaces)
[1.117s] Level 1:colcon.colcon_core.environment:checking '/home/bryan/hexapod_ws/install/hexapod_interfaces' for CMake module files
[1.117s] DEBUG:colcon.colcon_core.event_handler.log_command:Invoked command in '/home/bryan/hexapod_ws/build/hexapod_interfaces' returned '0': CMAKE_PREFIX_PATH=${CMAKE_PREFIX_PATH}:/opt/ros/humble /usr/bin/cmake --install /home/bryan/hexapod_ws/build/hexapod_interfaces
[1.118s] Level 1:colcon.colcon_core.environment:checking '/home/bryan/hexapod_ws/install/hexapod_interfaces' for CMake config files
[1.118s] Level 1:colcon.colcon_core.shell:create_environment_hook('hexapod_interfaces', 'cmake_prefix_path')
[1.118s] INFO:colcon.colcon_core.shell:Creating environment hook '/home/bryan/hexapod_ws/install/hexapod_interfaces/share/hexapod_interfaces/hook/cmake_prefix_path.ps1'
[1.119s] INFO:colcon.colcon_core.shell:Creating environment descriptor '/home/bryan/hexapod_ws/install/hexapod_interfaces/share/hexapod_interfaces/hook/cmake_prefix_path.dsv'
[1.119s] INFO:colcon.colcon_core.shell:Creating environment hook '/home/bryan/hexapod_ws/install/hexapod_interfaces/share/hexapod_interfaces/hook/cmake_prefix_path.sh'
[1.120s] Level 1:colcon.colcon_core.environment:checking '/home/bryan/hexapod_ws/install/hexapod_interfaces/lib'
[1.120s] Level 1:colcon.colcon_core.shell:create_environment_hook('hexapod_interfaces', 'ld_library_path_lib')
[1.121s] INFO:colcon.colcon_core.shell:Creating environment hook '/home/bryan/hexapod_ws/install/hexapod_interfaces/share/hexapod_interfaces/hook/ld_library_path_lib.ps1'
[1.121s] INFO:colcon.colcon_core.shell:Creating environment descriptor '/home/bryan/hexapod_ws/install/hexapod_interfaces/share/hexapod_interfaces/hook/ld_library_path_lib.dsv'
[1.122s] INFO:colcon.colcon_core.shell:Creating environment hook '/home/bryan/hexapod_ws/install/hexapod_interfaces/share/hexapod_interfaces/hook/ld_library_path_lib.sh'
[1.122s] Level 1:colcon.colcon_core.environment:checking '/home/bryan/hexapod_ws/install/hexapod_interfaces/bin'
[1.122s] Level 1:colcon.colcon_core.environment:checking '/home/bryan/hexapod_ws/install/hexapod_interfaces/lib/pkgconfig/hexapod_interfaces.pc'
[1.123s] Level 1:colcon.colcon_core.environment:checking '/home/bryan/hexapod_ws/install/hexapod_interfaces/lib/python3.10/site-packages'
[1.123s] Level 1:colcon.colcon_core.environment:checking '/home/bryan/hexapod_ws/install/hexapod_interfaces/bin'
[1.123s] INFO:colcon.colcon_core.shell:Creating package script '/home/bryan/hexapod_ws/install/hexapod_interfaces/share/hexapod_interfaces/package.ps1'
[1.124s] INFO:colcon.colcon_core.shell:Creating package descriptor '/home/bryan/hexapod_ws/install/hexapod_interfaces/share/hexapod_interfaces/package.dsv'
[1.124s] INFO:colcon.colcon_core.shell:Creating package script '/home/bryan/hexapod_ws/install/hexapod_interfaces/share/hexapod_interfaces/package.sh'
[1.125s] INFO:colcon.colcon_core.shell:Creating package script '/home/bryan/hexapod_ws/install/hexapod_interfaces/share/hexapod_interfaces/package.bash'
[1.125s] INFO:colcon.colcon_core.shell:Creating package script '/home/bryan/hexapod_ws/install/hexapod_interfaces/share/hexapod_interfaces/package.zsh'
[1.126s] Level 1:colcon.colcon_core.environment:create_file_with_runtime_dependencies(/home/bryan/hexapod_ws/install/hexapod_interfaces/share/colcon-core/packages/hexapod_interfaces)
[1.224s] Level 1:colcon.colcon_core.environment:create_environment_scripts_only(hexapod_interfaces)
[1.224s] Level 1:colcon.colcon_core.environment:checking '/home/bryan/hexapod_ws/install/hexapod_interfaces' for CMake module files
[1.225s] Level 1:colcon.colcon_core.environment:checking '/home/bryan/hexapod_ws/install/hexapod_interfaces' for CMake config files
[1.225s] Level 1:colcon.colcon_core.shell:create_environment_hook('hexapod_interfaces', 'cmake_prefix_path')
[1.225s] INFO:colcon.colcon_core.shell:Creating environment hook '/home/bryan/hexapod_ws/install/hexapod_interfaces/share/hexapod_interfaces/hook/cmake_prefix_path.ps1'
[1.226s] INFO:colcon.colcon_core.shell:Creating environment descriptor '/home/bryan/hexapod_ws/install/hexapod_interfaces/share/hexapod_interfaces/hook/cmake_prefix_path.dsv'
[1.226s] INFO:colcon.colcon_core.shell:Creating environment hook '/home/bryan/hexapod_ws/install/hexapod_interfaces/share/hexapod_interfaces/hook/cmake_prefix_path.sh'
[1.227s] Level 1:colcon.colcon_core.environment:checking '/home/bryan/hexapod_ws/install/hexapod_interfaces/lib'
[1.227s] Level 1:colcon.colcon_core.shell:create_environment_hook('hexapod_interfaces', 'ld_library_path_lib')
[1.227s] INFO:colcon.colcon_core.shell:Creating environment hook '/home/bryan/hexapod_ws/install/hexapod_interfaces/share/hexapod_interfaces/hook/ld_library_path_lib.ps1'
[1.227s] INFO:colcon.colcon_core.shell:Creating environment descriptor '/home/bryan/hexapod_ws/install/hexapod_interfaces/share/hexapod_interfaces/hook/ld_library_path_lib.dsv'
[1.228s] INFO:colcon.colcon_core.shell:Creating environment hook '/home/bryan/hexapod_ws/install/hexapod_interfaces/share/hexapod_interfaces/hook/ld_library_path_lib.sh'
[1.228s] Level 1:colcon.colcon_core.environment:checking '/home/bryan/hexapod_ws/install/hexapod_interfaces/bin'
[1.228s] Level 1:colcon.colcon_core.environment:checking '/home/bryan/hexapod_ws/install/hexapod_interfaces/lib/pkgconfig/hexapod_interfaces.pc'
[1.228s] Level 1:colcon.colcon_core.environment:checking '/home/bryan/hexapod_ws/install/hexapod_interfaces/lib/python3.10/site-packages'
[1.228s] Level 1:colcon.colcon_core.environment:checking '/home/bryan/hexapod_ws/install/hexapod_interfaces/bin'
[1.229s] INFO:colcon.colcon_core.shell:Creating package script '/home/bryan/hexapod_ws/install/hexapod_interfaces/share/hexapod_interfaces/package.ps1'
[1.229s] INFO:colcon.colcon_core.shell:Creating package descriptor '/home/bryan/hexapod_ws/install/hexapod_interfaces/share/hexapod_interfaces/package.dsv'
[1.229s] INFO:colcon.colcon_core.shell:Creating package script '/home/bryan/hexapod_ws/install/hexapod_interfaces/share/hexapod_interfaces/package.sh'
[1.230s] INFO:colcon.colcon_core.shell:Creating package script '/home/bryan/hexapod_ws/install/hexapod_interfaces/share/hexapod_interfaces/package.bash'
[1.230s] INFO:colcon.colcon_core.shell:Creating package script '/home/bryan/hexapod_ws/install/hexapod_interfaces/share/hexapod_interfaces/package.zsh'
[1.230s] Level 1:colcon.colcon_core.environment:create_file_with_runtime_dependencies(/home/bryan/hexapod_ws/install/hexapod_interfaces/share/colcon-core/packages/hexapod_interfaces)
[1.230s] INFO:colcon.colcon_ros.task.ament_cmake.build:Building ROS package in '/home/bryan/hexapod_ws/src/hexapod_controller' with build type 'ament_cmake'
[1.231s] INFO:colcon.colcon_cmake.task.cmake.build:Building CMake package in '/home/bryan/hexapod_ws/src/hexapod_controller'
[1.231s] INFO:colcon.colcon_core.shell:Skip shell extension 'powershell' for command environment: Not usable outside of PowerShell
[1.231s] DEBUG:colcon.colcon_core.shell:Skip shell extension 'dsv' for command environment
[1.246s] DEBUG:colcon.colcon_core.event_handler.log_command:Invoking command in '/home/bryan/hexapod_ws/build/hexapod_controller': CMAKE_PREFIX_PATH=/home/bryan/hexapod_ws/install/hexapod_interfaces:/home/bryan/pico_ws/install/whycon:/home/bryan/pico_ws/install/swift_pico:/home/bryan/pico_ws/install/waypoint_navigation:/home/bryan/pico_ws/install/swift_pico_description:/home/bryan/pico_ws/install/rotors_swift_interface:/home/bryan/pico_ws/install/swift_msgs:/home/bryan/pico_ws/install/rotors_swift_gazebo:/home/bryan/pico_ws/install/rotors_swift_description:/home/bryan/pico_ws/install/rotors_control:/home/bryan/pico_ws/install/pid_tune:/home/bryan/pico_ws/install/pid_msg:/home/bryan/pico_ws/install/mav_comm:/home/bryan/pico_ws/install/mav_system_msgs:/home/bryan/pico_ws/install/mav_state_machine_msgs:/home/bryan/pico_ws/install/mav_planning_msgs:/home/bryan/pico_ws/install/mav_msgs:/home/bryan/hexapod_ws/install/hexapod_utils:/home/bryan/hexapod_ws/install/hexapod_kinematics:/home/bryan/hexapod_ws/install/hexapod_controller:/home/bryan/hexapod_ws/install/hexapod_description:/home/bryan/turtlesim_ws/install/turtlesim:/opt/ros/humble LD_LIBRARY_PATH=/home/bryan/hexapod_ws/install/hexapod_interfaces/lib:/home/bryan/pico_ws/install/whycon/lib:/home/bryan/pico_ws/install/waypoint_navigation/lib:/home/bryan/pico_ws/install/rotors_control/lib:/home/bryan/pico_ws/install/mav_planning_msgs/lib:/home/bryan/turtlesim_ws/install/turtlesim/lib:/usr/lib/x86_64-linux-gnu/gazebo-11/plugins:/usr/local/lib:/home/bryan/pico_ws/install/swift_msgs/lib:/home/bryan/pico_ws/install/pid_msg/lib:/home/bryan/pico_ws/install/mav_system_msgs/lib:/home/bryan/pico_ws/install/mav_state_machine_msgs/lib:/home/bryan/pico_ws/install/mav_msgs/lib:/opt/ros/humble/opt/rviz_ogre_vendor/lib:/opt/ros/humble/lib/x86_64-linux-gnu:/opt/ros/humble/lib /usr/bin/cmake --build /home/bryan/hexapod_ws/build/hexapod_controller -- -j16 -l16
[11.522s] DEBUG:colcon.colcon_core.event_handler.log_command:Invoked command in '/home/bryan/hexapod_ws/build/hexapod_controller' returned '0': CMAKE_PREFIX_PATH=/home/bryan/hexapod_ws/install/hexapod_interfaces:/home/bryan/pico_ws/install/whycon:/home/bryan/pico_ws/install/swift_pico:/home/bryan/pico_ws/install/waypoint_navigation:/home/bryan/pico_ws/install/swift_pico_description:/home/bryan/pico_ws/install/rotors_swift_interface:/home/bryan/pico_ws/install/swift_msgs:/home/bryan/pico_ws/install/rotors_swift_gazebo:/home/bryan/pico_ws/install/rotors_swift_description:/home/bryan/pico_ws/install/rotors_control:/home/bryan/pico_ws/install/pid_tune:/home/bryan/pico_ws/install/pid_msg:/home/bryan/pico_ws/install/mav_comm:/home/bryan/pico_ws/install/mav_system_msgs:/home/bryan/pico_ws/install/mav_state_machine_msgs:/home/bryan/pico_ws/install/mav_planning_msgs:/home/bryan/pico_ws/install/mav_msgs:/home/bryan/hexapod_ws/install/hexapod_utils:/home/bryan/hexapod_ws/install/hexapod_kinematics:/home/bryan/hexapod_ws/install/hexapod_controller:/home/bryan/hexapod_ws/install/hexapod_description:/home/bryan/turtlesim_ws/install/turtlesim:/opt/ros/humble LD_LIBRARY_PATH=/home/bryan/hexapod_ws/install/hexapod_interfaces/lib:/home/bryan/pico_ws/install/whycon/lib:/home/bryan/pico_ws/install/waypoint_navigation/lib:/home/bryan/pico_ws/install/rotors_control/lib:/home/bryan/pico_ws/install/mav_planning_msgs/lib:/home/bryan/turtlesim_ws/install/turtlesim/lib:/usr/lib/x86_64-linux-gnu/gazebo-11/plugins:/usr/local/lib:/home/bryan/pico_ws/install/swift_msgs/lib:/home/bryan/pico_ws/install/pid_msg/lib:/home/bryan/pico_ws/install/mav_system_msgs/lib:/home/bryan/pico_ws/install/mav_state_machine_msgs/lib:/home/bryan/pico_ws/install/mav_msgs/lib:/opt/ros/humble/opt/rviz_ogre_vendor/lib:/opt/ros/humble/lib/x86_64-linux-gnu:/opt/ros/humble/lib /usr/bin/cmake --build /home/bryan/hexapod_ws/build/hexapod_controller -- -j16 -l16
[11.575s] DEBUG:colcon.colcon_core.event_handler.log_command:Invoking command in '/home/bryan/hexapod_ws/build/hexapod_controller': CMAKE_PREFIX_PATH=/home/bryan/hexapod_ws/install/hexapod_interfaces:/home/bryan/pico_ws/install/whycon:/home/bryan/pico_ws/install/swift_pico:/home/bryan/pico_ws/install/waypoint_navigation:/home/bryan/pico_ws/install/swift_pico_description:/home/bryan/pico_ws/install/rotors_swift_interface:/home/bryan/pico_ws/install/swift_msgs:/home/bryan/pico_ws/install/rotors_swift_gazebo:/home/bryan/pico_ws/install/rotors_swift_description:/home/bryan/pico_ws/install/rotors_control:/home/bryan/pico_ws/install/pid_tune:/home/bryan/pico_ws/install/pid_msg:/home/bryan/pico_ws/install/mav_comm:/home/bryan/pico_ws/install/mav_system_msgs:/home/bryan/pico_ws/install/mav_state_machine_msgs:/home/bryan/pico_ws/install/mav_planning_msgs:/home/bryan/pico_ws/install/mav_msgs:/home/bryan/hexapod_ws/install/hexapod_utils:/home/bryan/hexapod_ws/install/hexapod_kinematics:/home/bryan/hexapod_ws/install/hexapod_controller:/home/bryan/hexapod_ws/install/hexapod_description:/home/bryan/turtlesim_ws/install/turtlesim:/opt/ros/humble LD_LIBRARY_PATH=/home/bryan/hexapod_ws/install/hexapod_interfaces/lib:/home/bryan/pico_ws/install/whycon/lib:/home/bryan/pico_ws/install/waypoint_navigation/lib:/home/bryan/pico_ws/install/rotors_control/lib:/home/bryan/pico_ws/install/mav_planning_msgs/lib:/home/bryan/turtlesim_ws/install/turtlesim/lib:/usr/lib/x86_64-linux-gnu/gazebo-11/plugins:/usr/local/lib:/home/bryan/pico_ws/install/swift_msgs/lib:/home/bryan/pico_ws/install/pid_msg/lib:/home/bryan/pico_ws/install/mav_system_msgs/lib:/home/bryan/pico_ws/install/mav_state_machine_msgs/lib:/home/bryan/pico_ws/install/mav_msgs/lib:/opt/ros/humble/opt/rviz_ogre_vendor/lib:/opt/ros/humble/lib/x86_64-linux-gnu:/opt/ros/humble/lib /usr/bin/cmake --install /home/bryan/hexapod_ws/build/hexapod_controller
[11.593s] Level 1:colcon.colcon_core.environment:create_environment_scripts_only(hexapod_controller)
[11.593s] Level 1:colcon.colcon_core.environment:checking '/home/bryan/hexapod_ws/install/hexapod_controller' for CMake module files
[11.593s] DEBUG:colcon.colcon_core.event_handler.log_command:Invoked command in '/home/bryan/hexapod_ws/build/hexapod_controller' returned '0': CMAKE_PREFIX_PATH=/home/bryan/hexapod_ws/install/hexapod_interfaces:/home/bryan/pico_ws/install/whycon:/home/bryan/pico_ws/install/swift_pico:/home/bryan/pico_ws/install/waypoint_navigation:/home/bryan/pico_ws/install/swift_pico_description:/home/bryan/pico_ws/install/rotors_swift_interface:/home/bryan/pico_ws/install/swift_msgs:/home/bryan/pico_ws/install/rotors_swift_gazebo:/home/bryan/pico_ws/install/rotors_swift_description:/home/bryan/pico_ws/install/rotors_control:/home/bryan/pico_ws/install/pid_tune:/home/bryan/pico_ws/install/pid_msg:/home/bryan/pico_ws/install/mav_comm:/home/bryan/pico_ws/install/mav_system_msgs:/home/bryan/pico_ws/install/mav_state_machine_msgs:/home/bryan/pico_ws/install/mav_planning_msgs:/home/bryan/pico_ws/install/mav_msgs:/home/bryan/hexapod_ws/install/hexapod_utils:/home/bryan/hexapod_ws/install/hexapod_kinematics:/home/bryan/hexapod_ws/install/hexapod_controller:/home/bryan/hexapod_ws/install/hexapod_description:/home/bryan/turtlesim_ws/install/turtlesim:/opt/ros/humble LD_LIBRARY_PATH=/home/bryan/hexapod_ws/install/hexapod_interfaces/lib:/home/bryan/pico_ws/install/whycon/lib:/home/bryan/pico_ws/install/waypoint_navigation/lib:/home/bryan/pico_ws/install/rotors_control/lib:/home/bryan/pico_ws/install/mav_planning_msgs/lib:/home/bryan/turtlesim_ws/install/turtlesim/lib:/usr/lib/x86_64-linux-gnu/gazebo-11/plugins:/usr/local/lib:/home/bryan/pico_ws/install/swift_msgs/lib:/home/bryan/pico_ws/install/pid_msg/lib:/home/bryan/pico_ws/install/mav_system_msgs/lib:/home/bryan/pico_ws/install/mav_state_machine_msgs/lib:/home/bryan/pico_ws/install/mav_msgs/lib:/opt/ros/humble/opt/rviz_ogre_vendor/lib:/opt/ros/humble/lib/x86_64-linux-gnu:/opt/ros/humble/lib /usr/bin/cmake --install /home/bryan/hexapod_ws/build/hexapod_controller
[11.594s] Level 1:colcon.colcon_core.environment:checking '/home/bryan/hexapod_ws/install/hexapod_controller' for CMake config files
[11.595s] Level 1:colcon.colcon_core.shell:create_environment_hook('hexapod_controller', 'cmake_prefix_path')
[11.595s] INFO:colcon.colcon_core.shell:Creating environment hook '/home/bryan/hexapod_ws/install/hexapod_controller/share/hexapod_controller/hook/cmake_prefix_path.ps1'
[11.596s] INFO:colcon.colcon_core.shell:Creating environment descriptor '/home/bryan/hexapod_ws/install/hexapod_controller/share/hexapod_controller/hook/cmake_prefix_path.dsv'
[11.596s] INFO:colcon.colcon_core.shell:Creating environment hook '/home/bryan/hexapod_ws/install/hexapod_controller/share/hexapod_controller/hook/cmake_prefix_path.sh'
[11.597s] Level 1:colcon.colcon_core.environment:checking '/home/bryan/hexapod_ws/install/hexapod_controller/lib'
[11.597s] Level 1:colcon.colcon_core.environment:checking '/home/bryan/hexapod_ws/install/hexapod_controller/bin'
[11.597s] Level 1:colcon.colcon_core.environment:checking '/home/bryan/hexapod_ws/install/hexapod_controller/lib/pkgconfig/hexapod_controller.pc'
[11.597s] Level 1:colcon.colcon_core.environment:checking '/home/bryan/hexapod_ws/install/hexapod_controller/lib/python3.10/site-packages'
[11.598s] Level 1:colcon.colcon_core.environment:checking '/home/bryan/hexapod_ws/install/hexapod_controller/bin'
[11.598s] INFO:colcon.colcon_core.shell:Creating package script '/home/bryan/hexapod_ws/install/hexapod_controller/share/hexapod_controller/package.ps1'
[11.599s] INFO:colcon.colcon_core.shell:Creating package descriptor '/home/bryan/hexapod_ws/install/hexapod_controller/share/hexapod_controller/package.dsv'
[11.600s] INFO:colcon.colcon_core.shell:Creating package script '/home/bryan/hexapod_ws/install/hexapod_controller/share/hexapod_controller/package.sh'
[11.600s] INFO:colcon.colcon_core.shell:Creating package script '/home/bryan/hexapod_ws/install/hexapod_controller/share/hexapod_controller/package.bash'
[11.600s] INFO:colcon.colcon_core.shell:Creating package script '/home/bryan/hexapod_ws/install/hexapod_controller/share/hexapod_controller/package.zsh'
[11.601s] Level 1:colcon.colcon_core.environment:create_file_with_runtime_dependencies(/home/bryan/hexapod_ws/install/hexapod_controller/share/colcon-core/packages/hexapod_controller)
[11.649s] Level 1:colcon.colcon_core.environment:create_environment_scripts_only(hexapod_controller)
[11.649s] Level 1:colcon.colcon_core.environment:checking '/home/bryan/hexapod_ws/install/hexapod_controller' for CMake module files
[11.650s] Level 1:colcon.colcon_core.environment:checking '/home/bryan/hexapod_ws/install/hexapod_controller' for CMake config files
[11.650s] Level 1:colcon.colcon_core.shell:create_environment_hook('hexapod_controller', 'cmake_prefix_path')
[11.651s] INFO:colcon.colcon_core.shell:Creating environment hook '/home/bryan/hexapod_ws/install/hexapod_controller/share/hexapod_controller/hook/cmake_prefix_path.ps1'
[11.652s] INFO:colcon.colcon_core.shell:Creating environment descriptor '/home/bryan/hexapod_ws/install/hexapod_controller/share/hexapod_controller/hook/cmake_prefix_path.dsv'
[11.652s] INFO:colcon.colcon_core.shell:Creating environment hook '/home/bryan/hexapod_ws/install/hexapod_controller/share/hexapod_controller/hook/cmake_prefix_path.sh'
[11.653s] Level 1:colcon.colcon_core.environment:checking '/home/bryan/hexapod_ws/install/hexapod_controller/lib'
[11.653s] Level 1:colcon.colcon_core.environment:checking '/home/bryan/hexapod_ws/install/hexapod_controller/bin'
[11.653s] Level 1:colcon.colcon_core.environment:checking '/home/bryan/hexapod_ws/install/hexapod_controller/lib/pkgconfig/hexapod_controller.pc'
[11.654s] Level 1:colcon.colcon_core.environment:checking '/home/bryan/hexapod_ws/install/hexapod_controller/lib/python3.10/site-packages'
[11.654s] Level 1:colcon.colcon_core.environment:checking '/home/bryan/hexapod_ws/install/hexapod_controller/bin'
[11.654s] INFO:colcon.colcon_core.shell:Creating package script '/home/bryan/hexapod_ws/install/hexapod_controller/share/hexapod_controller/package.ps1'
[11.655s] INFO:colcon.colcon_core.shell:Creating package descriptor '/home/bryan/hexapod_ws/install/hexapod_controller/share/hexapod_controller/package.dsv'
[11.655s] INFO:colcon.colcon_core.shell:Creating package script '/home/bryan/hexapod_ws/install/hexapod_controller/share/hexapod_controller/package.sh'
[11.656s] INFO:colcon.colcon_core.shell:Creating package script '/home/bryan/hexapod_ws/install/hexapod_controller/share/hexapod_controller/package.bash'
[11.656s] INFO:colcon.colcon_core.shell:Creating package script '/home/bryan/hexapod_ws/install/hexapod_controller/share/hexapod_controller/package.zsh'
[11.656s] Level 1:colcon.colcon_core.environment:create_file_with_runtime_dependencies(/home/bryan/hexapod_ws/install/hexapod_controller/share/colcon-core/packages/hexapod_controller)
[11.656s] DEBUG:colcon.colcon_parallel_executor.executor.parallel:closing loop
[11.657s] DEBUG:colcon.colcon_parallel_executor.executor.parallel:loop closed
[11.657s] DEBUG:colcon.colcon_parallel_executor.executor.parallel:run_until_complete finished with '0'
[11.657s] DEBUG:colcon.colcon_core.event_reactor:joining thread
[11.662s] INFO:colcon.colcon_core.plugin_system:Skipping extension 'colcon_notification.desktop_notification.terminal_notifier': Not used on non-Darwin systems
[11.662s] INFO:colcon.colcon_core.plugin_system:Skipping extension 'colcon_notification.desktop_notification.win32': Not used on non-Windows systems
[11.662s] INFO:colcon.colcon_notification.desktop_notification:Sending desktop notification using 'notify2'
[11.675s] DEBUG:colcon.colcon_core.event_reactor:joined thread
[11.675s] INFO:colcon.colcon_core.shell:Creating prefix script '/home/bryan/hexapod_ws/install/local_setup.ps1'
[11.676s] INFO:colcon.colcon_core.shell:Creating prefix util module '/home/bryan/hexapod_ws/install/_local_setup_util_ps1.py'
[11.677s] INFO:colcon.colcon_core.shell:Creating prefix chain script '/home/bryan/hexapod_ws/install/setup.ps1'
[11.679s] INFO:colcon.colcon_core.shell:Creating prefix script '/home/bryan/hexapod_ws/install/local_setup.sh'
[11.679s] INFO:colcon.colcon_core.shell:Creating prefix util module '/home/bryan/hexapod_ws/install/_local_setup_util_sh.py'
[11.679s] INFO:colcon.colcon_core.shell:Creating prefix chain script '/home/bryan/hexapod_ws/install/setup.sh'
[11.681s] INFO:colcon.colcon_core.shell:Creating prefix script '/home/bryan/hexapod_ws/install/local_setup.bash'
[11.682s] INFO:colcon.colcon_core.shell:Creating prefix chain script '/home/bryan/hexapod_ws/install/setup.bash'
[11.685s] INFO:colcon.colcon_core.shell:Creating prefix script '/home/bryan/hexapod_ws/install/local_setup.zsh'
[11.686s] INFO:colcon.colcon_core.shell:Creating prefix chain script '/home/bryan/hexapod_ws/install/setup.zsh'
