[0.038s] Invoking command in '/home/bryan/hexapod_ws/build/hexapod_controller': CMAKE_PREFIX_PATH=${CMAKE_PREFIX_PATH}:/opt/ros/humble /usr/bin/cmake --build /home/bryan/hexapod_ws/build/hexapod_controller -- -j16 -l16
[0.116s] [35m[1mConsolidate compiler generated dependencies of target inverse_kinematics[0m
[0.148s] [ 50%] [32mBuilding CXX object CMakeFiles/inverse_kinematics.dir/src/inverse_kinematics.cpp.o[0m
[3.617s] [01m[K/home/bryan/hexapod_ws/src/hexapod_controller/src/inverse_kinematics.cpp:[m[K In member function ‘[01m[Kvoid HexapodIKNode::tipPosesCallback(std_msgs::msg::Float64MultiArray_<std::allocator<void> >::SharedPtr)[m[K’:
[3.617s] [01m[K/home/bryan/hexapod_ws/src/hexapod_controller/src/inverse_kinematics.cpp:30:20:[m[K [01;35m[Kwarning: [m[Kunused variable ‘[01m[KJ1L[m[K’ [[01;35m[K]8;;https://gcc.gnu.org/onlinedocs/gcc/Warning-Options.html#index-Wunused-variable-Wunused-variable]8;;[m[K]
[3.617s]    30 |             double [01;35m[KJ1L[m[K = coxa_length;
[3.617s]       |                    [01;35m[K^~~[m[K
[12.177s] [100%] [32m[1mLinking CXX executable inverse_kinematics[0m
[12.871s] [100%] Built target inverse_kinematics
[12.891s] Invoked command in '/home/bryan/hexapod_ws/build/hexapod_controller' returned '0': CMAKE_PREFIX_PATH=${CMAKE_PREFIX_PATH}:/opt/ros/humble /usr/bin/cmake --build /home/bryan/hexapod_ws/build/hexapod_controller -- -j16 -l16
[12.939s] Invoking command in '/home/bryan/hexapod_ws/build/hexapod_controller': CMAKE_PREFIX_PATH=${CMAKE_PREFIX_PATH}:/opt/ros/humble /usr/bin/cmake --install /home/bryan/hexapod_ws/build/hexapod_controller
[12.951s] -- Install configuration: ""
[12.951s] -- Installing: /home/bryan/hexapod_ws/install/hexapod_controller/lib/hexapod_controller/inverse_kinematics
[12.956s] -- Set runtime path of "/home/bryan/hexapod_ws/install/hexapod_controller/lib/hexapod_controller/inverse_kinematics" to ""
[12.957s] -- Up-to-date: /home/bryan/hexapod_ws/install/hexapod_controller/share/hexapod_controller/config
[12.957s] -- Up-to-date: /home/bryan/hexapod_ws/install/hexapod_controller/share/hexapod_controller/config/hexapod_controllers.yaml
[12.957s] -- Up-to-date: /home/bryan/hexapod_ws/install/hexapod_controller/share/hexapod_controller/config/joy_teleop.yaml
[12.957s] -- Up-to-date: /home/bryan/hexapod_ws/install/hexapod_controller/share/hexapod_controller/config/joy_config.yaml
[12.957s] -- Up-to-date: /home/bryan/hexapod_ws/install/hexapod_controller/share/hexapod_controller/launch
[12.957s] -- Up-to-date: /home/bryan/hexapod_ws/install/hexapod_controller/share/hexapod_controller/launch/controller.launch.py
[12.957s] -- Up-to-date: /home/bryan/hexapod_ws/install/hexapod_controller/share/hexapod_controller/launch/joystick_teleop.launch.py
[12.957s] -- Up-to-date: /home/bryan/hexapod_ws/install/hexapod_controller/share/ament_index/resource_index/package_run_dependencies/hexapod_controller
[12.958s] -- Up-to-date: /home/bryan/hexapod_ws/install/hexapod_controller/share/ament_index/resource_index/parent_prefix_path/hexapod_controller
[12.958s] -- Up-to-date: /home/bryan/hexapod_ws/install/hexapod_controller/share/hexapod_controller/environment/ament_prefix_path.sh
[12.958s] -- Up-to-date: /home/bryan/hexapod_ws/install/hexapod_controller/share/hexapod_controller/environment/ament_prefix_path.dsv
[12.958s] -- Up-to-date: /home/bryan/hexapod_ws/install/hexapod_controller/share/hexapod_controller/environment/path.sh
[12.958s] -- Up-to-date: /home/bryan/hexapod_ws/install/hexapod_controller/share/hexapod_controller/environment/path.dsv
[12.958s] -- Up-to-date: /home/bryan/hexapod_ws/install/hexapod_controller/share/hexapod_controller/local_setup.bash
[12.958s] -- Up-to-date: /home/bryan/hexapod_ws/install/hexapod_controller/share/hexapod_controller/local_setup.sh
[12.958s] -- Up-to-date: /home/bryan/hexapod_ws/install/hexapod_controller/share/hexapod_controller/local_setup.zsh
[12.958s] -- Up-to-date: /home/bryan/hexapod_ws/install/hexapod_controller/share/hexapod_controller/local_setup.dsv
[12.958s] -- Installing: /home/bryan/hexapod_ws/install/hexapod_controller/share/hexapod_controller/package.dsv
[12.958s] -- Up-to-date: /home/bryan/hexapod_ws/install/hexapod_controller/share/ament_index/resource_index/packages/hexapod_controller
[12.959s] -- Up-to-date: /home/bryan/hexapod_ws/install/hexapod_controller/share/hexapod_controller/cmake/hexapod_controllerConfig.cmake
[12.959s] -- Up-to-date: /home/bryan/hexapod_ws/install/hexapod_controller/share/hexapod_controller/cmake/hexapod_controllerConfig-version.cmake
[12.959s] -- Up-to-date: /home/bryan/hexapod_ws/install/hexapod_controller/share/hexapod_controller/package.xml
[12.960s] Invoked command in '/home/bryan/hexapod_ws/build/hexapod_controller' returned '0': CMAKE_PREFIX_PATH=${CMAKE_PREFIX_PATH}:/opt/ros/humble /usr/bin/cmake --install /home/bryan/hexapod_ws/build/hexapod_controller
