[0.155s] DEBUG:colcon:Command line arguments: ['/usr/bin/colcon', 'build']
[0.155s] DEBUG:colcon:Parsed command line arguments: Namespace(log_base=None, log_level=None, verb_name='build', build_base='build', install_base='install', merge_install=False, symlink_install=False, test_result_base=None, continue_on_error=False, executor='parallel', parallel_workers=16, event_handlers=None, ignore_user_meta=False, metas=['./colcon.meta'], base_paths=['.'], packages_ignore=None, packages_ignore_regex=None, paths=None, packages_up_to=None, packages_up_to_regex=None, packages_above=None, packages_above_and_dependencies=None, packages_above_depth=None, packages_select_by_dep=None, packages_skip_by_dep=None, packages_skip_up_to=None, packages_select_build_failed=False, packages_skip_build_finished=False, packages_select_test_failures=False, packages_skip_test_passed=False, packages_select=None, packages_skip=None, packages_select_regex=None, packages_skip_regex=None, packages_start=None, packages_end=None, allow_overriding=[], cmake_args=None, cmake_target=None, cmake_target_skip_unavailable=False, cmake_clean_cache=False, cmake_clean_first=False, cmake_force_configure=False, ament_cmake_args=None, catkin_cmake_args=None, catkin_skip_building_tests=False, mixin_files=None, mixin=None, verb_parser=<colcon_mixin.mixin.mixin_argument.MixinArgumentDecorator object at 0x7cd7bef74430>, verb_extension=<colcon_core.verb.build.BuildVerb object at 0x7cd7bef47970>, main=<bound method BuildVerb.main of <colcon_core.verb.build.BuildVerb object at 0x7cd7bef47970>>, mixin_verb=('build',))
[0.362s] Level 1:colcon.colcon_core.package_discovery:discover_packages(colcon_meta) check parameters
[0.362s] Level 1:colcon.colcon_core.package_discovery:discover_packages(recursive) check parameters
[0.362s] Level 1:colcon.colcon_core.package_discovery:discover_packages(ignore) check parameters
[0.362s] Level 1:colcon.colcon_core.package_discovery:discover_packages(path) check parameters
[0.362s] Level 1:colcon.colcon_core.package_discovery:discover_packages(colcon_meta) discover
[0.363s] Level 1:colcon.colcon_core.package_discovery:discover_packages(recursive) discover
[0.363s] INFO:colcon.colcon_core.package_discovery:Crawling recursively for packages in '/home/bryan/hexapod_ws'
[0.363s] Level 1:colcon.colcon_core.package_identification:_identify(.) by extensions ['ignore', 'ignore_ament_install']
[0.363s] Level 1:colcon.colcon_core.package_identification:_identify(.) by extension 'ignore'
[0.363s] Level 1:colcon.colcon_core.package_identification:_identify(.) by extension 'ignore_ament_install'
[0.363s] Level 1:colcon.colcon_core.package_identification:_identify(.) by extensions ['colcon_pkg']
[0.363s] Level 1:colcon.colcon_core.package_identification:_identify(.) by extension 'colcon_pkg'
[0.363s] Level 1:colcon.colcon_core.package_identification:_identify(.) by extensions ['colcon_meta']
[0.363s] Level 1:colcon.colcon_core.package_identification:_identify(.) by extension 'colcon_meta'
[0.363s] Level 1:colcon.colcon_core.package_identification:_identify(.) by extensions ['ros']
[0.363s] Level 1:colcon.colcon_core.package_identification:_identify(.) by extension 'ros'
[0.384s] Level 1:colcon.colcon_core.package_identification:_identify(.) by extensions ['cmake', 'python']
[0.384s] Level 1:colcon.colcon_core.package_identification:_identify(.) by extension 'cmake'
[0.384s] Level 1:colcon.colcon_core.package_identification:_identify(.) by extension 'python'
[0.384s] Level 1:colcon.colcon_core.package_identification:_identify(.) by extensions ['python_setup_py']
[0.384s] Level 1:colcon.colcon_core.package_identification:_identify(.) by extension 'python_setup_py'
[0.384s] Level 1:colcon.colcon_core.package_identification:_identify(build) by extensions ['ignore', 'ignore_ament_install']
[0.384s] Level 1:colcon.colcon_core.package_identification:_identify(build) by extension 'ignore'
[0.385s] Level 1:colcon.colcon_core.package_identification:_identify(build) ignored
[0.385s] Level 1:colcon.colcon_core.package_identification:_identify(install) by extensions ['ignore', 'ignore_ament_install']
[0.385s] Level 1:colcon.colcon_core.package_identification:_identify(install) by extension 'ignore'
[0.385s] Level 1:colcon.colcon_core.package_identification:_identify(install) ignored
[0.385s] Level 1:colcon.colcon_core.package_identification:_identify(log) by extensions ['ignore', 'ignore_ament_install']
[0.385s] Level 1:colcon.colcon_core.package_identification:_identify(log) by extension 'ignore'
[0.386s] Level 1:colcon.colcon_core.package_identification:_identify(log) ignored
[0.386s] Level 1:colcon.colcon_core.package_identification:_identify(src) by extensions ['ignore', 'ignore_ament_install']
[0.386s] Level 1:colcon.colcon_core.package_identification:_identify(src) by extension 'ignore'
[0.386s] Level 1:colcon.colcon_core.package_identification:_identify(src) by extension 'ignore_ament_install'
[0.386s] Level 1:colcon.colcon_core.package_identification:_identify(src) by extensions ['colcon_pkg']
[0.386s] Level 1:colcon.colcon_core.package_identification:_identify(src) by extension 'colcon_pkg'
[0.386s] Level 1:colcon.colcon_core.package_identification:_identify(src) by extensions ['colcon_meta']
[0.386s] Level 1:colcon.colcon_core.package_identification:_identify(src) by extension 'colcon_meta'
[0.386s] Level 1:colcon.colcon_core.package_identification:_identify(src) by extensions ['ros']
[0.386s] Level 1:colcon.colcon_core.package_identification:_identify(src) by extension 'ros'
[0.386s] Level 1:colcon.colcon_core.package_identification:_identify(src) by extensions ['cmake', 'python']
[0.386s] Level 1:colcon.colcon_core.package_identification:_identify(src) by extension 'cmake'
[0.386s] Level 1:colcon.colcon_core.package_identification:_identify(src) by extension 'python'
[0.386s] Level 1:colcon.colcon_core.package_identification:_identify(src) by extensions ['python_setup_py']
[0.386s] Level 1:colcon.colcon_core.package_identification:_identify(src) by extension 'python_setup_py'
[0.387s] Level 1:colcon.colcon_core.package_identification:_identify(src/hexapod_controller) by extensions ['ignore', 'ignore_ament_install']
[0.387s] Level 1:colcon.colcon_core.package_identification:_identify(src/hexapod_controller) by extension 'ignore'
[0.387s] Level 1:colcon.colcon_core.package_identification:_identify(src/hexapod_controller) by extension 'ignore_ament_install'
[0.387s] Level 1:colcon.colcon_core.package_identification:_identify(src/hexapod_controller) by extensions ['colcon_pkg']
[0.387s] Level 1:colcon.colcon_core.package_identification:_identify(src/hexapod_controller) by extension 'colcon_pkg'
[0.387s] Level 1:colcon.colcon_core.package_identification:_identify(src/hexapod_controller) by extensions ['colcon_meta']
[0.387s] Level 1:colcon.colcon_core.package_identification:_identify(src/hexapod_controller) by extension 'colcon_meta'
[0.387s] Level 1:colcon.colcon_core.package_identification:_identify(src/hexapod_controller) by extensions ['ros']
[0.387s] Level 1:colcon.colcon_core.package_identification:_identify(src/hexapod_controller) by extension 'ros'
[0.391s] DEBUG:colcon.colcon_core.package_identification:Package 'src/hexapod_controller' with type 'ros.ament_cmake' and name 'hexapod_controller'
[0.391s] Level 1:colcon.colcon_core.package_identification:_identify(src/hexapod_description) by extensions ['ignore', 'ignore_ament_install']
[0.391s] Level 1:colcon.colcon_core.package_identification:_identify(src/hexapod_description) by extension 'ignore'
[0.391s] Level 1:colcon.colcon_core.package_identification:_identify(src/hexapod_description) by extension 'ignore_ament_install'
[0.391s] Level 1:colcon.colcon_core.package_identification:_identify(src/hexapod_description) by extensions ['colcon_pkg']
[0.391s] Level 1:colcon.colcon_core.package_identification:_identify(src/hexapod_description) by extension 'colcon_pkg'
[0.391s] Level 1:colcon.colcon_core.package_identification:_identify(src/hexapod_description) by extensions ['colcon_meta']
[0.391s] Level 1:colcon.colcon_core.package_identification:_identify(src/hexapod_description) by extension 'colcon_meta'
[0.392s] Level 1:colcon.colcon_core.package_identification:_identify(src/hexapod_description) by extensions ['ros']
[0.392s] Level 1:colcon.colcon_core.package_identification:_identify(src/hexapod_description) by extension 'ros'
[0.397s] DEBUG:colcon.colcon_core.package_identification:Package 'src/hexapod_description' with type 'ros.ament_cmake' and name 'hexapod_description'
[0.397s] Level 1:colcon.colcon_core.package_identification:_identify(src/hexapod_interfaces) by extensions ['ignore', 'ignore_ament_install']
[0.397s] Level 1:colcon.colcon_core.package_identification:_identify(src/hexapod_interfaces) by extension 'ignore'
[0.397s] Level 1:colcon.colcon_core.package_identification:_identify(src/hexapod_interfaces) by extension 'ignore_ament_install'
[0.397s] Level 1:colcon.colcon_core.package_identification:_identify(src/hexapod_interfaces) by extensions ['colcon_pkg']
[0.397s] Level 1:colcon.colcon_core.package_identification:_identify(src/hexapod_interfaces) by extension 'colcon_pkg'
[0.397s] Level 1:colcon.colcon_core.package_identification:_identify(src/hexapod_interfaces) by extensions ['colcon_meta']
[0.397s] Level 1:colcon.colcon_core.package_identification:_identify(src/hexapod_interfaces) by extension 'colcon_meta'
[0.397s] Level 1:colcon.colcon_core.package_identification:_identify(src/hexapod_interfaces) by extensions ['ros']
[0.397s] Level 1:colcon.colcon_core.package_identification:_identify(src/hexapod_interfaces) by extension 'ros'
[0.398s] DEBUG:colcon.colcon_core.package_identification:Package 'src/hexapod_interfaces' with type 'ros.ament_cmake' and name 'hexapod_interfaces'
[0.398s] Level 1:colcon.colcon_core.package_identification:_identify(src/hexapod_kinematics) by extensions ['ignore', 'ignore_ament_install']
[0.398s] Level 1:colcon.colcon_core.package_identification:_identify(src/hexapod_kinematics) by extension 'ignore'
[0.398s] Level 1:colcon.colcon_core.package_identification:_identify(src/hexapod_kinematics) by extension 'ignore_ament_install'
[0.398s] Level 1:colcon.colcon_core.package_identification:_identify(src/hexapod_kinematics) by extensions ['colcon_pkg']
[0.398s] Level 1:colcon.colcon_core.package_identification:_identify(src/hexapod_kinematics) by extension 'colcon_pkg'
[0.398s] Level 1:colcon.colcon_core.package_identification:_identify(src/hexapod_kinematics) by extensions ['colcon_meta']
[0.398s] Level 1:colcon.colcon_core.package_identification:_identify(src/hexapod_kinematics) by extension 'colcon_meta'
[0.398s] Level 1:colcon.colcon_core.package_identification:_identify(src/hexapod_kinematics) by extensions ['ros']
[0.398s] Level 1:colcon.colcon_core.package_identification:_identify(src/hexapod_kinematics) by extension 'ros'
[0.419s] DEBUG:colcon.colcon_core.package_identification:Package 'src/hexapod_kinematics' with type 'ros.ament_cmake' and name 'hexapod_kinematics'
[0.420s] Level 1:colcon.colcon_core.package_identification:_identify(src/hexapod_utils) by extensions ['ignore', 'ignore_ament_install']
[0.420s] Level 1:colcon.colcon_core.package_identification:_identify(src/hexapod_utils) by extension 'ignore'
[0.420s] Level 1:colcon.colcon_core.package_identification:_identify(src/hexapod_utils) by extension 'ignore_ament_install'
[0.420s] Level 1:colcon.colcon_core.package_identification:_identify(src/hexapod_utils) by extensions ['colcon_pkg']
[0.420s] Level 1:colcon.colcon_core.package_identification:_identify(src/hexapod_utils) by extension 'colcon_pkg'
[0.420s] Level 1:colcon.colcon_core.package_identification:_identify(src/hexapod_utils) by extensions ['colcon_meta']
[0.421s] Level 1:colcon.colcon_core.package_identification:_identify(src/hexapod_utils) by extension 'colcon_meta'
[0.421s] Level 1:colcon.colcon_core.package_identification:_identify(src/hexapod_utils) by extensions ['ros']
[0.421s] Level 1:colcon.colcon_core.package_identification:_identify(src/hexapod_utils) by extension 'ros'
[0.422s] DEBUG:colcon.colcon_core.package_identification:Package 'src/hexapod_utils' with type 'ros.ament_cmake' and name 'hexapod_utils'
[0.422s] Level 1:colcon.colcon_core.package_discovery:discover_packages(recursive) using defaults
[0.422s] Level 1:colcon.colcon_core.package_discovery:discover_packages(ignore) discover
[0.422s] Level 1:colcon.colcon_core.package_discovery:discover_packages(ignore) using defaults
[0.422s] Level 1:colcon.colcon_core.package_discovery:discover_packages(path) discover
[0.422s] Level 1:colcon.colcon_core.package_discovery:discover_packages(path) using defaults
[0.449s] Level 1:colcon.colcon_core.package_discovery:discover_packages(prefix_path) check parameters
[0.449s] Level 1:colcon.colcon_core.package_discovery:discover_packages(prefix_path) discover
[0.452s] DEBUG:colcon.colcon_installed_package_information.package_discovery:Found 5 installed packages in /home/bryan/hexapod_ws/install
[0.452s] DEBUG:colcon.colcon_installed_package_information.package_discovery:Found 1 installed packages in /home/bryan/turtlesim_ws/install
[0.453s] DEBUG:colcon.colcon_installed_package_information.package_discovery:Found 16 installed packages in /home/bryan/pico_ws/install
[0.455s] DEBUG:colcon.colcon_installed_package_information.package_discovery:Found 352 installed packages in /opt/ros/humble
[0.458s] Level 1:colcon.colcon_core.package_discovery:discover_packages(prefix_path) using defaults
[0.513s] Level 5:colcon.colcon_core.verb:set package 'hexapod_description' build argument 'cmake_args' from command line to 'None'
[0.513s] Level 5:colcon.colcon_core.verb:set package 'hexapod_description' build argument 'cmake_target' from command line to 'None'
[0.513s] Level 5:colcon.colcon_core.verb:set package 'hexapod_description' build argument 'cmake_target_skip_unavailable' from command line to 'False'
[0.513s] Level 5:colcon.colcon_core.verb:set package 'hexapod_description' build argument 'cmake_clean_cache' from command line to 'False'
[0.513s] Level 5:colcon.colcon_core.verb:set package 'hexapod_description' build argument 'cmake_clean_first' from command line to 'False'
[0.513s] Level 5:colcon.colcon_core.verb:set package 'hexapod_description' build argument 'cmake_force_configure' from command line to 'False'
[0.513s] Level 5:colcon.colcon_core.verb:set package 'hexapod_description' build argument 'ament_cmake_args' from command line to 'None'
[0.513s] Level 5:colcon.colcon_core.verb:set package 'hexapod_description' build argument 'catkin_cmake_args' from command line to 'None'
[0.513s] Level 5:colcon.colcon_core.verb:set package 'hexapod_description' build argument 'catkin_skip_building_tests' from command line to 'False'
[0.513s] DEBUG:colcon.colcon_core.verb:Building package 'hexapod_description' with the following arguments: {'ament_cmake_args': None, 'build_base': '/home/bryan/hexapod_ws/build/hexapod_description', 'catkin_cmake_args': None, 'catkin_skip_building_tests': False, 'cmake_args': None, 'cmake_clean_cache': False, 'cmake_clean_first': False, 'cmake_force_configure': False, 'cmake_target': None, 'cmake_target_skip_unavailable': False, 'install_base': '/home/bryan/hexapod_ws/install/hexapod_description', 'merge_install': False, 'path': '/home/bryan/hexapod_ws/src/hexapod_description', 'symlink_install': False, 'test_result_base': None}
[0.514s] Level 5:colcon.colcon_core.verb:set package 'hexapod_interfaces' build argument 'cmake_args' from command line to 'None'
[0.514s] Level 5:colcon.colcon_core.verb:set package 'hexapod_interfaces' build argument 'cmake_target' from command line to 'None'
[0.514s] Level 5:colcon.colcon_core.verb:set package 'hexapod_interfaces' build argument 'cmake_target_skip_unavailable' from command line to 'False'
[0.514s] Level 5:colcon.colcon_core.verb:set package 'hexapod_interfaces' build argument 'cmake_clean_cache' from command line to 'False'
[0.514s] Level 5:colcon.colcon_core.verb:set package 'hexapod_interfaces' build argument 'cmake_clean_first' from command line to 'False'
[0.514s] Level 5:colcon.colcon_core.verb:set package 'hexapod_interfaces' build argument 'cmake_force_configure' from command line to 'False'
[0.514s] Level 5:colcon.colcon_core.verb:set package 'hexapod_interfaces' build argument 'ament_cmake_args' from command line to 'None'
[0.514s] Level 5:colcon.colcon_core.verb:set package 'hexapod_interfaces' build argument 'catkin_cmake_args' from command line to 'None'
[0.514s] Level 5:colcon.colcon_core.verb:set package 'hexapod_interfaces' build argument 'catkin_skip_building_tests' from command line to 'False'
[0.514s] DEBUG:colcon.colcon_core.verb:Building package 'hexapod_interfaces' with the following arguments: {'ament_cmake_args': None, 'build_base': '/home/bryan/hexapod_ws/build/hexapod_interfaces', 'catkin_cmake_args': None, 'catkin_skip_building_tests': False, 'cmake_args': None, 'cmake_clean_cache': False, 'cmake_clean_first': False, 'cmake_force_configure': False, 'cmake_target': None, 'cmake_target_skip_unavailable': False, 'install_base': '/home/bryan/hexapod_ws/install/hexapod_interfaces', 'merge_install': False, 'path': '/home/bryan/hexapod_ws/src/hexapod_interfaces', 'symlink_install': False, 'test_result_base': None}
[0.514s] Level 5:colcon.colcon_core.verb:set package 'hexapod_kinematics' build argument 'cmake_args' from command line to 'None'
[0.514s] Level 5:colcon.colcon_core.verb:set package 'hexapod_kinematics' build argument 'cmake_target' from command line to 'None'
[0.514s] Level 5:colcon.colcon_core.verb:set package 'hexapod_kinematics' build argument 'cmake_target_skip_unavailable' from command line to 'False'
[0.514s] Level 5:colcon.colcon_core.verb:set package 'hexapod_kinematics' build argument 'cmake_clean_cache' from command line to 'False'
[0.514s] Level 5:colcon.colcon_core.verb:set package 'hexapod_kinematics' build argument 'cmake_clean_first' from command line to 'False'
[0.514s] Level 5:colcon.colcon_core.verb:set package 'hexapod_kinematics' build argument 'cmake_force_configure' from command line to 'False'
[0.514s] Level 5:colcon.colcon_core.verb:set package 'hexapod_kinematics' build argument 'ament_cmake_args' from command line to 'None'
[0.514s] Level 5:colcon.colcon_core.verb:set package 'hexapod_kinematics' build argument 'catkin_cmake_args' from command line to 'None'
[0.514s] Level 5:colcon.colcon_core.verb:set package 'hexapod_kinematics' build argument 'catkin_skip_building_tests' from command line to 'False'
[0.514s] DEBUG:colcon.colcon_core.verb:Building package 'hexapod_kinematics' with the following arguments: {'ament_cmake_args': None, 'build_base': '/home/bryan/hexapod_ws/build/hexapod_kinematics', 'catkin_cmake_args': None, 'catkin_skip_building_tests': False, 'cmake_args': None, 'cmake_clean_cache': False, 'cmake_clean_first': False, 'cmake_force_configure': False, 'cmake_target': None, 'cmake_target_skip_unavailable': False, 'install_base': '/home/bryan/hexapod_ws/install/hexapod_kinematics', 'merge_install': False, 'path': '/home/bryan/hexapod_ws/src/hexapod_kinematics', 'symlink_install': False, 'test_result_base': None}
[0.515s] Level 5:colcon.colcon_core.verb:set package 'hexapod_utils' build argument 'cmake_args' from command line to 'None'
[0.515s] Level 5:colcon.colcon_core.verb:set package 'hexapod_utils' build argument 'cmake_target' from command line to 'None'
[0.515s] Level 5:colcon.colcon_core.verb:set package 'hexapod_utils' build argument 'cmake_target_skip_unavailable' from command line to 'False'
[0.515s] Level 5:colcon.colcon_core.verb:set package 'hexapod_utils' build argument 'cmake_clean_cache' from command line to 'False'
[0.515s] Level 5:colcon.colcon_core.verb:set package 'hexapod_utils' build argument 'cmake_clean_first' from command line to 'False'
[0.515s] Level 5:colcon.colcon_core.verb:set package 'hexapod_utils' build argument 'cmake_force_configure' from command line to 'False'
[0.515s] Level 5:colcon.colcon_core.verb:set package 'hexapod_utils' build argument 'ament_cmake_args' from command line to 'None'
[0.515s] Level 5:colcon.colcon_core.verb:set package 'hexapod_utils' build argument 'catkin_cmake_args' from command line to 'None'
[0.515s] Level 5:colcon.colcon_core.verb:set package 'hexapod_utils' build argument 'catkin_skip_building_tests' from command line to 'False'
[0.515s] DEBUG:colcon.colcon_core.verb:Building package 'hexapod_utils' with the following arguments: {'ament_cmake_args': None, 'build_base': '/home/bryan/hexapod_ws/build/hexapod_utils', 'catkin_cmake_args': None, 'catkin_skip_building_tests': False, 'cmake_args': None, 'cmake_clean_cache': False, 'cmake_clean_first': False, 'cmake_force_configure': False, 'cmake_target': None, 'cmake_target_skip_unavailable': False, 'install_base': '/home/bryan/hexapod_ws/install/hexapod_utils', 'merge_install': False, 'path': '/home/bryan/hexapod_ws/src/hexapod_utils', 'symlink_install': False, 'test_result_base': None}
[0.515s] Level 5:colcon.colcon_core.verb:set package 'hexapod_controller' build argument 'cmake_args' from command line to 'None'
[0.515s] Level 5:colcon.colcon_core.verb:set package 'hexapod_controller' build argument 'cmake_target' from command line to 'None'
[0.515s] Level 5:colcon.colcon_core.verb:set package 'hexapod_controller' build argument 'cmake_target_skip_unavailable' from command line to 'False'
[0.515s] Level 5:colcon.colcon_core.verb:set package 'hexapod_controller' build argument 'cmake_clean_cache' from command line to 'False'
[0.516s] Level 5:colcon.colcon_core.verb:set package 'hexapod_controller' build argument 'cmake_clean_first' from command line to 'False'
[0.516s] Level 5:colcon.colcon_core.verb:set package 'hexapod_controller' build argument 'cmake_force_configure' from command line to 'False'
[0.516s] Level 5:colcon.colcon_core.verb:set package 'hexapod_controller' build argument 'ament_cmake_args' from command line to 'None'
[0.516s] Level 5:colcon.colcon_core.verb:set package 'hexapod_controller' build argument 'catkin_cmake_args' from command line to 'None'
[0.516s] Level 5:colcon.colcon_core.verb:set package 'hexapod_controller' build argument 'catkin_skip_building_tests' from command line to 'False'
[0.516s] DEBUG:colcon.colcon_core.verb:Building package 'hexapod_controller' with the following arguments: {'ament_cmake_args': None, 'build_base': '/home/bryan/hexapod_ws/build/hexapod_controller', 'catkin_cmake_args': None, 'catkin_skip_building_tests': False, 'cmake_args': None, 'cmake_clean_cache': False, 'cmake_clean_first': False, 'cmake_force_configure': False, 'cmake_target': None, 'cmake_target_skip_unavailable': False, 'install_base': '/home/bryan/hexapod_ws/install/hexapod_controller', 'merge_install': False, 'path': '/home/bryan/hexapod_ws/src/hexapod_controller', 'symlink_install': False, 'test_result_base': None}
[0.516s] INFO:colcon.colcon_core.executor:Executing jobs using 'parallel' executor
[0.517s] DEBUG:colcon.colcon_parallel_executor.executor.parallel:run_until_complete
[0.517s] INFO:colcon.colcon_ros.task.ament_cmake.build:Building ROS package in '/home/bryan/hexapod_ws/src/hexapod_interfaces' with build type 'ament_cmake'
[0.517s] INFO:colcon.colcon_cmake.task.cmake.build:Building CMake package in '/home/bryan/hexapod_ws/src/hexapod_interfaces'
[0.521s] INFO:colcon.colcon_core.plugin_system:Skipping extension 'colcon_core.shell.bat': Not used on non-Windows systems
[0.521s] INFO:colcon.colcon_core.shell:Skip shell extension 'powershell' for command environment: Not usable outside of PowerShell
[0.521s] DEBUG:colcon.colcon_core.shell:Skip shell extension 'dsv' for command environment
[0.528s] INFO:colcon.colcon_ros.task.ament_cmake.build:Building ROS package in '/home/bryan/hexapod_ws/src/hexapod_description' with build type 'ament_cmake'
[0.529s] INFO:colcon.colcon_cmake.task.cmake.build:Building CMake package in '/home/bryan/hexapod_ws/src/hexapod_description'
[0.529s] INFO:colcon.colcon_core.shell:Skip shell extension 'powershell' for command environment: Not usable outside of PowerShell
[0.529s] DEBUG:colcon.colcon_core.shell:Skip shell extension 'dsv' for command environment
[0.534s] INFO:colcon.colcon_ros.task.ament_cmake.build:Building ROS package in '/home/bryan/hexapod_ws/src/hexapod_kinematics' with build type 'ament_cmake'
[0.535s] INFO:colcon.colcon_cmake.task.cmake.build:Building CMake package in '/home/bryan/hexapod_ws/src/hexapod_kinematics'
[0.535s] INFO:colcon.colcon_core.shell:Skip shell extension 'powershell' for command environment: Not usable outside of PowerShell
[0.535s] DEBUG:colcon.colcon_core.shell:Skip shell extension 'dsv' for command environment
[0.543s] INFO:colcon.colcon_ros.task.ament_cmake.build:Building ROS package in '/home/bryan/hexapod_ws/src/hexapod_utils' with build type 'ament_cmake'
[0.544s] INFO:colcon.colcon_cmake.task.cmake.build:Building CMake package in '/home/bryan/hexapod_ws/src/hexapod_utils'
[0.544s] INFO:colcon.colcon_core.shell:Skip shell extension 'powershell' for command environment: Not usable outside of PowerShell
[0.544s] DEBUG:colcon.colcon_core.shell:Skip shell extension 'dsv' for command environment
[0.557s] DEBUG:colcon.colcon_core.event_handler.log_command:Invoking command in '/home/bryan/hexapod_ws/build/hexapod_interfaces': CMAKE_PREFIX_PATH=${CMAKE_PREFIX_PATH}:/opt/ros/humble /usr/bin/cmake --build /home/bryan/hexapod_ws/build/hexapod_interfaces -- -j16 -l16
[0.566s] DEBUG:colcon.colcon_core.event_handler.log_command:Invoking command in '/home/bryan/hexapod_ws/build/hexapod_description': CMAKE_PREFIX_PATH=${CMAKE_PREFIX_PATH}:/opt/ros/humble /usr/bin/cmake --build /home/bryan/hexapod_ws/build/hexapod_description -- -j16 -l16
[0.571s] DEBUG:colcon.colcon_core.event_handler.log_command:Invoking command in '/home/bryan/hexapod_ws/build/hexapod_kinematics': CMAKE_PREFIX_PATH=${CMAKE_PREFIX_PATH}:/opt/ros/humble /usr/bin/cmake --build /home/bryan/hexapod_ws/build/hexapod_kinematics -- -j16 -l16
[0.583s] DEBUG:colcon.colcon_core.event_handler.log_command:Invoking command in '/home/bryan/hexapod_ws/build/hexapod_utils': CMAKE_PREFIX_PATH=${CMAKE_PREFIX_PATH}:/opt/ros/humble /usr/bin/cmake --build /home/bryan/hexapod_ws/build/hexapod_utils -- -j16 -l16
[0.631s] DEBUG:colcon.colcon_core.event_handler.log_command:Invoked command in '/home/bryan/hexapod_ws/build/hexapod_description' returned '0': CMAKE_PREFIX_PATH=${CMAKE_PREFIX_PATH}:/opt/ros/humble /usr/bin/cmake --build /home/bryan/hexapod_ws/build/hexapod_description -- -j16 -l16
[0.639s] DEBUG:colcon.colcon_core.event_handler.log_command:Invoked command in '/home/bryan/hexapod_ws/build/hexapod_kinematics' returned '0': CMAKE_PREFIX_PATH=${CMAKE_PREFIX_PATH}:/opt/ros/humble /usr/bin/cmake --build /home/bryan/hexapod_ws/build/hexapod_kinematics -- -j16 -l16
[0.660s] DEBUG:colcon.colcon_core.event_handler.log_command:Invoked command in '/home/bryan/hexapod_ws/build/hexapod_utils' returned '0': CMAKE_PREFIX_PATH=${CMAKE_PREFIX_PATH}:/opt/ros/humble /usr/bin/cmake --build /home/bryan/hexapod_ws/build/hexapod_utils -- -j16 -l16
[0.726s] DEBUG:colcon.colcon_core.event_handler.log_command:Invoking command in '/home/bryan/hexapod_ws/build/hexapod_description': CMAKE_PREFIX_PATH=${CMAKE_PREFIX_PATH}:/opt/ros/humble /usr/bin/cmake --install /home/bryan/hexapod_ws/build/hexapod_description
[0.737s] DEBUG:colcon.colcon_core.event_handler.log_command:Invoking command in '/home/bryan/hexapod_ws/build/hexapod_kinematics': CMAKE_PREFIX_PATH=${CMAKE_PREFIX_PATH}:/opt/ros/humble /usr/bin/cmake --install /home/bryan/hexapod_ws/build/hexapod_kinematics
[0.742s] DEBUG:colcon.colcon_core.event_handler.log_command:Invoking command in '/home/bryan/hexapod_ws/build/hexapod_utils': CMAKE_PREFIX_PATH=${CMAKE_PREFIX_PATH}:/opt/ros/humble /usr/bin/cmake --install /home/bryan/hexapod_ws/build/hexapod_utils
[0.760s] Level 1:colcon.colcon_core.environment:create_environment_scripts_only(hexapod_description)
[0.783s] Level 1:colcon.colcon_core.environment:checking '/home/bryan/hexapod_ws/install/hexapod_description' for CMake module files
[0.789s] Level 1:colcon.colcon_core.environment:checking '/home/bryan/hexapod_ws/install/hexapod_description' for CMake config files
[0.796s] Level 1:colcon.colcon_core.shell:create_environment_hook('hexapod_description', 'cmake_prefix_path')
[0.797s] INFO:colcon.colcon_core.shell:Creating environment hook '/home/bryan/hexapod_ws/install/hexapod_description/share/hexapod_description/hook/cmake_prefix_path.ps1'
[0.799s] DEBUG:colcon.colcon_core.event_handler.log_command:Invoked command in '/home/bryan/hexapod_ws/build/hexapod_description' returned '0': CMAKE_PREFIX_PATH=${CMAKE_PREFIX_PATH}:/opt/ros/humble /usr/bin/cmake --install /home/bryan/hexapod_ws/build/hexapod_description
[0.802s] INFO:colcon.colcon_core.shell:Creating environment descriptor '/home/bryan/hexapod_ws/install/hexapod_description/share/hexapod_description/hook/cmake_prefix_path.dsv'
[0.805s] INFO:colcon.colcon_core.shell:Creating environment hook '/home/bryan/hexapod_ws/install/hexapod_description/share/hexapod_description/hook/cmake_prefix_path.sh'
[0.809s] Level 1:colcon.colcon_core.environment:checking '/home/bryan/hexapod_ws/install/hexapod_description/bin'
[0.810s] Level 1:colcon.colcon_core.environment:checking '/home/bryan/hexapod_ws/install/hexapod_description/lib/pkgconfig/hexapod_description.pc'
[0.810s] Level 1:colcon.colcon_core.environment:checking '/home/bryan/hexapod_ws/install/hexapod_description/lib/python3.10/site-packages'
[0.811s] Level 1:colcon.colcon_core.environment:checking '/home/bryan/hexapod_ws/install/hexapod_description/bin'
[0.812s] INFO:colcon.colcon_core.shell:Creating package script '/home/bryan/hexapod_ws/install/hexapod_description/share/hexapod_description/package.ps1'
[0.814s] INFO:colcon.colcon_core.shell:Creating package descriptor '/home/bryan/hexapod_ws/install/hexapod_description/share/hexapod_description/package.dsv'
[0.815s] INFO:colcon.colcon_core.shell:Creating package script '/home/bryan/hexapod_ws/install/hexapod_description/share/hexapod_description/package.sh'
[0.816s] INFO:colcon.colcon_core.shell:Creating package script '/home/bryan/hexapod_ws/install/hexapod_description/share/hexapod_description/package.bash'
[0.818s] INFO:colcon.colcon_core.shell:Creating package script '/home/bryan/hexapod_ws/install/hexapod_description/share/hexapod_description/package.zsh'
[0.820s] Level 1:colcon.colcon_core.environment:create_file_with_runtime_dependencies(/home/bryan/hexapod_ws/install/hexapod_description/share/colcon-core/packages/hexapod_description)
[0.826s] Level 1:colcon.colcon_core.environment:create_environment_scripts_only(hexapod_utils)
[0.827s] Level 1:colcon.colcon_core.environment:checking '/home/bryan/hexapod_ws/install/hexapod_utils' for CMake module files
[0.830s] DEBUG:colcon.colcon_core.event_handler.log_command:Invoked command in '/home/bryan/hexapod_ws/build/hexapod_utils' returned '0': CMAKE_PREFIX_PATH=${CMAKE_PREFIX_PATH}:/opt/ros/humble /usr/bin/cmake --install /home/bryan/hexapod_ws/build/hexapod_utils
[0.831s] Level 1:colcon.colcon_core.environment:checking '/home/bryan/hexapod_ws/install/hexapod_utils' for CMake config files
[0.831s] Level 1:colcon.colcon_core.shell:create_environment_hook('hexapod_utils', 'cmake_prefix_path')
[0.832s] INFO:colcon.colcon_core.shell:Creating environment hook '/home/bryan/hexapod_ws/install/hexapod_utils/share/hexapod_utils/hook/cmake_prefix_path.ps1'
[0.833s] INFO:colcon.colcon_core.shell:Creating environment descriptor '/home/bryan/hexapod_ws/install/hexapod_utils/share/hexapod_utils/hook/cmake_prefix_path.dsv'
[0.834s] INFO:colcon.colcon_core.shell:Creating environment hook '/home/bryan/hexapod_ws/install/hexapod_utils/share/hexapod_utils/hook/cmake_prefix_path.sh'
[0.835s] Level 1:colcon.colcon_core.environment:checking '/home/bryan/hexapod_ws/install/hexapod_utils/lib'
[0.836s] Level 1:colcon.colcon_core.environment:checking '/home/bryan/hexapod_ws/install/hexapod_utils/bin'
[0.836s] Level 1:colcon.colcon_core.environment:checking '/home/bryan/hexapod_ws/install/hexapod_utils/lib/pkgconfig/hexapod_utils.pc'
[0.837s] Level 1:colcon.colcon_core.environment:checking '/home/bryan/hexapod_ws/install/hexapod_utils/lib/python3.10/site-packages'
[0.837s] Level 1:colcon.colcon_core.environment:checking '/home/bryan/hexapod_ws/install/hexapod_utils/bin'
[0.838s] INFO:colcon.colcon_core.shell:Creating package script '/home/bryan/hexapod_ws/install/hexapod_utils/share/hexapod_utils/package.ps1'
[0.840s] INFO:colcon.colcon_core.shell:Creating package descriptor '/home/bryan/hexapod_ws/install/hexapod_utils/share/hexapod_utils/package.dsv'
[0.842s] INFO:colcon.colcon_core.shell:Creating package script '/home/bryan/hexapod_ws/install/hexapod_utils/share/hexapod_utils/package.sh'
[0.844s] INFO:colcon.colcon_core.shell:Creating package script '/home/bryan/hexapod_ws/install/hexapod_utils/share/hexapod_utils/package.bash'
[0.845s] INFO:colcon.colcon_core.shell:Creating package script '/home/bryan/hexapod_ws/install/hexapod_utils/share/hexapod_utils/package.zsh'
[0.846s] Level 1:colcon.colcon_core.environment:create_file_with_runtime_dependencies(/home/bryan/hexapod_ws/install/hexapod_utils/share/colcon-core/packages/hexapod_utils)
[0.849s] Level 1:colcon.colcon_core.environment:create_environment_scripts_only(hexapod_kinematics)
[0.850s] Level 1:colcon.colcon_core.environment:checking '/home/bryan/hexapod_ws/install/hexapod_kinematics' for CMake module files
[0.851s] DEBUG:colcon.colcon_core.event_handler.log_command:Invoked command in '/home/bryan/hexapod_ws/build/hexapod_kinematics' returned '0': CMAKE_PREFIX_PATH=${CMAKE_PREFIX_PATH}:/opt/ros/humble /usr/bin/cmake --install /home/bryan/hexapod_ws/build/hexapod_kinematics
[0.853s] Level 1:colcon.colcon_core.environment:checking '/home/bryan/hexapod_ws/install/hexapod_kinematics' for CMake config files
[0.853s] Level 1:colcon.colcon_core.shell:create_environment_hook('hexapod_kinematics', 'cmake_prefix_path')
[0.854s] INFO:colcon.colcon_core.shell:Creating environment hook '/home/bryan/hexapod_ws/install/hexapod_kinematics/share/hexapod_kinematics/hook/cmake_prefix_path.ps1'
[0.856s] INFO:colcon.colcon_core.shell:Creating environment descriptor '/home/bryan/hexapod_ws/install/hexapod_kinematics/share/hexapod_kinematics/hook/cmake_prefix_path.dsv'
[0.856s] INFO:colcon.colcon_core.shell:Creating environment hook '/home/bryan/hexapod_ws/install/hexapod_kinematics/share/hexapod_kinematics/hook/cmake_prefix_path.sh'
[0.857s] Level 1:colcon.colcon_core.environment:checking '/home/bryan/hexapod_ws/install/hexapod_kinematics/bin'
[0.857s] Level 1:colcon.colcon_core.environment:checking '/home/bryan/hexapod_ws/install/hexapod_kinematics/lib/pkgconfig/hexapod_kinematics.pc'
[0.858s] Level 1:colcon.colcon_core.environment:checking '/home/bryan/hexapod_ws/install/hexapod_kinematics/lib/python3.10/site-packages'
[0.858s] Level 1:colcon.colcon_core.environment:checking '/home/bryan/hexapod_ws/install/hexapod_kinematics/bin'
[0.859s] INFO:colcon.colcon_core.shell:Creating package script '/home/bryan/hexapod_ws/install/hexapod_kinematics/share/hexapod_kinematics/package.ps1'
[0.860s] INFO:colcon.colcon_core.shell:Creating package descriptor '/home/bryan/hexapod_ws/install/hexapod_kinematics/share/hexapod_kinematics/package.dsv'
[0.861s] INFO:colcon.colcon_core.shell:Creating package script '/home/bryan/hexapod_ws/install/hexapod_kinematics/share/hexapod_kinematics/package.sh'
[0.862s] INFO:colcon.colcon_core.shell:Creating package script '/home/bryan/hexapod_ws/install/hexapod_kinematics/share/hexapod_kinematics/package.bash'
[0.863s] INFO:colcon.colcon_core.shell:Creating package script '/home/bryan/hexapod_ws/install/hexapod_kinematics/share/hexapod_kinematics/package.zsh'
[0.864s] Level 1:colcon.colcon_core.environment:create_file_with_runtime_dependencies(/home/bryan/hexapod_ws/install/hexapod_kinematics/share/colcon-core/packages/hexapod_kinematics)
[0.882s] Level 1:colcon.colcon_core.environment:create_environment_scripts_only(hexapod_description)
[0.883s] Level 1:colcon.colcon_core.environment:checking '/home/bryan/hexapod_ws/install/hexapod_description' for CMake module files
[0.884s] Level 1:colcon.colcon_core.environment:checking '/home/bryan/hexapod_ws/install/hexapod_description' for CMake config files
[0.885s] Level 1:colcon.colcon_core.shell:create_environment_hook('hexapod_description', 'cmake_prefix_path')
[0.886s] INFO:colcon.colcon_core.shell:Creating environment hook '/home/bryan/hexapod_ws/install/hexapod_description/share/hexapod_description/hook/cmake_prefix_path.ps1'
[0.888s] INFO:colcon.colcon_core.shell:Creating environment descriptor '/home/bryan/hexapod_ws/install/hexapod_description/share/hexapod_description/hook/cmake_prefix_path.dsv'
[0.889s] INFO:colcon.colcon_core.shell:Creating environment hook '/home/bryan/hexapod_ws/install/hexapod_description/share/hexapod_description/hook/cmake_prefix_path.sh'
[0.892s] Level 1:colcon.colcon_core.environment:checking '/home/bryan/hexapod_ws/install/hexapod_description/bin'
[0.892s] Level 1:colcon.colcon_core.environment:checking '/home/bryan/hexapod_ws/install/hexapod_description/lib/pkgconfig/hexapod_description.pc'
[0.893s] Level 1:colcon.colcon_core.environment:checking '/home/bryan/hexapod_ws/install/hexapod_description/lib/python3.10/site-packages'
[0.893s] Level 1:colcon.colcon_core.environment:checking '/home/bryan/hexapod_ws/install/hexapod_description/bin'
[0.895s] INFO:colcon.colcon_core.shell:Creating package script '/home/bryan/hexapod_ws/install/hexapod_description/share/hexapod_description/package.ps1'
[0.896s] INFO:colcon.colcon_core.shell:Creating package descriptor '/home/bryan/hexapod_ws/install/hexapod_description/share/hexapod_description/package.dsv'
[0.897s] INFO:colcon.colcon_core.shell:Creating package script '/home/bryan/hexapod_ws/install/hexapod_description/share/hexapod_description/package.sh'
[0.899s] INFO:colcon.colcon_core.shell:Creating package script '/home/bryan/hexapod_ws/install/hexapod_description/share/hexapod_description/package.bash'
[0.900s] INFO:colcon.colcon_core.shell:Creating package script '/home/bryan/hexapod_ws/install/hexapod_description/share/hexapod_description/package.zsh'
[0.901s] Level 1:colcon.colcon_core.environment:create_file_with_runtime_dependencies(/home/bryan/hexapod_ws/install/hexapod_description/share/colcon-core/packages/hexapod_description)
[0.910s] Level 1:colcon.colcon_core.environment:create_environment_scripts_only(hexapod_utils)
[0.911s] Level 1:colcon.colcon_core.environment:checking '/home/bryan/hexapod_ws/install/hexapod_utils' for CMake module files
[0.912s] Level 1:colcon.colcon_core.environment:checking '/home/bryan/hexapod_ws/install/hexapod_utils' for CMake config files
[0.913s] Level 1:colcon.colcon_core.shell:create_environment_hook('hexapod_utils', 'cmake_prefix_path')
[0.914s] INFO:colcon.colcon_core.shell:Creating environment hook '/home/bryan/hexapod_ws/install/hexapod_utils/share/hexapod_utils/hook/cmake_prefix_path.ps1'
[0.916s] INFO:colcon.colcon_core.shell:Creating environment descriptor '/home/bryan/hexapod_ws/install/hexapod_utils/share/hexapod_utils/hook/cmake_prefix_path.dsv'
[0.916s] INFO:colcon.colcon_core.shell:Creating environment hook '/home/bryan/hexapod_ws/install/hexapod_utils/share/hexapod_utils/hook/cmake_prefix_path.sh'
[0.920s] Level 1:colcon.colcon_core.environment:checking '/home/bryan/hexapod_ws/install/hexapod_utils/lib'
[0.920s] Level 1:colcon.colcon_core.environment:checking '/home/bryan/hexapod_ws/install/hexapod_utils/bin'
[0.920s] Level 1:colcon.colcon_core.environment:checking '/home/bryan/hexapod_ws/install/hexapod_utils/lib/pkgconfig/hexapod_utils.pc'
[0.921s] Level 1:colcon.colcon_core.environment:checking '/home/bryan/hexapod_ws/install/hexapod_utils/lib/python3.10/site-packages'
[0.921s] Level 1:colcon.colcon_core.environment:checking '/home/bryan/hexapod_ws/install/hexapod_utils/bin'
[0.923s] INFO:colcon.colcon_core.shell:Creating package script '/home/bryan/hexapod_ws/install/hexapod_utils/share/hexapod_utils/package.ps1'
[0.925s] INFO:colcon.colcon_core.shell:Creating package descriptor '/home/bryan/hexapod_ws/install/hexapod_utils/share/hexapod_utils/package.dsv'
[0.926s] INFO:colcon.colcon_core.shell:Creating package script '/home/bryan/hexapod_ws/install/hexapod_utils/share/hexapod_utils/package.sh'
[0.927s] INFO:colcon.colcon_core.shell:Creating package script '/home/bryan/hexapod_ws/install/hexapod_utils/share/hexapod_utils/package.bash'
[0.928s] INFO:colcon.colcon_core.shell:Creating package script '/home/bryan/hexapod_ws/install/hexapod_utils/share/hexapod_utils/package.zsh'
[0.929s] Level 1:colcon.colcon_core.environment:create_file_with_runtime_dependencies(/home/bryan/hexapod_ws/install/hexapod_utils/share/colcon-core/packages/hexapod_utils)
[0.932s] Level 1:colcon.colcon_core.environment:create_environment_scripts_only(hexapod_kinematics)
[0.933s] Level 1:colcon.colcon_core.environment:checking '/home/bryan/hexapod_ws/install/hexapod_kinematics' for CMake module files
[0.934s] Level 1:colcon.colcon_core.environment:checking '/home/bryan/hexapod_ws/install/hexapod_kinematics' for CMake config files
[0.935s] Level 1:colcon.colcon_core.shell:create_environment_hook('hexapod_kinematics', 'cmake_prefix_path')
[0.936s] INFO:colcon.colcon_core.shell:Creating environment hook '/home/bryan/hexapod_ws/install/hexapod_kinematics/share/hexapod_kinematics/hook/cmake_prefix_path.ps1'
[0.938s] INFO:colcon.colcon_core.shell:Creating environment descriptor '/home/bryan/hexapod_ws/install/hexapod_kinematics/share/hexapod_kinematics/hook/cmake_prefix_path.dsv'
[0.939s] INFO:colcon.colcon_core.shell:Creating environment hook '/home/bryan/hexapod_ws/install/hexapod_kinematics/share/hexapod_kinematics/hook/cmake_prefix_path.sh'
[0.941s] Level 1:colcon.colcon_core.environment:checking '/home/bryan/hexapod_ws/install/hexapod_kinematics/bin'
[0.941s] Level 1:colcon.colcon_core.environment:checking '/home/bryan/hexapod_ws/install/hexapod_kinematics/lib/pkgconfig/hexapod_kinematics.pc'
[0.941s] Level 1:colcon.colcon_core.environment:checking '/home/bryan/hexapod_ws/install/hexapod_kinematics/lib/python3.10/site-packages'
[0.942s] Level 1:colcon.colcon_core.environment:checking '/home/bryan/hexapod_ws/install/hexapod_kinematics/bin'
[0.943s] INFO:colcon.colcon_core.shell:Creating package script '/home/bryan/hexapod_ws/install/hexapod_kinematics/share/hexapod_kinematics/package.ps1'
[0.945s] INFO:colcon.colcon_core.shell:Creating package descriptor '/home/bryan/hexapod_ws/install/hexapod_kinematics/share/hexapod_kinematics/package.dsv'
[0.947s] INFO:colcon.colcon_core.shell:Creating package script '/home/bryan/hexapod_ws/install/hexapod_kinematics/share/hexapod_kinematics/package.sh'
[0.949s] INFO:colcon.colcon_core.shell:Creating package script '/home/bryan/hexapod_ws/install/hexapod_kinematics/share/hexapod_kinematics/package.bash'
[0.949s] INFO:colcon.colcon_core.shell:Creating package script '/home/bryan/hexapod_ws/install/hexapod_kinematics/share/hexapod_kinematics/package.zsh'
[0.950s] Level 1:colcon.colcon_core.environment:create_file_with_runtime_dependencies(/home/bryan/hexapod_ws/install/hexapod_kinematics/share/colcon-core/packages/hexapod_kinematics)
[1.318s] DEBUG:colcon.colcon_core.event_handler.log_command:Invoked command in '/home/bryan/hexapod_ws/build/hexapod_interfaces' returned '0': CMAKE_PREFIX_PATH=${CMAKE_PREFIX_PATH}:/opt/ros/humble /usr/bin/cmake --build /home/bryan/hexapod_ws/build/hexapod_interfaces -- -j16 -l16
[1.445s] DEBUG:colcon.colcon_core.event_handler.log_command:Invoking command in '/home/bryan/hexapod_ws/build/hexapod_interfaces': CMAKE_PREFIX_PATH=${CMAKE_PREFIX_PATH}:/opt/ros/humble /usr/bin/cmake --install /home/bryan/hexapod_ws/build/hexapod_interfaces
[1.532s] Level 1:colcon.colcon_core.environment:create_environment_scripts_only(hexapod_interfaces)
[1.533s] Level 1:colcon.colcon_core.environment:checking '/home/bryan/hexapod_ws/install/hexapod_interfaces' for CMake module files
[1.535s] DEBUG:colcon.colcon_core.event_handler.log_command:Invoked command in '/home/bryan/hexapod_ws/build/hexapod_interfaces' returned '0': CMAKE_PREFIX_PATH=${CMAKE_PREFIX_PATH}:/opt/ros/humble /usr/bin/cmake --install /home/bryan/hexapod_ws/build/hexapod_interfaces
[1.536s] Level 1:colcon.colcon_core.environment:checking '/home/bryan/hexapod_ws/install/hexapod_interfaces' for CMake config files
[1.537s] Level 1:colcon.colcon_core.shell:create_environment_hook('hexapod_interfaces', 'cmake_prefix_path')
[1.537s] INFO:colcon.colcon_core.shell:Creating environment hook '/home/bryan/hexapod_ws/install/hexapod_interfaces/share/hexapod_interfaces/hook/cmake_prefix_path.ps1'
[1.538s] INFO:colcon.colcon_core.shell:Creating environment descriptor '/home/bryan/hexapod_ws/install/hexapod_interfaces/share/hexapod_interfaces/hook/cmake_prefix_path.dsv'
[1.539s] INFO:colcon.colcon_core.shell:Creating environment hook '/home/bryan/hexapod_ws/install/hexapod_interfaces/share/hexapod_interfaces/hook/cmake_prefix_path.sh'
[1.540s] Level 1:colcon.colcon_core.environment:checking '/home/bryan/hexapod_ws/install/hexapod_interfaces/lib'
[1.541s] Level 1:colcon.colcon_core.shell:create_environment_hook('hexapod_interfaces', 'ld_library_path_lib')
[1.541s] INFO:colcon.colcon_core.shell:Creating environment hook '/home/bryan/hexapod_ws/install/hexapod_interfaces/share/hexapod_interfaces/hook/ld_library_path_lib.ps1'
[1.542s] INFO:colcon.colcon_core.shell:Creating environment descriptor '/home/bryan/hexapod_ws/install/hexapod_interfaces/share/hexapod_interfaces/hook/ld_library_path_lib.dsv'
[1.543s] INFO:colcon.colcon_core.shell:Creating environment hook '/home/bryan/hexapod_ws/install/hexapod_interfaces/share/hexapod_interfaces/hook/ld_library_path_lib.sh'
[1.544s] Level 1:colcon.colcon_core.environment:checking '/home/bryan/hexapod_ws/install/hexapod_interfaces/bin'
[1.544s] Level 1:colcon.colcon_core.environment:checking '/home/bryan/hexapod_ws/install/hexapod_interfaces/lib/pkgconfig/hexapod_interfaces.pc'
[1.544s] Level 1:colcon.colcon_core.environment:checking '/home/bryan/hexapod_ws/install/hexapod_interfaces/lib/python3.10/site-packages'
[1.544s] Level 1:colcon.colcon_core.environment:checking '/home/bryan/hexapod_ws/install/hexapod_interfaces/bin'
[1.545s] INFO:colcon.colcon_core.shell:Creating package script '/home/bryan/hexapod_ws/install/hexapod_interfaces/share/hexapod_interfaces/package.ps1'
[1.546s] INFO:colcon.colcon_core.shell:Creating package descriptor '/home/bryan/hexapod_ws/install/hexapod_interfaces/share/hexapod_interfaces/package.dsv'
[1.546s] INFO:colcon.colcon_core.shell:Creating package script '/home/bryan/hexapod_ws/install/hexapod_interfaces/share/hexapod_interfaces/package.sh'
[1.547s] INFO:colcon.colcon_core.shell:Creating package script '/home/bryan/hexapod_ws/install/hexapod_interfaces/share/hexapod_interfaces/package.bash'
[1.547s] INFO:colcon.colcon_core.shell:Creating package script '/home/bryan/hexapod_ws/install/hexapod_interfaces/share/hexapod_interfaces/package.zsh'
[1.548s] Level 1:colcon.colcon_core.environment:create_file_with_runtime_dependencies(/home/bryan/hexapod_ws/install/hexapod_interfaces/share/colcon-core/packages/hexapod_interfaces)
[1.682s] Level 1:colcon.colcon_core.environment:create_environment_scripts_only(hexapod_interfaces)
[1.683s] Level 1:colcon.colcon_core.environment:checking '/home/bryan/hexapod_ws/install/hexapod_interfaces' for CMake module files
[1.684s] Level 1:colcon.colcon_core.environment:checking '/home/bryan/hexapod_ws/install/hexapod_interfaces' for CMake config files
[1.685s] Level 1:colcon.colcon_core.shell:create_environment_hook('hexapod_interfaces', 'cmake_prefix_path')
[1.686s] INFO:colcon.colcon_core.shell:Creating environment hook '/home/bryan/hexapod_ws/install/hexapod_interfaces/share/hexapod_interfaces/hook/cmake_prefix_path.ps1'
[1.688s] INFO:colcon.colcon_core.shell:Creating environment descriptor '/home/bryan/hexapod_ws/install/hexapod_interfaces/share/hexapod_interfaces/hook/cmake_prefix_path.dsv'
[1.689s] INFO:colcon.colcon_core.shell:Creating environment hook '/home/bryan/hexapod_ws/install/hexapod_interfaces/share/hexapod_interfaces/hook/cmake_prefix_path.sh'
[1.690s] Level 1:colcon.colcon_core.environment:checking '/home/bryan/hexapod_ws/install/hexapod_interfaces/lib'
[1.690s] Level 1:colcon.colcon_core.shell:create_environment_hook('hexapod_interfaces', 'ld_library_path_lib')
[1.691s] INFO:colcon.colcon_core.shell:Creating environment hook '/home/bryan/hexapod_ws/install/hexapod_interfaces/share/hexapod_interfaces/hook/ld_library_path_lib.ps1'
[1.692s] INFO:colcon.colcon_core.shell:Creating environment descriptor '/home/bryan/hexapod_ws/install/hexapod_interfaces/share/hexapod_interfaces/hook/ld_library_path_lib.dsv'
[1.693s] INFO:colcon.colcon_core.shell:Creating environment hook '/home/bryan/hexapod_ws/install/hexapod_interfaces/share/hexapod_interfaces/hook/ld_library_path_lib.sh'
[1.694s] Level 1:colcon.colcon_core.environment:checking '/home/bryan/hexapod_ws/install/hexapod_interfaces/bin'
[1.694s] Level 1:colcon.colcon_core.environment:checking '/home/bryan/hexapod_ws/install/hexapod_interfaces/lib/pkgconfig/hexapod_interfaces.pc'
[1.694s] Level 1:colcon.colcon_core.environment:checking '/home/bryan/hexapod_ws/install/hexapod_interfaces/lib/python3.10/site-packages'
[1.695s] Level 1:colcon.colcon_core.environment:checking '/home/bryan/hexapod_ws/install/hexapod_interfaces/bin'
[1.695s] INFO:colcon.colcon_core.shell:Creating package script '/home/bryan/hexapod_ws/install/hexapod_interfaces/share/hexapod_interfaces/package.ps1'
[1.696s] INFO:colcon.colcon_core.shell:Creating package descriptor '/home/bryan/hexapod_ws/install/hexapod_interfaces/share/hexapod_interfaces/package.dsv'
[1.696s] INFO:colcon.colcon_core.shell:Creating package script '/home/bryan/hexapod_ws/install/hexapod_interfaces/share/hexapod_interfaces/package.sh'
[1.696s] INFO:colcon.colcon_core.shell:Creating package script '/home/bryan/hexapod_ws/install/hexapod_interfaces/share/hexapod_interfaces/package.bash'
[1.697s] INFO:colcon.colcon_core.shell:Creating package script '/home/bryan/hexapod_ws/install/hexapod_interfaces/share/hexapod_interfaces/package.zsh'
[1.697s] Level 1:colcon.colcon_core.environment:create_file_with_runtime_dependencies(/home/bryan/hexapod_ws/install/hexapod_interfaces/share/colcon-core/packages/hexapod_interfaces)
[1.697s] INFO:colcon.colcon_ros.task.ament_cmake.build:Building ROS package in '/home/bryan/hexapod_ws/src/hexapod_controller' with build type 'ament_cmake'
[1.698s] INFO:colcon.colcon_cmake.task.cmake.build:Building CMake package in '/home/bryan/hexapod_ws/src/hexapod_controller'
[1.698s] INFO:colcon.colcon_core.shell:Skip shell extension 'powershell' for command environment: Not usable outside of PowerShell
[1.698s] DEBUG:colcon.colcon_core.shell:Skip shell extension 'dsv' for command environment
[1.725s] DEBUG:colcon.colcon_core.event_handler.log_command:Invoking command in '/home/bryan/hexapod_ws/build/hexapod_controller': CMAKE_PREFIX_PATH=/home/bryan/hexapod_ws/install/hexapod_interfaces:/home/bryan/pico_ws/install/whycon:/home/bryan/pico_ws/install/swift_pico:/home/bryan/pico_ws/install/waypoint_navigation:/home/bryan/pico_ws/install/swift_pico_description:/home/bryan/pico_ws/install/rotors_swift_interface:/home/bryan/pico_ws/install/swift_msgs:/home/bryan/pico_ws/install/rotors_swift_gazebo:/home/bryan/pico_ws/install/rotors_swift_description:/home/bryan/pico_ws/install/rotors_control:/home/bryan/pico_ws/install/pid_tune:/home/bryan/pico_ws/install/pid_msg:/home/bryan/pico_ws/install/mav_comm:/home/bryan/pico_ws/install/mav_system_msgs:/home/bryan/pico_ws/install/mav_state_machine_msgs:/home/bryan/pico_ws/install/mav_planning_msgs:/home/bryan/pico_ws/install/mav_msgs:/home/bryan/hexapod_ws/install/hexapod_utils:/home/bryan/hexapod_ws/install/hexapod_kinematics:/home/bryan/hexapod_ws/install/hexapod_controller:/home/bryan/hexapod_ws/install/hexapod_description:/home/bryan/turtlesim_ws/install/turtlesim:/opt/ros/humble LD_LIBRARY_PATH=/home/bryan/hexapod_ws/install/hexapod_interfaces/lib:/home/bryan/pico_ws/install/whycon/lib:/home/bryan/pico_ws/install/waypoint_navigation/lib:/home/bryan/pico_ws/install/rotors_control/lib:/home/bryan/pico_ws/install/mav_planning_msgs/lib:/home/bryan/turtlesim_ws/install/turtlesim/lib:/usr/lib/x86_64-linux-gnu/gazebo-11/plugins:/usr/local/lib:/home/bryan/pico_ws/install/swift_msgs/lib:/home/bryan/pico_ws/install/pid_msg/lib:/home/bryan/pico_ws/install/mav_system_msgs/lib:/home/bryan/pico_ws/install/mav_state_machine_msgs/lib:/home/bryan/pico_ws/install/mav_msgs/lib:/opt/ros/humble/opt/rviz_ogre_vendor/lib:/opt/ros/humble/lib/x86_64-linux-gnu:/opt/ros/humble/lib /usr/bin/cmake --build /home/bryan/hexapod_ws/build/hexapod_controller -- -j16 -l16
[22.057s] DEBUG:colcon.colcon_core.event_handler.log_command:Invoked command in '/home/bryan/hexapod_ws/build/hexapod_controller' returned '0': CMAKE_PREFIX_PATH=/home/bryan/hexapod_ws/install/hexapod_interfaces:/home/bryan/pico_ws/install/whycon:/home/bryan/pico_ws/install/swift_pico:/home/bryan/pico_ws/install/waypoint_navigation:/home/bryan/pico_ws/install/swift_pico_description:/home/bryan/pico_ws/install/rotors_swift_interface:/home/bryan/pico_ws/install/swift_msgs:/home/bryan/pico_ws/install/rotors_swift_gazebo:/home/bryan/pico_ws/install/rotors_swift_description:/home/bryan/pico_ws/install/rotors_control:/home/bryan/pico_ws/install/pid_tune:/home/bryan/pico_ws/install/pid_msg:/home/bryan/pico_ws/install/mav_comm:/home/bryan/pico_ws/install/mav_system_msgs:/home/bryan/pico_ws/install/mav_state_machine_msgs:/home/bryan/pico_ws/install/mav_planning_msgs:/home/bryan/pico_ws/install/mav_msgs:/home/bryan/hexapod_ws/install/hexapod_utils:/home/bryan/hexapod_ws/install/hexapod_kinematics:/home/bryan/hexapod_ws/install/hexapod_controller:/home/bryan/hexapod_ws/install/hexapod_description:/home/bryan/turtlesim_ws/install/turtlesim:/opt/ros/humble LD_LIBRARY_PATH=/home/bryan/hexapod_ws/install/hexapod_interfaces/lib:/home/bryan/pico_ws/install/whycon/lib:/home/bryan/pico_ws/install/waypoint_navigation/lib:/home/bryan/pico_ws/install/rotors_control/lib:/home/bryan/pico_ws/install/mav_planning_msgs/lib:/home/bryan/turtlesim_ws/install/turtlesim/lib:/usr/lib/x86_64-linux-gnu/gazebo-11/plugins:/usr/local/lib:/home/bryan/pico_ws/install/swift_msgs/lib:/home/bryan/pico_ws/install/pid_msg/lib:/home/bryan/pico_ws/install/mav_system_msgs/lib:/home/bryan/pico_ws/install/mav_state_machine_msgs/lib:/home/bryan/pico_ws/install/mav_msgs/lib:/opt/ros/humble/opt/rviz_ogre_vendor/lib:/opt/ros/humble/lib/x86_64-linux-gnu:/opt/ros/humble/lib /usr/bin/cmake --build /home/bryan/hexapod_ws/build/hexapod_controller -- -j16 -l16
[22.131s] DEBUG:colcon.colcon_core.event_handler.log_command:Invoking command in '/home/bryan/hexapod_ws/build/hexapod_controller': CMAKE_PREFIX_PATH=/home/bryan/hexapod_ws/install/hexapod_interfaces:/home/bryan/pico_ws/install/whycon:/home/bryan/pico_ws/install/swift_pico:/home/bryan/pico_ws/install/waypoint_navigation:/home/bryan/pico_ws/install/swift_pico_description:/home/bryan/pico_ws/install/rotors_swift_interface:/home/bryan/pico_ws/install/swift_msgs:/home/bryan/pico_ws/install/rotors_swift_gazebo:/home/bryan/pico_ws/install/rotors_swift_description:/home/bryan/pico_ws/install/rotors_control:/home/bryan/pico_ws/install/pid_tune:/home/bryan/pico_ws/install/pid_msg:/home/bryan/pico_ws/install/mav_comm:/home/bryan/pico_ws/install/mav_system_msgs:/home/bryan/pico_ws/install/mav_state_machine_msgs:/home/bryan/pico_ws/install/mav_planning_msgs:/home/bryan/pico_ws/install/mav_msgs:/home/bryan/hexapod_ws/install/hexapod_utils:/home/bryan/hexapod_ws/install/hexapod_kinematics:/home/bryan/hexapod_ws/install/hexapod_controller:/home/bryan/hexapod_ws/install/hexapod_description:/home/bryan/turtlesim_ws/install/turtlesim:/opt/ros/humble LD_LIBRARY_PATH=/home/bryan/hexapod_ws/install/hexapod_interfaces/lib:/home/bryan/pico_ws/install/whycon/lib:/home/bryan/pico_ws/install/waypoint_navigation/lib:/home/bryan/pico_ws/install/rotors_control/lib:/home/bryan/pico_ws/install/mav_planning_msgs/lib:/home/bryan/turtlesim_ws/install/turtlesim/lib:/usr/lib/x86_64-linux-gnu/gazebo-11/plugins:/usr/local/lib:/home/bryan/pico_ws/install/swift_msgs/lib:/home/bryan/pico_ws/install/pid_msg/lib:/home/bryan/pico_ws/install/mav_system_msgs/lib:/home/bryan/pico_ws/install/mav_state_machine_msgs/lib:/home/bryan/pico_ws/install/mav_msgs/lib:/opt/ros/humble/opt/rviz_ogre_vendor/lib:/opt/ros/humble/lib/x86_64-linux-gnu:/opt/ros/humble/lib /usr/bin/cmake --install /home/bryan/hexapod_ws/build/hexapod_controller
[22.163s] Level 1:colcon.colcon_core.environment:create_environment_scripts_only(hexapod_controller)
[22.164s] Level 1:colcon.colcon_core.environment:checking '/home/bryan/hexapod_ws/install/hexapod_controller' for CMake module files
[22.165s] DEBUG:colcon.colcon_core.event_handler.log_command:Invoked command in '/home/bryan/hexapod_ws/build/hexapod_controller' returned '0': CMAKE_PREFIX_PATH=/home/bryan/hexapod_ws/install/hexapod_interfaces:/home/bryan/pico_ws/install/whycon:/home/bryan/pico_ws/install/swift_pico:/home/bryan/pico_ws/install/waypoint_navigation:/home/bryan/pico_ws/install/swift_pico_description:/home/bryan/pico_ws/install/rotors_swift_interface:/home/bryan/pico_ws/install/swift_msgs:/home/bryan/pico_ws/install/rotors_swift_gazebo:/home/bryan/pico_ws/install/rotors_swift_description:/home/bryan/pico_ws/install/rotors_control:/home/bryan/pico_ws/install/pid_tune:/home/bryan/pico_ws/install/pid_msg:/home/bryan/pico_ws/install/mav_comm:/home/bryan/pico_ws/install/mav_system_msgs:/home/bryan/pico_ws/install/mav_state_machine_msgs:/home/bryan/pico_ws/install/mav_planning_msgs:/home/bryan/pico_ws/install/mav_msgs:/home/bryan/hexapod_ws/install/hexapod_utils:/home/bryan/hexapod_ws/install/hexapod_kinematics:/home/bryan/hexapod_ws/install/hexapod_controller:/home/bryan/hexapod_ws/install/hexapod_description:/home/bryan/turtlesim_ws/install/turtlesim:/opt/ros/humble LD_LIBRARY_PATH=/home/bryan/hexapod_ws/install/hexapod_interfaces/lib:/home/bryan/pico_ws/install/whycon/lib:/home/bryan/pico_ws/install/waypoint_navigation/lib:/home/bryan/pico_ws/install/rotors_control/lib:/home/bryan/pico_ws/install/mav_planning_msgs/lib:/home/bryan/turtlesim_ws/install/turtlesim/lib:/usr/lib/x86_64-linux-gnu/gazebo-11/plugins:/usr/local/lib:/home/bryan/pico_ws/install/swift_msgs/lib:/home/bryan/pico_ws/install/pid_msg/lib:/home/bryan/pico_ws/install/mav_system_msgs/lib:/home/bryan/pico_ws/install/mav_state_machine_msgs/lib:/home/bryan/pico_ws/install/mav_msgs/lib:/opt/ros/humble/opt/rviz_ogre_vendor/lib:/opt/ros/humble/lib/x86_64-linux-gnu:/opt/ros/humble/lib /usr/bin/cmake --install /home/bryan/hexapod_ws/build/hexapod_controller
[22.165s] Level 1:colcon.colcon_core.environment:checking '/home/bryan/hexapod_ws/install/hexapod_controller' for CMake config files
[22.166s] Level 1:colcon.colcon_core.shell:create_environment_hook('hexapod_controller', 'cmake_prefix_path')
[22.167s] INFO:colcon.colcon_core.shell:Creating environment hook '/home/bryan/hexapod_ws/install/hexapod_controller/share/hexapod_controller/hook/cmake_prefix_path.ps1'
[22.168s] INFO:colcon.colcon_core.shell:Creating environment descriptor '/home/bryan/hexapod_ws/install/hexapod_controller/share/hexapod_controller/hook/cmake_prefix_path.dsv'
[22.169s] INFO:colcon.colcon_core.shell:Creating environment hook '/home/bryan/hexapod_ws/install/hexapod_controller/share/hexapod_controller/hook/cmake_prefix_path.sh'
[22.170s] Level 1:colcon.colcon_core.environment:checking '/home/bryan/hexapod_ws/install/hexapod_controller/lib'
[22.170s] Level 1:colcon.colcon_core.environment:checking '/home/bryan/hexapod_ws/install/hexapod_controller/bin'
[22.170s] Level 1:colcon.colcon_core.environment:checking '/home/bryan/hexapod_ws/install/hexapod_controller/lib/pkgconfig/hexapod_controller.pc'
[22.171s] Level 1:colcon.colcon_core.environment:checking '/home/bryan/hexapod_ws/install/hexapod_controller/lib/python3.10/site-packages'
[22.171s] Level 1:colcon.colcon_core.environment:checking '/home/bryan/hexapod_ws/install/hexapod_controller/bin'
[22.172s] INFO:colcon.colcon_core.shell:Creating package script '/home/bryan/hexapod_ws/install/hexapod_controller/share/hexapod_controller/package.ps1'
[22.173s] INFO:colcon.colcon_core.shell:Creating package descriptor '/home/bryan/hexapod_ws/install/hexapod_controller/share/hexapod_controller/package.dsv'
[22.174s] INFO:colcon.colcon_core.shell:Creating package script '/home/bryan/hexapod_ws/install/hexapod_controller/share/hexapod_controller/package.sh'
[22.174s] INFO:colcon.colcon_core.shell:Creating package script '/home/bryan/hexapod_ws/install/hexapod_controller/share/hexapod_controller/package.bash'
[22.175s] INFO:colcon.colcon_core.shell:Creating package script '/home/bryan/hexapod_ws/install/hexapod_controller/share/hexapod_controller/package.zsh'
[22.175s] Level 1:colcon.colcon_core.environment:create_file_with_runtime_dependencies(/home/bryan/hexapod_ws/install/hexapod_controller/share/colcon-core/packages/hexapod_controller)
[22.246s] Level 1:colcon.colcon_core.environment:create_environment_scripts_only(hexapod_controller)
[22.247s] Level 1:colcon.colcon_core.environment:checking '/home/bryan/hexapod_ws/install/hexapod_controller' for CMake module files
[22.247s] Level 1:colcon.colcon_core.environment:checking '/home/bryan/hexapod_ws/install/hexapod_controller' for CMake config files
[22.248s] Level 1:colcon.colcon_core.shell:create_environment_hook('hexapod_controller', 'cmake_prefix_path')
[22.248s] INFO:colcon.colcon_core.shell:Creating environment hook '/home/bryan/hexapod_ws/install/hexapod_controller/share/hexapod_controller/hook/cmake_prefix_path.ps1'
[22.248s] INFO:colcon.colcon_core.shell:Creating environment descriptor '/home/bryan/hexapod_ws/install/hexapod_controller/share/hexapod_controller/hook/cmake_prefix_path.dsv'
[22.249s] INFO:colcon.colcon_core.shell:Creating environment hook '/home/bryan/hexapod_ws/install/hexapod_controller/share/hexapod_controller/hook/cmake_prefix_path.sh'
[22.249s] Level 1:colcon.colcon_core.environment:checking '/home/bryan/hexapod_ws/install/hexapod_controller/lib'
[22.250s] Level 1:colcon.colcon_core.environment:checking '/home/bryan/hexapod_ws/install/hexapod_controller/bin'
[22.250s] Level 1:colcon.colcon_core.environment:checking '/home/bryan/hexapod_ws/install/hexapod_controller/lib/pkgconfig/hexapod_controller.pc'
[22.250s] Level 1:colcon.colcon_core.environment:checking '/home/bryan/hexapod_ws/install/hexapod_controller/lib/python3.10/site-packages'
[22.251s] Level 1:colcon.colcon_core.environment:checking '/home/bryan/hexapod_ws/install/hexapod_controller/bin'
[22.251s] INFO:colcon.colcon_core.shell:Creating package script '/home/bryan/hexapod_ws/install/hexapod_controller/share/hexapod_controller/package.ps1'
[22.252s] INFO:colcon.colcon_core.shell:Creating package descriptor '/home/bryan/hexapod_ws/install/hexapod_controller/share/hexapod_controller/package.dsv'
[22.253s] INFO:colcon.colcon_core.shell:Creating package script '/home/bryan/hexapod_ws/install/hexapod_controller/share/hexapod_controller/package.sh'
[22.253s] INFO:colcon.colcon_core.shell:Creating package script '/home/bryan/hexapod_ws/install/hexapod_controller/share/hexapod_controller/package.bash'
[22.254s] INFO:colcon.colcon_core.shell:Creating package script '/home/bryan/hexapod_ws/install/hexapod_controller/share/hexapod_controller/package.zsh'
[22.254s] Level 1:colcon.colcon_core.environment:create_file_with_runtime_dependencies(/home/bryan/hexapod_ws/install/hexapod_controller/share/colcon-core/packages/hexapod_controller)
[22.255s] DEBUG:colcon.colcon_parallel_executor.executor.parallel:closing loop
[22.256s] DEBUG:colcon.colcon_parallel_executor.executor.parallel:loop closed
[22.256s] DEBUG:colcon.colcon_parallel_executor.executor.parallel:run_until_complete finished with '0'
[22.257s] DEBUG:colcon.colcon_core.event_reactor:joining thread
[22.267s] INFO:colcon.colcon_core.plugin_system:Skipping extension 'colcon_notification.desktop_notification.terminal_notifier': Not used on non-Darwin systems
[22.267s] INFO:colcon.colcon_core.plugin_system:Skipping extension 'colcon_notification.desktop_notification.win32': Not used on non-Windows systems
[22.268s] INFO:colcon.colcon_notification.desktop_notification:Sending desktop notification using 'notify2'
[22.289s] DEBUG:colcon.colcon_core.event_reactor:joined thread
[22.290s] INFO:colcon.colcon_core.shell:Creating prefix script '/home/bryan/hexapod_ws/install/local_setup.ps1'
[22.293s] INFO:colcon.colcon_core.shell:Creating prefix util module '/home/bryan/hexapod_ws/install/_local_setup_util_ps1.py'
[22.295s] INFO:colcon.colcon_core.shell:Creating prefix chain script '/home/bryan/hexapod_ws/install/setup.ps1'
[22.299s] INFO:colcon.colcon_core.shell:Creating prefix script '/home/bryan/hexapod_ws/install/local_setup.sh'
[22.300s] INFO:colcon.colcon_core.shell:Creating prefix util module '/home/bryan/hexapod_ws/install/_local_setup_util_sh.py'
[22.301s] INFO:colcon.colcon_core.shell:Creating prefix chain script '/home/bryan/hexapod_ws/install/setup.sh'
[22.304s] INFO:colcon.colcon_core.shell:Creating prefix script '/home/bryan/hexapod_ws/install/local_setup.bash'
[22.305s] INFO:colcon.colcon_core.shell:Creating prefix chain script '/home/bryan/hexapod_ws/install/setup.bash'
[22.307s] INFO:colcon.colcon_core.shell:Creating prefix script '/home/bryan/hexapod_ws/install/local_setup.zsh'
[22.308s] INFO:colcon.colcon_core.shell:Creating prefix chain script '/home/bryan/hexapod_ws/install/setup.zsh'
