[01m[K/home/bryan/hexapod_ws/src/hexapod_firmware/src/hexapod_interface.cpp:[m[K In destructor ‘[01m[Kvirtual hexapod_firmware::HexapodInterface::~HexapodInterface()[m[K’:
[01m[K/home/bryan/hexapod_ws/src/hexapod_firmware/src/hexapod_interface.cpp:15:7:[m[K [01;31m[Kerror: [m[K‘[01m[Karduino_[m[K’ was not declared in this scope
   15 |   if ([01;31m[Karduino_[m[K.IsOpen())
      |       [01;31m[K^~~~~~~~[m[K
[01m[K/home/bryan/hexapod_ws/src/hexapod_firmware/src/hexapod_interface.cpp:[m[K In member function ‘[01m[Kvirtual hexapod_firmware::CallbackReturn hexapod_firmware::HexapodInterface::on_activate(const rclcpp_lifecycle::State&)[m[K’:
[01m[K/home/bryan/hexapod_ws/src/hexapod_firmware/src/hexapod_interface.cpp:100:5:[m[K [01;31m[Kerror: [m[K‘[01m[Karduino_[m[K’ was not declared in this scope
  100 |     [01;31m[Karduino_[m[K.Open(port_);
      |     [01;31m[K^~~~~~~~[m[K
[01m[K/home/bryan/hexapod_ws/src/hexapod_firmware/src/hexapod_interface.cpp:[m[K In member function ‘[01m[Kvirtual hexapod_firmware::CallbackReturn hexapod_firmware::HexapodInterface::on_deactivate(const rclcpp_lifecycle::State&)[m[K’:
[01m[K/home/bryan/hexapod_ws/src/hexapod_firmware/src/hexapod_interface.cpp:120:7:[m[K [01;31m[Kerror: [m[K‘[01m[Karduino_[m[K’ was not declared in this scope
  120 |   if ([01;31m[Karduino_[m[K.IsOpen())
      |       [01;31m[K^~~~~~~~[m[K
[01m[K/home/bryan/hexapod_ws/src/hexapod_firmware/src/hexapod_interface.cpp:[m[K In member function ‘[01m[Kvirtual hardware_interface::return_type hexapod_firmware::HexapodInterface::read(const rclcpp::Time&, const rclcpp::Duration&)[m[K’:
[01m[K/home/bryan/hexapod_ws/src/hexapod_firmware/src/hexapod_interface.cpp:171:7:[m[K [01;31m[Kerror: [m[K‘[01m[Karduino_[m[K’ was not declared in this scope
  171 |   if ([01;31m[Karduino_[m[K.IsDataAvailable()) {
      |       [01;31m[K^~~~~~~~[m[K
[01m[K/home/bryan/hexapod_ws/src/hexapod_firmware/src/hexapod_interface.cpp:183:20:[m[K [01;35m[Kwarning: [m[Kunused variable ‘[01m[Kposition[m[K’ [[01;35m[K]8;;https://gcc.gnu.org/onlinedocs/gcc/Warning-Options.html#index-Wunused-variable-Wunused-variable]8;;[m[K]
  183 |             double [01;35m[Kposition[m[K = std::stod(value);
      |                    [01;35m[K^~~~~~~~[m[K
[01m[K/home/bryan/hexapod_ws/src/hexapod_firmware/src/hexapod_interface.cpp:172:10:[m[K [01;35m[Kwarning: [m[Kunused variable ‘[01m[Kdt[m[K’ [[01;35m[K]8;;https://gcc.gnu.org/onlinedocs/gcc/Warning-Options.html#index-Wunused-variable-Wunused-variable]8;;[m[K]
  172 |     auto [01;35m[Kdt[m[K = (rclcpp::Clock().now() - last_run_).seconds();
      |          [01;35m[K^~[m[K
[01m[K/home/bryan/hexapod_ws/src/hexapod_firmware/src/hexapod_interface.cpp:[m[K In member function ‘[01m[Kvirtual hardware_interface::return_type hexapod_firmware::HexapodInterface::write(const rclcpp::Time&, const rclcpp::Duration&)[m[K’:
[01m[K/home/bryan/hexapod_ws/src/hexapod_firmware/src/hexapod_interface.cpp:217:5:[m[K [01;31m[Kerror: [m[K‘[01m[Karduino_[m[K’ was not declared in this scope
  217 |     [01;31m[Karduino_[m[K.Write(message_stream.str());
      |     [01;31m[K^~~~~~~~[m[K
In file included from [01m[K/opt/ros/humble/include/class_loader/class_loader/class_loader.hpp:56[m[K,
                 from [01m[K/opt/ros/humble/include/pluginlib/pluginlib/class_list_macros.hpp:40[m[K,
                 from [01m[K/home/bryan/hexapod_ws/src/hexapod_firmware/src/hexapod_interface.cpp:3[m[K:
[01m[K/home/bryan/hexapod_ws/src/hexapod_firmware/src/hexapod_interface.cpp:[m[K At global scope:
[01m[K/home/bryan/hexapod_ws/src/hexapod_firmware/src/hexapod_interface.cpp:229:1:[m[K [01;31m[Kerror: [m[Kexpected ‘[01m[K}[m[K’ at end of input
  229 | [01;31m[KPLUGINLIB_EXPORT_CLASS[m[K(hexapod_firmware::HexapodInterface, hardware_interface::SystemInterface)
      | [01;31m[K^~~~~~~~~~~~~~~~~~~~~~[m[K
[01m[K/home/bryan/hexapod_ws/src/hexapod_firmware/src/hexapod_interface.cpp:7:1:[m[K [01;36m[Knote: [m[Kto match this ‘[01m[K{[m[K’
    7 | [01;36m[K{[m[K
      | [01;36m[K^[m[K
gmake[2]: *** [CMakeFiles/hexapod_firmware.dir/build.make:76: CMakeFiles/hexapod_firmware.dir/src/hexapod_interface.cpp.o] Error 1
gmake[1]: *** [CMakeFiles/Makefile2:137: CMakeFiles/hexapod_firmware.dir/all] Error 2
gmake: *** [Makefile:146: all] Error 2
