[0.014s] Invoking command in '/home/bryan/hexapod_ws/build/hexapod_controller': CMAKE_PREFIX_PATH=/home/bryan/hexapod_ws/install/hexapod_interfaces:/home/bryan/pico_ws/install/whycon:/home/bryan/pico_ws/install/swift_pico:/home/bryan/pico_ws/install/waypoint_navigation:/home/bryan/pico_ws/install/swift_pico_description:/home/bryan/pico_ws/install/rotors_swift_interface:/home/bryan/pico_ws/install/swift_msgs:/home/bryan/pico_ws/install/rotors_swift_gazebo:/home/bryan/pico_ws/install/rotors_swift_description:/home/bryan/pico_ws/install/rotors_control:/home/bryan/pico_ws/install/pid_tune:/home/bryan/pico_ws/install/pid_msg:/home/bryan/pico_ws/install/mav_comm:/home/bryan/pico_ws/install/mav_system_msgs:/home/bryan/pico_ws/install/mav_state_machine_msgs:/home/bryan/pico_ws/install/mav_planning_msgs:/home/bryan/pico_ws/install/mav_msgs:/home/bryan/hexapod_ws/install/hexapod_utils:/home/bryan/hexapod_ws/install/hexapod_kinematics:/home/bryan/hexapod_ws/install/hexapod_controller:/home/bryan/hexapod_ws/install/hexapod_description:/home/bryan/turtlesim_ws/install/turtlesim:/opt/ros/humble LD_LIBRARY_PATH=/home/bryan/hexapod_ws/install/hexapod_interfaces/lib:/home/bryan/pico_ws/install/whycon/lib:/home/bryan/pico_ws/install/waypoint_navigation/lib:/home/bryan/pico_ws/install/rotors_control/lib:/home/bryan/pico_ws/install/mav_planning_msgs/lib:/home/bryan/turtlesim_ws/install/turtlesim/lib:/usr/lib/x86_64-linux-gnu/gazebo-11/plugins:/usr/local/lib:/home/bryan/pico_ws/install/swift_msgs/lib:/home/bryan/pico_ws/install/pid_msg/lib:/home/bryan/pico_ws/install/mav_system_msgs/lib:/home/bryan/pico_ws/install/mav_state_machine_msgs/lib:/home/bryan/pico_ws/install/mav_msgs/lib:/opt/ros/humble/opt/rviz_ogre_vendor/lib:/opt/ros/humble/lib/x86_64-linux-gnu:/opt/ros/humble/lib /usr/bin/cmake --build /home/bryan/hexapod_ws/build/hexapod_controller -- -j16 -l16
[0.072s] [35m[1mConsolidate compiler generated dependencies of target tip_trajectory_generator[0m
[0.091s] [ 50%] Built target inverse_kinematics
[0.092s] [ 50%] Built target tip_pose_generator
[0.092s] [ 75%] Built target body_pose_generator
[0.098s] [ 87%] [32mBuilding CXX object CMakeFiles/tip_trajectory_generator.dir/src/tip_trajectory_generator.cpp.o[0m
[2.636s] In file included from [01m[K/opt/ros/humble/include/rclcpp/rclcpp/logging.hpp:24[m[K,
[2.636s]                  from [01m[K/opt/ros/humble/include/rclcpp/rclcpp/client.hpp:40[m[K,
[2.636s]                  from [01m[K/opt/ros/humble/include/rclcpp/rclcpp/callback_group.hpp:24[m[K,
[2.636s]                  from [01m[K/opt/ros/humble/include/rclcpp/rclcpp/any_executable.hpp:20[m[K,
[2.636s]                  from [01m[K/opt/ros/humble/include/rclcpp/rclcpp/memory_strategy.hpp:25[m[K,
[2.636s]                  from [01m[K/opt/ros/humble/include/rclcpp/rclcpp/memory_strategies.hpp:18[m[K,
[2.636s]                  from [01m[K/opt/ros/humble/include/rclcpp/rclcpp/executor_options.hpp:20[m[K,
[2.636s]                  from [01m[K/opt/ros/humble/include/rclcpp/rclcpp/executor.hpp:37[m[K,
[2.636s]                  from [01m[K/opt/ros/humble/include/rclcpp/rclcpp/executors/multi_threaded_executor.hpp:25[m[K,
[2.636s]                  from [01m[K/opt/ros/humble/include/rclcpp/rclcpp/executors.hpp:21[m[K,
[2.636s]                  from [01m[K/opt/ros/humble/include/rclcpp/rclcpp/rclcpp.hpp:155[m[K,
[2.637s]                  from [01m[K/home/bryan/hexapod_ws/src/hexapod_controller/src/tip_trajectory_generator.cpp:1[m[K:
[2.637s] [01m[K/home/bryan/hexapod_ws/src/hexapod_controller/src/tip_trajectory_generator.cpp:[m[K In member function ‘[01m[Kvoid HexapodTrajectoryGenNode::publish_leg_positions()[m[K’:
[2.637s] [01m[K/home/bryan/hexapod_ws/src/hexapod_controller/src/tip_trajectory_generator.cpp:90:41:[m[K [01;35m[Kwarning: [m[Kformat ‘[01m[K%f[m[K’ expects argument of type ‘[01m[Kdouble[m[K’, but argument 5 has type ‘[01m[Kint[m[K’ [[01;35m[K]8;;https://gcc.gnu.org/onlinedocs/gcc/Warning-Options.html#index-Wformat=-Wformat=]8;;[m[K]
[2.637s]    90 |         RCLCPP_INFO(this->get_logger(), [01;35m[K"t_global  %f"[m[K, [32m[Kthis->gait[m[K);
[2.637s]       |                                         [01;35m[K^~~~~~~~~~~~~~[m[K  [32m[K~~~~~~~~~~[m[K
[2.637s]       |                                                               [32m[K|[m[K
[2.637s]       |                                                               [32m[Kint[m[K
[2.637s] [01m[K/home/bryan/hexapod_ws/src/hexapod_controller/src/tip_trajectory_generator.cpp:90:53:[m[K [01;36m[Knote: [m[Kformat string is defined here
[2.637s]    90 |         RCLCPP_INFO(this->get_logger(), "t_global  [01;36m[K%f[m[K", this->gait);
[2.637s]       |                                                    [01;36m[K~^[m[K
[2.637s]       |                                                     [01;36m[K|[m[K
[2.637s]       |                                                     [01;36m[Kdouble[m[K
[2.637s]       |                                                    [32m[K%d[m[K
[10.457s] [100%] [32m[1mLinking CXX executable tip_trajectory_generator[0m
[10.970s] [100%] Built target tip_trajectory_generator
[10.985s] Invoked command in '/home/bryan/hexapod_ws/build/hexapod_controller' returned '0': CMAKE_PREFIX_PATH=/home/bryan/hexapod_ws/install/hexapod_interfaces:/home/bryan/pico_ws/install/whycon:/home/bryan/pico_ws/install/swift_pico:/home/bryan/pico_ws/install/waypoint_navigation:/home/bryan/pico_ws/install/swift_pico_description:/home/bryan/pico_ws/install/rotors_swift_interface:/home/bryan/pico_ws/install/swift_msgs:/home/bryan/pico_ws/install/rotors_swift_gazebo:/home/bryan/pico_ws/install/rotors_swift_description:/home/bryan/pico_ws/install/rotors_control:/home/bryan/pico_ws/install/pid_tune:/home/bryan/pico_ws/install/pid_msg:/home/bryan/pico_ws/install/mav_comm:/home/bryan/pico_ws/install/mav_system_msgs:/home/bryan/pico_ws/install/mav_state_machine_msgs:/home/bryan/pico_ws/install/mav_planning_msgs:/home/bryan/pico_ws/install/mav_msgs:/home/bryan/hexapod_ws/install/hexapod_utils:/home/bryan/hexapod_ws/install/hexapod_kinematics:/home/bryan/hexapod_ws/install/hexapod_controller:/home/bryan/hexapod_ws/install/hexapod_description:/home/bryan/turtlesim_ws/install/turtlesim:/opt/ros/humble LD_LIBRARY_PATH=/home/bryan/hexapod_ws/install/hexapod_interfaces/lib:/home/bryan/pico_ws/install/whycon/lib:/home/bryan/pico_ws/install/waypoint_navigation/lib:/home/bryan/pico_ws/install/rotors_control/lib:/home/bryan/pico_ws/install/mav_planning_msgs/lib:/home/bryan/turtlesim_ws/install/turtlesim/lib:/usr/lib/x86_64-linux-gnu/gazebo-11/plugins:/usr/local/lib:/home/bryan/pico_ws/install/swift_msgs/lib:/home/bryan/pico_ws/install/pid_msg/lib:/home/bryan/pico_ws/install/mav_system_msgs/lib:/home/bryan/pico_ws/install/mav_state_machine_msgs/lib:/home/bryan/pico_ws/install/mav_msgs/lib:/opt/ros/humble/opt/rviz_ogre_vendor/lib:/opt/ros/humble/lib/x86_64-linux-gnu:/opt/ros/humble/lib /usr/bin/cmake --build /home/bryan/hexapod_ws/build/hexapod_controller -- -j16 -l16
[11.036s] Invoking command in '/home/bryan/hexapod_ws/build/hexapod_controller': CMAKE_PREFIX_PATH=/home/bryan/hexapod_ws/install/hexapod_interfaces:/home/bryan/pico_ws/install/whycon:/home/bryan/pico_ws/install/swift_pico:/home/bryan/pico_ws/install/waypoint_navigation:/home/bryan/pico_ws/install/swift_pico_description:/home/bryan/pico_ws/install/rotors_swift_interface:/home/bryan/pico_ws/install/swift_msgs:/home/bryan/pico_ws/install/rotors_swift_gazebo:/home/bryan/pico_ws/install/rotors_swift_description:/home/bryan/pico_ws/install/rotors_control:/home/bryan/pico_ws/install/pid_tune:/home/bryan/pico_ws/install/pid_msg:/home/bryan/pico_ws/install/mav_comm:/home/bryan/pico_ws/install/mav_system_msgs:/home/bryan/pico_ws/install/mav_state_machine_msgs:/home/bryan/pico_ws/install/mav_planning_msgs:/home/bryan/pico_ws/install/mav_msgs:/home/bryan/hexapod_ws/install/hexapod_utils:/home/bryan/hexapod_ws/install/hexapod_kinematics:/home/bryan/hexapod_ws/install/hexapod_controller:/home/bryan/hexapod_ws/install/hexapod_description:/home/bryan/turtlesim_ws/install/turtlesim:/opt/ros/humble LD_LIBRARY_PATH=/home/bryan/hexapod_ws/install/hexapod_interfaces/lib:/home/bryan/pico_ws/install/whycon/lib:/home/bryan/pico_ws/install/waypoint_navigation/lib:/home/bryan/pico_ws/install/rotors_control/lib:/home/bryan/pico_ws/install/mav_planning_msgs/lib:/home/bryan/turtlesim_ws/install/turtlesim/lib:/usr/lib/x86_64-linux-gnu/gazebo-11/plugins:/usr/local/lib:/home/bryan/pico_ws/install/swift_msgs/lib:/home/bryan/pico_ws/install/pid_msg/lib:/home/bryan/pico_ws/install/mav_system_msgs/lib:/home/bryan/pico_ws/install/mav_state_machine_msgs/lib:/home/bryan/pico_ws/install/mav_msgs/lib:/opt/ros/humble/opt/rviz_ogre_vendor/lib:/opt/ros/humble/lib/x86_64-linux-gnu:/opt/ros/humble/lib /usr/bin/cmake --install /home/bryan/hexapod_ws/build/hexapod_controller
[11.049s] -- Install configuration: ""
[11.049s] -- Up-to-date: /home/bryan/hexapod_ws/install/hexapod_controller/include/include
[11.049s] -- Up-to-date: /home/bryan/hexapod_ws/install/hexapod_controller/include/include/hexapod_controller
[11.049s] -- Up-to-date: /home/bryan/hexapod_ws/install/hexapod_controller/include/include/hexapod_controller/pid_controller.hpp
[11.049s] -- Up-to-date: /home/bryan/hexapod_ws/install/hexapod_controller/lib/hexapod_controller/inverse_kinematics
[11.049s] -- Up-to-date: /home/bryan/hexapod_ws/install/hexapod_controller/lib/hexapod_controller/body_pose_generator
[11.049s] -- Up-to-date: /home/bryan/hexapod_ws/install/hexapod_controller/lib/hexapod_controller/tip_pose_generator
[11.050s] -- Installing: /home/bryan/hexapod_ws/install/hexapod_controller/lib/hexapod_controller/tip_trajectory_generator
[11.054s] -- Set runtime path of "/home/bryan/hexapod_ws/install/hexapod_controller/lib/hexapod_controller/tip_trajectory_generator" to ""
[11.054s] -- Up-to-date: /home/bryan/hexapod_ws/install/hexapod_controller/share/hexapod_controller/config
[11.054s] -- Up-to-date: /home/bryan/hexapod_ws/install/hexapod_controller/share/hexapod_controller/config/hexapod_controllers.yaml
[11.054s] -- Up-to-date: /home/bryan/hexapod_ws/install/hexapod_controller/share/hexapod_controller/config/joy_teleop.yaml
[11.054s] -- Up-to-date: /home/bryan/hexapod_ws/install/hexapod_controller/share/hexapod_controller/config/joy_config.yaml
[11.054s] -- Up-to-date: /home/bryan/hexapod_ws/install/hexapod_controller/share/hexapod_controller/launch
[11.054s] -- Up-to-date: /home/bryan/hexapod_ws/install/hexapod_controller/share/hexapod_controller/launch/controller.launch.py
[11.054s] -- Up-to-date: /home/bryan/hexapod_ws/install/hexapod_controller/share/hexapod_controller/launch/joystick_teleop.launch.py
[11.054s] -- Up-to-date: /home/bryan/hexapod_ws/install/hexapod_controller/share/hexapod_controller/launch/keyboard_teleop.launch.py
[11.055s] -- Up-to-date: /home/bryan/hexapod_ws/install/hexapod_controller/share/ament_index/resource_index/package_run_dependencies/hexapod_controller
[11.055s] -- Up-to-date: /home/bryan/hexapod_ws/install/hexapod_controller/share/ament_index/resource_index/parent_prefix_path/hexapod_controller
[11.055s] -- Up-to-date: /home/bryan/hexapod_ws/install/hexapod_controller/share/hexapod_controller/environment/ament_prefix_path.sh
[11.055s] -- Up-to-date: /home/bryan/hexapod_ws/install/hexapod_controller/share/hexapod_controller/environment/ament_prefix_path.dsv
[11.055s] -- Up-to-date: /home/bryan/hexapod_ws/install/hexapod_controller/share/hexapod_controller/environment/path.sh
[11.055s] -- Up-to-date: /home/bryan/hexapod_ws/install/hexapod_controller/share/hexapod_controller/environment/path.dsv
[11.055s] -- Up-to-date: /home/bryan/hexapod_ws/install/hexapod_controller/share/hexapod_controller/local_setup.bash
[11.055s] -- Up-to-date: /home/bryan/hexapod_ws/install/hexapod_controller/share/hexapod_controller/local_setup.sh
[11.055s] -- Up-to-date: /home/bryan/hexapod_ws/install/hexapod_controller/share/hexapod_controller/local_setup.zsh
[11.055s] -- Up-to-date: /home/bryan/hexapod_ws/install/hexapod_controller/share/hexapod_controller/local_setup.dsv
[11.055s] -- Installing: /home/bryan/hexapod_ws/install/hexapod_controller/share/hexapod_controller/package.dsv
[11.055s] -- Up-to-date: /home/bryan/hexapod_ws/install/hexapod_controller/share/ament_index/resource_index/packages/hexapod_controller
[11.056s] -- Up-to-date: /home/bryan/hexapod_ws/install/hexapod_controller/share/hexapod_controller/cmake/hexapod_controllerConfig.cmake
[11.056s] -- Up-to-date: /home/bryan/hexapod_ws/install/hexapod_controller/share/hexapod_controller/cmake/hexapod_controllerConfig-version.cmake
[11.056s] -- Up-to-date: /home/bryan/hexapod_ws/install/hexapod_controller/share/hexapod_controller/package.xml
[11.058s] Invoked command in '/home/bryan/hexapod_ws/build/hexapod_controller' returned '0': CMAKE_PREFIX_PATH=/home/bryan/hexapod_ws/install/hexapod_interfaces:/home/bryan/pico_ws/install/whycon:/home/bryan/pico_ws/install/swift_pico:/home/bryan/pico_ws/install/waypoint_navigation:/home/bryan/pico_ws/install/swift_pico_description:/home/bryan/pico_ws/install/rotors_swift_interface:/home/bryan/pico_ws/install/swift_msgs:/home/bryan/pico_ws/install/rotors_swift_gazebo:/home/bryan/pico_ws/install/rotors_swift_description:/home/bryan/pico_ws/install/rotors_control:/home/bryan/pico_ws/install/pid_tune:/home/bryan/pico_ws/install/pid_msg:/home/bryan/pico_ws/install/mav_comm:/home/bryan/pico_ws/install/mav_system_msgs:/home/bryan/pico_ws/install/mav_state_machine_msgs:/home/bryan/pico_ws/install/mav_planning_msgs:/home/bryan/pico_ws/install/mav_msgs:/home/bryan/hexapod_ws/install/hexapod_utils:/home/bryan/hexapod_ws/install/hexapod_kinematics:/home/bryan/hexapod_ws/install/hexapod_controller:/home/bryan/hexapod_ws/install/hexapod_description:/home/bryan/turtlesim_ws/install/turtlesim:/opt/ros/humble LD_LIBRARY_PATH=/home/bryan/hexapod_ws/install/hexapod_interfaces/lib:/home/bryan/pico_ws/install/whycon/lib:/home/bryan/pico_ws/install/waypoint_navigation/lib:/home/bryan/pico_ws/install/rotors_control/lib:/home/bryan/pico_ws/install/mav_planning_msgs/lib:/home/bryan/turtlesim_ws/install/turtlesim/lib:/usr/lib/x86_64-linux-gnu/gazebo-11/plugins:/usr/local/lib:/home/bryan/pico_ws/install/swift_msgs/lib:/home/bryan/pico_ws/install/pid_msg/lib:/home/bryan/pico_ws/install/mav_system_msgs/lib:/home/bryan/pico_ws/install/mav_state_machine_msgs/lib:/home/bryan/pico_ws/install/mav_msgs/lib:/opt/ros/humble/opt/rviz_ogre_vendor/lib:/opt/ros/humble/lib/x86_64-linux-gnu:/opt/ros/humble/lib /usr/bin/cmake --install /home/bryan/hexapod_ws/build/hexapod_controller
