[0.019s] Invoking command in '/home/bryan/hexapod_ws/build/hexapod_kinematics': CMAKE_PREFIX_PATH=${CMAKE_PREFIX_PATH}:/home/bryan/bumperbot_ws/install/bumperbot_py_examples:/opt/ros/humble /usr/bin/cmake --build /home/bryan/hexapod_ws/build/hexapod_kinematics -- -j16 -l16
[0.021s] /usr/bin/cmake: /home/bryan/miniconda3/envs/isaac_gym/lib/libcurl.so.4: no version information available (required by /usr/bin/cmake)
[0.028s] /usr/bin/cmake: /home/bryan/miniconda3/envs/isaac_gym/lib/libcurl.so.4: no version information available (required by /usr/bin/cmake)
[0.035s] /usr/bin/cmake: /home/bryan/miniconda3/envs/isaac_gym/lib/libcurl.so.4: no version information available (required by /usr/bin/cmake)
[0.044s] /usr/bin/cmake: /home/bryan/miniconda3/envs/isaac_gym/lib/libcurl.so.4: no version information available (required by /usr/bin/cmake)
[0.050s] Invoked command in '/home/bryan/hexapod_ws/build/hexapod_kinematics' returned '0': CMAKE_PREFIX_PATH=${CMAKE_PREFIX_PATH}:/home/bryan/bumperbot_ws/install/bumperbot_py_examples:/opt/ros/humble /usr/bin/cmake --build /home/bryan/hexapod_ws/build/hexapod_kinematics -- -j16 -l16
[0.083s] Invoking command in '/home/bryan/hexapod_ws/build/hexapod_kinematics': CMAKE_PREFIX_PATH=${CMAKE_PREFIX_PATH}:/home/bryan/bumperbot_ws/install/bumperbot_py_examples:/opt/ros/humble /usr/bin/cmake --build /home/bryan/hexapod_ws/build/hexapod_kinematics --target install -- -j16 -l16
[0.086s] /usr/bin/cmake: /home/bryan/miniconda3/envs/isaac_gym/lib/libcurl.so.4: no version information available (required by /usr/bin/cmake)
[0.096s] /usr/bin/cmake: /home/bryan/miniconda3/envs/isaac_gym/lib/libcurl.so.4: no version information available (required by /usr/bin/cmake)
[0.106s] /usr/bin/cmake: /home/bryan/miniconda3/envs/isaac_gym/lib/libcurl.so.4: no version information available (required by /usr/bin/cmake)
[0.115s] /usr/bin/cmake: /home/bryan/miniconda3/envs/isaac_gym/lib/libcurl.so.4: no version information available (required by /usr/bin/cmake)
[0.125s] /usr/bin/cmake: /home/bryan/miniconda3/envs/isaac_gym/lib/libcurl.so.4: no version information available (required by /usr/bin/cmake)
[0.133s] [36mInstall the project...[0m
[0.137s] /usr/bin/cmake: /home/bryan/miniconda3/envs/isaac_gym/lib/libcurl.so.4: no version information available (required by /usr/bin/cmake)
[0.138s] -- Install configuration: ""
[0.138s] -- Up-to-date: /home/bryan/hexapod_ws/install/hexapod_kinematics/share/ament_index/resource_index/package_run_dependencies/hexapod_kinematics
[0.138s] -- Up-to-date: /home/bryan/hexapod_ws/install/hexapod_kinematics/share/ament_index/resource_index/parent_prefix_path/hexapod_kinematics
[0.138s] -- Up-to-date: /home/bryan/hexapod_ws/install/hexapod_kinematics/share/hexapod_kinematics/environment/ament_prefix_path.sh
[0.139s] -- Up-to-date: /home/bryan/hexapod_ws/install/hexapod_kinematics/share/hexapod_kinematics/environment/ament_prefix_path.dsv
[0.139s] -- Up-to-date: /home/bryan/hexapod_ws/install/hexapod_kinematics/share/hexapod_kinematics/environment/path.sh
[0.139s] -- Up-to-date: /home/bryan/hexapod_ws/install/hexapod_kinematics/share/hexapod_kinematics/environment/path.dsv
[0.139s] -- Up-to-date: /home/bryan/hexapod_ws/install/hexapod_kinematics/share/hexapod_kinematics/local_setup.bash
[0.139s] -- Up-to-date: /home/bryan/hexapod_ws/install/hexapod_kinematics/share/hexapod_kinematics/local_setup.sh
[0.139s] -- Up-to-date: /home/bryan/hexapod_ws/install/hexapod_kinematics/share/hexapod_kinematics/local_setup.zsh
[0.139s] -- Up-to-date: /home/bryan/hexapod_ws/install/hexapod_kinematics/share/hexapod_kinematics/local_setup.dsv
[0.139s] -- Installing: /home/bryan/hexapod_ws/install/hexapod_kinematics/share/hexapod_kinematics/package.dsv
[0.139s] -- Up-to-date: /home/bryan/hexapod_ws/install/hexapod_kinematics/share/ament_index/resource_index/packages/hexapod_kinematics
[0.139s] -- Up-to-date: /home/bryan/hexapod_ws/install/hexapod_kinematics/share/hexapod_kinematics/cmake/hexapod_kinematicsConfig.cmake
[0.139s] -- Up-to-date: /home/bryan/hexapod_ws/install/hexapod_kinematics/share/hexapod_kinematics/cmake/hexapod_kinematicsConfig-version.cmake
[0.140s] -- Up-to-date: /home/bryan/hexapod_ws/install/hexapod_kinematics/share/hexapod_kinematics/package.xml
[0.160s] Invoked command in '/home/bryan/hexapod_ws/build/hexapod_kinematics' returned '0': CMAKE_PREFIX_PATH=${CMAKE_PREFIX_PATH}:/home/bryan/bumperbot_ws/install/bumperbot_py_examples:/opt/ros/humble /usr/bin/cmake --build /home/bryan/hexapod_ws/build/hexapod_kinematics --target install -- -j16 -l16
