[0.010s] Invoking command in '/home/bryan/hexapod_ws/build/hexapod_controller': CMAKE_PREFIX_PATH=${CMAKE_PREFIX_PATH}:/opt/ros/humble /usr/bin/cmake --build /home/bryan/hexapod_ws/build/hexapod_controller -- -j16 -l16
[0.041s] -- Found ament_cmake: 1.3.10 (/opt/ros/humble/share/ament_cmake/cmake)
[0.167s] -- Found rclcpp: 16.0.10 (/opt/ros/humble/share/rclcpp/cmake)
[0.189s] -- Found rosidl_generator_c: 3.1.5 (/opt/ros/humble/share/rosidl_generator_c/cmake)
[0.191s] -- Found rosidl_adapter: 3.1.5 (/opt/ros/humble/share/rosidl_adapter/cmake)
[0.197s] -- Found rosidl_generator_cpp: 3.1.5 (/opt/ros/humble/share/rosidl_generator_cpp/cmake)
[0.204s] -- Using all available rosidl_typesupport_c: rosidl_typesupport_fastrtps_c;rosidl_typesupport_introspection_c
[0.215s] -- Using all available rosidl_typesupport_cpp: rosidl_typesupport_fastrtps_cpp;rosidl_typesupport_introspection_cpp
[0.239s] -- Found rmw_implementation_cmake: 6.1.2 (/opt/ros/humble/share/rmw_implementation_cmake/cmake)
[0.241s] -- Found rmw_fastrtps_cpp: 6.2.7 (/opt/ros/humble/share/rmw_fastrtps_cpp/cmake)
[0.335s] -- Using RMW implementation 'rmw_fastrtps_cpp' as default
[0.375s] -- Found geometry_msgs: 4.2.4 (/opt/ros/humble/share/geometry_msgs/cmake)
[0.386s] -- Found ament_lint_auto: 0.12.11 (/opt/ros/humble/share/ament_lint_auto/cmake)
[0.453s] -- Added test 'cppcheck' to perform static code analysis on C / C++ code
[0.453s] -- Configured cppcheck include dirs: 
[0.453s] -- Configured cppcheck exclude dirs and/or files: 
[0.453s] -- Added test 'flake8' to check Python code syntax and style conventions
[0.453s] -- Added test 'lint_cmake' to check CMake code style
[0.454s] -- Added test 'pep257' to check Python code against some of the docstring style conventions in PEP 257
[0.454s] -- Added test 'uncrustify' to check C / C++ code style
[0.454s] -- Configured uncrustify additional arguments: 
[0.455s] -- Added test 'xmllint' to check XML markup files
[0.455s] -- Configuring done
[0.465s] -- Generating done
[0.466s] -- Build files have been written to: /home/bryan/hexapod_ws/build/hexapod_controller
[0.506s] [ 50%] [32mBuilding CXX object CMakeFiles/inverse_kinematics.dir/src/inverse_kinematics.cpp.o[0m
[2.630s] In file included from [01m[K/usr/include/c++/11/pstl/glue_algorithm_defs.h:13[m[K,
[2.630s]                  from [01m[K/usr/include/c++/11/algorithm:74[m[K,
[2.630s]                  from [01m[K/opt/ros/humble/include/rclcpp/rclcpp/executor.hpp:18[m[K,
[2.630s]                  from [01m[K/opt/ros/humble/include/rclcpp/rclcpp/executors/multi_threaded_executor.hpp:25[m[K,
[2.630s]                  from [01m[K/opt/ros/humble/include/rclcpp/rclcpp/executors.hpp:21[m[K,
[2.630s]                  from [01m[K/opt/ros/humble/include/rclcpp/rclcpp/rclcpp.hpp:155[m[K,
[2.630s]                  from [01m[K/home/bryan/hexapod_ws/src/hexapod_controller/src/inverse_kinematics.cpp:1[m[K:
[2.631s] /usr/include/c++/11/functional: In instantiation of ‘[01m[Kstruct std::_Bind_check_arity<void (HexapodIKNode::*)(double, double, double), HexapodIKNode*, const std::_Placeholder<1>&>[m[K’:
[2.631s] [01m[K/usr/include/c++/11/functional:768:12:[m[K   required from ‘[01m[Kstruct std::_Bind_helper<false, void (HexapodIKNode::*)(double, double, double), HexapodIKNode*, const std::_Placeholder<1>&>[m[K’
[2.631s] [01m[K/usr/include/c++/11/functional:789:5:[m[K   required by substitution of ‘[01m[Ktemplate<class _Func, class ... _BoundArgs> typename std::_Bind_helper<std::__is_socketlike<_Func>::value, _Func, _BoundArgs ...>::type std::bind(_Func&&, _BoundArgs&& ...) [with _Func = void (HexapodIKNode::*)(double, double, double); _BoundArgs = {HexapodIKNode*, const std::_Placeholder<1>&}][m[K’
[2.631s] [01m[K/home/bryan/hexapod_ws/src/hexapod_controller/src/inverse_kinematics.cpp:14:40:[m[K   required from here
[2.631s] [01m[K/usr/include/c++/11/functional:756:21:[m[K [01;31m[Kerror: [m[Kstatic assertion failed: Wrong number of arguments for pointer-to-member
[2.631s]   755 |       static_assert(_Varargs::[01;31m[Kvalue[m[K
[2.631s]       |                               [01;31m[K~~~~~[m[K
[2.631s]   756 | [01;31m[K                    ? sizeof...(_BoundArgs) >= _Arity::value + 1[m[K
[2.631s]       |                     [01;31m[K^~~~~~~~~~~~~~~~~~~~~~~~~~~~~~~~~~~~~~~~~~~~[m[K
[2.631s]   757 | [01;31m[K                    : sizeof...(_BoundArgs) == _Arity::value + 1[m[K,
[2.631s]       |                     [01;31m[K~~~~~~~~~~~~~~~~~~~~~~~~~~~~~~~~~~~~~~~~~~~~[m[K
[2.631s] [01m[K/usr/include/c++/11/functional:756:21:[m[K [01;36m[Knote: [m[K‘[01m[K(false ? (2 >= (((long unsigned int)std::integral_constant<long unsigned int, 3>::value) + 1)) : (2 == (((long unsigned int)std::integral_constant<long unsigned int, 3>::value) + 1)))[m[K’ evaluates to false
[2.642s] [01m[K/home/bryan/hexapod_ws/src/hexapod_controller/src/inverse_kinematics.cpp:[m[K In member function ‘[01m[Kvoid HexapodIKNode::tipPosesCallback(double, double, double)[m[K’:
[2.642s] [01m[K/home/bryan/hexapod_ws/src/hexapod_controller/src/inverse_kinematics.cpp:30:46:[m[K [01;31m[Kerror: [m[K‘[01m[KPI[m[K’ was not declared in this scope
[2.642s]    30 |             double J1 = atan(X / Y) * (180 / [01;31m[KPI[m[K);
[2.642s]       |                                              [01;31m[K^~[m[K
[2.650s] [01m[K/home/bryan/hexapod_ws/src/hexapod_controller/src/inverse_kinematics.cpp:32:52:[m[K [01;31m[Kerror: [m[K‘[01m[KZ_projection[m[K’ was not declared in this scope
[2.650s]    32 |             double L = sqrt(((H-J1L) * (H-J1L)) + ([01;31m[KZ_projection[m[K * Z_projection));
[2.650s]       |                                                    [01;31m[K^~~~~~~~~~~~[m[K
[2.655s] [01m[K/home/bryan/hexapod_ws/src/hexapod_controller/src/inverse_kinematics.cpp:37:40:[m[K [01;31m[Kerror: [m[K‘[01m[Kservo_no[m[K’ was not declared in this scope
[2.655s]    37 |             UpdatePosition(J1, J2, J3, [01;31m[Kservo_no[m[K);
[2.655s]       |                                        [01;31m[K^~~~~~~~[m[K
[2.662s] [01m[K/home/bryan/hexapod_ws/src/hexapod_controller/src/inverse_kinematics.cpp:37:13:[m[K [01;31m[Kerror: [m[K‘[01m[KUpdatePosition[m[K’ was not declared in this scope
[2.663s]    37 |             [01;31m[KUpdatePosition[m[K(J1, J2, J3, servo_no);
[2.663s]       |             [01;31m[K^~~~~~~~~~~~~~[m[K
[2.663s] [01m[K/home/bryan/hexapod_ws/src/hexapod_controller/src/inverse_kinematics.cpp:43:13:[m[K [01;31m[Kerror: [m[Kexpected ‘[01m[K;[m[K’ before ‘[01m[Kstd_msgs[m[K’
[2.663s]    43 |             [01;31m[Kstd_msgs[m[K::msg::Float64MultiArray cmd;
[2.663s]       |             [01;31m[K^~~~~~~~[m[K
[2.667s] [01m[K/home/bryan/hexapod_ws/src/hexapod_controller/src/inverse_kinematics.cpp:44:13:[m[K [01;31m[Kerror: [m[K‘[01m[Kcmd[m[K’ was not declared in this scope
[2.667s]    44 |             [01;31m[Kcmd[m[K.data = {J1, J2, J3, 1, 1, 1, 1, 1, 1, 1, 1, 1, 1, 1, 1, 1, 1, 1}
[2.667s]       |             [01;31m[K^~~[m[K
[3.072s] In file included from [01m[K/opt/ros/humble/include/rclcpp/rclcpp/subscription_base.hpp:32[m[K,
[3.072s]                  from [01m[K/opt/ros/humble/include/rclcpp/rclcpp/callback_group.hpp:29[m[K,
[3.072s]                  from [01m[K/opt/ros/humble/include/rclcpp/rclcpp/any_executable.hpp:20[m[K,
[3.072s]                  from [01m[K/opt/ros/humble/include/rclcpp/rclcpp/memory_strategy.hpp:25[m[K,
[3.072s]                  from [01m[K/opt/ros/humble/include/rclcpp/rclcpp/memory_strategies.hpp:18[m[K,
[3.072s]                  from [01m[K/opt/ros/humble/include/rclcpp/rclcpp/executor_options.hpp:20[m[K,
[3.073s]                  from [01m[K/opt/ros/humble/include/rclcpp/rclcpp/executor.hpp:37[m[K,
[3.073s]                  from [01m[K/opt/ros/humble/include/rclcpp/rclcpp/executors/multi_threaded_executor.hpp:25[m[K,
[3.073s]                  from [01m[K/opt/ros/humble/include/rclcpp/rclcpp/executors.hpp:21[m[K,
[3.073s]                  from [01m[K/opt/ros/humble/include/rclcpp/rclcpp/rclcpp.hpp:155[m[K,
[3.073s]                  from [01m[K/home/bryan/hexapod_ws/src/hexapod_controller/src/inverse_kinematics.cpp:1[m[K:
[3.073s] /opt/ros/humble/include/rclcpp/rclcpp/any_subscription_callback.hpp: In instantiation of ‘[01m[Krclcpp::AnySubscriptionCallback<MessageT, AllocatorT> rclcpp::AnySubscriptionCallback<MessageT, AllocatorT>::set(CallbackT) [with CallbackT = std::_Bind<void (HexapodIKNode::*(HexapodIKNode*, std::_Placeholder<1>))(double, double, double)>; MessageT = std_msgs::msg::Float64MultiArray_<std::allocator<void> >; AllocatorT = std::allocator<void>][m[K’:
[3.073s] [01m[K/opt/ros/humble/include/rclcpp/rclcpp/subscription_factory.hpp:94:32:[m[K   required from ‘[01m[Krclcpp::SubscriptionFactory rclcpp::create_subscription_factory(CallbackT&&, const rclcpp::SubscriptionOptionsWithAllocator<AllocatorT>&, typename MessageMemoryStrategyT::SharedPtr, std::shared_ptr<rclcpp::topic_statistics::SubscriptionTopicStatistics<ROSMessageType> >) [with MessageT = std_msgs::msg::Float64MultiArray_<std::allocator<void> >; CallbackT = std::_Bind<void (HexapodIKNode::*(HexapodIKNode*, std::_Placeholder<1>))(double, double, double)>; AllocatorT = std::allocator<void>; SubscriptionT = rclcpp::Subscription<std_msgs::msg::Float64MultiArray_<std::allocator<void> > >; MessageMemoryStrategyT = rclcpp::message_memory_strategy::MessageMemoryStrategy<std_msgs::msg::Float64MultiArray_<std::allocator<void> >, std::allocator<void> >; ROSMessageType = std_msgs::msg::Float64MultiArray_<std::allocator<void> >; typename MessageMemoryStrategyT::SharedPtr = std::shared_ptr<rclcpp::message_memory_strategy::MessageMemoryStrategy<std_msgs::msg::Float64MultiArray_<std::allocator<void> >, std::allocator<void> > >][m[K’
[3.073s] [01m[K/opt/ros/humble/include/rclcpp/rclcpp/create_subscription.hpp:122:63:[m[K   required from ‘[01m[Kstd::shared_ptr<ROSMessageT> rclcpp::detail::create_subscription(NodeParametersT&, NodeTopicsT&, const string&, const rclcpp::QoS&, CallbackT&&, const rclcpp::SubscriptionOptionsWithAllocator<AllocatorT>&, typename MessageMemoryStrategyT::SharedPtr) [with MessageT = std_msgs::msg::Float64MultiArray_<std::allocator<void> >; CallbackT = std::_Bind<void (HexapodIKNode::*(HexapodIKNode*, std::_Placeholder<1>))(double, double, double)>; AllocatorT = std::allocator<void>; SubscriptionT = rclcpp::Subscription<std_msgs::msg::Float64MultiArray_<std::allocator<void> > >; MessageMemoryStrategyT = rclcpp::message_memory_strategy::MessageMemoryStrategy<std_msgs::msg::Float64MultiArray_<std::allocator<void> >, std::allocator<void> >; NodeParametersT = rclcpp::Node; NodeTopicsT = rclcpp::Node; ROSMessageType = std_msgs::msg::Float64MultiArray_<std::allocator<void> >; std::string = std::__cxx11::basic_string<char>; typename MessageMemoryStrategyT::SharedPtr = std::shared_ptr<rclcpp::message_memory_strategy::MessageMemoryStrategy<std_msgs::msg::Float64MultiArray_<std::allocator<void> >, std::allocator<void> > >][m[K’
[3.073s] [01m[K/opt/ros/humble/include/rclcpp/rclcpp/create_subscription.hpp:191:76:[m[K   required from ‘[01m[Kstd::shared_ptr<ROSMessageT> rclcpp::create_subscription(NodeT&, const string&, const rclcpp::QoS&, CallbackT&&, const rclcpp::SubscriptionOptionsWithAllocator<AllocatorT>&, typename MessageMemoryStrategyT::SharedPtr) [with MessageT = std_msgs::msg::Float64MultiArray_<std::allocator<void> >; CallbackT = std::_Bind<void (HexapodIKNode::*(HexapodIKNode*, std::_Placeholder<1>))(double, double, double)>; AllocatorT = std::allocator<void>; SubscriptionT = rclcpp::Subscription<std_msgs::msg::Float64MultiArray_<std::allocator<void> > >; MessageMemoryStrategyT = rclcpp::message_memory_strategy::MessageMemoryStrategy<std_msgs::msg::Float64MultiArray_<std::allocator<void> >, std::allocator<void> >; NodeT = rclcpp::Node; std::string = std::__cxx11::basic_string<char>; typename MessageMemoryStrategyT::SharedPtr = std::shared_ptr<rclcpp::message_memory_strategy::MessageMemoryStrategy<std_msgs::msg::Float64MultiArray_<std::allocator<void> >, std::allocator<void> > >][m[K’
[3.073s] [01m[K/opt/ros/humble/include/rclcpp/rclcpp/node_impl.hpp:99:47:[m[K   required from ‘[01m[Kstd::shared_ptr<ROSMessageT> rclcpp::Node::create_subscription(const string&, const rclcpp::QoS&, CallbackT&&, const rclcpp::SubscriptionOptionsWithAllocator<AllocatorT>&, typename MessageMemoryStrategyT::SharedPtr) [with MessageT = std_msgs::msg::Float64MultiArray_<std::allocator<void> >; CallbackT = std::_Bind<void (HexapodIKNode::*(HexapodIKNode*, std::_Placeholder<1>))(double, double, double)>; AllocatorT = std::allocator<void>; SubscriptionT = rclcpp::Subscription<std_msgs::msg::Float64MultiArray_<std::allocator<void> > >; MessageMemoryStrategyT = rclcpp::message_memory_strategy::MessageMemoryStrategy<std_msgs::msg::Float64MultiArray_<std::allocator<void> >, std::allocator<void> >; std::string = std::__cxx11::basic_string<char>; typename MessageMemoryStrategyT::SharedPtr = std::shared_ptr<rclcpp::message_memory_strategy::MessageMemoryStrategy<std_msgs::msg::Float64MultiArray_<std::allocator<void> >, std::allocator<void> > >][m[K’
[3.073s] [01m[K/home/bryan/hexapod_ws/src/hexapod_controller/src/inverse_kinematics.cpp:13:84:[m[K   required from here
[3.073s] [01m[K/opt/ros/humble/include/rclcpp/rclcpp/any_subscription_callback.hpp:394:27:[m[K [01;31m[Kerror: [m[Kno matching function for call to ‘[01m[Kstd::function<void(double, double, double)>::function(std::_Bind<void (HexapodIKNode::*(HexapodIKNode*, std::_Placeholder<1>))(double, double, double)>&)[m[K’
[3.073s]   394 |       callback_variant_ = [01;31m[Kstatic_cast<typename scbth::callback_type>(callback)[m[K;
[3.073s]       |                           [01;31m[K^~~~~~~~~~~~~~~~~~~~~~~~~~~~~~~~~~~~~~~~~~~~~~~~~~~~[m[K
[3.073s] In file included from [01m[K/usr/include/c++/11/future:47[m[K,
[3.073s]                  from [01m[K/opt/ros/humble/include/rclcpp/rclcpp/executors.hpp:18[m[K,
[3.073s]                  from [01m[K/opt/ros/humble/include/rclcpp/rclcpp/rclcpp.hpp:155[m[K,
[3.073s]                  from [01m[K/home/bryan/hexapod_ws/src/hexapod_controller/src/inverse_kinematics.cpp:1[m[K:
[3.073s] [01m[K/usr/include/c++/11/bits/std_function.h:435:9:[m[K [01;36m[Knote: [m[Kcandidate: ‘[01m[Ktemplate<class _Functor, class _Constraints> std::function<_Res(_ArgTypes ...)>::function(_Functor&&) [with _Functor = _Functor; _Constraints = _Constraints; _Res = void; _ArgTypes = {double, double, double}][m[K’
[3.073s]   435 |         [01;36m[Kfunction[m[K(_Functor&& __f)
[3.073s]       |         [01;36m[K^~~~~~~~[m[K
[3.074s] [01m[K/usr/include/c++/11/bits/std_function.h:435:9:[m[K [01;36m[Knote: [m[K  template argument deduction/substitution failed:
[3.074s] In file included from [01m[K/usr/include/c++/11/bits/move.h:57[m[K,
[3.074s]                  from [01m[K/usr/include/c++/11/bits/stl_pair.h:59[m[K,
[3.074s]                  from [01m[K/usr/include/c++/11/bits/stl_algobase.h:64[m[K,
[3.074s]                  from [01m[K/usr/include/c++/11/memory:63[m[K,
[3.074s]                  from [01m[K/opt/ros/humble/include/rclcpp/rclcpp/rclcpp.hpp:153[m[K,
[3.074s]                  from [01m[K/home/bryan/hexapod_ws/src/hexapod_controller/src/inverse_kinematics.cpp:1[m[K:
[3.074s] /usr/include/c++/11/type_traits: In substitution of ‘[01m[Ktemplate<bool _Cond, class _Tp> using __enable_if_t = typename std::enable_if::type [with bool _Cond = false; _Tp = void][m[K’:
[3.074s] [01m[K/usr/include/c++/11/bits/std_function.h:353:8:[m[K   required by substitution of ‘[01m[Ktemplate<class _Res, class ... _ArgTypes> template<class _Cond, class _Tp> using _Requires = std::__enable_if_t<_Cond::value, _Tp> [with _Cond = std::function<void(double, double, double)>::_Callable<std::_Bind<void (HexapodIKNode::*(HexapodIKNode*, std::_Placeholder<1>))(double, double, double)>&, std::_Bind<void (HexapodIKNode::*(HexapodIKNode*, std::_Placeholder<1>))(double, double, double)>, std::__invoke_result<std::_Bind<void (HexapodIKNode::*(HexapodIKNode*, std::_Placeholder<1>))(double, double, double)>&, double, double, double> >; _Tp = void; _Res = void; _ArgTypes = {double, double, double}][m[K’
[3.074s] [01m[K/usr/include/c++/11/bits/std_function.h:434:9:[m[K   required from ‘[01m[Krclcpp::AnySubscriptionCallback<MessageT, AllocatorT> rclcpp::AnySubscriptionCallback<MessageT, AllocatorT>::set(CallbackT) [with CallbackT = std::_Bind<void (HexapodIKNode::*(HexapodIKNode*, std::_Placeholder<1>))(double, double, double)>; MessageT = std_msgs::msg::Float64MultiArray_<std::allocator<void> >; AllocatorT = std::allocator<void>][m[K’
[3.074s] [01m[K/opt/ros/humble/include/rclcpp/rclcpp/subscription_factory.hpp:94:32:[m[K   required from ‘[01m[Krclcpp::SubscriptionFactory rclcpp::create_subscription_factory(CallbackT&&, const rclcpp::SubscriptionOptionsWithAllocator<AllocatorT>&, typename MessageMemoryStrategyT::SharedPtr, std::shared_ptr<rclcpp::topic_statistics::SubscriptionTopicStatistics<ROSMessageType> >) [with MessageT = std_msgs::msg::Float64MultiArray_<std::allocator<void> >; CallbackT = std::_Bind<void (HexapodIKNode::*(HexapodIKNode*, std::_Placeholder<1>))(double, double, double)>; AllocatorT = std::allocator<void>; SubscriptionT = rclcpp::Subscription<std_msgs::msg::Float64MultiArray_<std::allocator<void> > >; MessageMemoryStrategyT = rclcpp::message_memory_strategy::MessageMemoryStrategy<std_msgs::msg::Float64MultiArray_<std::allocator<void> >, std::allocator<void> >; ROSMessageType = std_msgs::msg::Float64MultiArray_<std::allocator<void> >; typename MessageMemoryStrategyT::SharedPtr = std::shared_ptr<rclcpp::message_memory_strategy::MessageMemoryStrategy<std_msgs::msg::Float64MultiArray_<std::allocator<void> >, std::allocator<void> > >][m[K’
[3.074s] [01m[K/opt/ros/humble/include/rclcpp/rclcpp/create_subscription.hpp:122:63:[m[K   required from ‘[01m[Kstd::shared_ptr<ROSMessageT> rclcpp::detail::create_subscription(NodeParametersT&, NodeTopicsT&, const string&, const rclcpp::QoS&, CallbackT&&, const rclcpp::SubscriptionOptionsWithAllocator<AllocatorT>&, typename MessageMemoryStrategyT::SharedPtr) [with MessageT = std_msgs::msg::Float64MultiArray_<std::allocator<void> >; CallbackT = std::_Bind<void (HexapodIKNode::*(HexapodIKNode*, std::_Placeholder<1>))(double, double, double)>; AllocatorT = std::allocator<void>; SubscriptionT = rclcpp::Subscription<std_msgs::msg::Float64MultiArray_<std::allocator<void> > >; MessageMemoryStrategyT = rclcpp::message_memory_strategy::MessageMemoryStrategy<std_msgs::msg::Float64MultiArray_<std::allocator<void> >, std::allocator<void> >; NodeParametersT = rclcpp::Node; NodeTopicsT = rclcpp::Node; ROSMessageType = std_msgs::msg::Float64MultiArray_<std::allocator<void> >; std::string = std::__cxx11::basic_string<char>; typename MessageMemoryStrategyT::SharedPtr = std::shared_ptr<rclcpp::message_memory_strategy::MessageMemoryStrategy<std_msgs::msg::Float64MultiArray_<std::allocator<void> >, std::allocator<void> > >][m[K’
[3.074s] [01m[K/opt/ros/humble/include/rclcpp/rclcpp/create_subscription.hpp:191:76:[m[K   required from ‘[01m[Kstd::shared_ptr<ROSMessageT> rclcpp::create_subscription(NodeT&, const string&, const rclcpp::QoS&, CallbackT&&, const rclcpp::SubscriptionOptionsWithAllocator<AllocatorT>&, typename MessageMemoryStrategyT::SharedPtr) [with MessageT = std_msgs::msg::Float64MultiArray_<std::allocator<void> >; CallbackT = std::_Bind<void (HexapodIKNode::*(HexapodIKNode*, std::_Placeholder<1>))(double, double, double)>; AllocatorT = std::allocator<void>; SubscriptionT = rclcpp::Subscription<std_msgs::msg::Float64MultiArray_<std::allocator<void> > >; MessageMemoryStrategyT = rclcpp::message_memory_strategy::MessageMemoryStrategy<std_msgs::msg::Float64MultiArray_<std::allocator<void> >, std::allocator<void> >; NodeT = rclcpp::Node; std::string = std::__cxx11::basic_string<char>; typename MessageMemoryStrategyT::SharedPtr = std::shared_ptr<rclcpp::message_memory_strategy::MessageMemoryStrategy<std_msgs::msg::Float64MultiArray_<std::allocator<void> >, std::allocator<void> > >][m[K’
[3.074s] [01m[K/opt/ros/humble/include/rclcpp/rclcpp/node_impl.hpp:99:47:[m[K   required from ‘[01m[Kstd::shared_ptr<ROSMessageT> rclcpp::Node::create_subscription(const string&, const rclcpp::QoS&, CallbackT&&, const rclcpp::SubscriptionOptionsWithAllocator<AllocatorT>&, typename MessageMemoryStrategyT::SharedPtr) [with MessageT = std_msgs::msg::Float64MultiArray_<std::allocator<void> >; CallbackT = std::_Bind<void (HexapodIKNode::*(HexapodIKNode*, std::_Placeholder<1>))(double, double, double)>; AllocatorT = std::allocator<void>; SubscriptionT = rclcpp::Subscription<std_msgs::msg::Float64MultiArray_<std::allocator<void> > >; MessageMemoryStrategyT = rclcpp::message_memory_strategy::MessageMemoryStrategy<std_msgs::msg::Float64MultiArray_<std::allocator<void> >, std::allocator<void> >; std::string = std::__cxx11::basic_string<char>; typename MessageMemoryStrategyT::SharedPtr = std::shared_ptr<rclcpp::message_memory_strategy::MessageMemoryStrategy<std_msgs::msg::Float64MultiArray_<std::allocator<void> >, std::allocator<void> > >][m[K’
[3.074s] [01m[K/home/bryan/hexapod_ws/src/hexapod_controller/src/inverse_kinematics.cpp:13:84:[m[K   required from here
[3.074s] [01m[K/usr/include/c++/11/type_traits:2205:11:[m[K [01;31m[Kerror: [m[Kno type named ‘[01m[Ktype[m[K’ in ‘[01m[Kstruct std::enable_if<false, void>[m[K’
[3.074s]  2205 |     using [01;31m[K__enable_if_t[m[K = typename enable_if<_Cond, _Tp>::type;
[3.074s]       |           [01;31m[K^~~~~~~~~~~~~[m[K
[3.074s] In file included from [01m[K/usr/include/c++/11/future:47[m[K,
[3.074s]                  from [01m[K/opt/ros/humble/include/rclcpp/rclcpp/executors.hpp:18[m[K,
[3.074s]                  from [01m[K/opt/ros/humble/include/rclcpp/rclcpp/rclcpp.hpp:155[m[K,
[3.074s]                  from [01m[K/home/bryan/hexapod_ws/src/hexapod_controller/src/inverse_kinematics.cpp:1[m[K:
[3.074s] /opt/ros/humble/include/rclcpp/rclcpp/any_subscription_callback.hpp: In instantiation of ‘[01m[Krclcpp::AnySubscriptionCallback<MessageT, AllocatorT> rclcpp::AnySubscriptionCallback<MessageT, AllocatorT>::set(CallbackT) [with CallbackT = std::_Bind<void (HexapodIKNode::*(HexapodIKNode*, std::_Placeholder<1>))(double, double, double)>; MessageT = std_msgs::msg::Float64MultiArray_<std::allocator<void> >; AllocatorT = std::allocator<void>][m[K’:
[3.075s] [01m[K/opt/ros/humble/include/rclcpp/rclcpp/subscription_factory.hpp:94:32:[m[K   required from ‘[01m[Krclcpp::SubscriptionFactory rclcpp::create_subscription_factory(CallbackT&&, const rclcpp::SubscriptionOptionsWithAllocator<AllocatorT>&, typename MessageMemoryStrategyT::SharedPtr, std::shared_ptr<rclcpp::topic_statistics::SubscriptionTopicStatistics<ROSMessageType> >) [with MessageT = std_msgs::msg::Float64MultiArray_<std::allocator<void> >; CallbackT = std::_Bind<void (HexapodIKNode::*(HexapodIKNode*, std::_Placeholder<1>))(double, double, double)>; AllocatorT = std::allocator<void>; SubscriptionT = rclcpp::Subscription<std_msgs::msg::Float64MultiArray_<std::allocator<void> > >; MessageMemoryStrategyT = rclcpp::message_memory_strategy::MessageMemoryStrategy<std_msgs::msg::Float64MultiArray_<std::allocator<void> >, std::allocator<void> >; ROSMessageType = std_msgs::msg::Float64MultiArray_<std::allocator<void> >; typename MessageMemoryStrategyT::SharedPtr = std::shared_ptr<rclcpp::message_memory_strategy::MessageMemoryStrategy<std_msgs::msg::Float64MultiArray_<std::allocator<void> >, std::allocator<void> > >][m[K’
[3.075s] [01m[K/opt/ros/humble/include/rclcpp/rclcpp/create_subscription.hpp:122:63:[m[K   required from ‘[01m[Kstd::shared_ptr<ROSMessageT> rclcpp::detail::create_subscription(NodeParametersT&, NodeTopicsT&, const string&, const rclcpp::QoS&, CallbackT&&, const rclcpp::SubscriptionOptionsWithAllocator<AllocatorT>&, typename MessageMemoryStrategyT::SharedPtr) [with MessageT = std_msgs::msg::Float64MultiArray_<std::allocator<void> >; CallbackT = std::_Bind<void (HexapodIKNode::*(HexapodIKNode*, std::_Placeholder<1>))(double, double, double)>; AllocatorT = std::allocator<void>; SubscriptionT = rclcpp::Subscription<std_msgs::msg::Float64MultiArray_<std::allocator<void> > >; MessageMemoryStrategyT = rclcpp::message_memory_strategy::MessageMemoryStrategy<std_msgs::msg::Float64MultiArray_<std::allocator<void> >, std::allocator<void> >; NodeParametersT = rclcpp::Node; NodeTopicsT = rclcpp::Node; ROSMessageType = std_msgs::msg::Float64MultiArray_<std::allocator<void> >; std::string = std::__cxx11::basic_string<char>; typename MessageMemoryStrategyT::SharedPtr = std::shared_ptr<rclcpp::message_memory_strategy::MessageMemoryStrategy<std_msgs::msg::Float64MultiArray_<std::allocator<void> >, std::allocator<void> > >][m[K’
[3.075s] [01m[K/opt/ros/humble/include/rclcpp/rclcpp/create_subscription.hpp:191:76:[m[K   required from ‘[01m[Kstd::shared_ptr<ROSMessageT> rclcpp::create_subscription(NodeT&, const string&, const rclcpp::QoS&, CallbackT&&, const rclcpp::SubscriptionOptionsWithAllocator<AllocatorT>&, typename MessageMemoryStrategyT::SharedPtr) [with MessageT = std_msgs::msg::Float64MultiArray_<std::allocator<void> >; CallbackT = std::_Bind<void (HexapodIKNode::*(HexapodIKNode*, std::_Placeholder<1>))(double, double, double)>; AllocatorT = std::allocator<void>; SubscriptionT = rclcpp::Subscription<std_msgs::msg::Float64MultiArray_<std::allocator<void> > >; MessageMemoryStrategyT = rclcpp::message_memory_strategy::MessageMemoryStrategy<std_msgs::msg::Float64MultiArray_<std::allocator<void> >, std::allocator<void> >; NodeT = rclcpp::Node; std::string = std::__cxx11::basic_string<char>; typename MessageMemoryStrategyT::SharedPtr = std::shared_ptr<rclcpp::message_memory_strategy::MessageMemoryStrategy<std_msgs::msg::Float64MultiArray_<std::allocator<void> >, std::allocator<void> > >][m[K’
[3.075s] [01m[K/opt/ros/humble/include/rclcpp/rclcpp/node_impl.hpp:99:47:[m[K   required from ‘[01m[Kstd::shared_ptr<ROSMessageT> rclcpp::Node::create_subscription(const string&, const rclcpp::QoS&, CallbackT&&, const rclcpp::SubscriptionOptionsWithAllocator<AllocatorT>&, typename MessageMemoryStrategyT::SharedPtr) [with MessageT = std_msgs::msg::Float64MultiArray_<std::allocator<void> >; CallbackT = std::_Bind<void (HexapodIKNode::*(HexapodIKNode*, std::_Placeholder<1>))(double, double, double)>; AllocatorT = std::allocator<void>; SubscriptionT = rclcpp::Subscription<std_msgs::msg::Float64MultiArray_<std::allocator<void> > >; MessageMemoryStrategyT = rclcpp::message_memory_strategy::MessageMemoryStrategy<std_msgs::msg::Float64MultiArray_<std::allocator<void> >, std::allocator<void> >; std::string = std::__cxx11::basic_string<char>; typename MessageMemoryStrategyT::SharedPtr = std::shared_ptr<rclcpp::message_memory_strategy::MessageMemoryStrategy<std_msgs::msg::Float64MultiArray_<std::allocator<void> >, std::allocator<void> > >][m[K’
[3.075s] [01m[K/home/bryan/hexapod_ws/src/hexapod_controller/src/inverse_kinematics.cpp:13:84:[m[K   required from here
[3.075s] [01m[K/usr/include/c++/11/bits/std_function.h:404:7:[m[K [01;36m[Knote: [m[Kcandidate: ‘[01m[Kstd::function<_Res(_ArgTypes ...)>::function(std::function<_Res(_ArgTypes ...)>&&) [with _Res = void; _ArgTypes = {double, double, double}][m[K’
[3.075s]   404 |       [01;36m[Kfunction[m[K(function&& __x) noexcept
[3.075s]       |       [01;36m[K^~~~~~~~[m[K
[3.075s] [01m[K/usr/include/c++/11/bits/std_function.h:404:27:[m[K [01;36m[Knote: [m[K  no known conversion for argument 1 from ‘[01m[Kstd::_Bind<void (HexapodIKNode::*(HexapodIKNode*, std::_Placeholder<1>))(double, double, double)>[m[K’ to ‘[01m[Kstd::function<void(double, double, double)>&&[m[K’
[3.075s]   404 |       function([01;36m[Kfunction&& __x[m[K) noexcept
[3.075s]       |                [01;36m[K~~~~~~~~~~~^~~[m[K
[3.075s] [01m[K/usr/include/c++/11/bits/std_function.h:386:7:[m[K [01;36m[Knote: [m[Kcandidate: ‘[01m[Kstd::function<_Res(_ArgTypes ...)>::function(const std::function<_Res(_ArgTypes ...)>&) [with _Res = void; _ArgTypes = {double, double, double}][m[K’
[3.075s]   386 |       [01;36m[Kfunction[m[K(const function& __x)
[3.075s]       |       [01;36m[K^~~~~~~~[m[K
[3.075s] [01m[K/usr/include/c++/11/bits/std_function.h:386:32:[m[K [01;36m[Knote: [m[K  no known conversion for argument 1 from ‘[01m[Kstd::_Bind<void (HexapodIKNode::*(HexapodIKNode*, std::_Placeholder<1>))(double, double, double)>[m[K’ to ‘[01m[Kconst std::function<void(double, double, double)>&[m[K’
[3.075s]   386 |       function([01;36m[Kconst function& __x[m[K)
[3.075s]       |                [01;36m[K~~~~~~~~~~~~~~~~^~~[m[K
[3.076s] [01m[K/usr/include/c++/11/bits/std_function.h:375:7:[m[K [01;36m[Knote: [m[Kcandidate: ‘[01m[Kstd::function<_Res(_ArgTypes ...)>::function(std::nullptr_t) [with _Res = void; _ArgTypes = {double, double, double}; std::nullptr_t = std::nullptr_t][m[K’
[3.076s]   375 |       [01;36m[Kfunction[m[K(nullptr_t) noexcept
[3.076s]       |       [01;36m[K^~~~~~~~[m[K
[3.076s] [01m[K/usr/include/c++/11/bits/std_function.h:375:16:[m[K [01;36m[Knote: [m[K  no known conversion for argument 1 from ‘[01m[Kstd::_Bind<void (HexapodIKNode::*(HexapodIKNode*, std::_Placeholder<1>))(double, double, double)>[m[K’ to ‘[01m[Kstd::nullptr_t[m[K’
[3.076s]   375 |       function([01;36m[Knullptr_t[m[K) noexcept
[3.076s]       |                [01;36m[K^~~~~~~~~[m[K
[3.076s] [01m[K/usr/include/c++/11/bits/std_function.h:368:7:[m[K [01;36m[Knote: [m[Kcandidate: ‘[01m[Kstd::function<_Res(_ArgTypes ...)>::function() [with _Res = void; _ArgTypes = {double, double, double}][m[K’
[3.076s]   368 |       [01;36m[Kfunction[m[K() noexcept
[3.076s]       |       [01;36m[K^~~~~~~~[m[K
[3.076s] [01m[K/usr/include/c++/11/bits/std_function.h:368:7:[m[K [01;36m[Knote: [m[K  candidate expects 0 arguments, 1 provided
[4.960s] gmake[2]: *** [CMakeFiles/inverse_kinematics.dir/build.make:76: CMakeFiles/inverse_kinematics.dir/src/inverse_kinematics.cpp.o] Error 1
[4.960s] gmake[1]: *** [CMakeFiles/Makefile2:137: CMakeFiles/inverse_kinematics.dir/all] Error 2
[4.960s] gmake: *** [Makefile:146: all] Error 2
[4.962s] Invoked command in '/home/bryan/hexapod_ws/build/hexapod_controller' returned '2': CMAKE_PREFIX_PATH=${CMAKE_PREFIX_PATH}:/opt/ros/humble /usr/bin/cmake --build /home/bryan/hexapod_ws/build/hexapod_controller -- -j16 -l16
