[0.025s] Invoking command in '/home/bryan/hexapod_ws/build/hexapod_firmware': CMAKE_PREFIX_PATH=${CMAKE_PREFIX_PATH}:/home/bryan/bumperbot_ws/install/bumperbot_py_examples:/opt/ros/humble /usr/bin/cmake --build /home/bryan/hexapod_ws/build/hexapod_firmware -- -j16 -l16
[0.067s] [35m[1mConsolidate compiler generated dependencies of target hexapod_firmware[0m
[0.085s] [100%] Built target hexapod_firmware
[0.111s] Invoked command in '/home/bryan/hexapod_ws/build/hexapod_firmware' returned '0': CMAKE_PREFIX_PATH=${CMAKE_PREFIX_PATH}:/home/bryan/bumperbot_ws/install/bumperbot_py_examples:/opt/ros/humble /usr/bin/cmake --build /home/bryan/hexapod_ws/build/hexapod_firmware -- -j16 -l16
[0.153s] Invoking command in '/home/bryan/hexapod_ws/build/hexapod_firmware': CMAKE_PREFIX_PATH=${CMAKE_PREFIX_PATH}:/home/bryan/bumperbot_ws/install/bumperbot_py_examples:/opt/ros/humble /usr/bin/cmake --install /home/bryan/hexapod_ws/build/hexapod_firmware
[0.160s] -- Install configuration: ""
[0.160s] -- Up-to-date: /home/bryan/hexapod_ws/install/hexapod_firmware/share/hexapod_firmware/hexapod_interface.xml
[0.161s] -- Up-to-date: /home/bryan/hexapod_ws/install/hexapod_firmware/lib/libhexapod_firmware.so
[0.161s] -- Up-to-date: /home/bryan/hexapod_ws/install/hexapod_firmware/include/include
[0.161s] -- Up-to-date: /home/bryan/hexapod_ws/install/hexapod_firmware/include/include/hexapod_firmware
[0.161s] -- Up-to-date: /home/bryan/hexapod_ws/install/hexapod_firmware/include/include/hexapod_firmware/hexapod_interface.hpp
[0.161s] -- Up-to-date: /home/bryan/hexapod_ws/install/hexapod_firmware/share/hexapod_firmware/environment/library_path.sh
[0.161s] -- Up-to-date: /home/bryan/hexapod_ws/install/hexapod_firmware/share/hexapod_firmware/environment/library_path.dsv
[0.161s] -- Up-to-date: /home/bryan/hexapod_ws/install/hexapod_firmware/share/ament_index/resource_index/package_run_dependencies/hexapod_firmware
[0.161s] -- Up-to-date: /home/bryan/hexapod_ws/install/hexapod_firmware/share/ament_index/resource_index/parent_prefix_path/hexapod_firmware
[0.161s] -- Up-to-date: /home/bryan/hexapod_ws/install/hexapod_firmware/share/hexapod_firmware/environment/ament_prefix_path.sh
[0.161s] -- Up-to-date: /home/bryan/hexapod_ws/install/hexapod_firmware/share/hexapod_firmware/environment/ament_prefix_path.dsv
[0.161s] -- Up-to-date: /home/bryan/hexapod_ws/install/hexapod_firmware/share/hexapod_firmware/environment/path.sh
[0.161s] -- Up-to-date: /home/bryan/hexapod_ws/install/hexapod_firmware/share/hexapod_firmware/environment/path.dsv
[0.161s] -- Up-to-date: /home/bryan/hexapod_ws/install/hexapod_firmware/share/hexapod_firmware/local_setup.bash
[0.161s] -- Up-to-date: /home/bryan/hexapod_ws/install/hexapod_firmware/share/hexapod_firmware/local_setup.sh
[0.161s] -- Up-to-date: /home/bryan/hexapod_ws/install/hexapod_firmware/share/hexapod_firmware/local_setup.zsh
[0.161s] -- Up-to-date: /home/bryan/hexapod_ws/install/hexapod_firmware/share/hexapod_firmware/local_setup.dsv
[0.162s] -- Installing: /home/bryan/hexapod_ws/install/hexapod_firmware/share/hexapod_firmware/package.dsv
[0.162s] -- Up-to-date: /home/bryan/hexapod_ws/install/hexapod_firmware/share/ament_index/resource_index/packages/hexapod_firmware
[0.162s] -- Up-to-date: /home/bryan/hexapod_ws/install/hexapod_firmware/share/ament_index/resource_index/hardware_interface__pluginlib__plugin/hexapod_firmware
[0.162s] -- Up-to-date: /home/bryan/hexapod_ws/install/hexapod_firmware/share/hexapod_firmware/cmake/ament_cmake_export_include_directories-extras.cmake
[0.162s] -- Up-to-date: /home/bryan/hexapod_ws/install/hexapod_firmware/share/hexapod_firmware/cmake/ament_cmake_export_libraries-extras.cmake
[0.162s] -- Up-to-date: /home/bryan/hexapod_ws/install/hexapod_firmware/share/hexapod_firmware/cmake/ament_cmake_export_dependencies-extras.cmake
[0.162s] -- Up-to-date: /home/bryan/hexapod_ws/install/hexapod_firmware/share/hexapod_firmware/cmake/hexapod_firmwareConfig.cmake
[0.162s] -- Up-to-date: /home/bryan/hexapod_ws/install/hexapod_firmware/share/hexapod_firmware/cmake/hexapod_firmwareConfig-version.cmake
[0.162s] -- Up-to-date: /home/bryan/hexapod_ws/install/hexapod_firmware/share/hexapod_firmware/package.xml
[0.174s] Invoked command in '/home/bryan/hexapod_ws/build/hexapod_firmware' returned '0': CMAKE_PREFIX_PATH=${CMAKE_PREFIX_PATH}:/home/bryan/bumperbot_ws/install/bumperbot_py_examples:/opt/ros/humble /usr/bin/cmake --install /home/bryan/hexapod_ws/build/hexapod_firmware
