[01m[K/home/bryan/hexapod_ws/src/hexapod_controller/src/body_pose_generator.cpp:4:10:[m[K [01;31m[Kfatal error: [m[Ksensor_msgs/msg/Imu.hpp: No such file or directory
    4 | #include [01;31m[K"sensor_msgs/msg/Imu.hpp"[m[K
      |          [01;31m[K^~~~~~~~~~~~~~~~~~~~~~~~~[m[K
compilation terminated.
gmake[2]: *** [CMakeFiles/body_pose_generator.dir/build.make:76: CMakeFiles/body_pose_generator.dir/src/body_pose_generator.cpp.o] Error 1
gmake[1]: *** [CMakeFiles/Makefile2:169: CMakeFiles/body_pose_generator.dir/all] Error 2
gmake[1]: *** Waiting for unfinished jobs....
[01m[K/home/bryan/hexapod_ws/src/hexapod_controller/src/tip_pose_generator.cpp:146:48:[m[K [01;31m[Kerror: [m[Kexpected identifier before numeric constant
  146 |     std::vector<double> body_pose_xyz_received([01;31m[K6[m[K);
      |                                                [01;31m[K^[m[K
[01m[K/home/bryan/hexapod_ws/src/hexapod_controller/src/tip_pose_generator.cpp:146:48:[m[K [01;31m[Kerror: [m[Kexpected ‘[01m[K,[m[K’ or ‘[01m[K...[m[K’ before numeric constant
[01m[K/home/bryan/hexapod_ws/src/hexapod_controller/src/tip_pose_generator.cpp:147:48:[m[K [01;31m[Kerror: [m[Kexpected identifier before numeric constant
  147 |     std::vector<double> body_pose_rpy_received([01;31m[K6[m[K);
      |                                                [01;31m[K^[m[K
[01m[K/home/bryan/hexapod_ws/src/hexapod_controller/src/tip_pose_generator.cpp:147:48:[m[K [01;31m[Kerror: [m[Kexpected ‘[01m[K,[m[K’ or ‘[01m[K...[m[K’ before numeric constant
[01m[K/home/bryan/hexapod_ws/src/hexapod_controller/src/tip_trajectory_generator.cpp:129:58:[m[K [01;31m[Kerror: [m[Kexpected identifier before numeric constant
  129 |     std::vector<geometry_msgs::msg::Point> leg_positions([01;31m[K6[m[K);
      |                                                          [01;31m[K^[m[K
[01m[K/home/bryan/hexapod_ws/src/hexapod_controller/src/tip_trajectory_generator.cpp:129:58:[m[K [01;31m[Kerror: [m[Kexpected ‘[01m[K,[m[K’ or ‘[01m[K...[m[K’ before numeric constant
[01m[K/home/bryan/hexapod_ws/src/hexapod_controller/src/tip_pose_generator.cpp:[m[K In constructor ‘[01m[KHexapodTipPoseGenNode::HexapodTipPoseGenNode()[m[K’:
[01m[K/home/bryan/hexapod_ws/src/hexapod_controller/src/tip_pose_generator.cpp:43:22:[m[K [01;31m[Kerror: [m[Kno match for ‘[01m[Koperator[][m[K’ (operand types are ‘[01m[Khexapod_interfaces::msg::PointArray[m[K’ {aka ‘[01m[Khexapod_interfaces::msg::PointArray_<std::allocator<void> >[m[K’} and ‘[01m[Kint[m[K’)
   43 |         this->origins[01;31m[K[[m[K0].x = 0.093;
      |                      [01;31m[K^[m[K
[01m[K/home/bryan/hexapod_ws/src/hexapod_controller/src/tip_pose_generator.cpp:44:22:[m[K [01;31m[Kerror: [m[Kno match for ‘[01m[Koperator[][m[K’ (operand types are ‘[01m[Khexapod_interfaces::msg::PointArray[m[K’ {aka ‘[01m[Khexapod_interfaces::msg::PointArray_<std::allocator<void> >[m[K’} and ‘[01m[Kint[m[K’)
   44 |         this->origins[01;31m[K[[m[K0].y = 0.161;
      |                      [01;31m[K^[m[K
[01m[K/home/bryan/hexapod_ws/src/hexapod_controller/src/tip_pose_generator.cpp:45:22:[m[K [01;31m[Kerror: [m[Kno match for ‘[01m[Koperator[][m[K’ (operand types are ‘[01m[Khexapod_interfaces::msg::PointArray[m[K’ {aka ‘[01m[Khexapod_interfaces::msg::PointArray_<std::allocator<void> >[m[K’} and ‘[01m[Kint[m[K’)
   45 |         this->origins[01;31m[K[[m[K0].z = 0.047;
      |                      [01;31m[K^[m[K
[01m[K/home/bryan/hexapod_ws/src/hexapod_controller/src/tip_pose_generator.cpp:47:22:[m[K [01;31m[Kerror: [m[Kno match for ‘[01m[Koperator[][m[K’ (operand types are ‘[01m[Khexapod_interfaces::msg::PointArray[m[K’ {aka ‘[01m[Khexapod_interfaces::msg::PointArray_<std::allocator<void> >[m[K’} and ‘[01m[Kint[m[K’)
   47 |         this->origins[01;31m[K[[m[K1].x = 0.186;
      |                      [01;31m[K^[m[K
[01m[K/home/bryan/hexapod_ws/src/hexapod_controller/src/tip_pose_generator.cpp:48:22:[m[K [01;31m[Kerror: [m[Kno match for ‘[01m[Koperator[][m[K’ (operand types are ‘[01m[Khexapod_interfaces::msg::PointArray[m[K’ {aka ‘[01m[Khexapod_interfaces::msg::PointArray_<std::allocator<void> >[m[K’} and ‘[01m[Kint[m[K’)
   48 |         this->origins[01;31m[K[[m[K1].y = 0.0;
      |                      [01;31m[K^[m[K
[01m[K/home/bryan/hexapod_ws/src/hexapod_controller/src/tip_pose_generator.cpp:49:22:[m[K [01;31m[Kerror: [m[Kno match for ‘[01m[Koperator[][m[K’ (operand types are ‘[01m[Khexapod_interfaces::msg::PointArray[m[K’ {aka ‘[01m[Khexapod_interfaces::msg::PointArray_<std::allocator<void> >[m[K’} and ‘[01m[Kint[m[K’)
   49 |         this->origins[01;31m[K[[m[K1].z = 0.047;
      |                      [01;31m[K^[m[K
[01m[K/home/bryan/hexapod_ws/src/hexapod_controller/src/tip_pose_generator.cpp:51:22:[m[K [01;31m[Kerror: [m[Kno match for ‘[01m[Koperator[][m[K’ (operand types are ‘[01m[Khexapod_interfaces::msg::PointArray[m[K’ {aka ‘[01m[Khexapod_interfaces::msg::PointArray_<std::allocator<void> >[m[K’} and ‘[01m[Kint[m[K’)
   51 |         this->origins[01;31m[K[[m[K2].x = 0.093;
      |                      [01;31m[K^[m[K
[01m[K/home/bryan/hexapod_ws/src/hexapod_controller/src/tip_pose_generator.cpp:52:22:[m[K [01;31m[Kerror: [m[Kno match for ‘[01m[Koperator[][m[K’ (operand types are ‘[01m[Khexapod_interfaces::msg::PointArray[m[K’ {aka ‘[01m[Khexapod_interfaces::msg::PointArray_<std::allocator<void> >[m[K’} and ‘[01m[Kint[m[K’)
   52 |         this->origins[01;31m[K[[m[K2].y = 0.161;
      |                      [01;31m[K^[m[K
[01m[K/home/bryan/hexapod_ws/src/hexapod_controller/src/tip_pose_generator.cpp:53:22:[m[K [01;31m[Kerror: [m[Kno match for ‘[01m[Koperator[][m[K’ (operand types are ‘[01m[Khexapod_interfaces::msg::PointArray[m[K’ {aka ‘[01m[Khexapod_interfaces::msg::PointArray_<std::allocator<void> >[m[K’} and ‘[01m[Kint[m[K’)
   53 |         this->origins[01;31m[K[[m[K2].z = 0.047;
      |                      [01;31m[K^[m[K
[01m[K/home/bryan/hexapod_ws/src/hexapod_controller/src/tip_pose_generator.cpp:55:22:[m[K [01;31m[Kerror: [m[Kno match for ‘[01m[Koperator[][m[K’ (operand types are ‘[01m[Khexapod_interfaces::msg::PointArray[m[K’ {aka ‘[01m[Khexapod_interfaces::msg::PointArray_<std::allocator<void> >[m[K’} and ‘[01m[Kint[m[K’)
   55 |         this->origins[01;31m[K[[m[K3].x = 0.093;
      |                      [01;31m[K^[m[K
[01m[K/home/bryan/hexapod_ws/src/hexapod_controller/src/tip_pose_generator.cpp:56:22:[m[K [01;31m[Kerror: [m[Kno match for ‘[01m[Koperator[][m[K’ (operand types are ‘[01m[Khexapod_interfaces::msg::PointArray[m[K’ {aka ‘[01m[Khexapod_interfaces::msg::PointArray_<std::allocator<void> >[m[K’} and ‘[01m[Kint[m[K’)
   56 |         this->origins[01;31m[K[[m[K3].y = 0.161;
      |                      [01;31m[K^[m[K
[01m[K/home/bryan/hexapod_ws/src/hexapod_controller/src/tip_pose_generator.cpp:57:22:[m[K [01;31m[Kerror: [m[Kno match for ‘[01m[Koperator[][m[K’ (operand types are ‘[01m[Khexapod_interfaces::msg::PointArray[m[K’ {aka ‘[01m[Khexapod_interfaces::msg::PointArray_<std::allocator<void> >[m[K’} and ‘[01m[Kint[m[K’)
   57 |         this->origins[01;31m[K[[m[K3].z = 0.047;
      |                      [01;31m[K^[m[K
[01m[K/home/bryan/hexapod_ws/src/hexapod_controller/src/tip_pose_generator.cpp:59:22:[m[K [01;31m[Kerror: [m[Kno match for ‘[01m[Koperator[][m[K’ (operand types are ‘[01m[Khexapod_interfaces::msg::PointArray[m[K’ {aka ‘[01m[Khexapod_interfaces::msg::PointArray_<std::allocator<void> >[m[K’} and ‘[01m[Kint[m[K’)
   59 |         this->origins[01;31m[K[[m[K4].x = 0.186;
      |                      [01;31m[K^[m[K
[01m[K/home/bryan/hexapod_ws/src/hexapod_controller/src/tip_pose_generator.cpp:60:22:[m[K [01;31m[Kerror: [m[Kno match for ‘[01m[Koperator[][m[K’ (operand types are ‘[01m[Khexapod_interfaces::msg::PointArray[m[K’ {aka ‘[01m[Khexapod_interfaces::msg::PointArray_<std::allocator<void> >[m[K’} and ‘[01m[Kint[m[K’)
   60 |         this->origins[01;31m[K[[m[K4].y = 0.0;
      |                      [01;31m[K^[m[K
[01m[K/home/bryan/hexapod_ws/src/hexapod_controller/src/tip_pose_generator.cpp:61:22:[m[K [01;31m[Kerror: [m[Kno match for ‘[01m[Koperator[][m[K’ (operand types are ‘[01m[Khexapod_interfaces::msg::PointArray[m[K’ {aka ‘[01m[Khexapod_interfaces::msg::PointArray_<std::allocator<void> >[m[K’} and ‘[01m[Kint[m[K’)
   61 |         this->origins[01;31m[K[[m[K4].z = 0.047;
      |                      [01;31m[K^[m[K
[01m[K/home/bryan/hexapod_ws/src/hexapod_controller/src/tip_pose_generator.cpp:63:22:[m[K [01;31m[Kerror: [m[Kno match for ‘[01m[Koperator[][m[K’ (operand types are ‘[01m[Khexapod_interfaces::msg::PointArray[m[K’ {aka ‘[01m[Khexapod_interfaces::msg::PointArray_<std::allocator<void> >[m[K’} and ‘[01m[Kint[m[K’)
   63 |         this->origins[01;31m[K[[m[K5].x = 0.093;
      |                      [01;31m[K^[m[K
[01m[K/home/bryan/hexapod_ws/src/hexapod_controller/src/tip_pose_generator.cpp:64:22:[m[K [01;31m[Kerror: [m[Kno match for ‘[01m[Koperator[][m[K’ (operand types are ‘[01m[Khexapod_interfaces::msg::PointArray[m[K’ {aka ‘[01m[Khexapod_interfaces::msg::PointArray_<std::allocator<void> >[m[K’} and ‘[01m[Kint[m[K’)
   64 |         this->origins[01;31m[K[[m[K5].y = 0.161;
      |                      [01;31m[K^[m[K
[01m[K/home/bryan/hexapod_ws/src/hexapod_controller/src/tip_pose_generator.cpp:65:22:[m[K [01;31m[Kerror: [m[Kno match for ‘[01m[Koperator[][m[K’ (operand types are ‘[01m[Khexapod_interfaces::msg::PointArray[m[K’ {aka ‘[01m[Khexapod_interfaces::msg::PointArray_<std::allocator<void> >[m[K’} and ‘[01m[Kint[m[K’)
   65 |         this->origins[01;31m[K[[m[K5].z = 0.047;
      |                      [01;31m[K^[m[K
[01m[K/home/bryan/hexapod_ws/src/hexapod_controller/src/tip_trajectory_generator.cpp:154:50:[m[K [01;31m[Kerror: [m[Kcould not convert ‘[01m[K{0.0, 0.0, 0.0}[m[K’ from ‘[01m[K<brace-enclosed initializer list>[m[K’ to ‘[01m[Kgeometry_msgs::msg::Point[m[K’ {aka ‘[01m[Kgeometry_msgs::msg::Point_<std::allocator<void> >[m[K’}
  154 |     geometry_msgs::msg::Point start{0.0, 0.0, 0.0[01;31m[K}[m[K;
      |                                                  [01;31m[K^[m[K
      |                                                  [01;31m[K|[m[K
      |                                                  [01;31m[K<brace-enclosed initializer list>[m[K
[01m[K/home/bryan/hexapod_ws/src/hexapod_controller/src/tip_trajectory_generator.cpp:155:52:[m[K [01;31m[Kerror: [m[Kcould not convert ‘[01m[K{0.0, 0.0, 0.0}[m[K’ from ‘[01m[K<brace-enclosed initializer list>[m[K’ to ‘[01m[Kgeometry_msgs::msg::Point[m[K’ {aka ‘[01m[Kgeometry_msgs::msg::Point_<std::allocator<void> >[m[K’}
  155 |     geometry_msgs::msg::Point control{0.0, 0.0, 0.0[01;31m[K}[m[K;
      |                                                    [01;31m[K^[m[K
      |                                                    [01;31m[K|[m[K
      |                                                    [01;31m[K<brace-enclosed initializer list>[m[K
[01m[K/home/bryan/hexapod_ws/src/hexapod_controller/src/tip_trajectory_generator.cpp:156:48:[m[K [01;31m[Kerror: [m[Kcould not convert ‘[01m[K{0.0, 0.0, 0.0}[m[K’ from ‘[01m[K<brace-enclosed initializer list>[m[K’ to ‘[01m[Kgeometry_msgs::msg::Point[m[K’ {aka ‘[01m[Kgeometry_msgs::msg::Point_<std::allocator<void> >[m[K’}
  156 |     geometry_msgs::msg::Point end{0.0, 0.0, 0.0[01;31m[K}[m[K;
      |                                                [01;31m[K^[m[K
      |                                                [01;31m[K|[m[K
      |                                                [01;31m[K<brace-enclosed initializer list>[m[K
[01m[K/home/bryan/hexapod_ws/src/hexapod_controller/src/tip_trajectory_generator.cpp:[m[K In member function ‘[01m[Kvoid HexapodTrajectoryGenNode::updateTrajectory(std_msgs::msg::Float64MultiArray_<std::allocator<void> >::SharedPtr)[m[K’:
[01m[K/home/bryan/hexapod_ws/src/hexapod_controller/src/tip_trajectory_generator.cpp:54:31:[m[K [01;31m[Kerror: [m[Kinvalid types ‘[01m[Kint [4][__gnu_cxx::__alloc_traits<std::allocator<double>, double>::value_type {aka double}][m[K’ for array subscript
   54 |             this->gait = gaits[01;31m[K[[m[Kmsg->data[9]];
      |                               [01;31m[K^[m[K
[01m[K/home/bryan/hexapod_ws/src/hexapod_controller/src/tip_trajectory_generator.cpp:[m[K In member function ‘[01m[Kvoid HexapodTrajectoryGenNode::publish_leg_positions()[m[K’:
[01m[K/home/bryan/hexapod_ws/src/hexapod_controller/src/tip_trajectory_generator.cpp:65:13:[m[K [01;31m[Kerror: [m[K‘[01m[Ki[m[K’ was not declared in this scope
   65 |         for([01;31m[Ki[m[K=0 ; i<6 ; i++){
      |             [01;31m[K^[m[K
[01m[K/home/bryan/hexapod_ws/src/hexapod_controller/src/tip_trajectory_generator.cpp:69:97:[m[K [01;31m[Kerror: [m[Kinvalid use of non-static member function ‘[01m[Kstd::vector<geometry_msgs::msg::Point_<std::allocator<void> >, std::allocator<geometry_msgs::msg::Point_<std::allocator<void> > > > HexapodTrajectoryGenNode::leg_positions(int)[m[K’
   69 |         hexapod_interfaces::msg::PointArray transformed_leg_positions = transform_leg_positions([01;31m[Kleg_positions[m[K);
      |                                                                                                 [01;31m[K^~~~~~~~~~~~~[m[K
[01m[K/home/bryan/hexapod_ws/src/hexapod_controller/src/tip_trajectory_generator.cpp:129:44:[m[K [01;36m[Knote: [m[Kdeclared here
  129 |     std::vector<geometry_msgs::msg::Point> [01;36m[Kleg_positions[m[K(6);
      |                                            [01;36m[K^~~~~~~~~~~~~[m[K
[01m[K/home/bryan/hexapod_ws/src/hexapod_controller/src/tip_trajectory_generator.cpp:[m[K In member function ‘[01m[Kvoid HexapodTrajectoryGenNode::generate_3_points()[m[K’:
[01m[K/home/bryan/hexapod_ws/src/hexapod_controller/src/tip_trajectory_generator.cpp:81:49:[m[K [01;31m[Kerror: [m[Kno match for ‘[01m[Koperator=[m[K’ (operand types are ‘[01m[Kgeometry_msgs::msg::Point[m[K’ {aka ‘[01m[Kgeometry_msgs::msg::Point_<std::allocator<void> >[m[K’} and ‘[01m[K<brace-enclosed initializer list>[m[K’)
   81 |         start = { velocity[0], velocity[1], 0.0 [01;31m[K}[m[K;
      |                                                 [01;31m[K^[m[K
In file included from [01m[K/opt/ros/humble/include/geometry_msgs/geometry_msgs/msg/point.hpp:7[m[K,
                 from [01m[K/home/bryan/hexapod_ws/src/hexapod_controller/src/tip_trajectory_generator.cpp:2[m[K:
[01m[K/opt/ros/humble/include/geometry_msgs/geometry_msgs/msg/detail/point__struct.hpp:32:8:[m[K [01;36m[Knote: [m[Kcandidate: ‘[01m[Kconstexpr geometry_msgs::msg::Point_<std::allocator<void> >& geometry_msgs::msg::Point_<std::allocator<void> >::operator=(const geometry_msgs::msg::Point_<std::allocator<void> >&)[m[K’
   32 | struct [01;36m[KPoint_[m[K
      |        [01;36m[K^~~~~~[m[K
[01m[K/opt/ros/humble/include/geometry_msgs/geometry_msgs/msg/detail/point__struct.hpp:32:8:[m[K [01;36m[Knote: [m[K  no known conversion for argument 1 from ‘[01m[K<brace-enclosed initializer list>[m[K’ to ‘[01m[Kconst geometry_msgs::msg::Point_<std::allocator<void> >&[m[K’
[01m[K/opt/ros/humble/include/geometry_msgs/geometry_msgs/msg/detail/point__struct.hpp:32:8:[m[K [01;36m[Knote: [m[Kcandidate: ‘[01m[Kconstexpr geometry_msgs::msg::Point_<std::allocator<void> >& geometry_msgs::msg::Point_<std::allocator<void> >::operator=(geometry_msgs::msg::Point_<std::allocator<void> >&&)[m[K’
[01m[K/opt/ros/humble/include/geometry_msgs/geometry_msgs/msg/detail/point__struct.hpp:32:8:[m[K [01;36m[Knote: [m[K  no known conversion for argument 1 from ‘[01m[K<brace-enclosed initializer list>[m[K’ to ‘[01m[Kgeometry_msgs::msg::Point_<std::allocator<void> >&&[m[K’
[01m[K/home/bryan/hexapod_ws/src/hexapod_controller/src/tip_trajectory_generator.cpp:82:93:[m[K [01;31m[Kerror: [m[Kno match for ‘[01m[Koperator=[m[K’ (operand types are ‘[01m[Kgeometry_msgs::msg::Point[m[K’ {aka ‘[01m[Kgeometry_msgs::msg::Point_<std::allocator<void> >[m[K’} and ‘[01m[K<brace-enclosed initializer list>[m[K’)
   82 |         control = { 0, 0, max_step_height*hypot(velocity[0],velocity[1])/(max_step_length/2)[01;31m[K}[m[K;
      |                                                                                             [01;31m[K^[m[K
In file included from [01m[K/opt/ros/humble/include/geometry_msgs/geometry_msgs/msg/point.hpp:7[m[K,
                 from [01m[K/home/bryan/hexapod_ws/src/hexapod_controller/src/tip_trajectory_generator.cpp:2[m[K:
[01m[K/opt/ros/humble/include/geometry_msgs/geometry_msgs/msg/detail/point__struct.hpp:32:8:[m[K [01;36m[Knote: [m[Kcandidate: ‘[01m[Kconstexpr geometry_msgs::msg::Point_<std::allocator<void> >& geometry_msgs::msg::Point_<std::allocator<void> >::operator=(const geometry_msgs::msg::Point_<std::allocator<void> >&)[m[K’
   32 | struct [01;36m[KPoint_[m[K
      |        [01;36m[K^~~~~~[m[K
[01m[K/opt/ros/humble/include/geometry_msgs/geometry_msgs/msg/detail/point__struct.hpp:32:8:[m[K [01;36m[Knote: [m[K  no known conversion for argument 1 from ‘[01m[K<brace-enclosed initializer list>[m[K’ to ‘[01m[Kconst geometry_msgs::msg::Point_<std::allocator<void> >&[m[K’
[01m[K/opt/ros/humble/include/geometry_msgs/geometry_msgs/msg/detail/point__struct.hpp:32:8:[m[K [01;36m[Knote: [m[Kcandidate: ‘[01m[Kconstexpr geometry_msgs::msg::Point_<std::allocator<void> >& geometry_msgs::msg::Point_<std::allocator<void> >::operator=(geometry_msgs::msg::Point_<std::allocator<void> >&&)[m[K’
[01m[K/opt/ros/humble/include/geometry_msgs/geometry_msgs/msg/detail/point__struct.hpp:32:8:[m[K [01;36m[Knote: [m[K  no known conversion for argument 1 from ‘[01m[K<brace-enclosed initializer list>[m[K’ to ‘[01m[Kgeometry_msgs::msg::Point_<std::allocator<void> >&&[m[K’
[01m[K/home/bryan/hexapod_ws/src/hexapod_controller/src/tip_trajectory_generator.cpp:83:47:[m[K [01;31m[Kerror: [m[Kno match for ‘[01m[Koperator=[m[K’ (operand types are ‘[01m[Kgeometry_msgs::msg::Point[m[K’ {aka ‘[01m[Kgeometry_msgs::msg::Point_<std::allocator<void> >[m[K’} and ‘[01m[K<brace-enclosed initializer list>[m[K’)
   83 |         end = { -velocity[0],-velocity[1],0.0 [01;31m[K}[m[K;
      |                                               [01;31m[K^[m[K
In file included from [01m[K/opt/ros/humble/include/geometry_msgs/geometry_msgs/msg/point.hpp:7[m[K,
                 from [01m[K/home/bryan/hexapod_ws/src/hexapod_controller/src/tip_trajectory_generator.cpp:2[m[K:
[01m[K/opt/ros/humble/include/geometry_msgs/geometry_msgs/msg/detail/point__struct.hpp:32:8:[m[K [01;36m[Knote: [m[Kcandidate: ‘[01m[Kconstexpr geometry_msgs::msg::Point_<std::allocator<void> >& geometry_msgs::msg::Point_<std::allocator<void> >::operator=(const geometry_msgs::msg::Point_<std::allocator<void> >&)[m[K’
   32 | struct [01;36m[KPoint_[m[K
      |        [01;36m[K^~~~~~[m[K
[01m[K/opt/ros/humble/include/geometry_msgs/geometry_msgs/msg/detail/point__struct.hpp:32:8:[m[K [01;36m[Knote: [m[K  no known conversion for argument 1 from ‘[01m[K<brace-enclosed initializer list>[m[K’ to ‘[01m[Kconst geometry_msgs::msg::Point_<std::allocator<void> >&[m[K’
[01m[K/opt/ros/humble/include/geometry_msgs/geometry_msgs/msg/detail/point__struct.hpp:32:8:[m[K [01;36m[Knote: [m[Kcandidate: ‘[01m[Kconstexpr geometry_msgs::msg::Point_<std::allocator<void> >& geometry_msgs::msg::Point_<std::allocator<void> >::operator=(geometry_msgs::msg::Point_<std::allocator<void> >&&)[m[K’
[01m[K/opt/ros/humble/include/geometry_msgs/geometry_msgs/msg/detail/point__struct.hpp:32:8:[m[K [01;36m[Knote: [m[K  no known conversion for argument 1 from ‘[01m[K<brace-enclosed initializer list>[m[K’ to ‘[01m[Kgeometry_msgs::msg::Point_<std::allocator<void> >&&[m[K’
[01m[K/home/bryan/hexapod_ws/src/hexapod_controller/src/tip_trajectory_generator.cpp:[m[K In member function ‘[01m[Kvoid HexapodTrajectoryGenNode::set_control_point(int, double, int, int)[m[K’:
[01m[K/home/bryan/hexapod_ws/src/hexapod_controller/src/tip_trajectory_generator.cpp:98:22:[m[K [01;31m[Kerror: [m[Kinvalid types ‘[01m[K<unresolved overloaded function type>[int][m[K’ for array subscript
   98 |         leg_positions[01;31m[K[[m[Kleg_no] = point;
      |                      [01;31m[K^[m[K
[01m[K/home/bryan/hexapod_ws/src/hexapod_controller/src/tip_trajectory_generator.cpp:[m[K In member function ‘[01m[Khexapod_interfaces::msg::PointArray HexapodTrajectoryGenNode::transform_leg_positions(std::vector<geometry_msgs::msg::Point_<std::allocator<void> >, std::allocator<geometry_msgs::msg::Point_<std::allocator<void> > > >)[m[K’:
[01m[K/home/bryan/hexapod_ws/src/hexapod_controller/src/tip_trajectory_generator.cpp:126:16:[m[K [01;31m[Kerror: [m[Kcannot convert ‘[01m[KHexapodTrajectoryGenNode::transform_leg_positions[m[K’ from type ‘[01m[Khexapod_interfaces::msg::PointArray (HexapodTrajectoryGenNode::)(std::vector<geometry_msgs::msg::Point_<std::allocator<void> >, std::allocator<geometry_msgs::msg::Point_<std::allocator<void> > > >)[m[K’ {aka ‘[01m[Khexapod_interfaces::msg::PointArray_<std::allocator<void> > (HexapodTrajectoryGenNode::)(std::vector<geometry_msgs::msg::Point_<std::allocator<void> >, std::allocator<geometry_msgs::msg::Point_<std::allocator<void> > > >)[m[K’} to type ‘[01m[Khexapod_interfaces::msg::PointArray[m[K’ {aka ‘[01m[Khexapod_interfaces::msg::PointArray_<std::allocator<void> >[m[K’}
  126 |         return [01;31m[Ktransform_leg_positions[m[K;
      |                [01;31m[K^~~~~~~~~~~~~~~~~~~~~~~[m[K
[01m[K/home/bryan/hexapod_ws/src/hexapod_controller/src/tip_pose_generator.cpp:69:100:[m[K [01;31m[Kerror: [m[Kno match for ‘[01m[Koperator=[m[K’ (operand types are ‘[01m[Krclcpp::Subscription<std_msgs::msg::Float64MultiArray_<std::allocator<void> > >::SharedPtr[m[K’ {aka ‘[01m[Kstd::shared_ptr<rclcpp::Subscription<std_msgs::msg::Float64MultiArray_<std::allocator<void> > > >[m[K’} and ‘[01m[Kstd::shared_ptr<rclcpp::Subscription<hexapod_interfaces::msg::PointArray_<std::allocator<void> >, std::allocator<void>, hexapod_interfaces::msg::PointArray_<std::allocator<void> >, hexapod_interfaces::msg::PointArray_<std::allocator<void> >, rclcpp::message_memory_strategy::MessageMemoryStrategy<hexapod_interfaces::msg::PointArray_<std::allocator<void> >, std::allocator<void> > > >[m[K’)
   69 |             "/trajectory_poses", 10, std::bind(&HexapodTipPoseGenNode::update_tip_points, this, _1)[01;31m[K)[m[K;
      |                                                                                                    [01;31m[K^[m[K
In file included from [01m[K/usr/include/c++/11/memory:77[m[K,
                 from [01m[K/opt/ros/humble/include/rclcpp/rclcpp/rclcpp.hpp:153[m[K,
                 from [01m[K/home/bryan/hexapod_ws/src/hexapod_controller/src/tip_pose_generator.cpp:1[m[K:
[01m[K/usr/include/c++/11/bits/shared_ptr.h:363:9:[m[K [01;36m[Knote: [m[Kcandidate: ‘[01m[Ktemplate<class _Yp> std::shared_ptr<_Tp>::_Assignable<const std::shared_ptr<_Yp>&> std::shared_ptr<_Tp>::operator=(const std::shared_ptr<_Yp>&) [with _Yp = _Yp; _Tp = rclcpp::Subscription<std_msgs::msg::Float64MultiArray_<std::allocator<void> > >][m[K’
  363 |         [01;36m[Koperator[m[K=(const shared_ptr<_Yp>& __r) noexcept
      |         [01;36m[K^~~~~~~~[m[K
[01m[K/usr/include/c++/11/bits/shared_ptr.h:363:9:[m[K [01;36m[Knote: [m[K  template argument deduction/substitution failed:
/usr/include/c++/11/bits/shared_ptr.h: In substitution of ‘[01m[Ktemplate<class _Tp> template<class _Arg> using _Assignable = typename std::enable_if<std::is_assignable<std::__shared_ptr<_Tp>&, _Arg>::value, std::shared_ptr<_Tp>&>::type [with _Arg = const std::shared_ptr<rclcpp::Subscription<hexapod_interfaces::msg::PointArray_<std::allocator<void> >, std::allocator<void>, hexapod_interfaces::msg::PointArray_<std::allocator<void> >, hexapod_interfaces::msg::PointArray_<std::allocator<void> >, rclcpp::message_memory_strategy::MessageMemoryStrategy<hexapod_interfaces::msg::PointArray_<std::allocator<void> >, std::allocator<void> > > >&; _Tp = rclcpp::Subscription<std_msgs::msg::Float64MultiArray_<std::allocator<void> > >][m[K’:
[01m[K/usr/include/c++/11/bits/shared_ptr.h:363:2:[m[K   required by substitution of ‘[01m[Ktemplate<class _Yp> std::shared_ptr<rclcpp::Subscription<std_msgs::msg::Float64MultiArray_<std::allocator<void> > > >::_Assignable<const std::shared_ptr<_Tp>&> std::shared_ptr<rclcpp::Subscription<std_msgs::msg::Float64MultiArray_<std::allocator<void> > > >::operator=<_Yp>(const std::shared_ptr<_Tp>&) [with _Yp = rclcpp::Subscription<hexapod_interfaces::msg::PointArray_<std::allocator<void> >, std::allocator<void>, hexapod_interfaces::msg::PointArray_<std::allocator<void> >, hexapod_interfaces::msg::PointArray_<std::allocator<void> >, rclcpp::message_memory_strategy::MessageMemoryStrategy<hexapod_interfaces::msg::PointArray_<std::allocator<void> >, std::allocator<void> > >][m[K’
[01m[K/home/bryan/hexapod_ws/src/hexapod_controller/src/tip_pose_generator.cpp:69:100:[m[K   required from here
[01m[K/usr/include/c++/11/bits/shared_ptr.h:130:15:[m[K [01;31m[Kerror: [m[Kno type named ‘[01m[Ktype[m[K’ in ‘[01m[Kstruct std::enable_if<false, std::shared_ptr<rclcpp::Subscription<std_msgs::msg::Float64MultiArray_<std::allocator<void> > > >&>[m[K’
  130 |         using [01;31m[K_Assignable[m[K = typename enable_if<
      |               [01;31m[K^~~~~~~~~~~[m[K
[01m[K/usr/include/c++/11/bits/shared_ptr.h:374:9:[m[K [01;36m[Knote: [m[Kcandidate: ‘[01m[Ktemplate<class _Yp> std::shared_ptr<_Tp>::_Assignable<std::auto_ptr<_Up> > std::shared_ptr<_Tp>::operator=(std::auto_ptr<_Up>&&) [with _Yp = _Yp; _Tp = rclcpp::Subscription<std_msgs::msg::Float64MultiArray_<std::allocator<void> > >][m[K’
  374 |         [01;36m[Koperator[m[K=(auto_ptr<_Yp>&& __r)
      |         [01;36m[K^~~~~~~~[m[K
[01m[K/usr/include/c++/11/bits/shared_ptr.h:374:9:[m[K [01;36m[Knote: [m[K  template argument deduction/substitution failed:
[01m[K/home/bryan/hexapod_ws/src/hexapod_controller/src/tip_pose_generator.cpp:69:100:[m[K [01;36m[Knote: [m[K  ‘[01m[Kstd::shared_ptr<rclcpp::Subscription<hexapod_interfaces::msg::PointArray_<std::allocator<void> >, std::allocator<void>, hexapod_interfaces::msg::PointArray_<std::allocator<void> >, hexapod_interfaces::msg::PointArray_<std::allocator<void> >, rclcpp::message_memory_strategy::MessageMemoryStrategy<hexapod_interfaces::msg::PointArray_<std::allocator<void> >, std::allocator<void> > > >[m[K’ is not derived from ‘[01m[Kstd::auto_ptr<_Up>[m[K’
   69 |             "/trajectory_poses", 10, std::bind(&HexapodTipPoseGenNode::update_tip_points, this, _1)[01;36m[K)[m[K;
      |                                                                                                    [01;36m[K^[m[K
In file included from [01m[K/usr/include/c++/11/memory:77[m[K,
                 from [01m[K/opt/ros/humble/include/rclcpp/rclcpp/rclcpp.hpp:153[m[K,
                 from [01m[K/home/bryan/hexapod_ws/src/hexapod_controller/src/tip_pose_generator.cpp:1[m[K:
[01m[K/usr/include/c++/11/bits/shared_ptr.h:391:9:[m[K [01;36m[Knote: [m[Kcandidate: ‘[01m[Ktemplate<class _Yp> std::shared_ptr<_Tp>::_Assignable<std::shared_ptr<_Yp> > std::shared_ptr<_Tp>::operator=(std::shared_ptr<_Yp>&&) [with _Yp = _Yp; _Tp = rclcpp::Subscription<std_msgs::msg::Float64MultiArray_<std::allocator<void> > >][m[K’
  391 |         [01;36m[Koperator[m[K=(shared_ptr<_Yp>&& __r) noexcept
      |         [01;36m[K^~~~~~~~[m[K
[01m[K/usr/include/c++/11/bits/shared_ptr.h:391:9:[m[K [01;36m[Knote: [m[K  template argument deduction/substitution failed:
/usr/include/c++/11/bits/shared_ptr.h: In substitution of ‘[01m[Ktemplate<class _Tp> template<class _Arg> using _Assignable = typename std::enable_if<std::is_assignable<std::__shared_ptr<_Tp>&, _Arg>::value, std::shared_ptr<_Tp>&>::type [with _Arg = std::shared_ptr<rclcpp::Subscription<hexapod_interfaces::msg::PointArray_<std::allocator<void> >, std::allocator<void>, hexapod_interfaces::msg::PointArray_<std::allocator<void> >, hexapod_interfaces::msg::PointArray_<std::allocator<void> >, rclcpp::message_memory_strategy::MessageMemoryStrategy<hexapod_interfaces::msg::PointArray_<std::allocator<void> >, std::allocator<void> > > >; _Tp = rclcpp::Subscription<std_msgs::msg::Float64MultiArray_<std::allocator<void> > >][m[K’:
[01m[K/usr/include/c++/11/bits/shared_ptr.h:391:2:[m[K   required by substitution of ‘[01m[Ktemplate<class _Yp> std::shared_ptr<rclcpp::Subscription<std_msgs::msg::Float64MultiArray_<std::allocator<void> > > >::_Assignable<std::shared_ptr<_Tp> > std::shared_ptr<rclcpp::Subscription<std_msgs::msg::Float64MultiArray_<std::allocator<void> > > >::operator=<_Yp>(std::shared_ptr<_Tp>&&) [with _Yp = rclcpp::Subscription<hexapod_interfaces::msg::PointArray_<std::allocator<void> >, std::allocator<void>, hexapod_interfaces::msg::PointArray_<std::allocator<void> >, hexapod_interfaces::msg::PointArray_<std::allocator<void> >, rclcpp::message_memory_strategy::MessageMemoryStrategy<hexapod_interfaces::msg::PointArray_<std::allocator<void> >, std::allocator<void> > >][m[K’
[01m[K/home/bryan/hexapod_ws/src/hexapod_controller/src/tip_pose_generator.cpp:69:100:[m[K   required from here
[01m[K/usr/include/c++/11/bits/shared_ptr.h:130:15:[m[K [01;31m[Kerror: [m[Kno type named ‘[01m[Ktype[m[K’ in ‘[01m[Kstruct std::enable_if<false, std::shared_ptr<rclcpp::Subscription<std_msgs::msg::Float64MultiArray_<std::allocator<void> > > >&>[m[K’
  130 |         using [01;31m[K_Assignable[m[K = typename enable_if<
      |               [01;31m[K^~~~~~~~~~~[m[K
[01m[K/usr/include/c++/11/bits/shared_ptr.h:399:9:[m[K [01;36m[Knote: [m[Kcandidate: ‘[01m[Ktemplate<class _Yp, class _Del> std::shared_ptr<_Tp>::_Assignable<std::unique_ptr<_Up, _Ep> > std::shared_ptr<_Tp>::operator=(std::unique_ptr<_Up, _Ep>&&) [with _Yp = _Yp; _Del = _Del; _Tp = rclcpp::Subscription<std_msgs::msg::Float64MultiArray_<std::allocator<void> > >][m[K’
  399 |         [01;36m[Koperator[m[K=(unique_ptr<_Yp, _Del>&& __r)
      |         [01;36m[K^~~~~~~~[m[K
[01m[K/usr/include/c++/11/bits/shared_ptr.h:399:9:[m[K [01;36m[Knote: [m[K  template argument deduction/substitution failed:
[01m[K/home/bryan/hexapod_ws/src/hexapod_controller/src/tip_pose_generator.cpp:69:100:[m[K [01;36m[Knote: [m[K  ‘[01m[Kstd::shared_ptr<rclcpp::Subscription<hexapod_interfaces::msg::PointArray_<std::allocator<void> >, std::allocator<void>, hexapod_interfaces::msg::PointArray_<std::allocator<void> >, hexapod_interfaces::msg::PointArray_<std::allocator<void> >, rclcpp::message_memory_strategy::MessageMemoryStrategy<hexapod_interfaces::msg::PointArray_<std::allocator<void> >, std::allocator<void> > > >[m[K’ is not derived from ‘[01m[Kstd::unique_ptr<_Tp, _Dp>[m[K’
   69 |             "/trajectory_poses", 10, std::bind(&HexapodTipPoseGenNode::update_tip_points, this, _1)[01;36m[K)[m[K;
      |                                                                                                    [01;36m[K^[m[K
In file included from [01m[K/usr/include/c++/11/memory:77[m[K,
                 from [01m[K/opt/ros/humble/include/rclcpp/rclcpp/rclcpp.hpp:153[m[K,
                 from [01m[K/home/bryan/hexapod_ws/src/hexapod_controller/src/tip_pose_generator.cpp:1[m[K:
[01m[K/usr/include/c++/11/bits/shared_ptr.h:359:19:[m[K [01;36m[Knote: [m[Kcandidate: ‘[01m[Kstd::shared_ptr<_Tp>& std::shared_ptr<_Tp>::operator=(const std::shared_ptr<_Tp>&) [with _Tp = rclcpp::Subscription<std_msgs::msg::Float64MultiArray_<std::allocator<void> > >][m[K’
  359 |       shared_ptr& [01;36m[Koperator[m[K=(const shared_ptr&) noexcept = default;
      |                   [01;36m[K^~~~~~~~[m[K
[01m[K/usr/include/c++/11/bits/shared_ptr.h:359:29:[m[K [01;36m[Knote: [m[K  no known conversion for argument 1 from ‘[01m[Kstd::shared_ptr<rclcpp::Subscription<hexapod_interfaces::msg::PointArray_<std::allocator<void> >, std::allocator<void>, hexapod_interfaces::msg::PointArray_<std::allocator<void> >, hexapod_interfaces::msg::PointArray_<std::allocator<void> >, rclcpp::message_memory_strategy::MessageMemoryStrategy<hexapod_interfaces::msg::PointArray_<std::allocator<void> >, std::allocator<void> > > >[m[K’ to ‘[01m[Kconst std::shared_ptr<rclcpp::Subscription<std_msgs::msg::Float64MultiArray_<std::allocator<void> > > >&[m[K’
  359 |       shared_ptr& operator=([01;36m[Kconst shared_ptr&[m[K) noexcept = default;
      |                             [01;36m[K^~~~~~~~~~~~~~~~~[m[K
[01m[K/usr/include/c++/11/bits/shared_ptr.h:383:7:[m[K [01;36m[Knote: [m[Kcandidate: ‘[01m[Kstd::shared_ptr<_Tp>& std::shared_ptr<_Tp>::operator=(std::shared_ptr<_Tp>&&) [with _Tp = rclcpp::Subscription<std_msgs::msg::Float64MultiArray_<std::allocator<void> > >][m[K’
  383 |       [01;36m[Koperator[m[K=(shared_ptr&& __r) noexcept
      |       [01;36m[K^~~~~~~~[m[K
[01m[K/usr/include/c++/11/bits/shared_ptr.h:383:30:[m[K [01;36m[Knote: [m[K  no known conversion for argument 1 from ‘[01m[Kstd::shared_ptr<rclcpp::Subscription<hexapod_interfaces::msg::PointArray_<std::allocator<void> >, std::allocator<void>, hexapod_interfaces::msg::PointArray_<std::allocator<void> >, hexapod_interfaces::msg::PointArray_<std::allocator<void> >, rclcpp::message_memory_strategy::MessageMemoryStrategy<hexapod_interfaces::msg::PointArray_<std::allocator<void> >, std::allocator<void> > > >[m[K’ to ‘[01m[Kstd::shared_ptr<rclcpp::Subscription<std_msgs::msg::Float64MultiArray_<std::allocator<void> > > >&&[m[K’
  383 |       operator=([01;36m[Kshared_ptr&& __r[m[K) noexcept
      |                 [01;36m[K~~~~~~~~~~~~~^~~[m[K
[01m[K/home/bryan/hexapod_ws/src/hexapod_controller/src/tip_pose_generator.cpp:72:95:[m[K [01;31m[Kerror: [m[Kno match for ‘[01m[Koperator=[m[K’ (operand types are ‘[01m[Krclcpp::Publisher<hexapod_interfaces::msg::PointArray_<std::allocator<void> > >::SharedPtr[m[K’ {aka ‘[01m[Kstd::shared_ptr<rclcpp::Publisher<hexapod_interfaces::msg::PointArray_<std::allocator<void> > > >[m[K’} and ‘[01m[Kstd::shared_ptr<rclcpp::Publisher<std_msgs::msg::Float64MultiArray_<std::allocator<void> >, std::allocator<void> > >[m[K’)
   72 |         publisher_ = this->create_publisher<std_msgs::msg::Float64MultiArray>("/tip_poses", 10[01;31m[K)[m[K;
      |                                                                                               [01;31m[K^[m[K
In file included from [01m[K/usr/include/c++/11/memory:77[m[K,
                 from [01m[K/opt/ros/humble/include/rclcpp/rclcpp/rclcpp.hpp:153[m[K,
                 from [01m[K/home/bryan/hexapod_ws/src/hexapod_controller/src/tip_pose_generator.cpp:1[m[K:
[01m[K/usr/include/c++/11/bits/shared_ptr.h:363:9:[m[K [01;36m[Knote: [m[Kcandidate: ‘[01m[Ktemplate<class _Yp> std::shared_ptr<_Tp>::_Assignable<const std::shared_ptr<_Yp>&> std::shared_ptr<_Tp>::operator=(const std::shared_ptr<_Yp>&) [with _Yp = _Yp; _Tp = rclcpp::Publisher<hexapod_interfaces::msg::PointArray_<std::allocator<void> > >][m[K’
  363 |         [01;36m[Koperator[m[K=(const shared_ptr<_Yp>& __r) noexcept
      |         [01;36m[K^~~~~~~~[m[K
[01m[K/usr/include/c++/11/bits/shared_ptr.h:363:9:[m[K [01;36m[Knote: [m[K  template argument deduction/substitution failed:
/usr/include/c++/11/bits/shared_ptr.h: In substitution of ‘[01m[Ktemplate<class _Tp> template<class _Arg> using _Assignable = typename std::enable_if<std::is_assignable<std::__shared_ptr<_Tp>&, _Arg>::value, std::shared_ptr<_Tp>&>::type [with _Arg = const std::shared_ptr<rclcpp::Publisher<std_msgs::msg::Float64MultiArray_<std::allocator<void> >, std::allocator<void> > >&; _Tp = rclcpp::Publisher<hexapod_interfaces::msg::PointArray_<std::allocator<void> > >][m[K’:
[01m[K/usr/include/c++/11/bits/shared_ptr.h:363:2:[m[K   required by substitution of ‘[01m[Ktemplate<class _Yp> std::shared_ptr<rclcpp::Publisher<hexapod_interfaces::msg::PointArray_<std::allocator<void> > > >::_Assignable<const std::shared_ptr<_Tp>&> std::shared_ptr<rclcpp::Publisher<hexapod_interfaces::msg::PointArray_<std::allocator<void> > > >::operator=<_Yp>(const std::shared_ptr<_Tp>&) [with _Yp = rclcpp::Publisher<std_msgs::msg::Float64MultiArray_<std::allocator<void> >, std::allocator<void> >][m[K’
[01m[K/home/bryan/hexapod_ws/src/hexapod_controller/src/tip_pose_generator.cpp:72:95:[m[K   required from here
[01m[K/usr/include/c++/11/bits/shared_ptr.h:130:15:[m[K [01;31m[Kerror: [m[Kno type named ‘[01m[Ktype[m[K’ in ‘[01m[Kstruct std::enable_if<false, std::shared_ptr<rclcpp::Publisher<hexapod_interfaces::msg::PointArray_<std::allocator<void> > > >&>[m[K’
  130 |         using [01;31m[K_Assignable[m[K = typename enable_if<
      |               [01;31m[K^~~~~~~~~~~[m[K
[01m[K/usr/include/c++/11/bits/shared_ptr.h:374:9:[m[K [01;36m[Knote: [m[Kcandidate: ‘[01m[Ktemplate<class _Yp> std::shared_ptr<_Tp>::_Assignable<std::auto_ptr<_Up> > std::shared_ptr<_Tp>::operator=(std::auto_ptr<_Up>&&) [with _Yp = _Yp; _Tp = rclcpp::Publisher<hexapod_interfaces::msg::PointArray_<std::allocator<void> > >][m[K’
  374 |         [01;36m[Koperator[m[K=(auto_ptr<_Yp>&& __r)
      |         [01;36m[K^~~~~~~~[m[K
[01m[K/usr/include/c++/11/bits/shared_ptr.h:374:9:[m[K [01;36m[Knote: [m[K  template argument deduction/substitution failed:
[01m[K/home/bryan/hexapod_ws/src/hexapod_controller/src/tip_pose_generator.cpp:72:95:[m[K [01;36m[Knote: [m[K  ‘[01m[Kstd::shared_ptr<rclcpp::Publisher<std_msgs::msg::Float64MultiArray_<std::allocator<void> >, std::allocator<void> > >[m[K’ is not derived from ‘[01m[Kstd::auto_ptr<_Up>[m[K’
   72 |         publisher_ = this->create_publisher<std_msgs::msg::Float64MultiArray>("/tip_poses", 10[01;36m[K)[m[K;
      |                                                                                               [01;36m[K^[m[K
In file included from [01m[K/usr/include/c++/11/memory:77[m[K,
                 from [01m[K/opt/ros/humble/include/rclcpp/rclcpp/rclcpp.hpp:153[m[K,
                 from [01m[K/home/bryan/hexapod_ws/src/hexapod_controller/src/tip_pose_generator.cpp:1[m[K:
[01m[K/usr/include/c++/11/bits/shared_ptr.h:391:9:[m[K [01;36m[Knote: [m[Kcandidate: ‘[01m[Ktemplate<class _Yp> std::shared_ptr<_Tp>::_Assignable<std::shared_ptr<_Yp> > std::shared_ptr<_Tp>::operator=(std::shared_ptr<_Yp>&&) [with _Yp = _Yp; _Tp = rclcpp::Publisher<hexapod_interfaces::msg::PointArray_<std::allocator<void> > >][m[K’
  391 |         [01;36m[Koperator[m[K=(shared_ptr<_Yp>&& __r) noexcept
      |         [01;36m[K^~~~~~~~[m[K
[01m[K/usr/include/c++/11/bits/shared_ptr.h:391:9:[m[K [01;36m[Knote: [m[K  template argument deduction/substitution failed:
/usr/include/c++/11/bits/shared_ptr.h: In substitution of ‘[01m[Ktemplate<class _Tp> template<class _Arg> using _Assignable = typename std::enable_if<std::is_assignable<std::__shared_ptr<_Tp>&, _Arg>::value, std::shared_ptr<_Tp>&>::type [with _Arg = std::shared_ptr<rclcpp::Publisher<std_msgs::msg::Float64MultiArray_<std::allocator<void> >, std::allocator<void> > >; _Tp = rclcpp::Publisher<hexapod_interfaces::msg::PointArray_<std::allocator<void> > >][m[K’:
[01m[K/usr/include/c++/11/bits/shared_ptr.h:391:2:[m[K   required by substitution of ‘[01m[Ktemplate<class _Yp> std::shared_ptr<rclcpp::Publisher<hexapod_interfaces::msg::PointArray_<std::allocator<void> > > >::_Assignable<std::shared_ptr<_Tp> > std::shared_ptr<rclcpp::Publisher<hexapod_interfaces::msg::PointArray_<std::allocator<void> > > >::operator=<_Yp>(std::shared_ptr<_Tp>&&) [with _Yp = rclcpp::Publisher<std_msgs::msg::Float64MultiArray_<std::allocator<void> >, std::allocator<void> >][m[K’
[01m[K/home/bryan/hexapod_ws/src/hexapod_controller/src/tip_pose_generator.cpp:72:95:[m[K   required from here
[01m[K/usr/include/c++/11/bits/shared_ptr.h:130:15:[m[K [01;31m[Kerror: [m[Kno type named ‘[01m[Ktype[m[K’ in ‘[01m[Kstruct std::enable_if<false, std::shared_ptr<rclcpp::Publisher<hexapod_interfaces::msg::PointArray_<std::allocator<void> > > >&>[m[K’
  130 |         using [01;31m[K_Assignable[m[K = typename enable_if<
      |               [01;31m[K^~~~~~~~~~~[m[K
[01m[K/usr/include/c++/11/bits/shared_ptr.h:399:9:[m[K [01;36m[Knote: [m[Kcandidate: ‘[01m[Ktemplate<class _Yp, class _Del> std::shared_ptr<_Tp>::_Assignable<std::unique_ptr<_Up, _Ep> > std::shared_ptr<_Tp>::operator=(std::unique_ptr<_Up, _Ep>&&) [with _Yp = _Yp; _Del = _Del; _Tp = rclcpp::Publisher<hexapod_interfaces::msg::PointArray_<std::allocator<void> > >][m[K’
  399 |         [01;36m[Koperator[m[K=(unique_ptr<_Yp, _Del>&& __r)
      |         [01;36m[K^~~~~~~~[m[K
[01m[K/usr/include/c++/11/bits/shared_ptr.h:399:9:[m[K [01;36m[Knote: [m[K  template argument deduction/substitution failed:
[01m[K/home/bryan/hexapod_ws/src/hexapod_controller/src/tip_pose_generator.cpp:72:95:[m[K [01;36m[Knote: [m[K  ‘[01m[Kstd::shared_ptr<rclcpp::Publisher<std_msgs::msg::Float64MultiArray_<std::allocator<void> >, std::allocator<void> > >[m[K’ is not derived from ‘[01m[Kstd::unique_ptr<_Tp, _Dp>[m[K’
   72 |         publisher_ = this->create_publisher<std_msgs::msg::Float64MultiArray>("/tip_poses", 10[01;36m[K)[m[K;
      |                                                                                               [01;36m[K^[m[K
In file included from [01m[K/usr/include/c++/11/memory:77[m[K,
                 from [01m[K/opt/ros/humble/include/rclcpp/rclcpp/rclcpp.hpp:153[m[K,
                 from [01m[K/home/bryan/hexapod_ws/src/hexapod_controller/src/tip_pose_generator.cpp:1[m[K:
[01m[K/usr/include/c++/11/bits/shared_ptr.h:359:19:[m[K [01;36m[Knote: [m[Kcandidate: ‘[01m[Kstd::shared_ptr<_Tp>& std::shared_ptr<_Tp>::operator=(const std::shared_ptr<_Tp>&) [with _Tp = rclcpp::Publisher<hexapod_interfaces::msg::PointArray_<std::allocator<void> > >][m[K’
  359 |       shared_ptr& [01;36m[Koperator[m[K=(const shared_ptr&) noexcept = default;
      |                   [01;36m[K^~~~~~~~[m[K
[01m[K/usr/include/c++/11/bits/shared_ptr.h:359:29:[m[K [01;36m[Knote: [m[K  no known conversion for argument 1 from ‘[01m[Kstd::shared_ptr<rclcpp::Publisher<std_msgs::msg::Float64MultiArray_<std::allocator<void> >, std::allocator<void> > >[m[K’ to ‘[01m[Kconst std::shared_ptr<rclcpp::Publisher<hexapod_interfaces::msg::PointArray_<std::allocator<void> > > >&[m[K’
  359 |       shared_ptr& operator=([01;36m[Kconst shared_ptr&[m[K) noexcept = default;
      |                             [01;36m[K^~~~~~~~~~~~~~~~~[m[K
[01m[K/usr/include/c++/11/bits/shared_ptr.h:383:7:[m[K [01;36m[Knote: [m[Kcandidate: ‘[01m[Kstd::shared_ptr<_Tp>& std::shared_ptr<_Tp>::operator=(std::shared_ptr<_Tp>&&) [with _Tp = rclcpp::Publisher<hexapod_interfaces::msg::PointArray_<std::allocator<void> > >][m[K’
  383 |       [01;36m[Koperator[m[K=(shared_ptr&& __r) noexcept
      |       [01;36m[K^~~~~~~~[m[K
[01m[K/usr/include/c++/11/bits/shared_ptr.h:383:30:[m[K [01;36m[Knote: [m[K  no known conversion for argument 1 from ‘[01m[Kstd::shared_ptr<rclcpp::Publisher<std_msgs::msg::Float64MultiArray_<std::allocator<void> >, std::allocator<void> > >[m[K’ to ‘[01m[Kstd::shared_ptr<rclcpp::Publisher<hexapod_interfaces::msg::PointArray_<std::allocator<void> > > >&&[m[K’
  383 |       operator=([01;36m[Kshared_ptr&& __r[m[K) noexcept
      |                 [01;36m[K~~~~~~~~~~~~~^~~[m[K
[01m[K/home/bryan/hexapod_ws/src/hexapod_controller/src/tip_pose_generator.cpp:[m[K In member function ‘[01m[Kvoid HexapodTipPoseGenNode::update_tip_points(hexapod_interfaces::msg::PointArray)[m[K’:
[01m[K/home/bryan/hexapod_ws/src/hexapod_controller/src/tip_pose_generator.cpp:84:54:[m[K [01;31m[Kerror: [m[Kbase operand of ‘[01m[K->[m[K’ has non-pointer type ‘[01m[Kconst PointArray[m[K’ {aka ‘[01m[Kconst hexapod_interfaces::msg::PointArray_<std::allocator<void> >[m[K’}
   84 |             final_tip_poses_global->points[i].x = msg[01;31m[K->[m[Kpoints[i].x;
      |                                                      [01;31m[K^~[m[K
[01m[K/home/bryan/hexapod_ws/src/hexapod_controller/src/tip_pose_generator.cpp:85:54:[m[K [01;31m[Kerror: [m[Kbase operand of ‘[01m[K->[m[K’ has non-pointer type ‘[01m[Kconst PointArray[m[K’ {aka ‘[01m[Kconst hexapod_interfaces::msg::PointArray_<std::allocator<void> >[m[K’}
   85 |             final_tip_poses_global->points[i].y = msg[01;31m[K->[m[Kpoints[i].y;
      |                                                      [01;31m[K^~[m[K
[01m[K/home/bryan/hexapod_ws/src/hexapod_controller/src/tip_pose_generator.cpp:86:54:[m[K [01;31m[Kerror: [m[Kbase operand of ‘[01m[K->[m[K’ has non-pointer type ‘[01m[Kconst PointArray[m[K’ {aka ‘[01m[Kconst hexapod_interfaces::msg::PointArray_<std::allocator<void> >[m[K’}
   86 |             final_tip_poses_global->points[i].z = msg[01;31m[K->[m[Kpoints[i].z;
      |                                                      [01;31m[K^~[m[K
[01m[K/home/bryan/hexapod_ws/src/hexapod_controller/src/tip_pose_generator.cpp:89:13:[m[K [01;31m[Kerror: [m[K‘[01m[Ki[m[K’ was not declared in this scope
   89 |         for([01;31m[Ki[m[K=0 ; i<6 ; i++){
      |             [01;31m[K^[m[K
[01m[K/home/bryan/hexapod_ws/src/hexapod_controller/src/tip_pose_generator.cpp:92:80:[m[K [01;31m[Kerror: [m[Kinvalid types ‘[01m[K<unresolved overloaded function type>[int][m[K’ for array subscript
   92 |             final_tip_poses_global->points[i].x += this->body_pose_xyz_received[01;31m[K[[m[K0];
      |                                                                                [01;31m[K^[m[K
[01m[K/home/bryan/hexapod_ws/src/hexapod_controller/src/tip_pose_generator.cpp:93:80:[m[K [01;31m[Kerror: [m[Kinvalid types ‘[01m[K<unresolved overloaded function type>[int][m[K’ for array subscript
   93 |             final_tip_poses_global->points[i].y += this->body_pose_xyz_received[01;31m[K[[m[K1];
      |                                                                                [01;31m[K^[m[K
[01m[K/home/bryan/hexapod_ws/src/hexapod_controller/src/tip_pose_generator.cpp:94:80:[m[K [01;31m[Kerror: [m[Kinvalid types ‘[01m[K<unresolved overloaded function type>[int][m[K’ for array subscript
   94 |             final_tip_poses_global->points[i].z += this->body_pose_xyz_received[01;31m[K[[m[K2];
      |                                                                                [01;31m[K^[m[K
[01m[K/home/bryan/hexapod_ws/src/hexapod_controller/src/tip_pose_generator.cpp:98:90:[m[K [01;31m[Kerror: [m[Kinvalid types ‘[01m[K<unresolved overloaded function type>[int][m[K’ for array subscript
   98 |             point = rotatePoint(final_tip_poses_global->points[i], body_pose_rpy_received[01;31m[K[[m[K0], body_pose_rpy_received[1], body_pose_rpy_received[2]);
      |                                                                                          [01;31m[K^[m[K
[01m[K/home/bryan/hexapod_ws/src/hexapod_controller/src/tip_pose_generator.cpp:98:117:[m[K [01;31m[Kerror: [m[Kinvalid types ‘[01m[K<unresolved overloaded function type>[int][m[K’ for array subscript
   98 |             point = rotatePoint(final_tip_poses_global->points[i], body_pose_rpy_received[0], body_pose_rpy_received[01;31m[K[[m[K1], body_pose_rpy_received[2]);
      |                                                                                                                     [01;31m[K^[m[K
[01m[K/home/bryan/hexapod_ws/src/hexapod_controller/src/tip_pose_generator.cpp:98:144:[m[K [01;31m[Kerror: [m[Kinvalid types ‘[01m[K<unresolved overloaded function type>[int][m[K’ for array subscript
   98 |             point = rotatePoint(final_tip_poses_global->points[i], body_pose_rpy_received[0], body_pose_rpy_received[1], body_pose_rpy_received[01;31m[K[[m[K2]);
      |                                                                                                                                                [01;31m[K^[m[K
[01m[K/home/bryan/hexapod_ws/src/hexapod_controller/src/tip_pose_generator.cpp:105:60:[m[K [01;31m[Kerror: [m[K‘[01m[Kusing PointArray = struct hexapod_interfaces::msg::PointArray_<std::allocator<void> >[m[K’ {aka ‘[01m[Kstruct hexapod_interfaces::msg::PointArray_<std::allocator<void> >[m[K’} has no member named ‘[01m[Kposes[m[K’
  105 |             final_tip_poses_global->points[i].x -= origins.[01;31m[Kposes[m[K[i].x;
      |                                                            [01;31m[K^~~~~[m[K
[01m[K/home/bryan/hexapod_ws/src/hexapod_controller/src/tip_pose_generator.cpp:106:60:[m[K [01;31m[Kerror: [m[K‘[01m[Kusing PointArray = struct hexapod_interfaces::msg::PointArray_<std::allocator<void> >[m[K’ {aka ‘[01m[Kstruct hexapod_interfaces::msg::PointArray_<std::allocator<void> >[m[K’} has no member named ‘[01m[Kposes[m[K’
  106 |             final_tip_poses_global->points[i].y -= origins.[01;31m[Kposes[m[K[i].y;
      |                                                            [01;31m[K^~~~~[m[K
[01m[K/home/bryan/hexapod_ws/src/hexapod_controller/src/tip_pose_generator.cpp:107:60:[m[K [01;31m[Kerror: [m[K‘[01m[Kusing PointArray = struct hexapod_interfaces::msg::PointArray_<std::allocator<void> >[m[K’ {aka ‘[01m[Kstruct hexapod_interfaces::msg::PointArray_<std::allocator<void> >[m[K’} has no member named ‘[01m[Kposes[m[K’
  107 |             final_tip_poses_global->points[i].z -= origins.[01;31m[Kposes[m[K[i].z;
      |                                                            [01;31m[K^~~~~[m[K
[01m[K/home/bryan/hexapod_ws/src/hexapod_controller/src/tip_pose_generator.cpp:113:13:[m[K [01;31m[Kerror: [m[K‘[01m[Ki[m[K’ was not declared in this scope
  113 |         for([01;31m[Ki[m[K=0 ; i< 6 ; i++){
      |             [01;31m[K^[m[K
[01m[K/home/bryan/hexapod_ws/src/hexapod_controller/src/tip_pose_generator.cpp:123:24:[m[K [01;31m[Kerror: [m[K‘[01m[Kfloat64_multi_array[m[K’ is not a member of ‘[01m[Kstd_msgs::msg[m[K’; did you mean ‘[01m[KFloat64MultiArray[m[K’?
  123 |         std_msgs::msg::[01;31m[Kfloat64_multi_array[m[K final_tip_poses_local;
      |                        [01;31m[K^~~~~~~~~~~~~~~~~~~[m[K
      |                        [32m[KFloat64MultiArray[m[K
[01m[K/home/bryan/hexapod_ws/src/hexapod_controller/src/tip_pose_generator.cpp:125:13:[m[K [01;31m[Kerror: [m[K‘[01m[Kfinal_tip_poses_local[m[K’ was not declared in this scope; did you mean ‘[01m[Kfinal_tip_poses_global[m[K’?
  125 |             [01;31m[Kfinal_tip_poses_local[m[K[3 * i].data = final_tip_poses_global->points[i].x;
      |             [01;31m[K^~~~~~~~~~~~~~~~~~~~~[m[K
      |             [32m[Kfinal_tip_poses_global[m[K
[01m[K/home/bryan/hexapod_ws/src/hexapod_controller/src/tip_pose_generator.cpp:131:20:[m[K [01;31m[Kerror: [m[K‘[01m[Kusing SharedPtr = class std::shared_ptr<rclcpp::Publisher<hexapod_interfaces::msg::PointArray_<std::allocator<void> > > >[m[K’ {aka ‘[01m[Kclass std::shared_ptr<rclcpp::Publisher<hexapod_interfaces::msg::PointArray_<std::allocator<void> > > >[m[K’} has no member named ‘[01m[Kpublish[m[K’
  131 |         publisher_.[01;31m[Kpublish[m[K(final_tip_poses_local);
      |                    [01;31m[K^~~~~~~[m[K
[01m[K/home/bryan/hexapod_ws/src/hexapod_controller/src/tip_pose_generator.cpp:131:28:[m[K [01;31m[Kerror: [m[K‘[01m[Kfinal_tip_poses_local[m[K’ was not declared in this scope; did you mean ‘[01m[Kfinal_tip_poses_global[m[K’?
  131 |         publisher_.publish([01;31m[Kfinal_tip_poses_local[m[K);
      |                            [01;31m[K^~~~~~~~~~~~~~~~~~~~~[m[K
      |                            [32m[Kfinal_tip_poses_global[m[K
[01m[K/home/bryan/hexapod_ws/src/hexapod_controller/src/tip_pose_generator.cpp:[m[K In member function ‘[01m[Kvoid HexapodTipPoseGenNode::update_body_pose_data(std_msgs::msg::Float64MultiArray)[m[K’:
[01m[K/home/bryan/hexapod_ws/src/hexapod_controller/src/tip_pose_generator.cpp:139:41:[m[K [01;31m[Kerror: [m[Kinvalid types ‘[01m[K<unresolved overloaded function type>[int][m[K’ for array subscript
  139 |             this->body_pose_rpy_received[01;31m[K[[m[Ki] = msg->data[i];
      |                                         [01;31m[K^[m[K
[01m[K/home/bryan/hexapod_ws/src/hexapod_controller/src/tip_pose_generator.cpp:139:50:[m[K [01;31m[Kerror: [m[Kbase operand of ‘[01m[K->[m[K’ has non-pointer type ‘[01m[Kconst Float64MultiArray[m[K’ {aka ‘[01m[Kconst std_msgs::msg::Float64MultiArray_<std::allocator<void> >[m[K’}
  139 |             this->body_pose_rpy_received[i] = msg[01;31m[K->[m[Kdata[i];
      |                                                  [01;31m[K^~[m[K
[01m[K/home/bryan/hexapod_ws/src/hexapod_controller/src/tip_pose_generator.cpp:142:41:[m[K [01;31m[Kerror: [m[Kinvalid types ‘[01m[K<unresolved overloaded function type>[int][m[K’ for array subscript
  142 |             this->body_pose_xyz_received[01;31m[K[[m[Ki] = msg->data[i];
      |                                         [01;31m[K^[m[K
[01m[K/home/bryan/hexapod_ws/src/hexapod_controller/src/tip_pose_generator.cpp:142:50:[m[K [01;31m[Kerror: [m[Kbase operand of ‘[01m[K->[m[K’ has non-pointer type ‘[01m[Kconst Float64MultiArray[m[K’ {aka ‘[01m[Kconst std_msgs::msg::Float64MultiArray_<std::allocator<void> >[m[K’}
  142 |             this->body_pose_xyz_received[i] = msg[01;31m[K->[m[Kdata[i];
      |                                                  [01;31m[K^~[m[K
gmake[2]: *** [CMakeFiles/tip_trajectory_generator.dir/build.make:76: CMakeFiles/tip_trajectory_generator.dir/src/tip_trajectory_generator.cpp.o] Error 1
gmake[1]: *** [CMakeFiles/Makefile2:221: CMakeFiles/tip_trajectory_generator.dir/all] Error 2
gmake[2]: *** [CMakeFiles/tip_pose_generator.dir/build.make:76: CMakeFiles/tip_pose_generator.dir/src/tip_pose_generator.cpp.o] Error 1
gmake[1]: *** [CMakeFiles/Makefile2:195: CMakeFiles/tip_pose_generator.dir/all] Error 2
gmake: *** [Makefile:146: all] Error 2
