-- The C compiler identification is GNU 11.4.0
-- The CXX compiler identification is GNU 11.4.0
-- Detecting C compiler ABI info
-- Detecting C compiler ABI info - done
-- Check for working C compiler: /usr/bin/cc - skipped
-- Detecting C compile features
-- Detecting C compile features - done
-- Detecting CXX compiler ABI info
-- Detecting CXX compiler ABI info - done
-- Check for working CXX compiler: /usr/bin/c++ - skipped
-- Detecting CXX compile features
-- Detecting CXX compile features - done
-- Found ament_cmake: 1.3.10 (/opt/ros/humble/share/ament_cmake/cmake)
-- Found Python3: /usr/bin/python3 (found version "3.10.12") found components: Interpreter 
-- Found std_msgs: 4.2.4 (/opt/ros/humble/share/std_msgs/cmake)
-- Found rosidl_generator_c: 3.1.5 (/opt/ros/humble/share/rosidl_generator_c/cmake)
-- Found rosidl_adapter: 3.1.5 (/opt/ros/humble/share/rosidl_adapter/cmake)
-- Found rosidl_generator_cpp: 3.1.5 (/opt/ros/humble/share/rosidl_generator_cpp/cmake)
-- Using all available rosidl_typesupport_c: rosidl_typesupport_fastrtps_c;rosidl_typesupport_introspection_c
-- Using all available rosidl_typesupport_cpp: rosidl_typesupport_fastrtps_cpp;rosidl_typesupport_introspection_cpp
-- Found rclcpp_lifecycle: 16.0.10 (/opt/ros/humble/share/rclcpp_lifecycle/cmake)
-- Found rmw_implementation_cmake: 6.1.2 (/opt/ros/humble/share/rmw_implementation_cmake/cmake)
-- Found rmw_fastrtps_cpp: 6.2.7 (/opt/ros/humble/share/rmw_fastrtps_cpp/cmake)
-- Found OpenSSL: /usr/lib/x86_64-linux-gnu/libcrypto.so (found version "3.0.2")  
-- Found FastRTPS: /opt/ros/humble/include  
-- Using RMW implementation 'rmw_fastrtps_cpp' as default
-- Looking for pthread.h
-- Looking for pthread.h - found
-- Performing Test CMAKE_HAVE_LIBC_PTHREAD
-- Performing Test CMAKE_HAVE_LIBC_PTHREAD - Success
-- Found Threads: TRUE  
-- Found hardware_interface: 2.43.1 (/opt/ros/humble/share/hardware_interface/cmake)
-- Found PkgConfig: /usr/bin/pkg-config (found version "0.29.2") 
-- Checking for module 'libserial'
--   Found libserial, version 1.0.0
-- Configuring done
-- Generating done
-- Build files have been written to: /home/bryan/hexapod_ws/src/build/hexapod_firmware
[ 50%] [32mBuilding CXX object CMakeFiles/hexapod_firmware.dir/src/hexapod_interface.cpp.o[0m
[100%] [32m[1mLinking CXX shared library libhexapod_firmware.so[0m
[100%] Built target hexapod_firmware
-- Install configuration: ""
-- Installing: /home/bryan/hexapod_ws/src/install/hexapod_firmware/share/hexapod_firmware/hexapod_interface.xml
-- Installing: /home/bryan/hexapod_ws/src/install/hexapod_firmware/lib/libhexapod_firmware.so
-- Set runtime path of "/home/bryan/hexapod_ws/src/install/hexapod_firmware/lib/libhexapod_firmware.so" to ""
-- Installing: /home/bryan/hexapod_ws/src/install/hexapod_firmware/include/include
-- Installing: /home/bryan/hexapod_ws/src/install/hexapod_firmware/include/include/hexapod_firmware
-- Installing: /home/bryan/hexapod_ws/src/install/hexapod_firmware/include/include/hexapod_firmware/hexapod_interface.hpp
-- Installing: /home/bryan/hexapod_ws/src/install/hexapod_firmware/share/hexapod_firmware/launch
-- Installing: /home/bryan/hexapod_ws/src/install/hexapod_firmware/share/hexapod_firmware/launch/hardware_interface.launch.py
-- Installing: /home/bryan/hexapod_ws/src/install/hexapod_firmware/share/hexapod_firmware/environment/library_path.sh
-- Installing: /home/bryan/hexapod_ws/src/install/hexapod_firmware/share/hexapod_firmware/environment/library_path.dsv
-- Installing: /home/bryan/hexapod_ws/src/install/hexapod_firmware/share/ament_index/resource_index/package_run_dependencies/hexapod_firmware
-- Installing: /home/bryan/hexapod_ws/src/install/hexapod_firmware/share/ament_index/resource_index/parent_prefix_path/hexapod_firmware
-- Installing: /home/bryan/hexapod_ws/src/install/hexapod_firmware/share/hexapod_firmware/environment/ament_prefix_path.sh
-- Installing: /home/bryan/hexapod_ws/src/install/hexapod_firmware/share/hexapod_firmware/environment/ament_prefix_path.dsv
-- Installing: /home/bryan/hexapod_ws/src/install/hexapod_firmware/share/hexapod_firmware/environment/path.sh
-- Installing: /home/bryan/hexapod_ws/src/install/hexapod_firmware/share/hexapod_firmware/environment/path.dsv
-- Installing: /home/bryan/hexapod_ws/src/install/hexapod_firmware/share/hexapod_firmware/local_setup.bash
-- Installing: /home/bryan/hexapod_ws/src/install/hexapod_firmware/share/hexapod_firmware/local_setup.sh
-- Installing: /home/bryan/hexapod_ws/src/install/hexapod_firmware/share/hexapod_firmware/local_setup.zsh
-- Installing: /home/bryan/hexapod_ws/src/install/hexapod_firmware/share/hexapod_firmware/local_setup.dsv
-- Installing: /home/bryan/hexapod_ws/src/install/hexapod_firmware/share/hexapod_firmware/package.dsv
-- Installing: /home/bryan/hexapod_ws/src/install/hexapod_firmware/share/ament_index/resource_index/packages/hexapod_firmware
-- Installing: /home/bryan/hexapod_ws/src/install/hexapod_firmware/share/ament_index/resource_index/hardware_interface__pluginlib__plugin/hexapod_firmware
-- Installing: /home/bryan/hexapod_ws/src/install/hexapod_firmware/share/hexapod_firmware/cmake/ament_cmake_export_include_directories-extras.cmake
-- Installing: /home/bryan/hexapod_ws/src/install/hexapod_firmware/share/hexapod_firmware/cmake/ament_cmake_export_libraries-extras.cmake
-- Installing: /home/bryan/hexapod_ws/src/install/hexapod_firmware/share/hexapod_firmware/cmake/ament_cmake_export_dependencies-extras.cmake
-- Installing: /home/bryan/hexapod_ws/src/install/hexapod_firmware/share/hexapod_firmware/cmake/hexapod_firmwareConfig.cmake
-- Installing: /home/bryan/hexapod_ws/src/install/hexapod_firmware/share/hexapod_firmware/cmake/hexapod_firmwareConfig-version.cmake
-- Installing: /home/bryan/hexapod_ws/src/install/hexapod_firmware/share/hexapod_firmware/package.xml
