[0.068s] Invoking command in '/home/bryan/hexapod_ws/build/hexapod_description': CMAKE_PREFIX_PATH=${CMAKE_PREFIX_PATH}:/opt/ros/humble /usr/bin/cmake --build /home/bryan/hexapod_ws/build/hexapod_description -- -j16 -l16
[0.166s] Invoked command in '/home/bryan/hexapod_ws/build/hexapod_description' returned '0': CMAKE_PREFIX_PATH=${CMAKE_PREFIX_PATH}:/opt/ros/humble /usr/bin/cmake --build /home/bryan/hexapod_ws/build/hexapod_description -- -j16 -l16
[0.258s] Invoking command in '/home/bryan/hexapod_ws/build/hexapod_description': CMAKE_PREFIX_PATH=${CMAKE_PREFIX_PATH}:/opt/ros/humble /usr/bin/cmake --install /home/bryan/hexapod_ws/build/hexapod_description
[0.283s] -- Install configuration: ""
[0.284s] -- Up-to-date: /home/bryan/hexapod_ws/install/hexapod_description/share/hexapod_description/launch
[0.285s] -- Up-to-date: /home/bryan/hexapod_ws/install/hexapod_description/share/hexapod_description/launch/gazebo.launch.py
[0.285s] -- Up-to-date: /home/bryan/hexapod_ws/install/hexapod_description/share/hexapod_description/launch/display.launch.py
[0.285s] -- Up-to-date: /home/bryan/hexapod_ws/install/hexapod_description/share/hexapod_description/meshes
[0.285s] -- Up-to-date: /home/bryan/hexapod_ws/install/hexapod_description/share/hexapod_description/meshes/c2.STL
[0.285s] -- Up-to-date: /home/bryan/hexapod_ws/install/hexapod_description/share/hexapod_description/meshes/t6_scad.stl
[0.285s] -- Up-to-date: /home/bryan/hexapod_ws/install/hexapod_description/share/hexapod_description/meshes/body_scad.stl
[0.286s] -- Up-to-date: /home/bryan/hexapod_ws/install/hexapod_description/share/hexapod_description/meshes/f3.STL
[0.287s] -- Up-to-date: /home/bryan/hexapod_ws/install/hexapod_description/share/hexapod_description/meshes/t5_scad.stl
[0.287s] -- Up-to-date: /home/bryan/hexapod_ws/install/hexapod_description/share/hexapod_description/meshes/c5_scad.stl
[0.287s] -- Up-to-date: /home/bryan/hexapod_ws/install/hexapod_description/share/hexapod_description/meshes/e2.scad
[0.288s] -- Up-to-date: /home/bryan/hexapod_ws/install/hexapod_description/share/hexapod_description/meshes/f6.scad
[0.288s] -- Up-to-date: /home/bryan/hexapod_ws/install/hexapod_description/share/hexapod_description/meshes/t4.STL
[0.289s] -- Up-to-date: /home/bryan/hexapod_ws/install/hexapod_description/share/hexapod_description/meshes/c5.scad
[0.289s] -- Up-to-date: /home/bryan/hexapod_ws/install/hexapod_description/share/hexapod_description/meshes/f2_scad.stl
[0.289s] -- Up-to-date: /home/bryan/hexapod_ws/install/hexapod_description/share/hexapod_description/meshes/c1.scad
[0.290s] -- Up-to-date: /home/bryan/hexapod_ws/install/hexapod_description/share/hexapod_description/meshes/f4.STL
[0.290s] -- Up-to-date: /home/bryan/hexapod_ws/install/hexapod_description/share/hexapod_description/meshes/e1_scad.stl
[0.292s] -- Up-to-date: /home/bryan/hexapod_ws/install/hexapod_description/share/hexapod_description/meshes/c1.STL
[0.293s] -- Up-to-date: /home/bryan/hexapod_ws/install/hexapod_description/share/hexapod_description/meshes/t5.STL
[0.295s] -- Up-to-date: /home/bryan/hexapod_ws/install/hexapod_description/share/hexapod_description/meshes/f5.scad
[0.295s] -- Up-to-date: /home/bryan/hexapod_ws/install/hexapod_description/share/hexapod_description/meshes/f1.scad
[0.297s] -- Up-to-date: /home/bryan/hexapod_ws/install/hexapod_description/share/hexapod_description/meshes/c5.STL
[0.298s] -- Up-to-date: /home/bryan/hexapod_ws/install/hexapod_description/share/hexapod_description/meshes/e4.scad
[0.298s] -- Up-to-date: /home/bryan/hexapod_ws/install/hexapod_description/share/hexapod_description/meshes/t1_scad.stl
[0.298s] -- Up-to-date: /home/bryan/hexapod_ws/install/hexapod_description/share/hexapod_description/meshes/e2_scad.stl
[0.299s] -- Up-to-date: /home/bryan/hexapod_ws/install/hexapod_description/share/hexapod_description/meshes/e1.scad
[0.300s] -- Up-to-date: /home/bryan/hexapod_ws/install/hexapod_description/share/hexapod_description/meshes/e6.scad
[0.300s] -- Up-to-date: /home/bryan/hexapod_ws/install/hexapod_description/share/hexapod_description/meshes/f4_scad.stl
[0.301s] -- Up-to-date: /home/bryan/hexapod_ws/install/hexapod_description/share/hexapod_description/meshes/e4_scad.stl
[0.302s] -- Up-to-date: /home/bryan/hexapod_ws/install/hexapod_description/share/hexapod_description/meshes/f1_scad.stl
[0.302s] -- Up-to-date: /home/bryan/hexapod_ws/install/hexapod_description/share/hexapod_description/meshes/f2.scad
[0.303s] -- Up-to-date: /home/bryan/hexapod_ws/install/hexapod_description/share/hexapod_description/meshes/t2.STL
[0.304s] -- Up-to-date: /home/bryan/hexapod_ws/install/hexapod_description/share/hexapod_description/meshes/e5.scad
[0.304s] -- Up-to-date: /home/bryan/hexapod_ws/install/hexapod_description/share/hexapod_description/meshes/t5.scad
[0.305s] -- Up-to-date: /home/bryan/hexapod_ws/install/hexapod_description/share/hexapod_description/meshes/t3_scad.stl
[0.305s] -- Up-to-date: /home/bryan/hexapod_ws/install/hexapod_description/share/hexapod_description/meshes/t4.scad
[0.306s] -- Up-to-date: /home/bryan/hexapod_ws/install/hexapod_description/share/hexapod_description/meshes/t2_scad.stl
[0.307s] -- Up-to-date: /home/bryan/hexapod_ws/install/hexapod_description/share/hexapod_description/meshes/f5_scad.stl
[0.307s] -- Up-to-date: /home/bryan/hexapod_ws/install/hexapod_description/share/hexapod_description/meshes/c6.scad
[0.307s] -- Up-to-date: /home/bryan/hexapod_ws/install/hexapod_description/share/hexapod_description/meshes/t2.scad
[0.308s] -- Up-to-date: /home/bryan/hexapod_ws/install/hexapod_description/share/hexapod_description/meshes/c2_scad.stl
[0.308s] -- Up-to-date: /home/bryan/hexapod_ws/install/hexapod_description/share/hexapod_description/meshes/f5.STL
[0.309s] -- Up-to-date: /home/bryan/hexapod_ws/install/hexapod_description/share/hexapod_description/meshes/e3.scad
[0.310s] -- Up-to-date: /home/bryan/hexapod_ws/install/hexapod_description/share/hexapod_description/meshes/c6.STL
[0.311s] -- Up-to-date: /home/bryan/hexapod_ws/install/hexapod_description/share/hexapod_description/meshes/f6.STL
[0.311s] -- Up-to-date: /home/bryan/hexapod_ws/install/hexapod_description/share/hexapod_description/meshes/body.STL
[0.311s] -- Up-to-date: /home/bryan/hexapod_ws/install/hexapod_description/share/hexapod_description/meshes/c4.STL
[0.312s] -- Up-to-date: /home/bryan/hexapod_ws/install/hexapod_description/share/hexapod_description/meshes/e5_scad.stl
[0.312s] -- Up-to-date: /home/bryan/hexapod_ws/install/hexapod_description/share/hexapod_description/meshes/e6_scad.stl
[0.313s] -- Up-to-date: /home/bryan/hexapod_ws/install/hexapod_description/share/hexapod_description/meshes/c1_scad.stl
[0.315s] -- Up-to-date: /home/bryan/hexapod_ws/install/hexapod_description/share/hexapod_description/meshes/c6_scad.stl
[0.317s] -- Up-to-date: /home/bryan/hexapod_ws/install/hexapod_description/share/hexapod_description/meshes/f2.STL
[0.317s] -- Up-to-date: /home/bryan/hexapod_ws/install/hexapod_description/share/hexapod_description/meshes/t3.scad
[0.317s] -- Up-to-date: /home/bryan/hexapod_ws/install/hexapod_description/share/hexapod_description/meshes/c3_scad.stl
[0.317s] -- Up-to-date: /home/bryan/hexapod_ws/install/hexapod_description/share/hexapod_description/meshes/f4.scad
[0.317s] -- Up-to-date: /home/bryan/hexapod_ws/install/hexapod_description/share/hexapod_description/meshes/c3.scad
[0.317s] -- Up-to-date: /home/bryan/hexapod_ws/install/hexapod_description/share/hexapod_description/meshes/f3_scad.stl
[0.318s] -- Up-to-date: /home/bryan/hexapod_ws/install/hexapod_description/share/hexapod_description/meshes/t3.STL
[0.318s] -- Up-to-date: /home/bryan/hexapod_ws/install/hexapod_description/share/hexapod_description/meshes/base_link.scad
[0.318s] -- Up-to-date: /home/bryan/hexapod_ws/install/hexapod_description/share/hexapod_description/meshes/c4.scad
[0.318s] -- Up-to-date: /home/bryan/hexapod_ws/install/hexapod_description/share/hexapod_description/meshes/c4_scad.stl
[0.319s] -- Up-to-date: /home/bryan/hexapod_ws/install/hexapod_description/share/hexapod_description/meshes/f3.scad
[0.319s] -- Up-to-date: /home/bryan/hexapod_ws/install/hexapod_description/share/hexapod_description/meshes/t4_scad.stl
[0.319s] -- Up-to-date: /home/bryan/hexapod_ws/install/hexapod_description/share/hexapod_description/meshes/c3.STL
[0.319s] -- Up-to-date: /home/bryan/hexapod_ws/install/hexapod_description/share/hexapod_description/meshes/t6.STL
[0.319s] -- Up-to-date: /home/bryan/hexapod_ws/install/hexapod_description/share/hexapod_description/meshes/e3_scad.stl
[0.319s] -- Up-to-date: /home/bryan/hexapod_ws/install/hexapod_description/share/hexapod_description/meshes/scad
[0.319s] -- Up-to-date: /home/bryan/hexapod_ws/install/hexapod_description/share/hexapod_description/meshes/t1.STL
[0.320s] -- Up-to-date: /home/bryan/hexapod_ws/install/hexapod_description/share/hexapod_description/meshes/t6.scad
[0.320s] -- Up-to-date: /home/bryan/hexapod_ws/install/hexapod_description/share/hexapod_description/meshes/t1.scad
[0.320s] -- Up-to-date: /home/bryan/hexapod_ws/install/hexapod_description/share/hexapod_description/meshes/c2.scad
[0.320s] -- Up-to-date: /home/bryan/hexapod_ws/install/hexapod_description/share/hexapod_description/meshes/f6_scad.stl
[0.320s] -- Up-to-date: /home/bryan/hexapod_ws/install/hexapod_description/share/hexapod_description/meshes/f1.STL
[0.320s] -- Up-to-date: /home/bryan/hexapod_ws/install/hexapod_description/share/hexapod_description/models
[0.320s] -- Up-to-date: /home/bryan/hexapod_ws/install/hexapod_description/share/hexapod_description/models/sun
[0.320s] -- Up-to-date: /home/bryan/hexapod_ws/install/hexapod_description/share/hexapod_description/models/sun/model-1_3.sdf
[0.321s] -- Up-to-date: /home/bryan/hexapod_ws/install/hexapod_description/share/hexapod_description/models/sun/model.config
[0.321s] -- Up-to-date: /home/bryan/hexapod_ws/install/hexapod_description/share/hexapod_description/models/sun/model-1_4.sdf
[0.326s] -- Up-to-date: /home/bryan/hexapod_ws/install/hexapod_description/share/hexapod_description/models/sun/model.sdf
[0.327s] -- Up-to-date: /home/bryan/hexapod_ws/install/hexapod_description/share/hexapod_description/models/sun/model-1_2.sdf
[0.327s] -- Up-to-date: /home/bryan/hexapod_ws/install/hexapod_description/share/hexapod_description/models/ground_plane
[0.328s] -- Up-to-date: /home/bryan/hexapod_ws/install/hexapod_description/share/hexapod_description/models/ground_plane/model-1_3.sdf
[0.328s] -- Up-to-date: /home/bryan/hexapod_ws/install/hexapod_description/share/hexapod_description/models/ground_plane/model.config
[0.329s] -- Up-to-date: /home/bryan/hexapod_ws/install/hexapod_description/share/hexapod_description/models/ground_plane/model-1_4.sdf
[0.330s] -- Up-to-date: /home/bryan/hexapod_ws/install/hexapod_description/share/hexapod_description/models/ground_plane/model.sdf
[0.332s] -- Up-to-date: /home/bryan/hexapod_ws/install/hexapod_description/share/hexapod_description/models/ground_plane/model-1_2.sdf
[0.332s] -- Up-to-date: /home/bryan/hexapod_ws/install/hexapod_description/share/hexapod_description/urdf
[0.334s] -- Up-to-date: /home/bryan/hexapod_ws/install/hexapod_description/share/hexapod_description/urdf/hexapod.urdf.xacro
[0.337s] -- Up-to-date: /home/bryan/hexapod_ws/install/hexapod_description/share/hexapod_description/urdf/hexapod_ros2_control.xacro
[0.337s] -- Up-to-date: /home/bryan/hexapod_ws/install/hexapod_description/share/hexapod_description/urdf/hexapod_gazebo.xacro
[0.337s] -- Up-to-date: /home/bryan/hexapod_ws/install/hexapod_description/share/hexapod_description/rviz
[0.337s] -- Up-to-date: /home/bryan/hexapod_ws/install/hexapod_description/share/hexapod_description/rviz/hexapod.rviz
[0.337s] -- Up-to-date: /home/bryan/hexapod_ws/install/hexapod_description/share/ament_index/resource_index/package_run_dependencies/hexapod_description
[0.338s] -- Up-to-date: /home/bryan/hexapod_ws/install/hexapod_description/share/ament_index/resource_index/parent_prefix_path/hexapod_description
[0.338s] -- Up-to-date: /home/bryan/hexapod_ws/install/hexapod_description/share/hexapod_description/environment/ament_prefix_path.sh
[0.338s] -- Up-to-date: /home/bryan/hexapod_ws/install/hexapod_description/share/hexapod_description/environment/ament_prefix_path.dsv
[0.339s] -- Up-to-date: /home/bryan/hexapod_ws/install/hexapod_description/share/hexapod_description/environment/path.sh
[0.339s] -- Up-to-date: /home/bryan/hexapod_ws/install/hexapod_description/share/hexapod_description/environment/path.dsv
[0.339s] -- Up-to-date: /home/bryan/hexapod_ws/install/hexapod_description/share/hexapod_description/local_setup.bash
[0.339s] -- Up-to-date: /home/bryan/hexapod_ws/install/hexapod_description/share/hexapod_description/local_setup.sh
[0.339s] -- Up-to-date: /home/bryan/hexapod_ws/install/hexapod_description/share/hexapod_description/local_setup.zsh
[0.340s] -- Up-to-date: /home/bryan/hexapod_ws/install/hexapod_description/share/hexapod_description/local_setup.dsv
[0.341s] -- Installing: /home/bryan/hexapod_ws/install/hexapod_description/share/hexapod_description/package.dsv
[0.341s] -- Up-to-date: /home/bryan/hexapod_ws/install/hexapod_description/share/ament_index/resource_index/packages/hexapod_description
[0.341s] -- Up-to-date: /home/bryan/hexapod_ws/install/hexapod_description/share/hexapod_description/cmake/hexapod_descriptionConfig.cmake
[0.341s] -- Up-to-date: /home/bryan/hexapod_ws/install/hexapod_description/share/hexapod_description/cmake/hexapod_descriptionConfig-version.cmake
[0.341s] -- Up-to-date: /home/bryan/hexapod_ws/install/hexapod_description/share/hexapod_description/package.xml
[0.359s] Invoked command in '/home/bryan/hexapod_ws/build/hexapod_description' returned '0': CMAKE_PREFIX_PATH=${CMAKE_PREFIX_PATH}:/opt/ros/humble /usr/bin/cmake --install /home/bryan/hexapod_ws/build/hexapod_description
