[0.108s] Invoking command in '/home/bryan/hexapod_ws/build/hexapod_utils': CMAKE_PREFIX_PATH=${CMAKE_PREFIX_PATH}:/home/bryan/bumperbot_ws/install/bumperbot_py_examples:/opt/ros/humble /usr/bin/cmake --build /home/bryan/hexapod_ws/build/hexapod_utils -- -j16 -l16
[0.259s] [35m[1mConsolidate compiler generated dependencies of target float_32_republisher[0m
[0.311s] [ 50%] [32mBuilding CXX object CMakeFiles/float_32_republisher.dir/src/float_32_republisher.cpp.o[0m
[21.868s] [100%] [32m[1mLinking CXX executable float_32_republisher[0m
[23.136s] [100%] Built target float_32_republisher
[23.168s] Invoked command in '/home/bryan/hexapod_ws/build/hexapod_utils' returned '0': CMAKE_PREFIX_PATH=${CMAKE_PREFIX_PATH}:/home/bryan/bumperbot_ws/install/bumperbot_py_examples:/opt/ros/humble /usr/bin/cmake --build /home/bryan/hexapod_ws/build/hexapod_utils -- -j16 -l16
[23.250s] Invoking command in '/home/bryan/hexapod_ws/build/hexapod_utils': CMAKE_PREFIX_PATH=${CMAKE_PREFIX_PATH}:/home/bryan/bumperbot_ws/install/bumperbot_py_examples:/opt/ros/humble /usr/bin/cmake --install /home/bryan/hexapod_ws/build/hexapod_utils
[23.272s] -- Install configuration: ""
[23.273s] -- Installing: /home/bryan/hexapod_ws/install/hexapod_utils/lib/hexapod_utils/float_32_republisher
[23.286s] -- Set runtime path of "/home/bryan/hexapod_ws/install/hexapod_utils/lib/hexapod_utils/float_32_republisher" to ""
[23.286s] -- Up-to-date: /home/bryan/hexapod_ws/install/hexapod_utils/share/ament_index/resource_index/package_run_dependencies/hexapod_utils
[23.287s] -- Up-to-date: /home/bryan/hexapod_ws/install/hexapod_utils/share/ament_index/resource_index/parent_prefix_path/hexapod_utils
[23.287s] -- Up-to-date: /home/bryan/hexapod_ws/install/hexapod_utils/share/hexapod_utils/environment/ament_prefix_path.sh
[23.287s] -- Up-to-date: /home/bryan/hexapod_ws/install/hexapod_utils/share/hexapod_utils/environment/ament_prefix_path.dsv
[23.287s] -- Up-to-date: /home/bryan/hexapod_ws/install/hexapod_utils/share/hexapod_utils/environment/path.sh
[23.288s] -- Up-to-date: /home/bryan/hexapod_ws/install/hexapod_utils/share/hexapod_utils/environment/path.dsv
[23.288s] -- Up-to-date: /home/bryan/hexapod_ws/install/hexapod_utils/share/hexapod_utils/local_setup.bash
[23.288s] -- Up-to-date: /home/bryan/hexapod_ws/install/hexapod_utils/share/hexapod_utils/local_setup.sh
[23.288s] -- Up-to-date: /home/bryan/hexapod_ws/install/hexapod_utils/share/hexapod_utils/local_setup.zsh
[23.288s] -- Up-to-date: /home/bryan/hexapod_ws/install/hexapod_utils/share/hexapod_utils/local_setup.dsv
[23.288s] -- Installing: /home/bryan/hexapod_ws/install/hexapod_utils/share/hexapod_utils/package.dsv
[23.289s] -- Up-to-date: /home/bryan/hexapod_ws/install/hexapod_utils/share/ament_index/resource_index/packages/hexapod_utils
[23.289s] -- Up-to-date: /home/bryan/hexapod_ws/install/hexapod_utils/share/hexapod_utils/cmake/hexapod_utilsConfig.cmake
[23.289s] -- Up-to-date: /home/bryan/hexapod_ws/install/hexapod_utils/share/hexapod_utils/cmake/hexapod_utilsConfig-version.cmake
[23.289s] -- Up-to-date: /home/bryan/hexapod_ws/install/hexapod_utils/share/hexapod_utils/package.xml
[23.293s] Invoked command in '/home/bryan/hexapod_ws/build/hexapod_utils' returned '0': CMAKE_PREFIX_PATH=${CMAKE_PREFIX_PATH}:/home/bryan/bumperbot_ws/install/bumperbot_py_examples:/opt/ros/humble /usr/bin/cmake --install /home/bryan/hexapod_ws/build/hexapod_utils
