[0.094s] Invoking command in '/home/bryan/hexapod_ws/build/hexapod_kinematics': CMAKE_PREFIX_PATH=${CMAKE_PREFIX_PATH}:/home/bryan/bumperbot_ws/install/bumperbot_py_examples:/opt/ros/humble /usr/bin/cmake --build /home/bryan/hexapod_ws/build/hexapod_kinematics -- -j16 -l16
[0.240s] Invoked command in '/home/bryan/hexapod_ws/build/hexapod_kinematics' returned '0': CMAKE_PREFIX_PATH=${CMAKE_PREFIX_PATH}:/home/bryan/bumperbot_ws/install/bumperbot_py_examples:/opt/ros/humble /usr/bin/cmake --build /home/bryan/hexapod_ws/build/hexapod_kinematics -- -j16 -l16
[0.325s] Invoking command in '/home/bryan/hexapod_ws/build/hexapod_kinematics': CMAKE_PREFIX_PATH=${CMAKE_PREFIX_PATH}:/home/bryan/bumperbot_ws/install/bumperbot_py_examples:/opt/ros/humble /usr/bin/cmake --install /home/bryan/hexapod_ws/build/hexapod_kinematics
[0.360s] -- Install configuration: ""
[0.361s] -- Up-to-date: /home/bryan/hexapod_ws/install/hexapod_kinematics/share/ament_index/resource_index/package_run_dependencies/hexapod_kinematics
[0.363s] -- Up-to-date: /home/bryan/hexapod_ws/install/hexapod_kinematics/share/ament_index/resource_index/parent_prefix_path/hexapod_kinematics
[0.367s] -- Up-to-date: /home/bryan/hexapod_ws/install/hexapod_kinematics/share/hexapod_kinematics/environment/ament_prefix_path.sh
[0.368s] -- Up-to-date: /home/bryan/hexapod_ws/install/hexapod_kinematics/share/hexapod_kinematics/environment/ament_prefix_path.dsv
[0.369s] -- Up-to-date: /home/bryan/hexapod_ws/install/hexapod_kinematics/share/hexapod_kinematics/environment/path.sh
[0.369s] -- Up-to-date: /home/bryan/hexapod_ws/install/hexapod_kinematics/share/hexapod_kinematics/environment/path.dsv
[0.369s] -- Up-to-date: /home/bryan/hexapod_ws/install/hexapod_kinematics/share/hexapod_kinematics/local_setup.bash
[0.370s] -- Up-to-date: /home/bryan/hexapod_ws/install/hexapod_kinematics/share/hexapod_kinematics/local_setup.sh
[0.370s] -- Up-to-date: /home/bryan/hexapod_ws/install/hexapod_kinematics/share/hexapod_kinematics/local_setup.zsh
[0.370s] -- Up-to-date: /home/bryan/hexapod_ws/install/hexapod_kinematics/share/hexapod_kinematics/local_setup.dsv
[0.370s] -- Installing: /home/bryan/hexapod_ws/install/hexapod_kinematics/share/hexapod_kinematics/package.dsv
[0.371s] -- Up-to-date: /home/bryan/hexapod_ws/install/hexapod_kinematics/share/ament_index/resource_index/packages/hexapod_kinematics
[0.371s] -- Up-to-date: /home/bryan/hexapod_ws/install/hexapod_kinematics/share/hexapod_kinematics/cmake/hexapod_kinematicsConfig.cmake
[0.371s] -- Up-to-date: /home/bryan/hexapod_ws/install/hexapod_kinematics/share/hexapod_kinematics/cmake/hexapod_kinematicsConfig-version.cmake
[0.371s] -- Up-to-date: /home/bryan/hexapod_ws/install/hexapod_kinematics/share/hexapod_kinematics/package.xml
[0.448s] Invoked command in '/home/bryan/hexapod_ws/build/hexapod_kinematics' returned '0': CMAKE_PREFIX_PATH=${CMAKE_PREFIX_PATH}:/home/bryan/bumperbot_ws/install/bumperbot_py_examples:/opt/ros/humble /usr/bin/cmake --install /home/bryan/hexapod_ws/build/hexapod_kinematics
