[0.018s] Invoking command in '/home/bryan/hexapod_ws/build/hexapod_controller': CMAKE_PREFIX_PATH=${CMAKE_PREFIX_PATH}:/opt/ros/humble /usr/bin/cmake --build /home/bryan/hexapod_ws/build/hexapod_controller -- -j16 -l16
[0.071s] Invoked command in '/home/bryan/hexapod_ws/build/hexapod_controller' returned '0': CMAKE_PREFIX_PATH=${CMAKE_PREFIX_PATH}:/opt/ros/humble /usr/bin/cmake --build /home/bryan/hexapod_ws/build/hexapod_controller -- -j16 -l16
[0.119s] Invoking command in '/home/bryan/hexapod_ws/build/hexapod_controller': CMAKE_PREFIX_PATH=${CMAKE_PREFIX_PATH}:/opt/ros/humble /usr/bin/cmake --install /home/bryan/hexapod_ws/build/hexapod_controller
[0.133s] -- Install configuration: ""
[0.134s] -- Up-to-date: /home/bryan/hexapod_ws/install/hexapod_controller/share/hexapod_controller/config
[0.134s] -- Up-to-date: /home/bryan/hexapod_ws/install/hexapod_controller/share/hexapod_controller/config/hexapod_controllers.yaml
[0.134s] -- Up-to-date: /home/bryan/hexapod_ws/install/hexapod_controller/share/hexapod_controller/launch
[0.134s] -- Installing: /home/bryan/hexapod_ws/install/hexapod_controller/share/hexapod_controller/launch/controller.launch.py
[0.134s] -- Up-to-date: /home/bryan/hexapod_ws/install/hexapod_controller/share/ament_index/resource_index/package_run_dependencies/hexapod_controller
[0.134s] -- Up-to-date: /home/bryan/hexapod_ws/install/hexapod_controller/share/ament_index/resource_index/parent_prefix_path/hexapod_controller
[0.134s] -- Up-to-date: /home/bryan/hexapod_ws/install/hexapod_controller/share/hexapod_controller/environment/ament_prefix_path.sh
[0.134s] -- Up-to-date: /home/bryan/hexapod_ws/install/hexapod_controller/share/hexapod_controller/environment/ament_prefix_path.dsv
[0.134s] -- Up-to-date: /home/bryan/hexapod_ws/install/hexapod_controller/share/hexapod_controller/environment/path.sh
[0.134s] -- Up-to-date: /home/bryan/hexapod_ws/install/hexapod_controller/share/hexapod_controller/environment/path.dsv
[0.134s] -- Up-to-date: /home/bryan/hexapod_ws/install/hexapod_controller/share/hexapod_controller/local_setup.bash
[0.134s] -- Up-to-date: /home/bryan/hexapod_ws/install/hexapod_controller/share/hexapod_controller/local_setup.sh
[0.135s] -- Up-to-date: /home/bryan/hexapod_ws/install/hexapod_controller/share/hexapod_controller/local_setup.zsh
[0.135s] -- Up-to-date: /home/bryan/hexapod_ws/install/hexapod_controller/share/hexapod_controller/local_setup.dsv
[0.135s] -- Installing: /home/bryan/hexapod_ws/install/hexapod_controller/share/hexapod_controller/package.dsv
[0.135s] -- Up-to-date: /home/bryan/hexapod_ws/install/hexapod_controller/share/ament_index/resource_index/packages/hexapod_controller
[0.135s] -- Up-to-date: /home/bryan/hexapod_ws/install/hexapod_controller/share/hexapod_controller/cmake/hexapod_controllerConfig.cmake
[0.135s] -- Up-to-date: /home/bryan/hexapod_ws/install/hexapod_controller/share/hexapod_controller/cmake/hexapod_controllerConfig-version.cmake
[0.135s] -- Up-to-date: /home/bryan/hexapod_ws/install/hexapod_controller/share/hexapod_controller/package.xml
[0.137s] Invoked command in '/home/bryan/hexapod_ws/build/hexapod_controller' returned '0': CMAKE_PREFIX_PATH=${CMAKE_PREFIX_PATH}:/opt/ros/humble /usr/bin/cmake --install /home/bryan/hexapod_ws/build/hexapod_controller
