[0.148s] DEBUG:colcon:Command line arguments: ['/usr/bin/colcon', 'build']
[0.149s] DEBUG:colcon:Parsed command line arguments: Namespace(log_base=None, log_level=None, verb_name='build', build_base='build', install_base='install', merge_install=False, symlink_install=False, test_result_base=None, continue_on_error=False, executor='parallel', parallel_workers=16, event_handlers=None, ignore_user_meta=False, metas=['./colcon.meta'], base_paths=['.'], packages_ignore=None, packages_ignore_regex=None, paths=None, packages_up_to=None, packages_up_to_regex=None, packages_above=None, packages_above_and_dependencies=None, packages_above_depth=None, packages_select_by_dep=None, packages_skip_by_dep=None, packages_skip_up_to=None, packages_select_build_failed=False, packages_skip_build_finished=False, packages_select_test_failures=False, packages_skip_test_passed=False, packages_select=None, packages_skip=None, packages_select_regex=None, packages_skip_regex=None, packages_start=None, packages_end=None, allow_overriding=[], cmake_args=None, cmake_target=None, cmake_target_skip_unavailable=False, cmake_clean_cache=False, cmake_clean_first=False, cmake_force_configure=False, ament_cmake_args=None, catkin_cmake_args=None, catkin_skip_building_tests=False, mixin_files=None, mixin=None, verb_parser=<colcon_mixin.mixin.mixin_argument.MixinArgumentDecorator object at 0x73e810f683d0>, verb_extension=<colcon_core.verb.build.BuildVerb object at 0x73e810f3b910>, main=<bound method BuildVerb.main of <colcon_core.verb.build.BuildVerb object at 0x73e810f3b910>>, mixin_verb=('build',))
[0.369s] Level 1:colcon.colcon_core.package_discovery:discover_packages(colcon_meta) check parameters
[0.370s] Level 1:colcon.colcon_core.package_discovery:discover_packages(recursive) check parameters
[0.370s] Level 1:colcon.colcon_core.package_discovery:discover_packages(ignore) check parameters
[0.370s] Level 1:colcon.colcon_core.package_discovery:discover_packages(path) check parameters
[0.370s] Level 1:colcon.colcon_core.package_discovery:discover_packages(colcon_meta) discover
[0.370s] Level 1:colcon.colcon_core.package_discovery:discover_packages(recursive) discover
[0.370s] INFO:colcon.colcon_core.package_discovery:Crawling recursively for packages in '/home/bryan/hexapod_ws'
[0.370s] Level 1:colcon.colcon_core.package_identification:_identify(.) by extensions ['ignore', 'ignore_ament_install']
[0.370s] Level 1:colcon.colcon_core.package_identification:_identify(.) by extension 'ignore'
[0.370s] Level 1:colcon.colcon_core.package_identification:_identify(.) by extension 'ignore_ament_install'
[0.370s] Level 1:colcon.colcon_core.package_identification:_identify(.) by extensions ['colcon_pkg']
[0.370s] Level 1:colcon.colcon_core.package_identification:_identify(.) by extension 'colcon_pkg'
[0.370s] Level 1:colcon.colcon_core.package_identification:_identify(.) by extensions ['colcon_meta']
[0.370s] Level 1:colcon.colcon_core.package_identification:_identify(.) by extension 'colcon_meta'
[0.370s] Level 1:colcon.colcon_core.package_identification:_identify(.) by extensions ['ros']
[0.370s] Level 1:colcon.colcon_core.package_identification:_identify(.) by extension 'ros'
[0.387s] Level 1:colcon.colcon_core.package_identification:_identify(.) by extensions ['cmake', 'python']
[0.387s] Level 1:colcon.colcon_core.package_identification:_identify(.) by extension 'cmake'
[0.387s] Level 1:colcon.colcon_core.package_identification:_identify(.) by extension 'python'
[0.387s] Level 1:colcon.colcon_core.package_identification:_identify(.) by extensions ['python_setup_py']
[0.387s] Level 1:colcon.colcon_core.package_identification:_identify(.) by extension 'python_setup_py'
[0.387s] Level 1:colcon.colcon_core.package_identification:_identify(build) by extensions ['ignore', 'ignore_ament_install']
[0.387s] Level 1:colcon.colcon_core.package_identification:_identify(build) by extension 'ignore'
[0.387s] Level 1:colcon.colcon_core.package_identification:_identify(build) ignored
[0.388s] Level 1:colcon.colcon_core.package_identification:_identify(install) by extensions ['ignore', 'ignore_ament_install']
[0.388s] Level 1:colcon.colcon_core.package_identification:_identify(install) by extension 'ignore'
[0.388s] Level 1:colcon.colcon_core.package_identification:_identify(install) ignored
[0.388s] Level 1:colcon.colcon_core.package_identification:_identify(log) by extensions ['ignore', 'ignore_ament_install']
[0.388s] Level 1:colcon.colcon_core.package_identification:_identify(log) by extension 'ignore'
[0.388s] Level 1:colcon.colcon_core.package_identification:_identify(log) ignored
[0.388s] Level 1:colcon.colcon_core.package_identification:_identify(src) by extensions ['ignore', 'ignore_ament_install']
[0.388s] Level 1:colcon.colcon_core.package_identification:_identify(src) by extension 'ignore'
[0.388s] Level 1:colcon.colcon_core.package_identification:_identify(src) by extension 'ignore_ament_install'
[0.389s] Level 1:colcon.colcon_core.package_identification:_identify(src) by extensions ['colcon_pkg']
[0.389s] Level 1:colcon.colcon_core.package_identification:_identify(src) by extension 'colcon_pkg'
[0.389s] Level 1:colcon.colcon_core.package_identification:_identify(src) by extensions ['colcon_meta']
[0.389s] Level 1:colcon.colcon_core.package_identification:_identify(src) by extension 'colcon_meta'
[0.389s] Level 1:colcon.colcon_core.package_identification:_identify(src) by extensions ['ros']
[0.389s] Level 1:colcon.colcon_core.package_identification:_identify(src) by extension 'ros'
[0.389s] Level 1:colcon.colcon_core.package_identification:_identify(src) by extensions ['cmake', 'python']
[0.389s] Level 1:colcon.colcon_core.package_identification:_identify(src) by extension 'cmake'
[0.389s] Level 1:colcon.colcon_core.package_identification:_identify(src) by extension 'python'
[0.389s] Level 1:colcon.colcon_core.package_identification:_identify(src) by extensions ['python_setup_py']
[0.389s] Level 1:colcon.colcon_core.package_identification:_identify(src) by extension 'python_setup_py'
[0.389s] Level 1:colcon.colcon_core.package_identification:_identify(src/hexapod_controller) by extensions ['ignore', 'ignore_ament_install']
[0.389s] Level 1:colcon.colcon_core.package_identification:_identify(src/hexapod_controller) by extension 'ignore'
[0.389s] Level 1:colcon.colcon_core.package_identification:_identify(src/hexapod_controller) by extension 'ignore_ament_install'
[0.389s] Level 1:colcon.colcon_core.package_identification:_identify(src/hexapod_controller) by extensions ['colcon_pkg']
[0.389s] Level 1:colcon.colcon_core.package_identification:_identify(src/hexapod_controller) by extension 'colcon_pkg'
[0.389s] Level 1:colcon.colcon_core.package_identification:_identify(src/hexapod_controller) by extensions ['colcon_meta']
[0.389s] Level 1:colcon.colcon_core.package_identification:_identify(src/hexapod_controller) by extension 'colcon_meta'
[0.389s] Level 1:colcon.colcon_core.package_identification:_identify(src/hexapod_controller) by extensions ['ros']
[0.389s] Level 1:colcon.colcon_core.package_identification:_identify(src/hexapod_controller) by extension 'ros'
[0.394s] DEBUG:colcon.colcon_core.package_identification:Package 'src/hexapod_controller' with type 'ros.ament_cmake' and name 'hexapod_controller'
[0.394s] Level 1:colcon.colcon_core.package_identification:_identify(src/hexapod_description) by extensions ['ignore', 'ignore_ament_install']
[0.394s] Level 1:colcon.colcon_core.package_identification:_identify(src/hexapod_description) by extension 'ignore'
[0.394s] Level 1:colcon.colcon_core.package_identification:_identify(src/hexapod_description) by extension 'ignore_ament_install'
[0.394s] Level 1:colcon.colcon_core.package_identification:_identify(src/hexapod_description) by extensions ['colcon_pkg']
[0.395s] Level 1:colcon.colcon_core.package_identification:_identify(src/hexapod_description) by extension 'colcon_pkg'
[0.395s] Level 1:colcon.colcon_core.package_identification:_identify(src/hexapod_description) by extensions ['colcon_meta']
[0.395s] Level 1:colcon.colcon_core.package_identification:_identify(src/hexapod_description) by extension 'colcon_meta'
[0.395s] Level 1:colcon.colcon_core.package_identification:_identify(src/hexapod_description) by extensions ['ros']
[0.395s] Level 1:colcon.colcon_core.package_identification:_identify(src/hexapod_description) by extension 'ros'
[0.402s] DEBUG:colcon.colcon_core.package_identification:Package 'src/hexapod_description' with type 'ros.ament_cmake' and name 'hexapod_description'
[0.402s] Level 1:colcon.colcon_core.package_identification:_identify(src/hexapod_interfaces) by extensions ['ignore', 'ignore_ament_install']
[0.402s] Level 1:colcon.colcon_core.package_identification:_identify(src/hexapod_interfaces) by extension 'ignore'
[0.402s] Level 1:colcon.colcon_core.package_identification:_identify(src/hexapod_interfaces) by extension 'ignore_ament_install'
[0.403s] Level 1:colcon.colcon_core.package_identification:_identify(src/hexapod_interfaces) by extensions ['colcon_pkg']
[0.403s] Level 1:colcon.colcon_core.package_identification:_identify(src/hexapod_interfaces) by extension 'colcon_pkg'
[0.403s] Level 1:colcon.colcon_core.package_identification:_identify(src/hexapod_interfaces) by extensions ['colcon_meta']
[0.403s] Level 1:colcon.colcon_core.package_identification:_identify(src/hexapod_interfaces) by extension 'colcon_meta'
[0.403s] Level 1:colcon.colcon_core.package_identification:_identify(src/hexapod_interfaces) by extensions ['ros']
[0.403s] Level 1:colcon.colcon_core.package_identification:_identify(src/hexapod_interfaces) by extension 'ros'
[0.404s] DEBUG:colcon.colcon_core.package_identification:Package 'src/hexapod_interfaces' with type 'ros.ament_cmake' and name 'hexapod_interfaces'
[0.404s] Level 1:colcon.colcon_core.package_identification:_identify(src/hexapod_kinematics) by extensions ['ignore', 'ignore_ament_install']
[0.404s] Level 1:colcon.colcon_core.package_identification:_identify(src/hexapod_kinematics) by extension 'ignore'
[0.404s] Level 1:colcon.colcon_core.package_identification:_identify(src/hexapod_kinematics) by extension 'ignore_ament_install'
[0.404s] Level 1:colcon.colcon_core.package_identification:_identify(src/hexapod_kinematics) by extensions ['colcon_pkg']
[0.404s] Level 1:colcon.colcon_core.package_identification:_identify(src/hexapod_kinematics) by extension 'colcon_pkg'
[0.404s] Level 1:colcon.colcon_core.package_identification:_identify(src/hexapod_kinematics) by extensions ['colcon_meta']
[0.404s] Level 1:colcon.colcon_core.package_identification:_identify(src/hexapod_kinematics) by extension 'colcon_meta'
[0.404s] Level 1:colcon.colcon_core.package_identification:_identify(src/hexapod_kinematics) by extensions ['ros']
[0.404s] Level 1:colcon.colcon_core.package_identification:_identify(src/hexapod_kinematics) by extension 'ros'
[0.434s] DEBUG:colcon.colcon_core.package_identification:Package 'src/hexapod_kinematics' with type 'ros.ament_cmake' and name 'hexapod_kinematics'
[0.435s] Level 1:colcon.colcon_core.package_identification:_identify(src/hexapod_utils) by extensions ['ignore', 'ignore_ament_install']
[0.435s] Level 1:colcon.colcon_core.package_identification:_identify(src/hexapod_utils) by extension 'ignore'
[0.435s] Level 1:colcon.colcon_core.package_identification:_identify(src/hexapod_utils) by extension 'ignore_ament_install'
[0.435s] Level 1:colcon.colcon_core.package_identification:_identify(src/hexapod_utils) by extensions ['colcon_pkg']
[0.435s] Level 1:colcon.colcon_core.package_identification:_identify(src/hexapod_utils) by extension 'colcon_pkg'
[0.435s] Level 1:colcon.colcon_core.package_identification:_identify(src/hexapod_utils) by extensions ['colcon_meta']
[0.435s] Level 1:colcon.colcon_core.package_identification:_identify(src/hexapod_utils) by extension 'colcon_meta'
[0.435s] Level 1:colcon.colcon_core.package_identification:_identify(src/hexapod_utils) by extensions ['ros']
[0.435s] Level 1:colcon.colcon_core.package_identification:_identify(src/hexapod_utils) by extension 'ros'
[0.437s] DEBUG:colcon.colcon_core.package_identification:Package 'src/hexapod_utils' with type 'ros.ament_cmake' and name 'hexapod_utils'
[0.437s] Level 1:colcon.colcon_core.package_discovery:discover_packages(recursive) using defaults
[0.437s] Level 1:colcon.colcon_core.package_discovery:discover_packages(ignore) discover
[0.437s] Level 1:colcon.colcon_core.package_discovery:discover_packages(ignore) using defaults
[0.437s] Level 1:colcon.colcon_core.package_discovery:discover_packages(path) discover
[0.437s] Level 1:colcon.colcon_core.package_discovery:discover_packages(path) using defaults
[0.466s] Level 1:colcon.colcon_core.package_discovery:discover_packages(prefix_path) check parameters
[0.466s] Level 1:colcon.colcon_core.package_discovery:discover_packages(prefix_path) discover
[0.469s] DEBUG:colcon.colcon_installed_package_information.package_discovery:Found 5 installed packages in /home/bryan/hexapod_ws/install
[0.470s] DEBUG:colcon.colcon_installed_package_information.package_discovery:Found 1 installed packages in /home/bryan/turtlesim_ws/install
[0.471s] DEBUG:colcon.colcon_installed_package_information.package_discovery:Found 16 installed packages in /home/bryan/pico_ws/install
[0.472s] DEBUG:colcon.colcon_installed_package_information.package_discovery:Found 352 installed packages in /opt/ros/humble
[0.474s] Level 1:colcon.colcon_core.package_discovery:discover_packages(prefix_path) using defaults
[0.523s] Level 5:colcon.colcon_core.verb:set package 'hexapod_description' build argument 'cmake_args' from command line to 'None'
[0.523s] Level 5:colcon.colcon_core.verb:set package 'hexapod_description' build argument 'cmake_target' from command line to 'None'
[0.523s] Level 5:colcon.colcon_core.verb:set package 'hexapod_description' build argument 'cmake_target_skip_unavailable' from command line to 'False'
[0.523s] Level 5:colcon.colcon_core.verb:set package 'hexapod_description' build argument 'cmake_clean_cache' from command line to 'False'
[0.523s] Level 5:colcon.colcon_core.verb:set package 'hexapod_description' build argument 'cmake_clean_first' from command line to 'False'
[0.523s] Level 5:colcon.colcon_core.verb:set package 'hexapod_description' build argument 'cmake_force_configure' from command line to 'False'
[0.523s] Level 5:colcon.colcon_core.verb:set package 'hexapod_description' build argument 'ament_cmake_args' from command line to 'None'
[0.523s] Level 5:colcon.colcon_core.verb:set package 'hexapod_description' build argument 'catkin_cmake_args' from command line to 'None'
[0.523s] Level 5:colcon.colcon_core.verb:set package 'hexapod_description' build argument 'catkin_skip_building_tests' from command line to 'False'
[0.523s] DEBUG:colcon.colcon_core.verb:Building package 'hexapod_description' with the following arguments: {'ament_cmake_args': None, 'build_base': '/home/bryan/hexapod_ws/build/hexapod_description', 'catkin_cmake_args': None, 'catkin_skip_building_tests': False, 'cmake_args': None, 'cmake_clean_cache': False, 'cmake_clean_first': False, 'cmake_force_configure': False, 'cmake_target': None, 'cmake_target_skip_unavailable': False, 'install_base': '/home/bryan/hexapod_ws/install/hexapod_description', 'merge_install': False, 'path': '/home/bryan/hexapod_ws/src/hexapod_description', 'symlink_install': False, 'test_result_base': None}
[0.524s] Level 5:colcon.colcon_core.verb:set package 'hexapod_interfaces' build argument 'cmake_args' from command line to 'None'
[0.524s] Level 5:colcon.colcon_core.verb:set package 'hexapod_interfaces' build argument 'cmake_target' from command line to 'None'
[0.524s] Level 5:colcon.colcon_core.verb:set package 'hexapod_interfaces' build argument 'cmake_target_skip_unavailable' from command line to 'False'
[0.524s] Level 5:colcon.colcon_core.verb:set package 'hexapod_interfaces' build argument 'cmake_clean_cache' from command line to 'False'
[0.524s] Level 5:colcon.colcon_core.verb:set package 'hexapod_interfaces' build argument 'cmake_clean_first' from command line to 'False'
[0.524s] Level 5:colcon.colcon_core.verb:set package 'hexapod_interfaces' build argument 'cmake_force_configure' from command line to 'False'
[0.524s] Level 5:colcon.colcon_core.verb:set package 'hexapod_interfaces' build argument 'ament_cmake_args' from command line to 'None'
[0.524s] Level 5:colcon.colcon_core.verb:set package 'hexapod_interfaces' build argument 'catkin_cmake_args' from command line to 'None'
[0.524s] Level 5:colcon.colcon_core.verb:set package 'hexapod_interfaces' build argument 'catkin_skip_building_tests' from command line to 'False'
[0.524s] DEBUG:colcon.colcon_core.verb:Building package 'hexapod_interfaces' with the following arguments: {'ament_cmake_args': None, 'build_base': '/home/bryan/hexapod_ws/build/hexapod_interfaces', 'catkin_cmake_args': None, 'catkin_skip_building_tests': False, 'cmake_args': None, 'cmake_clean_cache': False, 'cmake_clean_first': False, 'cmake_force_configure': False, 'cmake_target': None, 'cmake_target_skip_unavailable': False, 'install_base': '/home/bryan/hexapod_ws/install/hexapod_interfaces', 'merge_install': False, 'path': '/home/bryan/hexapod_ws/src/hexapod_interfaces', 'symlink_install': False, 'test_result_base': None}
[0.524s] Level 5:colcon.colcon_core.verb:set package 'hexapod_kinematics' build argument 'cmake_args' from command line to 'None'
[0.524s] Level 5:colcon.colcon_core.verb:set package 'hexapod_kinematics' build argument 'cmake_target' from command line to 'None'
[0.524s] Level 5:colcon.colcon_core.verb:set package 'hexapod_kinematics' build argument 'cmake_target_skip_unavailable' from command line to 'False'
[0.524s] Level 5:colcon.colcon_core.verb:set package 'hexapod_kinematics' build argument 'cmake_clean_cache' from command line to 'False'
[0.524s] Level 5:colcon.colcon_core.verb:set package 'hexapod_kinematics' build argument 'cmake_clean_first' from command line to 'False'
[0.524s] Level 5:colcon.colcon_core.verb:set package 'hexapod_kinematics' build argument 'cmake_force_configure' from command line to 'False'
[0.524s] Level 5:colcon.colcon_core.verb:set package 'hexapod_kinematics' build argument 'ament_cmake_args' from command line to 'None'
[0.524s] Level 5:colcon.colcon_core.verb:set package 'hexapod_kinematics' build argument 'catkin_cmake_args' from command line to 'None'
[0.524s] Level 5:colcon.colcon_core.verb:set package 'hexapod_kinematics' build argument 'catkin_skip_building_tests' from command line to 'False'
[0.524s] DEBUG:colcon.colcon_core.verb:Building package 'hexapod_kinematics' with the following arguments: {'ament_cmake_args': None, 'build_base': '/home/bryan/hexapod_ws/build/hexapod_kinematics', 'catkin_cmake_args': None, 'catkin_skip_building_tests': False, 'cmake_args': None, 'cmake_clean_cache': False, 'cmake_clean_first': False, 'cmake_force_configure': False, 'cmake_target': None, 'cmake_target_skip_unavailable': False, 'install_base': '/home/bryan/hexapod_ws/install/hexapod_kinematics', 'merge_install': False, 'path': '/home/bryan/hexapod_ws/src/hexapod_kinematics', 'symlink_install': False, 'test_result_base': None}
[0.525s] Level 5:colcon.colcon_core.verb:set package 'hexapod_utils' build argument 'cmake_args' from command line to 'None'
[0.525s] Level 5:colcon.colcon_core.verb:set package 'hexapod_utils' build argument 'cmake_target' from command line to 'None'
[0.525s] Level 5:colcon.colcon_core.verb:set package 'hexapod_utils' build argument 'cmake_target_skip_unavailable' from command line to 'False'
[0.525s] Level 5:colcon.colcon_core.verb:set package 'hexapod_utils' build argument 'cmake_clean_cache' from command line to 'False'
[0.525s] Level 5:colcon.colcon_core.verb:set package 'hexapod_utils' build argument 'cmake_clean_first' from command line to 'False'
[0.525s] Level 5:colcon.colcon_core.verb:set package 'hexapod_utils' build argument 'cmake_force_configure' from command line to 'False'
[0.525s] Level 5:colcon.colcon_core.verb:set package 'hexapod_utils' build argument 'ament_cmake_args' from command line to 'None'
[0.525s] Level 5:colcon.colcon_core.verb:set package 'hexapod_utils' build argument 'catkin_cmake_args' from command line to 'None'
[0.525s] Level 5:colcon.colcon_core.verb:set package 'hexapod_utils' build argument 'catkin_skip_building_tests' from command line to 'False'
[0.525s] DEBUG:colcon.colcon_core.verb:Building package 'hexapod_utils' with the following arguments: {'ament_cmake_args': None, 'build_base': '/home/bryan/hexapod_ws/build/hexapod_utils', 'catkin_cmake_args': None, 'catkin_skip_building_tests': False, 'cmake_args': None, 'cmake_clean_cache': False, 'cmake_clean_first': False, 'cmake_force_configure': False, 'cmake_target': None, 'cmake_target_skip_unavailable': False, 'install_base': '/home/bryan/hexapod_ws/install/hexapod_utils', 'merge_install': False, 'path': '/home/bryan/hexapod_ws/src/hexapod_utils', 'symlink_install': False, 'test_result_base': None}
[0.526s] Level 5:colcon.colcon_core.verb:set package 'hexapod_controller' build argument 'cmake_args' from command line to 'None'
[0.526s] Level 5:colcon.colcon_core.verb:set package 'hexapod_controller' build argument 'cmake_target' from command line to 'None'
[0.526s] Level 5:colcon.colcon_core.verb:set package 'hexapod_controller' build argument 'cmake_target_skip_unavailable' from command line to 'False'
[0.526s] Level 5:colcon.colcon_core.verb:set package 'hexapod_controller' build argument 'cmake_clean_cache' from command line to 'False'
[0.526s] Level 5:colcon.colcon_core.verb:set package 'hexapod_controller' build argument 'cmake_clean_first' from command line to 'False'
[0.526s] Level 5:colcon.colcon_core.verb:set package 'hexapod_controller' build argument 'cmake_force_configure' from command line to 'False'
[0.526s] Level 5:colcon.colcon_core.verb:set package 'hexapod_controller' build argument 'ament_cmake_args' from command line to 'None'
[0.526s] Level 5:colcon.colcon_core.verb:set package 'hexapod_controller' build argument 'catkin_cmake_args' from command line to 'None'
[0.526s] Level 5:colcon.colcon_core.verb:set package 'hexapod_controller' build argument 'catkin_skip_building_tests' from command line to 'False'
[0.526s] DEBUG:colcon.colcon_core.verb:Building package 'hexapod_controller' with the following arguments: {'ament_cmake_args': None, 'build_base': '/home/bryan/hexapod_ws/build/hexapod_controller', 'catkin_cmake_args': None, 'catkin_skip_building_tests': False, 'cmake_args': None, 'cmake_clean_cache': False, 'cmake_clean_first': False, 'cmake_force_configure': False, 'cmake_target': None, 'cmake_target_skip_unavailable': False, 'install_base': '/home/bryan/hexapod_ws/install/hexapod_controller', 'merge_install': False, 'path': '/home/bryan/hexapod_ws/src/hexapod_controller', 'symlink_install': False, 'test_result_base': None}
[0.526s] INFO:colcon.colcon_core.executor:Executing jobs using 'parallel' executor
[0.528s] DEBUG:colcon.colcon_parallel_executor.executor.parallel:run_until_complete
[0.529s] INFO:colcon.colcon_ros.task.ament_cmake.build:Building ROS package in '/home/bryan/hexapod_ws/src/hexapod_interfaces' with build type 'ament_cmake'
[0.530s] INFO:colcon.colcon_cmake.task.cmake.build:Building CMake package in '/home/bryan/hexapod_ws/src/hexapod_interfaces'
[0.533s] INFO:colcon.colcon_core.plugin_system:Skipping extension 'colcon_core.shell.bat': Not used on non-Windows systems
[0.534s] INFO:colcon.colcon_core.shell:Skip shell extension 'powershell' for command environment: Not usable outside of PowerShell
[0.534s] DEBUG:colcon.colcon_core.shell:Skip shell extension 'dsv' for command environment
[0.540s] INFO:colcon.colcon_ros.task.ament_cmake.build:Building ROS package in '/home/bryan/hexapod_ws/src/hexapod_description' with build type 'ament_cmake'
[0.541s] INFO:colcon.colcon_cmake.task.cmake.build:Building CMake package in '/home/bryan/hexapod_ws/src/hexapod_description'
[0.541s] INFO:colcon.colcon_core.shell:Skip shell extension 'powershell' for command environment: Not usable outside of PowerShell
[0.541s] DEBUG:colcon.colcon_core.shell:Skip shell extension 'dsv' for command environment
[0.547s] INFO:colcon.colcon_ros.task.ament_cmake.build:Building ROS package in '/home/bryan/hexapod_ws/src/hexapod_kinematics' with build type 'ament_cmake'
[0.547s] INFO:colcon.colcon_cmake.task.cmake.build:Building CMake package in '/home/bryan/hexapod_ws/src/hexapod_kinematics'
[0.547s] INFO:colcon.colcon_core.shell:Skip shell extension 'powershell' for command environment: Not usable outside of PowerShell
[0.548s] DEBUG:colcon.colcon_core.shell:Skip shell extension 'dsv' for command environment
[0.557s] INFO:colcon.colcon_ros.task.ament_cmake.build:Building ROS package in '/home/bryan/hexapod_ws/src/hexapod_utils' with build type 'ament_cmake'
[0.558s] INFO:colcon.colcon_cmake.task.cmake.build:Building CMake package in '/home/bryan/hexapod_ws/src/hexapod_utils'
[0.558s] INFO:colcon.colcon_core.shell:Skip shell extension 'powershell' for command environment: Not usable outside of PowerShell
[0.558s] DEBUG:colcon.colcon_core.shell:Skip shell extension 'dsv' for command environment
[0.576s] DEBUG:colcon.colcon_core.event_handler.log_command:Invoking command in '/home/bryan/hexapod_ws/build/hexapod_interfaces': CMAKE_PREFIX_PATH=${CMAKE_PREFIX_PATH}:/opt/ros/humble /usr/bin/cmake --build /home/bryan/hexapod_ws/build/hexapod_interfaces -- -j16 -l16
[0.588s] DEBUG:colcon.colcon_core.event_handler.log_command:Invoking command in '/home/bryan/hexapod_ws/build/hexapod_description': CMAKE_PREFIX_PATH=${CMAKE_PREFIX_PATH}:/opt/ros/humble /usr/bin/cmake --build /home/bryan/hexapod_ws/build/hexapod_description -- -j16 -l16
[0.596s] DEBUG:colcon.colcon_core.event_handler.log_command:Invoking command in '/home/bryan/hexapod_ws/build/hexapod_kinematics': CMAKE_PREFIX_PATH=${CMAKE_PREFIX_PATH}:/opt/ros/humble /usr/bin/cmake --build /home/bryan/hexapod_ws/build/hexapod_kinematics -- -j16 -l16
[0.609s] DEBUG:colcon.colcon_core.event_handler.log_command:Invoking command in '/home/bryan/hexapod_ws/build/hexapod_utils': CMAKE_PREFIX_PATH=${CMAKE_PREFIX_PATH}:/opt/ros/humble /usr/bin/cmake --build /home/bryan/hexapod_ws/build/hexapod_utils -- -j16 -l16
[0.668s] DEBUG:colcon.colcon_core.event_handler.log_command:Invoked command in '/home/bryan/hexapod_ws/build/hexapod_description' returned '0': CMAKE_PREFIX_PATH=${CMAKE_PREFIX_PATH}:/opt/ros/humble /usr/bin/cmake --build /home/bryan/hexapod_ws/build/hexapod_description -- -j16 -l16
[0.674s] DEBUG:colcon.colcon_core.event_handler.log_command:Invoked command in '/home/bryan/hexapod_ws/build/hexapod_kinematics' returned '0': CMAKE_PREFIX_PATH=${CMAKE_PREFIX_PATH}:/opt/ros/humble /usr/bin/cmake --build /home/bryan/hexapod_ws/build/hexapod_kinematics -- -j16 -l16
[0.691s] DEBUG:colcon.colcon_core.event_handler.log_command:Invoked command in '/home/bryan/hexapod_ws/build/hexapod_utils' returned '0': CMAKE_PREFIX_PATH=${CMAKE_PREFIX_PATH}:/opt/ros/humble /usr/bin/cmake --build /home/bryan/hexapod_ws/build/hexapod_utils -- -j16 -l16
[0.757s] DEBUG:colcon.colcon_core.event_handler.log_command:Invoking command in '/home/bryan/hexapod_ws/build/hexapod_description': CMAKE_PREFIX_PATH=${CMAKE_PREFIX_PATH}:/opt/ros/humble /usr/bin/cmake --install /home/bryan/hexapod_ws/build/hexapod_description
[0.772s] DEBUG:colcon.colcon_core.event_handler.log_command:Invoking command in '/home/bryan/hexapod_ws/build/hexapod_kinematics': CMAKE_PREFIX_PATH=${CMAKE_PREFIX_PATH}:/opt/ros/humble /usr/bin/cmake --install /home/bryan/hexapod_ws/build/hexapod_kinematics
[0.776s] DEBUG:colcon.colcon_core.event_handler.log_command:Invoking command in '/home/bryan/hexapod_ws/build/hexapod_utils': CMAKE_PREFIX_PATH=${CMAKE_PREFIX_PATH}:/opt/ros/humble /usr/bin/cmake --install /home/bryan/hexapod_ws/build/hexapod_utils
[0.799s] Level 1:colcon.colcon_core.environment:create_environment_scripts_only(hexapod_description)
[0.820s] Level 1:colcon.colcon_core.environment:checking '/home/bryan/hexapod_ws/install/hexapod_description' for CMake module files
[0.826s] Level 1:colcon.colcon_core.environment:checking '/home/bryan/hexapod_ws/install/hexapod_description' for CMake config files
[0.830s] Level 1:colcon.colcon_core.shell:create_environment_hook('hexapod_description', 'cmake_prefix_path')
[0.831s] INFO:colcon.colcon_core.shell:Creating environment hook '/home/bryan/hexapod_ws/install/hexapod_description/share/hexapod_description/hook/cmake_prefix_path.ps1'
[0.834s] INFO:colcon.colcon_core.shell:Creating environment descriptor '/home/bryan/hexapod_ws/install/hexapod_description/share/hexapod_description/hook/cmake_prefix_path.dsv'
[0.836s] INFO:colcon.colcon_core.shell:Creating environment hook '/home/bryan/hexapod_ws/install/hexapod_description/share/hexapod_description/hook/cmake_prefix_path.sh'
[0.838s] DEBUG:colcon.colcon_core.event_handler.log_command:Invoked command in '/home/bryan/hexapod_ws/build/hexapod_description' returned '0': CMAKE_PREFIX_PATH=${CMAKE_PREFIX_PATH}:/opt/ros/humble /usr/bin/cmake --install /home/bryan/hexapod_ws/build/hexapod_description
[0.841s] Level 1:colcon.colcon_core.environment:checking '/home/bryan/hexapod_ws/install/hexapod_description/bin'
[0.841s] Level 1:colcon.colcon_core.environment:checking '/home/bryan/hexapod_ws/install/hexapod_description/lib/pkgconfig/hexapod_description.pc'
[0.842s] Level 1:colcon.colcon_core.environment:checking '/home/bryan/hexapod_ws/install/hexapod_description/lib/python3.10/site-packages'
[0.843s] Level 1:colcon.colcon_core.environment:checking '/home/bryan/hexapod_ws/install/hexapod_description/bin'
[0.843s] INFO:colcon.colcon_core.shell:Creating package script '/home/bryan/hexapod_ws/install/hexapod_description/share/hexapod_description/package.ps1'
[0.846s] INFO:colcon.colcon_core.shell:Creating package descriptor '/home/bryan/hexapod_ws/install/hexapod_description/share/hexapod_description/package.dsv'
[0.848s] INFO:colcon.colcon_core.shell:Creating package script '/home/bryan/hexapod_ws/install/hexapod_description/share/hexapod_description/package.sh'
[0.850s] INFO:colcon.colcon_core.shell:Creating package script '/home/bryan/hexapod_ws/install/hexapod_description/share/hexapod_description/package.bash'
[0.852s] INFO:colcon.colcon_core.shell:Creating package script '/home/bryan/hexapod_ws/install/hexapod_description/share/hexapod_description/package.zsh'
[0.854s] Level 1:colcon.colcon_core.environment:create_file_with_runtime_dependencies(/home/bryan/hexapod_ws/install/hexapod_description/share/colcon-core/packages/hexapod_description)
[0.859s] Level 1:colcon.colcon_core.environment:create_environment_scripts_only(hexapod_kinematics)
[0.860s] Level 1:colcon.colcon_core.environment:checking '/home/bryan/hexapod_ws/install/hexapod_kinematics' for CMake module files
[0.861s] DEBUG:colcon.colcon_core.event_handler.log_command:Invoked command in '/home/bryan/hexapod_ws/build/hexapod_kinematics' returned '0': CMAKE_PREFIX_PATH=${CMAKE_PREFIX_PATH}:/opt/ros/humble /usr/bin/cmake --install /home/bryan/hexapod_ws/build/hexapod_kinematics
[0.862s] Level 1:colcon.colcon_core.environment:checking '/home/bryan/hexapod_ws/install/hexapod_kinematics' for CMake config files
[0.863s] Level 1:colcon.colcon_core.shell:create_environment_hook('hexapod_kinematics', 'cmake_prefix_path')
[0.864s] INFO:colcon.colcon_core.shell:Creating environment hook '/home/bryan/hexapod_ws/install/hexapod_kinematics/share/hexapod_kinematics/hook/cmake_prefix_path.ps1'
[0.865s] INFO:colcon.colcon_core.shell:Creating environment descriptor '/home/bryan/hexapod_ws/install/hexapod_kinematics/share/hexapod_kinematics/hook/cmake_prefix_path.dsv'
[0.866s] INFO:colcon.colcon_core.shell:Creating environment hook '/home/bryan/hexapod_ws/install/hexapod_kinematics/share/hexapod_kinematics/hook/cmake_prefix_path.sh'
[0.868s] Level 1:colcon.colcon_core.environment:checking '/home/bryan/hexapod_ws/install/hexapod_kinematics/bin'
[0.869s] Level 1:colcon.colcon_core.environment:checking '/home/bryan/hexapod_ws/install/hexapod_kinematics/lib/pkgconfig/hexapod_kinematics.pc'
[0.869s] Level 1:colcon.colcon_core.environment:checking '/home/bryan/hexapod_ws/install/hexapod_kinematics/lib/python3.10/site-packages'
[0.870s] Level 1:colcon.colcon_core.environment:checking '/home/bryan/hexapod_ws/install/hexapod_kinematics/bin'
[0.871s] INFO:colcon.colcon_core.shell:Creating package script '/home/bryan/hexapod_ws/install/hexapod_kinematics/share/hexapod_kinematics/package.ps1'
[0.872s] INFO:colcon.colcon_core.shell:Creating package descriptor '/home/bryan/hexapod_ws/install/hexapod_kinematics/share/hexapod_kinematics/package.dsv'
[0.874s] INFO:colcon.colcon_core.shell:Creating package script '/home/bryan/hexapod_ws/install/hexapod_kinematics/share/hexapod_kinematics/package.sh'
[0.876s] INFO:colcon.colcon_core.shell:Creating package script '/home/bryan/hexapod_ws/install/hexapod_kinematics/share/hexapod_kinematics/package.bash'
[0.877s] INFO:colcon.colcon_core.shell:Creating package script '/home/bryan/hexapod_ws/install/hexapod_kinematics/share/hexapod_kinematics/package.zsh'
[0.878s] Level 1:colcon.colcon_core.environment:create_file_with_runtime_dependencies(/home/bryan/hexapod_ws/install/hexapod_kinematics/share/colcon-core/packages/hexapod_kinematics)
[0.882s] Level 1:colcon.colcon_core.environment:create_environment_scripts_only(hexapod_utils)
[0.883s] Level 1:colcon.colcon_core.environment:checking '/home/bryan/hexapod_ws/install/hexapod_utils' for CMake module files
[0.885s] DEBUG:colcon.colcon_core.event_handler.log_command:Invoked command in '/home/bryan/hexapod_ws/build/hexapod_utils' returned '0': CMAKE_PREFIX_PATH=${CMAKE_PREFIX_PATH}:/opt/ros/humble /usr/bin/cmake --install /home/bryan/hexapod_ws/build/hexapod_utils
[0.886s] Level 1:colcon.colcon_core.environment:checking '/home/bryan/hexapod_ws/install/hexapod_utils' for CMake config files
[0.887s] Level 1:colcon.colcon_core.shell:create_environment_hook('hexapod_utils', 'cmake_prefix_path')
[0.888s] INFO:colcon.colcon_core.shell:Creating environment hook '/home/bryan/hexapod_ws/install/hexapod_utils/share/hexapod_utils/hook/cmake_prefix_path.ps1'
[0.890s] INFO:colcon.colcon_core.shell:Creating environment descriptor '/home/bryan/hexapod_ws/install/hexapod_utils/share/hexapod_utils/hook/cmake_prefix_path.dsv'
[0.891s] INFO:colcon.colcon_core.shell:Creating environment hook '/home/bryan/hexapod_ws/install/hexapod_utils/share/hexapod_utils/hook/cmake_prefix_path.sh'
[0.893s] Level 1:colcon.colcon_core.environment:checking '/home/bryan/hexapod_ws/install/hexapod_utils/lib'
[0.894s] Level 1:colcon.colcon_core.environment:checking '/home/bryan/hexapod_ws/install/hexapod_utils/bin'
[0.894s] Level 1:colcon.colcon_core.environment:checking '/home/bryan/hexapod_ws/install/hexapod_utils/lib/pkgconfig/hexapod_utils.pc'
[0.894s] Level 1:colcon.colcon_core.environment:checking '/home/bryan/hexapod_ws/install/hexapod_utils/lib/python3.10/site-packages'
[0.895s] Level 1:colcon.colcon_core.environment:checking '/home/bryan/hexapod_ws/install/hexapod_utils/bin'
[0.895s] INFO:colcon.colcon_core.shell:Creating package script '/home/bryan/hexapod_ws/install/hexapod_utils/share/hexapod_utils/package.ps1'
[0.896s] INFO:colcon.colcon_core.shell:Creating package descriptor '/home/bryan/hexapod_ws/install/hexapod_utils/share/hexapod_utils/package.dsv'
[0.897s] INFO:colcon.colcon_core.shell:Creating package script '/home/bryan/hexapod_ws/install/hexapod_utils/share/hexapod_utils/package.sh'
[0.898s] INFO:colcon.colcon_core.shell:Creating package script '/home/bryan/hexapod_ws/install/hexapod_utils/share/hexapod_utils/package.bash'
[0.900s] INFO:colcon.colcon_core.shell:Creating package script '/home/bryan/hexapod_ws/install/hexapod_utils/share/hexapod_utils/package.zsh'
[0.901s] Level 1:colcon.colcon_core.environment:create_file_with_runtime_dependencies(/home/bryan/hexapod_ws/install/hexapod_utils/share/colcon-core/packages/hexapod_utils)
[0.910s] Level 1:colcon.colcon_core.environment:create_environment_scripts_only(hexapod_description)
[0.910s] Level 1:colcon.colcon_core.environment:checking '/home/bryan/hexapod_ws/install/hexapod_description' for CMake module files
[0.912s] Level 1:colcon.colcon_core.environment:checking '/home/bryan/hexapod_ws/install/hexapod_description' for CMake config files
[0.913s] Level 1:colcon.colcon_core.shell:create_environment_hook('hexapod_description', 'cmake_prefix_path')
[0.914s] INFO:colcon.colcon_core.shell:Creating environment hook '/home/bryan/hexapod_ws/install/hexapod_description/share/hexapod_description/hook/cmake_prefix_path.ps1'
[0.915s] INFO:colcon.colcon_core.shell:Creating environment descriptor '/home/bryan/hexapod_ws/install/hexapod_description/share/hexapod_description/hook/cmake_prefix_path.dsv'
[0.916s] INFO:colcon.colcon_core.shell:Creating environment hook '/home/bryan/hexapod_ws/install/hexapod_description/share/hexapod_description/hook/cmake_prefix_path.sh'
[0.918s] Level 1:colcon.colcon_core.environment:checking '/home/bryan/hexapod_ws/install/hexapod_description/bin'
[0.918s] Level 1:colcon.colcon_core.environment:checking '/home/bryan/hexapod_ws/install/hexapod_description/lib/pkgconfig/hexapod_description.pc'
[0.919s] Level 1:colcon.colcon_core.environment:checking '/home/bryan/hexapod_ws/install/hexapod_description/lib/python3.10/site-packages'
[0.919s] Level 1:colcon.colcon_core.environment:checking '/home/bryan/hexapod_ws/install/hexapod_description/bin'
[0.920s] INFO:colcon.colcon_core.shell:Creating package script '/home/bryan/hexapod_ws/install/hexapod_description/share/hexapod_description/package.ps1'
[0.923s] INFO:colcon.colcon_core.shell:Creating package descriptor '/home/bryan/hexapod_ws/install/hexapod_description/share/hexapod_description/package.dsv'
[0.923s] INFO:colcon.colcon_core.shell:Creating package script '/home/bryan/hexapod_ws/install/hexapod_description/share/hexapod_description/package.sh'
[0.925s] INFO:colcon.colcon_core.shell:Creating package script '/home/bryan/hexapod_ws/install/hexapod_description/share/hexapod_description/package.bash'
[0.926s] INFO:colcon.colcon_core.shell:Creating package script '/home/bryan/hexapod_ws/install/hexapod_description/share/hexapod_description/package.zsh'
[0.927s] Level 1:colcon.colcon_core.environment:create_file_with_runtime_dependencies(/home/bryan/hexapod_ws/install/hexapod_description/share/colcon-core/packages/hexapod_description)
[0.938s] Level 1:colcon.colcon_core.environment:create_environment_scripts_only(hexapod_kinematics)
[0.939s] Level 1:colcon.colcon_core.environment:checking '/home/bryan/hexapod_ws/install/hexapod_kinematics' for CMake module files
[0.940s] Level 1:colcon.colcon_core.environment:checking '/home/bryan/hexapod_ws/install/hexapod_kinematics' for CMake config files
[0.941s] Level 1:colcon.colcon_core.shell:create_environment_hook('hexapod_kinematics', 'cmake_prefix_path')
[0.942s] INFO:colcon.colcon_core.shell:Creating environment hook '/home/bryan/hexapod_ws/install/hexapod_kinematics/share/hexapod_kinematics/hook/cmake_prefix_path.ps1'
[0.943s] INFO:colcon.colcon_core.shell:Creating environment descriptor '/home/bryan/hexapod_ws/install/hexapod_kinematics/share/hexapod_kinematics/hook/cmake_prefix_path.dsv'
[0.944s] INFO:colcon.colcon_core.shell:Creating environment hook '/home/bryan/hexapod_ws/install/hexapod_kinematics/share/hexapod_kinematics/hook/cmake_prefix_path.sh'
[0.945s] Level 1:colcon.colcon_core.environment:checking '/home/bryan/hexapod_ws/install/hexapod_kinematics/bin'
[0.945s] Level 1:colcon.colcon_core.environment:checking '/home/bryan/hexapod_ws/install/hexapod_kinematics/lib/pkgconfig/hexapod_kinematics.pc'
[0.945s] Level 1:colcon.colcon_core.environment:checking '/home/bryan/hexapod_ws/install/hexapod_kinematics/lib/python3.10/site-packages'
[0.946s] Level 1:colcon.colcon_core.environment:checking '/home/bryan/hexapod_ws/install/hexapod_kinematics/bin'
[0.946s] INFO:colcon.colcon_core.shell:Creating package script '/home/bryan/hexapod_ws/install/hexapod_kinematics/share/hexapod_kinematics/package.ps1'
[0.947s] INFO:colcon.colcon_core.shell:Creating package descriptor '/home/bryan/hexapod_ws/install/hexapod_kinematics/share/hexapod_kinematics/package.dsv'
[0.948s] INFO:colcon.colcon_core.shell:Creating package script '/home/bryan/hexapod_ws/install/hexapod_kinematics/share/hexapod_kinematics/package.sh'
[0.949s] INFO:colcon.colcon_core.shell:Creating package script '/home/bryan/hexapod_ws/install/hexapod_kinematics/share/hexapod_kinematics/package.bash'
[0.950s] INFO:colcon.colcon_core.shell:Creating package script '/home/bryan/hexapod_ws/install/hexapod_kinematics/share/hexapod_kinematics/package.zsh'
[0.951s] Level 1:colcon.colcon_core.environment:create_file_with_runtime_dependencies(/home/bryan/hexapod_ws/install/hexapod_kinematics/share/colcon-core/packages/hexapod_kinematics)
[0.958s] Level 1:colcon.colcon_core.environment:create_environment_scripts_only(hexapod_utils)
[0.959s] Level 1:colcon.colcon_core.environment:checking '/home/bryan/hexapod_ws/install/hexapod_utils' for CMake module files
[0.960s] Level 1:colcon.colcon_core.environment:checking '/home/bryan/hexapod_ws/install/hexapod_utils' for CMake config files
[0.961s] Level 1:colcon.colcon_core.shell:create_environment_hook('hexapod_utils', 'cmake_prefix_path')
[0.961s] INFO:colcon.colcon_core.shell:Creating environment hook '/home/bryan/hexapod_ws/install/hexapod_utils/share/hexapod_utils/hook/cmake_prefix_path.ps1'
[0.963s] INFO:colcon.colcon_core.shell:Creating environment descriptor '/home/bryan/hexapod_ws/install/hexapod_utils/share/hexapod_utils/hook/cmake_prefix_path.dsv'
[0.964s] INFO:colcon.colcon_core.shell:Creating environment hook '/home/bryan/hexapod_ws/install/hexapod_utils/share/hexapod_utils/hook/cmake_prefix_path.sh'
[0.965s] Level 1:colcon.colcon_core.environment:checking '/home/bryan/hexapod_ws/install/hexapod_utils/lib'
[0.965s] Level 1:colcon.colcon_core.environment:checking '/home/bryan/hexapod_ws/install/hexapod_utils/bin'
[0.966s] Level 1:colcon.colcon_core.environment:checking '/home/bryan/hexapod_ws/install/hexapod_utils/lib/pkgconfig/hexapod_utils.pc'
[0.966s] Level 1:colcon.colcon_core.environment:checking '/home/bryan/hexapod_ws/install/hexapod_utils/lib/python3.10/site-packages'
[0.966s] Level 1:colcon.colcon_core.environment:checking '/home/bryan/hexapod_ws/install/hexapod_utils/bin'
[0.967s] INFO:colcon.colcon_core.shell:Creating package script '/home/bryan/hexapod_ws/install/hexapod_utils/share/hexapod_utils/package.ps1'
[0.968s] INFO:colcon.colcon_core.shell:Creating package descriptor '/home/bryan/hexapod_ws/install/hexapod_utils/share/hexapod_utils/package.dsv'
[0.969s] INFO:colcon.colcon_core.shell:Creating package script '/home/bryan/hexapod_ws/install/hexapod_utils/share/hexapod_utils/package.sh'
[0.970s] INFO:colcon.colcon_core.shell:Creating package script '/home/bryan/hexapod_ws/install/hexapod_utils/share/hexapod_utils/package.bash'
[0.971s] INFO:colcon.colcon_core.shell:Creating package script '/home/bryan/hexapod_ws/install/hexapod_utils/share/hexapod_utils/package.zsh'
[0.972s] Level 1:colcon.colcon_core.environment:create_file_with_runtime_dependencies(/home/bryan/hexapod_ws/install/hexapod_utils/share/colcon-core/packages/hexapod_utils)
[1.353s] DEBUG:colcon.colcon_core.event_handler.log_command:Invoked command in '/home/bryan/hexapod_ws/build/hexapod_interfaces' returned '0': CMAKE_PREFIX_PATH=${CMAKE_PREFIX_PATH}:/opt/ros/humble /usr/bin/cmake --build /home/bryan/hexapod_ws/build/hexapod_interfaces -- -j16 -l16
[1.509s] DEBUG:colcon.colcon_core.event_handler.log_command:Invoking command in '/home/bryan/hexapod_ws/build/hexapod_interfaces': CMAKE_PREFIX_PATH=${CMAKE_PREFIX_PATH}:/opt/ros/humble /usr/bin/cmake --install /home/bryan/hexapod_ws/build/hexapod_interfaces
[1.613s] Level 1:colcon.colcon_core.environment:create_environment_scripts_only(hexapod_interfaces)
[1.614s] Level 1:colcon.colcon_core.environment:checking '/home/bryan/hexapod_ws/install/hexapod_interfaces' for CMake module files
[1.617s] Level 1:colcon.colcon_core.environment:checking '/home/bryan/hexapod_ws/install/hexapod_interfaces' for CMake config files
[1.618s] DEBUG:colcon.colcon_core.event_handler.log_command:Invoked command in '/home/bryan/hexapod_ws/build/hexapod_interfaces' returned '0': CMAKE_PREFIX_PATH=${CMAKE_PREFIX_PATH}:/opt/ros/humble /usr/bin/cmake --install /home/bryan/hexapod_ws/build/hexapod_interfaces
[1.619s] Level 1:colcon.colcon_core.shell:create_environment_hook('hexapod_interfaces', 'cmake_prefix_path')
[1.619s] INFO:colcon.colcon_core.shell:Creating environment hook '/home/bryan/hexapod_ws/install/hexapod_interfaces/share/hexapod_interfaces/hook/cmake_prefix_path.ps1'
[1.620s] INFO:colcon.colcon_core.shell:Creating environment descriptor '/home/bryan/hexapod_ws/install/hexapod_interfaces/share/hexapod_interfaces/hook/cmake_prefix_path.dsv'
[1.621s] INFO:colcon.colcon_core.shell:Creating environment hook '/home/bryan/hexapod_ws/install/hexapod_interfaces/share/hexapod_interfaces/hook/cmake_prefix_path.sh'
[1.622s] Level 1:colcon.colcon_core.environment:checking '/home/bryan/hexapod_ws/install/hexapod_interfaces/lib'
[1.622s] Level 1:colcon.colcon_core.shell:create_environment_hook('hexapod_interfaces', 'ld_library_path_lib')
[1.623s] INFO:colcon.colcon_core.shell:Creating environment hook '/home/bryan/hexapod_ws/install/hexapod_interfaces/share/hexapod_interfaces/hook/ld_library_path_lib.ps1'
[1.623s] INFO:colcon.colcon_core.shell:Creating environment descriptor '/home/bryan/hexapod_ws/install/hexapod_interfaces/share/hexapod_interfaces/hook/ld_library_path_lib.dsv'
[1.623s] INFO:colcon.colcon_core.shell:Creating environment hook '/home/bryan/hexapod_ws/install/hexapod_interfaces/share/hexapod_interfaces/hook/ld_library_path_lib.sh'
[1.624s] Level 1:colcon.colcon_core.environment:checking '/home/bryan/hexapod_ws/install/hexapod_interfaces/bin'
[1.624s] Level 1:colcon.colcon_core.environment:checking '/home/bryan/hexapod_ws/install/hexapod_interfaces/lib/pkgconfig/hexapod_interfaces.pc'
[1.624s] Level 1:colcon.colcon_core.environment:checking '/home/bryan/hexapod_ws/install/hexapod_interfaces/lib/python3.10/site-packages'
[1.624s] Level 1:colcon.colcon_core.environment:checking '/home/bryan/hexapod_ws/install/hexapod_interfaces/bin'
[1.625s] INFO:colcon.colcon_core.shell:Creating package script '/home/bryan/hexapod_ws/install/hexapod_interfaces/share/hexapod_interfaces/package.ps1'
[1.626s] INFO:colcon.colcon_core.shell:Creating package descriptor '/home/bryan/hexapod_ws/install/hexapod_interfaces/share/hexapod_interfaces/package.dsv'
[1.626s] INFO:colcon.colcon_core.shell:Creating package script '/home/bryan/hexapod_ws/install/hexapod_interfaces/share/hexapod_interfaces/package.sh'
[1.626s] INFO:colcon.colcon_core.shell:Creating package script '/home/bryan/hexapod_ws/install/hexapod_interfaces/share/hexapod_interfaces/package.bash'
[1.627s] INFO:colcon.colcon_core.shell:Creating package script '/home/bryan/hexapod_ws/install/hexapod_interfaces/share/hexapod_interfaces/package.zsh'
[1.627s] Level 1:colcon.colcon_core.environment:create_file_with_runtime_dependencies(/home/bryan/hexapod_ws/install/hexapod_interfaces/share/colcon-core/packages/hexapod_interfaces)
[1.765s] Level 1:colcon.colcon_core.environment:create_environment_scripts_only(hexapod_interfaces)
[1.767s] Level 1:colcon.colcon_core.environment:checking '/home/bryan/hexapod_ws/install/hexapod_interfaces' for CMake module files
[1.768s] Level 1:colcon.colcon_core.environment:checking '/home/bryan/hexapod_ws/install/hexapod_interfaces' for CMake config files
[1.768s] Level 1:colcon.colcon_core.shell:create_environment_hook('hexapod_interfaces', 'cmake_prefix_path')
[1.769s] INFO:colcon.colcon_core.shell:Creating environment hook '/home/bryan/hexapod_ws/install/hexapod_interfaces/share/hexapod_interfaces/hook/cmake_prefix_path.ps1'
[1.771s] INFO:colcon.colcon_core.shell:Creating environment descriptor '/home/bryan/hexapod_ws/install/hexapod_interfaces/share/hexapod_interfaces/hook/cmake_prefix_path.dsv'
[1.772s] INFO:colcon.colcon_core.shell:Creating environment hook '/home/bryan/hexapod_ws/install/hexapod_interfaces/share/hexapod_interfaces/hook/cmake_prefix_path.sh'
[1.773s] Level 1:colcon.colcon_core.environment:checking '/home/bryan/hexapod_ws/install/hexapod_interfaces/lib'
[1.774s] Level 1:colcon.colcon_core.shell:create_environment_hook('hexapod_interfaces', 'ld_library_path_lib')
[1.774s] INFO:colcon.colcon_core.shell:Creating environment hook '/home/bryan/hexapod_ws/install/hexapod_interfaces/share/hexapod_interfaces/hook/ld_library_path_lib.ps1'
[1.775s] INFO:colcon.colcon_core.shell:Creating environment descriptor '/home/bryan/hexapod_ws/install/hexapod_interfaces/share/hexapod_interfaces/hook/ld_library_path_lib.dsv'
[1.775s] INFO:colcon.colcon_core.shell:Creating environment hook '/home/bryan/hexapod_ws/install/hexapod_interfaces/share/hexapod_interfaces/hook/ld_library_path_lib.sh'
[1.776s] Level 1:colcon.colcon_core.environment:checking '/home/bryan/hexapod_ws/install/hexapod_interfaces/bin'
[1.777s] Level 1:colcon.colcon_core.environment:checking '/home/bryan/hexapod_ws/install/hexapod_interfaces/lib/pkgconfig/hexapod_interfaces.pc'
[1.777s] Level 1:colcon.colcon_core.environment:checking '/home/bryan/hexapod_ws/install/hexapod_interfaces/lib/python3.10/site-packages'
[1.777s] Level 1:colcon.colcon_core.environment:checking '/home/bryan/hexapod_ws/install/hexapod_interfaces/bin'
[1.778s] INFO:colcon.colcon_core.shell:Creating package script '/home/bryan/hexapod_ws/install/hexapod_interfaces/share/hexapod_interfaces/package.ps1'
[1.779s] INFO:colcon.colcon_core.shell:Creating package descriptor '/home/bryan/hexapod_ws/install/hexapod_interfaces/share/hexapod_interfaces/package.dsv'
[1.779s] INFO:colcon.colcon_core.shell:Creating package script '/home/bryan/hexapod_ws/install/hexapod_interfaces/share/hexapod_interfaces/package.sh'
[1.780s] INFO:colcon.colcon_core.shell:Creating package script '/home/bryan/hexapod_ws/install/hexapod_interfaces/share/hexapod_interfaces/package.bash'
[1.780s] INFO:colcon.colcon_core.shell:Creating package script '/home/bryan/hexapod_ws/install/hexapod_interfaces/share/hexapod_interfaces/package.zsh'
[1.781s] Level 1:colcon.colcon_core.environment:create_file_with_runtime_dependencies(/home/bryan/hexapod_ws/install/hexapod_interfaces/share/colcon-core/packages/hexapod_interfaces)
[1.781s] INFO:colcon.colcon_ros.task.ament_cmake.build:Building ROS package in '/home/bryan/hexapod_ws/src/hexapod_controller' with build type 'ament_cmake'
[1.781s] INFO:colcon.colcon_cmake.task.cmake.build:Building CMake package in '/home/bryan/hexapod_ws/src/hexapod_controller'
[1.782s] INFO:colcon.colcon_core.shell:Skip shell extension 'powershell' for command environment: Not usable outside of PowerShell
[1.782s] DEBUG:colcon.colcon_core.shell:Skip shell extension 'dsv' for command environment
[1.804s] DEBUG:colcon.colcon_core.event_handler.log_command:Invoking command in '/home/bryan/hexapod_ws/build/hexapod_controller': CMAKE_PREFIX_PATH=/home/bryan/hexapod_ws/install/hexapod_interfaces:/home/bryan/pico_ws/install/whycon:/home/bryan/pico_ws/install/swift_pico:/home/bryan/pico_ws/install/waypoint_navigation:/home/bryan/pico_ws/install/swift_pico_description:/home/bryan/pico_ws/install/rotors_swift_interface:/home/bryan/pico_ws/install/swift_msgs:/home/bryan/pico_ws/install/rotors_swift_gazebo:/home/bryan/pico_ws/install/rotors_swift_description:/home/bryan/pico_ws/install/rotors_control:/home/bryan/pico_ws/install/pid_tune:/home/bryan/pico_ws/install/pid_msg:/home/bryan/pico_ws/install/mav_comm:/home/bryan/pico_ws/install/mav_system_msgs:/home/bryan/pico_ws/install/mav_state_machine_msgs:/home/bryan/pico_ws/install/mav_planning_msgs:/home/bryan/pico_ws/install/mav_msgs:/home/bryan/hexapod_ws/install/hexapod_utils:/home/bryan/hexapod_ws/install/hexapod_kinematics:/home/bryan/hexapod_ws/install/hexapod_controller:/home/bryan/hexapod_ws/install/hexapod_description:/home/bryan/turtlesim_ws/install/turtlesim:/opt/ros/humble LD_LIBRARY_PATH=/home/bryan/hexapod_ws/install/hexapod_interfaces/lib:/home/bryan/pico_ws/install/whycon/lib:/home/bryan/pico_ws/install/waypoint_navigation/lib:/home/bryan/pico_ws/install/rotors_control/lib:/home/bryan/pico_ws/install/mav_planning_msgs/lib:/home/bryan/turtlesim_ws/install/turtlesim/lib:/usr/lib/x86_64-linux-gnu/gazebo-11/plugins:/usr/local/lib:/home/bryan/pico_ws/install/swift_msgs/lib:/home/bryan/pico_ws/install/pid_msg/lib:/home/bryan/pico_ws/install/mav_system_msgs/lib:/home/bryan/pico_ws/install/mav_state_machine_msgs/lib:/home/bryan/pico_ws/install/mav_msgs/lib:/opt/ros/humble/opt/rviz_ogre_vendor/lib:/opt/ros/humble/lib/x86_64-linux-gnu:/opt/ros/humble/lib /usr/bin/cmake --build /home/bryan/hexapod_ws/build/hexapod_controller -- -j16 -l16
[18.939s] DEBUG:colcon.colcon_core.event_handler.log_command:Invoked command in '/home/bryan/hexapod_ws/build/hexapod_controller' returned '0': CMAKE_PREFIX_PATH=/home/bryan/hexapod_ws/install/hexapod_interfaces:/home/bryan/pico_ws/install/whycon:/home/bryan/pico_ws/install/swift_pico:/home/bryan/pico_ws/install/waypoint_navigation:/home/bryan/pico_ws/install/swift_pico_description:/home/bryan/pico_ws/install/rotors_swift_interface:/home/bryan/pico_ws/install/swift_msgs:/home/bryan/pico_ws/install/rotors_swift_gazebo:/home/bryan/pico_ws/install/rotors_swift_description:/home/bryan/pico_ws/install/rotors_control:/home/bryan/pico_ws/install/pid_tune:/home/bryan/pico_ws/install/pid_msg:/home/bryan/pico_ws/install/mav_comm:/home/bryan/pico_ws/install/mav_system_msgs:/home/bryan/pico_ws/install/mav_state_machine_msgs:/home/bryan/pico_ws/install/mav_planning_msgs:/home/bryan/pico_ws/install/mav_msgs:/home/bryan/hexapod_ws/install/hexapod_utils:/home/bryan/hexapod_ws/install/hexapod_kinematics:/home/bryan/hexapod_ws/install/hexapod_controller:/home/bryan/hexapod_ws/install/hexapod_description:/home/bryan/turtlesim_ws/install/turtlesim:/opt/ros/humble LD_LIBRARY_PATH=/home/bryan/hexapod_ws/install/hexapod_interfaces/lib:/home/bryan/pico_ws/install/whycon/lib:/home/bryan/pico_ws/install/waypoint_navigation/lib:/home/bryan/pico_ws/install/rotors_control/lib:/home/bryan/pico_ws/install/mav_planning_msgs/lib:/home/bryan/turtlesim_ws/install/turtlesim/lib:/usr/lib/x86_64-linux-gnu/gazebo-11/plugins:/usr/local/lib:/home/bryan/pico_ws/install/swift_msgs/lib:/home/bryan/pico_ws/install/pid_msg/lib:/home/bryan/pico_ws/install/mav_system_msgs/lib:/home/bryan/pico_ws/install/mav_state_machine_msgs/lib:/home/bryan/pico_ws/install/mav_msgs/lib:/opt/ros/humble/opt/rviz_ogre_vendor/lib:/opt/ros/humble/lib/x86_64-linux-gnu:/opt/ros/humble/lib /usr/bin/cmake --build /home/bryan/hexapod_ws/build/hexapod_controller -- -j16 -l16
[19.024s] DEBUG:colcon.colcon_core.event_handler.log_command:Invoking command in '/home/bryan/hexapod_ws/build/hexapod_controller': CMAKE_PREFIX_PATH=/home/bryan/hexapod_ws/install/hexapod_interfaces:/home/bryan/pico_ws/install/whycon:/home/bryan/pico_ws/install/swift_pico:/home/bryan/pico_ws/install/waypoint_navigation:/home/bryan/pico_ws/install/swift_pico_description:/home/bryan/pico_ws/install/rotors_swift_interface:/home/bryan/pico_ws/install/swift_msgs:/home/bryan/pico_ws/install/rotors_swift_gazebo:/home/bryan/pico_ws/install/rotors_swift_description:/home/bryan/pico_ws/install/rotors_control:/home/bryan/pico_ws/install/pid_tune:/home/bryan/pico_ws/install/pid_msg:/home/bryan/pico_ws/install/mav_comm:/home/bryan/pico_ws/install/mav_system_msgs:/home/bryan/pico_ws/install/mav_state_machine_msgs:/home/bryan/pico_ws/install/mav_planning_msgs:/home/bryan/pico_ws/install/mav_msgs:/home/bryan/hexapod_ws/install/hexapod_utils:/home/bryan/hexapod_ws/install/hexapod_kinematics:/home/bryan/hexapod_ws/install/hexapod_controller:/home/bryan/hexapod_ws/install/hexapod_description:/home/bryan/turtlesim_ws/install/turtlesim:/opt/ros/humble LD_LIBRARY_PATH=/home/bryan/hexapod_ws/install/hexapod_interfaces/lib:/home/bryan/pico_ws/install/whycon/lib:/home/bryan/pico_ws/install/waypoint_navigation/lib:/home/bryan/pico_ws/install/rotors_control/lib:/home/bryan/pico_ws/install/mav_planning_msgs/lib:/home/bryan/turtlesim_ws/install/turtlesim/lib:/usr/lib/x86_64-linux-gnu/gazebo-11/plugins:/usr/local/lib:/home/bryan/pico_ws/install/swift_msgs/lib:/home/bryan/pico_ws/install/pid_msg/lib:/home/bryan/pico_ws/install/mav_system_msgs/lib:/home/bryan/pico_ws/install/mav_state_machine_msgs/lib:/home/bryan/pico_ws/install/mav_msgs/lib:/opt/ros/humble/opt/rviz_ogre_vendor/lib:/opt/ros/humble/lib/x86_64-linux-gnu:/opt/ros/humble/lib /usr/bin/cmake --install /home/bryan/hexapod_ws/build/hexapod_controller
[19.050s] Level 1:colcon.colcon_core.environment:create_environment_scripts_only(hexapod_controller)
[19.050s] Level 1:colcon.colcon_core.environment:checking '/home/bryan/hexapod_ws/install/hexapod_controller' for CMake module files
[19.053s] DEBUG:colcon.colcon_core.event_handler.log_command:Invoked command in '/home/bryan/hexapod_ws/build/hexapod_controller' returned '0': CMAKE_PREFIX_PATH=/home/bryan/hexapod_ws/install/hexapod_interfaces:/home/bryan/pico_ws/install/whycon:/home/bryan/pico_ws/install/swift_pico:/home/bryan/pico_ws/install/waypoint_navigation:/home/bryan/pico_ws/install/swift_pico_description:/home/bryan/pico_ws/install/rotors_swift_interface:/home/bryan/pico_ws/install/swift_msgs:/home/bryan/pico_ws/install/rotors_swift_gazebo:/home/bryan/pico_ws/install/rotors_swift_description:/home/bryan/pico_ws/install/rotors_control:/home/bryan/pico_ws/install/pid_tune:/home/bryan/pico_ws/install/pid_msg:/home/bryan/pico_ws/install/mav_comm:/home/bryan/pico_ws/install/mav_system_msgs:/home/bryan/pico_ws/install/mav_state_machine_msgs:/home/bryan/pico_ws/install/mav_planning_msgs:/home/bryan/pico_ws/install/mav_msgs:/home/bryan/hexapod_ws/install/hexapod_utils:/home/bryan/hexapod_ws/install/hexapod_kinematics:/home/bryan/hexapod_ws/install/hexapod_controller:/home/bryan/hexapod_ws/install/hexapod_description:/home/bryan/turtlesim_ws/install/turtlesim:/opt/ros/humble LD_LIBRARY_PATH=/home/bryan/hexapod_ws/install/hexapod_interfaces/lib:/home/bryan/pico_ws/install/whycon/lib:/home/bryan/pico_ws/install/waypoint_navigation/lib:/home/bryan/pico_ws/install/rotors_control/lib:/home/bryan/pico_ws/install/mav_planning_msgs/lib:/home/bryan/turtlesim_ws/install/turtlesim/lib:/usr/lib/x86_64-linux-gnu/gazebo-11/plugins:/usr/local/lib:/home/bryan/pico_ws/install/swift_msgs/lib:/home/bryan/pico_ws/install/pid_msg/lib:/home/bryan/pico_ws/install/mav_system_msgs/lib:/home/bryan/pico_ws/install/mav_state_machine_msgs/lib:/home/bryan/pico_ws/install/mav_msgs/lib:/opt/ros/humble/opt/rviz_ogre_vendor/lib:/opt/ros/humble/lib/x86_64-linux-gnu:/opt/ros/humble/lib /usr/bin/cmake --install /home/bryan/hexapod_ws/build/hexapod_controller
[19.054s] Level 1:colcon.colcon_core.environment:checking '/home/bryan/hexapod_ws/install/hexapod_controller' for CMake config files
[19.055s] Level 1:colcon.colcon_core.shell:create_environment_hook('hexapod_controller', 'cmake_prefix_path')
[19.055s] INFO:colcon.colcon_core.shell:Creating environment hook '/home/bryan/hexapod_ws/install/hexapod_controller/share/hexapod_controller/hook/cmake_prefix_path.ps1'
[19.057s] INFO:colcon.colcon_core.shell:Creating environment descriptor '/home/bryan/hexapod_ws/install/hexapod_controller/share/hexapod_controller/hook/cmake_prefix_path.dsv'
[19.057s] INFO:colcon.colcon_core.shell:Creating environment hook '/home/bryan/hexapod_ws/install/hexapod_controller/share/hexapod_controller/hook/cmake_prefix_path.sh'
[19.058s] Level 1:colcon.colcon_core.environment:checking '/home/bryan/hexapod_ws/install/hexapod_controller/lib'
[19.058s] Level 1:colcon.colcon_core.environment:checking '/home/bryan/hexapod_ws/install/hexapod_controller/bin'
[19.058s] Level 1:colcon.colcon_core.environment:checking '/home/bryan/hexapod_ws/install/hexapod_controller/lib/pkgconfig/hexapod_controller.pc'
[19.059s] Level 1:colcon.colcon_core.environment:checking '/home/bryan/hexapod_ws/install/hexapod_controller/lib/python3.10/site-packages'
[19.059s] Level 1:colcon.colcon_core.environment:checking '/home/bryan/hexapod_ws/install/hexapod_controller/bin'
[19.060s] INFO:colcon.colcon_core.shell:Creating package script '/home/bryan/hexapod_ws/install/hexapod_controller/share/hexapod_controller/package.ps1'
[19.061s] INFO:colcon.colcon_core.shell:Creating package descriptor '/home/bryan/hexapod_ws/install/hexapod_controller/share/hexapod_controller/package.dsv'
[19.062s] INFO:colcon.colcon_core.shell:Creating package script '/home/bryan/hexapod_ws/install/hexapod_controller/share/hexapod_controller/package.sh'
[19.062s] INFO:colcon.colcon_core.shell:Creating package script '/home/bryan/hexapod_ws/install/hexapod_controller/share/hexapod_controller/package.bash'
[19.062s] INFO:colcon.colcon_core.shell:Creating package script '/home/bryan/hexapod_ws/install/hexapod_controller/share/hexapod_controller/package.zsh'
[19.063s] Level 1:colcon.colcon_core.environment:create_file_with_runtime_dependencies(/home/bryan/hexapod_ws/install/hexapod_controller/share/colcon-core/packages/hexapod_controller)
[19.141s] Level 1:colcon.colcon_core.environment:create_environment_scripts_only(hexapod_controller)
[19.143s] Level 1:colcon.colcon_core.environment:checking '/home/bryan/hexapod_ws/install/hexapod_controller' for CMake module files
[19.143s] Level 1:colcon.colcon_core.environment:checking '/home/bryan/hexapod_ws/install/hexapod_controller' for CMake config files
[19.144s] Level 1:colcon.colcon_core.shell:create_environment_hook('hexapod_controller', 'cmake_prefix_path')
[19.144s] INFO:colcon.colcon_core.shell:Creating environment hook '/home/bryan/hexapod_ws/install/hexapod_controller/share/hexapod_controller/hook/cmake_prefix_path.ps1'
[19.144s] INFO:colcon.colcon_core.shell:Creating environment descriptor '/home/bryan/hexapod_ws/install/hexapod_controller/share/hexapod_controller/hook/cmake_prefix_path.dsv'
[19.145s] INFO:colcon.colcon_core.shell:Creating environment hook '/home/bryan/hexapod_ws/install/hexapod_controller/share/hexapod_controller/hook/cmake_prefix_path.sh'
[19.146s] Level 1:colcon.colcon_core.environment:checking '/home/bryan/hexapod_ws/install/hexapod_controller/lib'
[19.146s] Level 1:colcon.colcon_core.environment:checking '/home/bryan/hexapod_ws/install/hexapod_controller/bin'
[19.147s] Level 1:colcon.colcon_core.environment:checking '/home/bryan/hexapod_ws/install/hexapod_controller/lib/pkgconfig/hexapod_controller.pc'
[19.147s] Level 1:colcon.colcon_core.environment:checking '/home/bryan/hexapod_ws/install/hexapod_controller/lib/python3.10/site-packages'
[19.147s] Level 1:colcon.colcon_core.environment:checking '/home/bryan/hexapod_ws/install/hexapod_controller/bin'
[19.148s] INFO:colcon.colcon_core.shell:Creating package script '/home/bryan/hexapod_ws/install/hexapod_controller/share/hexapod_controller/package.ps1'
[19.150s] INFO:colcon.colcon_core.shell:Creating package descriptor '/home/bryan/hexapod_ws/install/hexapod_controller/share/hexapod_controller/package.dsv'
[19.153s] INFO:colcon.colcon_core.shell:Creating package script '/home/bryan/hexapod_ws/install/hexapod_controller/share/hexapod_controller/package.sh'
[19.155s] INFO:colcon.colcon_core.shell:Creating package script '/home/bryan/hexapod_ws/install/hexapod_controller/share/hexapod_controller/package.bash'
[19.156s] INFO:colcon.colcon_core.shell:Creating package script '/home/bryan/hexapod_ws/install/hexapod_controller/share/hexapod_controller/package.zsh'
[19.158s] Level 1:colcon.colcon_core.environment:create_file_with_runtime_dependencies(/home/bryan/hexapod_ws/install/hexapod_controller/share/colcon-core/packages/hexapod_controller)
[19.159s] DEBUG:colcon.colcon_parallel_executor.executor.parallel:closing loop
[19.160s] DEBUG:colcon.colcon_parallel_executor.executor.parallel:loop closed
[19.160s] DEBUG:colcon.colcon_parallel_executor.executor.parallel:run_until_complete finished with '0'
[19.160s] DEBUG:colcon.colcon_core.event_reactor:joining thread
[19.171s] INFO:colcon.colcon_core.plugin_system:Skipping extension 'colcon_notification.desktop_notification.terminal_notifier': Not used on non-Darwin systems
[19.171s] INFO:colcon.colcon_core.plugin_system:Skipping extension 'colcon_notification.desktop_notification.win32': Not used on non-Windows systems
[19.171s] INFO:colcon.colcon_notification.desktop_notification:Sending desktop notification using 'notify2'
[19.203s] DEBUG:colcon.colcon_core.event_reactor:joined thread
[19.205s] INFO:colcon.colcon_core.shell:Creating prefix script '/home/bryan/hexapod_ws/install/local_setup.ps1'
[19.207s] INFO:colcon.colcon_core.shell:Creating prefix util module '/home/bryan/hexapod_ws/install/_local_setup_util_ps1.py'
[19.209s] INFO:colcon.colcon_core.shell:Creating prefix chain script '/home/bryan/hexapod_ws/install/setup.ps1'
[19.212s] INFO:colcon.colcon_core.shell:Creating prefix script '/home/bryan/hexapod_ws/install/local_setup.sh'
[19.213s] INFO:colcon.colcon_core.shell:Creating prefix util module '/home/bryan/hexapod_ws/install/_local_setup_util_sh.py'
[19.214s] INFO:colcon.colcon_core.shell:Creating prefix chain script '/home/bryan/hexapod_ws/install/setup.sh'
[19.217s] INFO:colcon.colcon_core.shell:Creating prefix script '/home/bryan/hexapod_ws/install/local_setup.bash'
[19.217s] INFO:colcon.colcon_core.shell:Creating prefix chain script '/home/bryan/hexapod_ws/install/setup.bash'
[19.220s] INFO:colcon.colcon_core.shell:Creating prefix script '/home/bryan/hexapod_ws/install/local_setup.zsh'
[19.221s] INFO:colcon.colcon_core.shell:Creating prefix chain script '/home/bryan/hexapod_ws/install/setup.zsh'
