[  3%] Built target hexapod_interfaces__cpp
[ 12%] Built target hexapod_interfaces__rosidl_generator_c
[ 12%] Built target ament_cmake_python_copy_hexapod_interfaces
[ 22%] Built target hexapod_interfaces__rosidl_typesupport_cpp
[ 32%] Built target hexapod_interfaces__rosidl_typesupport_introspection_cpp
[ 41%] Built target hexapod_interfaces__rosidl_typesupport_fastrtps_cpp
[ 61%] Built target hexapod_interfaces__rosidl_typesupport_introspection_c
[ 61%] Built target hexapod_interfaces__rosidl_typesupport_fastrtps_c
[ 70%] Built target hexapod_interfaces__rosidl_typesupport_c
[ 70%] Built target hexapod_interfaces
[ 74%] Built target hexapod_interfaces__py
[ 80%] Built target hexapod_interfaces__rosidl_generator_py
[100%] Built target hexapod_interfaces__rosidl_typesupport_introspection_c__pyext
[100%] Built target hexapod_interfaces__rosidl_typesupport_c__pyext
[100%] Built target hexapod_interfaces__rosidl_typesupport_fastrtps_c__pyext
running egg_info
writing hexapod_interfaces.egg-info/PKG-INFO
writing dependency_links to hexapod_interfaces.egg-info/dependency_links.txt
writing top-level names to hexapod_interfaces.egg-info/top_level.txt
reading manifest file 'hexapod_interfaces.egg-info/SOURCES.txt'
writing manifest file 'hexapod_interfaces.egg-info/SOURCES.txt'
[100%] Built target ament_cmake_python_build_hexapod_interfaces_egg
