[0.100s] Invoking command in '/home/bryan/hexapod_ws/build/hexapod_interfaces': CMAKE_PREFIX_PATH=${CMAKE_PREFIX_PATH}:/home/bryan/bumperbot_ws/install/bumperbot_py_examples:/opt/ros/humble /usr/bin/cmake --build /home/bryan/hexapod_ws/build/hexapod_interfaces -- -j16 -l16
[0.290s] [  3%] Built target hexapod_interfaces__cpp
[0.311s] [ 12%] Built target hexapod_interfaces__rosidl_generator_c
[0.345s] [ 12%] Built target ament_cmake_python_copy_hexapod_interfaces
[0.388s] [ 22%] Built target hexapod_interfaces__rosidl_typesupport_cpp
[0.390s] [ 32%] Built target hexapod_interfaces__rosidl_typesupport_introspection_cpp
[0.391s] [ 41%] Built target hexapod_interfaces__rosidl_typesupport_fastrtps_cpp
[0.394s] [ 61%] Built target hexapod_interfaces__rosidl_typesupport_introspection_c
[0.394s] [ 61%] Built target hexapod_interfaces__rosidl_typesupport_fastrtps_c
[0.398s] [ 70%] Built target hexapod_interfaces__rosidl_typesupport_c
[0.464s] [ 70%] Built target hexapod_interfaces
[0.545s] [ 74%] Built target hexapod_interfaces__py
[0.632s] [ 80%] Built target hexapod_interfaces__rosidl_generator_py
[0.704s] [100%] Built target hexapod_interfaces__rosidl_typesupport_introspection_c__pyext
[0.704s] [100%] Built target hexapod_interfaces__rosidl_typesupport_c__pyext
[0.704s] [100%] Built target hexapod_interfaces__rosidl_typesupport_fastrtps_c__pyext
[1.028s] running egg_info
[1.030s] writing hexapod_interfaces.egg-info/PKG-INFO
[1.031s] writing dependency_links to hexapod_interfaces.egg-info/dependency_links.txt
[1.031s] writing top-level names to hexapod_interfaces.egg-info/top_level.txt
[1.040s] reading manifest file 'hexapod_interfaces.egg-info/SOURCES.txt'
[1.042s] writing manifest file 'hexapod_interfaces.egg-info/SOURCES.txt'
[1.152s] [100%] Built target ament_cmake_python_build_hexapod_interfaces_egg
[1.188s] Invoked command in '/home/bryan/hexapod_ws/build/hexapod_interfaces' returned '0': CMAKE_PREFIX_PATH=${CMAKE_PREFIX_PATH}:/home/bryan/bumperbot_ws/install/bumperbot_py_examples:/opt/ros/humble /usr/bin/cmake --build /home/bryan/hexapod_ws/build/hexapod_interfaces -- -j16 -l16
