[0.020s] Invoking command in '/home/bryan/hexapod_ws/build/hexapod_bringup': CMAKE_PREFIX_PATH=${CMAKE_PREFIX_PATH}:/home/bryan/bumperbot_ws/install/bumperbot_py_examples:/opt/ros/humble /usr/bin/cmake --build /home/bryan/hexapod_ws/build/hexapod_bringup -- -j16 -l16
[0.029s] /usr/bin/cmake: /home/bryan/miniconda3/envs/isaac_gym/lib/libcurl.so.4: no version information available (required by /usr/bin/cmake)
[0.029s] /usr/bin/cmake: /home/bryan/miniconda3/envs/isaac_gym/lib/libcurl.so.4: no version information available (required by /usr/bin/cmake)
[0.039s] /usr/bin/cmake: /home/bryan/miniconda3/envs/isaac_gym/lib/libcurl.so.4: no version information available (required by /usr/bin/cmake)
[0.047s] /usr/bin/cmake: /home/bryan/miniconda3/envs/isaac_gym/lib/libcurl.so.4: no version information available (required by /usr/bin/cmake)
[0.053s] Invoked command in '/home/bryan/hexapod_ws/build/hexapod_bringup' returned '0': CMAKE_PREFIX_PATH=${CMAKE_PREFIX_PATH}:/home/bryan/bumperbot_ws/install/bumperbot_py_examples:/opt/ros/humble /usr/bin/cmake --build /home/bryan/hexapod_ws/build/hexapod_bringup -- -j16 -l16
[0.085s] Invoking command in '/home/bryan/hexapod_ws/build/hexapod_bringup': CMAKE_PREFIX_PATH=${CMAKE_PREFIX_PATH}:/home/bryan/bumperbot_ws/install/bumperbot_py_examples:/opt/ros/humble /usr/bin/cmake --build /home/bryan/hexapod_ws/build/hexapod_bringup --target install -- -j16 -l16
[0.088s] /usr/bin/cmake: /home/bryan/miniconda3/envs/isaac_gym/lib/libcurl.so.4: no version information available (required by /usr/bin/cmake)
[0.094s] /usr/bin/cmake: /home/bryan/miniconda3/envs/isaac_gym/lib/libcurl.so.4: no version information available (required by /usr/bin/cmake)
[0.101s] /usr/bin/cmake: /home/bryan/miniconda3/envs/isaac_gym/lib/libcurl.so.4: no version information available (required by /usr/bin/cmake)
[0.108s] /usr/bin/cmake: /home/bryan/miniconda3/envs/isaac_gym/lib/libcurl.so.4: no version information available (required by /usr/bin/cmake)
[0.116s] /usr/bin/cmake: /home/bryan/miniconda3/envs/isaac_gym/lib/libcurl.so.4: no version information available (required by /usr/bin/cmake)
[0.119s] [36mInstall the project...[0m
[0.122s] /usr/bin/cmake: /home/bryan/miniconda3/envs/isaac_gym/lib/libcurl.so.4: no version information available (required by /usr/bin/cmake)
[0.127s] -- Install configuration: ""
[0.127s] -- Up-to-date: /home/bryan/hexapod_ws/install/hexapod_bringup/share/ament_index/resource_index/package_run_dependencies/hexapod_bringup
[0.127s] -- Up-to-date: /home/bryan/hexapod_ws/install/hexapod_bringup/share/ament_index/resource_index/parent_prefix_path/hexapod_bringup
[0.127s] -- Up-to-date: /home/bryan/hexapod_ws/install/hexapod_bringup/share/hexapod_bringup/environment/ament_prefix_path.sh
[0.127s] -- Up-to-date: /home/bryan/hexapod_ws/install/hexapod_bringup/share/hexapod_bringup/environment/ament_prefix_path.dsv
[0.127s] -- Up-to-date: /home/bryan/hexapod_ws/install/hexapod_bringup/share/hexapod_bringup/environment/path.sh
[0.127s] -- Up-to-date: /home/bryan/hexapod_ws/install/hexapod_bringup/share/hexapod_bringup/environment/path.dsv
[0.127s] -- Up-to-date: /home/bryan/hexapod_ws/install/hexapod_bringup/share/hexapod_bringup/local_setup.bash
[0.127s] -- Up-to-date: /home/bryan/hexapod_ws/install/hexapod_bringup/share/hexapod_bringup/local_setup.sh
[0.127s] -- Up-to-date: /home/bryan/hexapod_ws/install/hexapod_bringup/share/hexapod_bringup/local_setup.zsh
[0.127s] -- Up-to-date: /home/bryan/hexapod_ws/install/hexapod_bringup/share/hexapod_bringup/local_setup.dsv
[0.127s] -- Up-to-date: /home/bryan/hexapod_ws/install/hexapod_bringup/share/hexapod_bringup/package.dsv
[0.127s] -- Up-to-date: /home/bryan/hexapod_ws/install/hexapod_bringup/share/ament_index/resource_index/packages/hexapod_bringup
[0.127s] -- Up-to-date: /home/bryan/hexapod_ws/install/hexapod_bringup/share/hexapod_bringup/cmake/hexapod_bringupConfig.cmake
[0.128s] -- Up-to-date: /home/bryan/hexapod_ws/install/hexapod_bringup/share/hexapod_bringup/cmake/hexapod_bringupConfig-version.cmake
[0.128s] -- Up-to-date: /home/bryan/hexapod_ws/install/hexapod_bringup/share/hexapod_bringup/package.xml
[0.156s] Invoked command in '/home/bryan/hexapod_ws/build/hexapod_bringup' returned '0': CMAKE_PREFIX_PATH=${CMAKE_PREFIX_PATH}:/home/bryan/bumperbot_ws/install/bumperbot_py_examples:/opt/ros/humble /usr/bin/cmake --build /home/bryan/hexapod_ws/build/hexapod_bringup --target install -- -j16 -l16
