[0.031s] Invoking command in '/home/bryan/hexapod_ws/src/build/hexapod_kinematics': CMAKE_PREFIX_PATH=${CMAKE_PREFIX_PATH}:/home/bryan/bumperbot_ws/install/bumperbot_py_examples:/home/bryan/hexapod_ws/install/mpu9250:/opt/ros/humble /usr/bin/cmake /home/bryan/hexapod_ws/src/hexapod_kinematics -DCMAKE_INSTALL_PREFIX=/home/bryan/hexapod_ws/src/install/hexapod_kinematics
[0.272s] -- The C compiler identification is GNU 11.4.0
[0.272s] -- The CXX compiler identification is GNU 11.4.0
[0.272s] -- Detecting C compiler ABI info
[0.325s] -- Detecting C compiler ABI info - done
[0.331s] -- Check for working C compiler: /usr/bin/cc - skipped
[0.332s] -- Detecting C compile features
[0.332s] -- Detecting C compile features - done
[0.336s] -- Detecting CXX compiler ABI info
[0.424s] -- Detecting CXX compiler ABI info - done
[0.435s] -- Check for working CXX compiler: /usr/bin/c++ - skipped
[0.436s] -- Detecting CXX compile features
[0.436s] -- Detecting CXX compile features - done
[0.452s] -- Found ament_cmake: 1.3.10 (/opt/ros/humble/share/ament_cmake/cmake)
[0.642s] -- Found Python3: /usr/bin/python3 (found version "3.10.12") found components: Interpreter 
[0.768s] -- Found ament_lint_auto: 0.12.11 (/opt/ros/humble/share/ament_lint_auto/cmake)
[0.881s] -- Added test 'lint_cmake' to check CMake code style
[0.883s] -- Added test 'xmllint' to check XML markup files
[0.886s] -- Configuring done
[0.889s] -- Generating done
[0.891s] -- Build files have been written to: /home/bryan/hexapod_ws/src/build/hexapod_kinematics
[0.896s] Invoked command in '/home/bryan/hexapod_ws/src/build/hexapod_kinematics' returned '0': CMAKE_PREFIX_PATH=${CMAKE_PREFIX_PATH}:/home/bryan/bumperbot_ws/install/bumperbot_py_examples:/home/bryan/hexapod_ws/install/mpu9250:/opt/ros/humble /usr/bin/cmake /home/bryan/hexapod_ws/src/hexapod_kinematics -DCMAKE_INSTALL_PREFIX=/home/bryan/hexapod_ws/src/install/hexapod_kinematics
[0.897s] Invoking command in '/home/bryan/hexapod_ws/src/build/hexapod_kinematics': CMAKE_PREFIX_PATH=${CMAKE_PREFIX_PATH}:/home/bryan/bumperbot_ws/install/bumperbot_py_examples:/home/bryan/hexapod_ws/install/mpu9250:/opt/ros/humble /usr/bin/cmake --build /home/bryan/hexapod_ws/src/build/hexapod_kinematics -- -j16 -l16
[0.952s] Invoked command in '/home/bryan/hexapod_ws/src/build/hexapod_kinematics' returned '0': CMAKE_PREFIX_PATH=${CMAKE_PREFIX_PATH}:/home/bryan/bumperbot_ws/install/bumperbot_py_examples:/home/bryan/hexapod_ws/install/mpu9250:/opt/ros/humble /usr/bin/cmake --build /home/bryan/hexapod_ws/src/build/hexapod_kinematics -- -j16 -l16
[0.953s] Invoking command in '/home/bryan/hexapod_ws/src/build/hexapod_kinematics': CMAKE_PREFIX_PATH=${CMAKE_PREFIX_PATH}:/home/bryan/bumperbot_ws/install/bumperbot_py_examples:/home/bryan/hexapod_ws/install/mpu9250:/opt/ros/humble /usr/bin/cmake --install /home/bryan/hexapod_ws/src/build/hexapod_kinematics
[0.963s] -- Install configuration: ""
[0.963s] -- Installing: /home/bryan/hexapod_ws/src/install/hexapod_kinematics/share/ament_index/resource_index/package_run_dependencies/hexapod_kinematics
[0.963s] -- Installing: /home/bryan/hexapod_ws/src/install/hexapod_kinematics/share/ament_index/resource_index/parent_prefix_path/hexapod_kinematics
[0.963s] -- Installing: /home/bryan/hexapod_ws/src/install/hexapod_kinematics/share/hexapod_kinematics/environment/ament_prefix_path.sh
[0.964s] -- Installing: /home/bryan/hexapod_ws/src/install/hexapod_kinematics/share/hexapod_kinematics/environment/ament_prefix_path.dsv
[0.964s] -- Installing: /home/bryan/hexapod_ws/src/install/hexapod_kinematics/share/hexapod_kinematics/environment/path.sh
[0.964s] -- Installing: /home/bryan/hexapod_ws/src/install/hexapod_kinematics/share/hexapod_kinematics/environment/path.dsv
[0.964s] -- Installing: /home/bryan/hexapod_ws/src/install/hexapod_kinematics/share/hexapod_kinematics/local_setup.bash
[0.964s] -- Installing: /home/bryan/hexapod_ws/src/install/hexapod_kinematics/share/hexapod_kinematics/local_setup.sh
[0.964s] -- Installing: /home/bryan/hexapod_ws/src/install/hexapod_kinematics/share/hexapod_kinematics/local_setup.zsh
[0.965s] -- Installing: /home/bryan/hexapod_ws/src/install/hexapod_kinematics/share/hexapod_kinematics/local_setup.dsv
[0.965s] -- Installing: /home/bryan/hexapod_ws/src/install/hexapod_kinematics/share/hexapod_kinematics/package.dsv
[0.965s] -- Installing: /home/bryan/hexapod_ws/src/install/hexapod_kinematics/share/ament_index/resource_index/packages/hexapod_kinematics
[0.965s] -- Installing: /home/bryan/hexapod_ws/src/install/hexapod_kinematics/share/hexapod_kinematics/cmake/hexapod_kinematicsConfig.cmake
[0.965s] -- Installing: /home/bryan/hexapod_ws/src/install/hexapod_kinematics/share/hexapod_kinematics/cmake/hexapod_kinematicsConfig-version.cmake
[0.965s] -- Installing: /home/bryan/hexapod_ws/src/install/hexapod_kinematics/share/hexapod_kinematics/package.xml
[0.967s] Invoked command in '/home/bryan/hexapod_ws/src/build/hexapod_kinematics' returned '0': CMAKE_PREFIX_PATH=${CMAKE_PREFIX_PATH}:/home/bryan/bumperbot_ws/install/bumperbot_py_examples:/home/bryan/hexapod_ws/install/mpu9250:/opt/ros/humble /usr/bin/cmake --install /home/bryan/hexapod_ws/src/build/hexapod_kinematics
