[0.030s] Invoking command in '/home/bryan/hexapod_ws/build/hexapod_controller': CMAKE_PREFIX_PATH=${CMAKE_PREFIX_PATH}:/opt/ros/humble /usr/bin/cmake --build /home/bryan/hexapod_ws/build/hexapod_controller -- -j16 -l16
[0.105s] [35m[1mConsolidate compiler generated dependencies of target inverse_kinematics[0m
[0.134s] [ 50%] [32mBuilding CXX object CMakeFiles/inverse_kinematics.dir/src/inverse_kinematics.cpp.o[0m
[3.499s] [01m[K/home/bryan/hexapod_ws/src/hexapod_controller/src/inverse_kinematics.cpp:[m[K In member function ‘[01m[Kvoid HexapodIKNode::tipPosesCallback(std_msgs::msg::Float64MultiArray_<std::allocator<void> >::SharedPtr)[m[K’:
[3.499s] [01m[K/home/bryan/hexapod_ws/src/hexapod_controller/src/inverse_kinematics.cpp:43:35:[m[K [01;31m[Kerror: [m[Kno matching function for call to ‘[01m[Kmax(double, int)[m[K’
[3.499s]    43 |             J1 = std::min([01;31m[Kstd::max((60.0*3.1415/180.0 - J1),0)[m[K,2.0944);
[3.500s]       |                           [01;31m[K~~~~~~~~^~~~~~~~~~~~~~~~~~~~~~~~~~~~[m[K
[3.500s] In file included from [01m[K/usr/include/c++/11/memory:63[m[K,
[3.500s]                  from [01m[K/opt/ros/humble/include/rclcpp/rclcpp/rclcpp.hpp:153[m[K,
[3.500s]                  from [01m[K/home/bryan/hexapod_ws/src/hexapod_controller/src/inverse_kinematics.cpp:1[m[K:
[3.500s] [01m[K/usr/include/c++/11/bits/stl_algobase.h:254:5:[m[K [01;36m[Knote: [m[Kcandidate: ‘[01m[Ktemplate<class _Tp> constexpr const _Tp& std::max(const _Tp&, const _Tp&)[m[K’
[3.500s]   254 |     [01;36m[Kmax[m[K(const _Tp& __a, const _Tp& __b)
[3.500s]       |     [01;36m[K^~~[m[K
[3.500s] [01m[K/usr/include/c++/11/bits/stl_algobase.h:254:5:[m[K [01;36m[Knote: [m[K  template argument deduction/substitution failed:
[3.501s] [01m[K/home/bryan/hexapod_ws/src/hexapod_controller/src/inverse_kinematics.cpp:43:35:[m[K [01;36m[Knote: [m[K  deduced conflicting types for parameter ‘[01m[Kconst _Tp[m[K’ (‘[01m[Kdouble[m[K’ and ‘[01m[Kint[m[K’)
[3.501s]    43 |             J1 = std::min([01;36m[Kstd::max((60.0*3.1415/180.0 - J1),0)[m[K,2.0944);
[3.501s]       |                           [01;36m[K~~~~~~~~^~~~~~~~~~~~~~~~~~~~~~~~~~~~[m[K
[3.501s] In file included from [01m[K/usr/include/c++/11/memory:63[m[K,
[3.501s]                  from [01m[K/opt/ros/humble/include/rclcpp/rclcpp/rclcpp.hpp:153[m[K,
[3.501s]                  from [01m[K/home/bryan/hexapod_ws/src/hexapod_controller/src/inverse_kinematics.cpp:1[m[K:
[3.502s] [01m[K/usr/include/c++/11/bits/stl_algobase.h:300:5:[m[K [01;36m[Knote: [m[Kcandidate: ‘[01m[Ktemplate<class _Tp, class _Compare> constexpr const _Tp& std::max(const _Tp&, const _Tp&, _Compare)[m[K’
[3.502s]   300 |     [01;36m[Kmax[m[K(const _Tp& __a, const _Tp& __b, _Compare __comp)
[3.502s]       |     [01;36m[K^~~[m[K
[3.502s] [01m[K/usr/include/c++/11/bits/stl_algobase.h:300:5:[m[K [01;36m[Knote: [m[K  template argument deduction/substitution failed:
[3.502s] [01m[K/home/bryan/hexapod_ws/src/hexapod_controller/src/inverse_kinematics.cpp:43:35:[m[K [01;36m[Knote: [m[K  deduced conflicting types for parameter ‘[01m[Kconst _Tp[m[K’ (‘[01m[Kdouble[m[K’ and ‘[01m[Kint[m[K’)
[3.502s]    43 |             J1 = std::min([01;36m[Kstd::max((60.0*3.1415/180.0 - J1),0)[m[K,2.0944);
[3.502s]       |                           [01;36m[K~~~~~~~~^~~~~~~~~~~~~~~~~~~~~~~~~~~~[m[K
[3.502s] In file included from [01m[K/usr/include/c++/11/algorithm:62[m[K,
[3.502s]                  from [01m[K/opt/ros/humble/include/rclcpp/rclcpp/executor.hpp:18[m[K,
[3.502s]                  from [01m[K/opt/ros/humble/include/rclcpp/rclcpp/executors/multi_threaded_executor.hpp:25[m[K,
[3.502s]                  from [01m[K/opt/ros/humble/include/rclcpp/rclcpp/executors.hpp:21[m[K,
[3.502s]                  from [01m[K/opt/ros/humble/include/rclcpp/rclcpp/rclcpp.hpp:155[m[K,
[3.502s]                  from [01m[K/home/bryan/hexapod_ws/src/hexapod_controller/src/inverse_kinematics.cpp:1[m[K:
[3.502s] [01m[K/usr/include/c++/11/bits/stl_algo.h:3461:5:[m[K [01;36m[Knote: [m[Kcandidate: ‘[01m[Ktemplate<class _Tp> constexpr _Tp std::max(std::initializer_list<_Tp>)[m[K’
[3.503s]  3461 |     [01;36m[Kmax[m[K(initializer_list<_Tp> __l)
[3.503s]       |     [01;36m[K^~~[m[K
[3.503s] [01m[K/usr/include/c++/11/bits/stl_algo.h:3461:5:[m[K [01;36m[Knote: [m[K  template argument deduction/substitution failed:
[3.503s] [01m[K/home/bryan/hexapod_ws/src/hexapod_controller/src/inverse_kinematics.cpp:43:35:[m[K [01;36m[Knote: [m[K  mismatched types ‘[01m[Kstd::initializer_list<_Tp>[m[K’ and ‘[01m[Kdouble[m[K’
[3.503s]    43 |             J1 = std::min([01;36m[Kstd::max((60.0*3.1415/180.0 - J1),0)[m[K,2.0944);
[3.503s]       |                           [01;36m[K~~~~~~~~^~~~~~~~~~~~~~~~~~~~~~~~~~~~[m[K
[3.503s] In file included from [01m[K/usr/include/c++/11/algorithm:62[m[K,
[3.503s]                  from [01m[K/opt/ros/humble/include/rclcpp/rclcpp/executor.hpp:18[m[K,
[3.503s]                  from [01m[K/opt/ros/humble/include/rclcpp/rclcpp/executors/multi_threaded_executor.hpp:25[m[K,
[3.503s]                  from [01m[K/opt/ros/humble/include/rclcpp/rclcpp/executors.hpp:21[m[K,
[3.503s]                  from [01m[K/opt/ros/humble/include/rclcpp/rclcpp/rclcpp.hpp:155[m[K,
[3.503s]                  from [01m[K/home/bryan/hexapod_ws/src/hexapod_controller/src/inverse_kinematics.cpp:1[m[K:
[3.503s] [01m[K/usr/include/c++/11/bits/stl_algo.h:3467:5:[m[K [01;36m[Knote: [m[Kcandidate: ‘[01m[Ktemplate<class _Tp, class _Compare> constexpr _Tp std::max(std::initializer_list<_Tp>, _Compare)[m[K’
[3.503s]  3467 |     [01;36m[Kmax[m[K(initializer_list<_Tp> __l, _Compare __comp)
[3.503s]       |     [01;36m[K^~~[m[K
[3.504s] [01m[K/usr/include/c++/11/bits/stl_algo.h:3467:5:[m[K [01;36m[Knote: [m[K  template argument deduction/substitution failed:
[3.504s] [01m[K/home/bryan/hexapod_ws/src/hexapod_controller/src/inverse_kinematics.cpp:43:35:[m[K [01;36m[Knote: [m[K  mismatched types ‘[01m[Kstd::initializer_list<_Tp>[m[K’ and ‘[01m[Kdouble[m[K’
[3.504s]    43 |             J1 = std::min([01;36m[Kstd::max((60.0*3.1415/180.0 - J1),0)[m[K,2.0944);
[3.504s]       |                           [01;36m[K~~~~~~~~^~~~~~~~~~~~~~~~~~~~~~~~~~~~[m[K
[3.504s] [01m[K/home/bryan/hexapod_ws/src/hexapod_controller/src/inverse_kinematics.cpp:30:20:[m[K [01;35m[Kwarning: [m[Kunused variable ‘[01m[KJ1L[m[K’ [[01;35m[K]8;;https://gcc.gnu.org/onlinedocs/gcc/Warning-Options.html#index-Wunused-variable-Wunused-variable]8;;[m[K]
[3.504s]    30 |             double [01;35m[KJ1L[m[K = coxa_length;
[3.504s]       |                    [01;35m[K^~~[m[K
[7.048s] gmake[2]: *** [CMakeFiles/inverse_kinematics.dir/build.make:76: CMakeFiles/inverse_kinematics.dir/src/inverse_kinematics.cpp.o] Error 1
[7.049s] gmake[1]: *** [CMakeFiles/Makefile2:137: CMakeFiles/inverse_kinematics.dir/all] Error 2
[7.049s] gmake: *** [Makefile:146: all] Error 2
[7.051s] Invoked command in '/home/bryan/hexapod_ws/build/hexapod_controller' returned '2': CMAKE_PREFIX_PATH=${CMAKE_PREFIX_PATH}:/opt/ros/humble /usr/bin/cmake --build /home/bryan/hexapod_ws/build/hexapod_controller -- -j16 -l16
