-- The C compiler identification is GNU 11.4.0
-- The CXX compiler identification is GNU 11.4.0
-- Detecting C compiler ABI info
-- Detecting C compiler ABI info - done
-- Check for working C compiler: /usr/bin/cc - skipped
-- Detecting C compile features
-- Detecting C compile features - done
-- Detecting CXX compiler ABI info
-- Detecting CXX compiler ABI info - done
-- Check for working CXX compiler: /usr/bin/c++ - skipped
-- Detecting CXX compile features
-- Detecting CXX compile features - done
-- Found ament_cmake: 1.3.10 (/opt/ros/humble/share/ament_cmake/cmake)
-- Found Python3: /usr/bin/python3 (found version "3.10.12") found components: Interpreter 
-- Found rclcpp: 16.0.10 (/opt/ros/humble/share/rclcpp/cmake)
-- Found rosidl_generator_c: 3.1.5 (/opt/ros/humble/share/rosidl_generator_c/cmake)
-- Found rosidl_adapter: 3.1.5 (/opt/ros/humble/share/rosidl_adapter/cmake)
-- Found rosidl_generator_cpp: 3.1.5 (/opt/ros/humble/share/rosidl_generator_cpp/cmake)
-- Using all available rosidl_typesupport_c: rosidl_typesupport_fastrtps_c;rosidl_typesupport_introspection_c
-- Using all available rosidl_typesupport_cpp: rosidl_typesupport_fastrtps_cpp;rosidl_typesupport_introspection_cpp
-- Found rmw_implementation_cmake: 6.1.2 (/opt/ros/humble/share/rmw_implementation_cmake/cmake)
-- Found rmw_fastrtps_cpp: 6.2.7 (/opt/ros/humble/share/rmw_fastrtps_cpp/cmake)
-- Found OpenSSL: /usr/lib/x86_64-linux-gnu/libcrypto.so (found version "3.0.2")  
-- Found FastRTPS: /opt/ros/humble/include  
-- Using RMW implementation 'rmw_fastrtps_cpp' as default
-- Looking for pthread.h
-- Looking for pthread.h - found
-- Performing Test CMAKE_HAVE_LIBC_PTHREAD
-- Performing Test CMAKE_HAVE_LIBC_PTHREAD - Success
-- Found Threads: TRUE  
-- Found PkgConfig: /usr/bin/pkg-config (found version "0.29.2") 
-- Checking for module 'libserial'
--   Found libserial, version 1.0.0
-- Configuring done
-- Generating done
-- Build files have been written to: /home/bryan/hexapod_ws/src/build/serial_communicator
[ 50%] [32mBuilding CXX object CMakeFiles/serial_communicator.dir/src/serial_communicator.cpp.o[0m
[100%] [32m[1mLinking CXX executable serial_communicator[0m
[100%] Built target serial_communicator
-- Install configuration: ""
-- Installing: /home/bryan/hexapod_ws/src/install/serial_communicator/lib/serial_communicator/serial_communicator
-- Set runtime path of "/home/bryan/hexapod_ws/src/install/serial_communicator/lib/serial_communicator/serial_communicator" to ""
-- Installing: /home/bryan/hexapod_ws/src/install/serial_communicator/share/ament_index/resource_index/package_run_dependencies/serial_communicator
-- Installing: /home/bryan/hexapod_ws/src/install/serial_communicator/share/ament_index/resource_index/parent_prefix_path/serial_communicator
-- Installing: /home/bryan/hexapod_ws/src/install/serial_communicator/share/serial_communicator/environment/ament_prefix_path.sh
-- Installing: /home/bryan/hexapod_ws/src/install/serial_communicator/share/serial_communicator/environment/ament_prefix_path.dsv
-- Installing: /home/bryan/hexapod_ws/src/install/serial_communicator/share/serial_communicator/environment/path.sh
-- Installing: /home/bryan/hexapod_ws/src/install/serial_communicator/share/serial_communicator/environment/path.dsv
-- Installing: /home/bryan/hexapod_ws/src/install/serial_communicator/share/serial_communicator/local_setup.bash
-- Installing: /home/bryan/hexapod_ws/src/install/serial_communicator/share/serial_communicator/local_setup.sh
-- Installing: /home/bryan/hexapod_ws/src/install/serial_communicator/share/serial_communicator/local_setup.zsh
-- Installing: /home/bryan/hexapod_ws/src/install/serial_communicator/share/serial_communicator/local_setup.dsv
-- Installing: /home/bryan/hexapod_ws/src/install/serial_communicator/share/serial_communicator/package.dsv
-- Installing: /home/bryan/hexapod_ws/src/install/serial_communicator/share/ament_index/resource_index/packages/serial_communicator
-- Installing: /home/bryan/hexapod_ws/src/install/serial_communicator/share/serial_communicator/cmake/serial_communicatorConfig.cmake
-- Installing: /home/bryan/hexapod_ws/src/install/serial_communicator/share/serial_communicator/cmake/serial_communicatorConfig-version.cmake
-- Installing: /home/bryan/hexapod_ws/src/install/serial_communicator/share/serial_communicator/package.xml
