[0.260s] Invoking command in '/home/bryan/hexapod_ws/src/build/serial_communicator': CMAKE_PREFIX_PATH=${CMAKE_PREFIX_PATH}:/home/bryan/bumperbot_ws/install/bumperbot_py_examples:/home/bryan/hexapod_ws/install/mpu9250:/opt/ros/humble /usr/bin/cmake /home/bryan/hexapod_ws/src/serial_communicator -DCMAKE_INSTALL_PREFIX=/home/bryan/hexapod_ws/src/install/serial_communicator
[0.333s] -- The C compiler identification is GNU 11.4.0
[0.388s] -- The CXX compiler identification is GNU 11.4.0
[0.396s] -- Detecting C compiler ABI info
[0.490s] -- Detecting C compiler ABI info - done
[0.500s] -- Check for working C compiler: /usr/bin/cc - skipped
[0.500s] -- Detecting C compile features
[0.500s] -- Detecting C compile features - done
[0.505s] -- Detecting CXX compiler ABI info
[0.602s] -- Detecting CXX compiler ABI info - done
[0.611s] -- Check for working CXX compiler: /usr/bin/c++ - skipped
[0.611s] -- Detecting CXX compile features
[0.612s] -- Detecting CXX compile features - done
[0.619s] -- Found ament_cmake: 1.3.10 (/opt/ros/humble/share/ament_cmake/cmake)
[0.815s] -- Found Python3: /usr/bin/python3 (found version "3.10.12") found components: Interpreter 
[0.926s] -- Found rclcpp: 16.0.10 (/opt/ros/humble/share/rclcpp/cmake)
[0.981s] -- Found rosidl_generator_c: 3.1.5 (/opt/ros/humble/share/rosidl_generator_c/cmake)
[0.988s] -- Found rosidl_adapter: 3.1.5 (/opt/ros/humble/share/rosidl_adapter/cmake)
[0.999s] -- Found rosidl_generator_cpp: 3.1.5 (/opt/ros/humble/share/rosidl_generator_cpp/cmake)
[1.013s] -- Using all available rosidl_typesupport_c: rosidl_typesupport_fastrtps_c;rosidl_typesupport_introspection_c
[1.030s] -- Using all available rosidl_typesupport_cpp: rosidl_typesupport_fastrtps_cpp;rosidl_typesupport_introspection_cpp
[1.087s] -- Found rmw_implementation_cmake: 6.1.2 (/opt/ros/humble/share/rmw_implementation_cmake/cmake)
[1.096s] -- Found rmw_fastrtps_cpp: 6.2.7 (/opt/ros/humble/share/rmw_fastrtps_cpp/cmake)
[1.213s] -- Found OpenSSL: /usr/lib/x86_64-linux-gnu/libcrypto.so (found version "3.0.2")  
[1.240s] -- Found FastRTPS: /opt/ros/humble/include  
[1.286s] -- Using RMW implementation 'rmw_fastrtps_cpp' as default
[1.308s] -- Looking for pthread.h
[1.397s] -- Looking for pthread.h - found
[1.397s] -- Performing Test CMAKE_HAVE_LIBC_PTHREAD
[1.470s] -- Performing Test CMAKE_HAVE_LIBC_PTHREAD - Success
[1.471s] -- Found Threads: TRUE  
[1.535s] -- Found PkgConfig: /usr/bin/pkg-config (found version "0.29.2") 
[1.536s] -- Checking for module 'libserial'
[1.556s] --   Found libserial, version 1.0.0
[1.682s] -- Configuring done
[1.689s] -- Generating done
[1.692s] -- Build files have been written to: /home/bryan/hexapod_ws/src/build/serial_communicator
[1.700s] Invoked command in '/home/bryan/hexapod_ws/src/build/serial_communicator' returned '0': CMAKE_PREFIX_PATH=${CMAKE_PREFIX_PATH}:/home/bryan/bumperbot_ws/install/bumperbot_py_examples:/home/bryan/hexapod_ws/install/mpu9250:/opt/ros/humble /usr/bin/cmake /home/bryan/hexapod_ws/src/serial_communicator -DCMAKE_INSTALL_PREFIX=/home/bryan/hexapod_ws/src/install/serial_communicator
[1.701s] Invoking command in '/home/bryan/hexapod_ws/src/build/serial_communicator': CMAKE_PREFIX_PATH=${CMAKE_PREFIX_PATH}:/home/bryan/bumperbot_ws/install/bumperbot_py_examples:/home/bryan/hexapod_ws/install/mpu9250:/opt/ros/humble /usr/bin/cmake --build /home/bryan/hexapod_ws/src/build/serial_communicator -- -j16 -l16
[1.751s] [ 50%] [32mBuilding CXX object CMakeFiles/serial_communicator.dir/src/serial_communicator.cpp.o[0m
[5.583s] [100%] [32m[1mLinking CXX executable serial_communicator[0m
[5.798s] [100%] Built target serial_communicator
[5.813s] Invoked command in '/home/bryan/hexapod_ws/src/build/serial_communicator' returned '0': CMAKE_PREFIX_PATH=${CMAKE_PREFIX_PATH}:/home/bryan/bumperbot_ws/install/bumperbot_py_examples:/home/bryan/hexapod_ws/install/mpu9250:/opt/ros/humble /usr/bin/cmake --build /home/bryan/hexapod_ws/src/build/serial_communicator -- -j16 -l16
[5.815s] Invoking command in '/home/bryan/hexapod_ws/src/build/serial_communicator': CMAKE_PREFIX_PATH=${CMAKE_PREFIX_PATH}:/home/bryan/bumperbot_ws/install/bumperbot_py_examples:/home/bryan/hexapod_ws/install/mpu9250:/opt/ros/humble /usr/bin/cmake --install /home/bryan/hexapod_ws/src/build/serial_communicator
[5.824s] -- Install configuration: ""
[5.824s] -- Installing: /home/bryan/hexapod_ws/src/install/serial_communicator/lib/serial_communicator/serial_communicator
[5.826s] -- Set runtime path of "/home/bryan/hexapod_ws/src/install/serial_communicator/lib/serial_communicator/serial_communicator" to ""
[5.826s] -- Installing: /home/bryan/hexapod_ws/src/install/serial_communicator/share/ament_index/resource_index/package_run_dependencies/serial_communicator
[5.826s] -- Installing: /home/bryan/hexapod_ws/src/install/serial_communicator/share/ament_index/resource_index/parent_prefix_path/serial_communicator
[5.827s] -- Installing: /home/bryan/hexapod_ws/src/install/serial_communicator/share/serial_communicator/environment/ament_prefix_path.sh
[5.827s] -- Installing: /home/bryan/hexapod_ws/src/install/serial_communicator/share/serial_communicator/environment/ament_prefix_path.dsv
[5.827s] -- Installing: /home/bryan/hexapod_ws/src/install/serial_communicator/share/serial_communicator/environment/path.sh
[5.827s] -- Installing: /home/bryan/hexapod_ws/src/install/serial_communicator/share/serial_communicator/environment/path.dsv
[5.828s] -- Installing: /home/bryan/hexapod_ws/src/install/serial_communicator/share/serial_communicator/local_setup.bash
[5.828s] -- Installing: /home/bryan/hexapod_ws/src/install/serial_communicator/share/serial_communicator/local_setup.sh
[5.828s] -- Installing: /home/bryan/hexapod_ws/src/install/serial_communicator/share/serial_communicator/local_setup.zsh
[5.828s] -- Installing: /home/bryan/hexapod_ws/src/install/serial_communicator/share/serial_communicator/local_setup.dsv
[5.828s] -- Installing: /home/bryan/hexapod_ws/src/install/serial_communicator/share/serial_communicator/package.dsv
[5.829s] -- Installing: /home/bryan/hexapod_ws/src/install/serial_communicator/share/ament_index/resource_index/packages/serial_communicator
[5.829s] -- Installing: /home/bryan/hexapod_ws/src/install/serial_communicator/share/serial_communicator/cmake/serial_communicatorConfig.cmake
[5.829s] -- Installing: /home/bryan/hexapod_ws/src/install/serial_communicator/share/serial_communicator/cmake/serial_communicatorConfig-version.cmake
[5.829s] -- Installing: /home/bryan/hexapod_ws/src/install/serial_communicator/share/serial_communicator/package.xml
[5.832s] Invoked command in '/home/bryan/hexapod_ws/src/build/serial_communicator' returned '0': CMAKE_PREFIX_PATH=${CMAKE_PREFIX_PATH}:/home/bryan/bumperbot_ws/install/bumperbot_py_examples:/home/bryan/hexapod_ws/install/mpu9250:/opt/ros/humble /usr/bin/cmake --install /home/bryan/hexapod_ws/src/build/serial_communicator
