[0.014s] Invoking command in '/home/bryan/hexapod_ws/build/hexapod_utils': CMAKE_PREFIX_PATH=${CMAKE_PREFIX_PATH}:/opt/ros/humble /usr/bin/cmake /home/bryan/hexapod_ws/src/hexapod_utils -DCMAKE_INSTALL_PREFIX=/home/bryan/hexapod_ws/install/hexapod_utils
[0.068s] -- The C compiler identification is GNU 11.4.0
[0.116s] -- The CXX compiler identification is GNU 11.4.0
[0.120s] -- Detecting C compiler ABI info
[0.177s] -- Detecting C compiler ABI info - done
[0.183s] -- Check for working C compiler: /usr/bin/cc - skipped
[0.183s] -- Detecting C compile features
[0.183s] -- Detecting C compile features - done
[0.186s] -- Detecting CXX compiler ABI info
[0.247s] -- Detecting CXX compiler ABI info - done
[0.252s] -- Check for working CXX compiler: /usr/bin/c++ - skipped
[0.252s] -- Detecting CXX compile features
[0.252s] -- Detecting CXX compile features - done
[0.254s] -- Found ament_cmake: 1.3.10 (/opt/ros/humble/share/ament_cmake/cmake)
[0.364s] -- Found Python3: /usr/bin/python3 (found version "3.10.12") found components: Interpreter 
[0.429s] -- Found rclpy: 3.3.14 (/opt/ros/humble/share/rclpy/cmake)
[0.431s] -- Found ament_lint_auto: 0.12.11 (/opt/ros/humble/share/ament_lint_auto/cmake)
[0.484s] -- Added test 'flake8' to check Python code syntax and style conventions
[0.484s] -- Added test 'lint_cmake' to check CMake code style
[0.484s] -- Added test 'pep257' to check Python code against some of the docstring style conventions in PEP 257
[0.485s] -- Added test 'xmllint' to check XML markup files
[0.486s] -- Configuring done
[0.487s] -- Generating done
[0.488s] -- Build files have been written to: /home/bryan/hexapod_ws/build/hexapod_utils
[0.492s] Invoked command in '/home/bryan/hexapod_ws/build/hexapod_utils' returned '0': CMAKE_PREFIX_PATH=${CMAKE_PREFIX_PATH}:/opt/ros/humble /usr/bin/cmake /home/bryan/hexapod_ws/src/hexapod_utils -DCMAKE_INSTALL_PREFIX=/home/bryan/hexapod_ws/install/hexapod_utils
[0.492s] Invoking command in '/home/bryan/hexapod_ws/build/hexapod_utils': CMAKE_PREFIX_PATH=${CMAKE_PREFIX_PATH}:/opt/ros/humble /usr/bin/cmake --build /home/bryan/hexapod_ws/build/hexapod_utils -- -j16 -l16
[0.522s] Invoked command in '/home/bryan/hexapod_ws/build/hexapod_utils' returned '0': CMAKE_PREFIX_PATH=${CMAKE_PREFIX_PATH}:/opt/ros/humble /usr/bin/cmake --build /home/bryan/hexapod_ws/build/hexapod_utils -- -j16 -l16
[0.543s] Invoking command in '/home/bryan/hexapod_ws/build/hexapod_utils': CMAKE_PREFIX_PATH=${CMAKE_PREFIX_PATH}:/opt/ros/humble /usr/bin/cmake --install /home/bryan/hexapod_ws/build/hexapod_utils
[0.548s] -- Install configuration: ""
[0.548s] -- Installing: /home/bryan/hexapod_ws/install/hexapod_utils/lib/hexapod_utils/keyboard_publisher.py
[0.548s] -- Installing: /home/bryan/hexapod_ws/install/hexapod_utils/share/ament_index/resource_index/package_run_dependencies/hexapod_utils
[0.549s] -- Installing: /home/bryan/hexapod_ws/install/hexapod_utils/share/ament_index/resource_index/parent_prefix_path/hexapod_utils
[0.549s] -- Installing: /home/bryan/hexapod_ws/install/hexapod_utils/share/hexapod_utils/environment/ament_prefix_path.sh
[0.549s] -- Installing: /home/bryan/hexapod_ws/install/hexapod_utils/share/hexapod_utils/environment/ament_prefix_path.dsv
[0.549s] -- Installing: /home/bryan/hexapod_ws/install/hexapod_utils/share/hexapod_utils/environment/path.sh
[0.549s] -- Installing: /home/bryan/hexapod_ws/install/hexapod_utils/share/hexapod_utils/environment/path.dsv
[0.549s] -- Installing: /home/bryan/hexapod_ws/install/hexapod_utils/share/hexapod_utils/local_setup.bash
[0.549s] -- Installing: /home/bryan/hexapod_ws/install/hexapod_utils/share/hexapod_utils/local_setup.sh
[0.549s] -- Installing: /home/bryan/hexapod_ws/install/hexapod_utils/share/hexapod_utils/local_setup.zsh
[0.549s] -- Installing: /home/bryan/hexapod_ws/install/hexapod_utils/share/hexapod_utils/local_setup.dsv
[0.549s] -- Installing: /home/bryan/hexapod_ws/install/hexapod_utils/share/hexapod_utils/package.dsv
[0.549s] -- Installing: /home/bryan/hexapod_ws/install/hexapod_utils/share/ament_index/resource_index/packages/hexapod_utils
[0.549s] -- Installing: /home/bryan/hexapod_ws/install/hexapod_utils/share/hexapod_utils/cmake/hexapod_utilsConfig.cmake
[0.549s] -- Installing: /home/bryan/hexapod_ws/install/hexapod_utils/share/hexapod_utils/cmake/hexapod_utilsConfig-version.cmake
[0.549s] -- Installing: /home/bryan/hexapod_ws/install/hexapod_utils/share/hexapod_utils/package.xml
[0.550s] Invoked command in '/home/bryan/hexapod_ws/build/hexapod_utils' returned '0': CMAKE_PREFIX_PATH=${CMAKE_PREFIX_PATH}:/opt/ros/humble /usr/bin/cmake --install /home/bryan/hexapod_ws/build/hexapod_utils
