[0.009s] Invoking command in '/home/bryan/hexapod_ws/build/hexapod_controller': CMAKE_PREFIX_PATH=/home/bryan/hexapod_ws/install/hexapod_interfaces:/home/bryan/pico_ws/install/whycon:/home/bryan/pico_ws/install/swift_pico:/home/bryan/pico_ws/install/waypoint_navigation:/home/bryan/pico_ws/install/swift_pico_description:/home/bryan/pico_ws/install/rotors_swift_interface:/home/bryan/pico_ws/install/swift_msgs:/home/bryan/pico_ws/install/rotors_swift_gazebo:/home/bryan/pico_ws/install/rotors_swift_description:/home/bryan/pico_ws/install/rotors_control:/home/bryan/pico_ws/install/pid_tune:/home/bryan/pico_ws/install/pid_msg:/home/bryan/pico_ws/install/mav_comm:/home/bryan/pico_ws/install/mav_system_msgs:/home/bryan/pico_ws/install/mav_state_machine_msgs:/home/bryan/pico_ws/install/mav_planning_msgs:/home/bryan/pico_ws/install/mav_msgs:/home/bryan/hexapod_ws/install/hexapod_utils:/home/bryan/hexapod_ws/install/hexapod_kinematics:/home/bryan/hexapod_ws/install/hexapod_description:/home/bryan/hexapod_ws/install/hexapod_controller:/home/bryan/turtlesim_ws/install/turtlesim:/opt/ros/humble LD_LIBRARY_PATH=/home/bryan/hexapod_ws/install/hexapod_interfaces/lib:/home/bryan/pico_ws/install/whycon/lib:/home/bryan/pico_ws/install/waypoint_navigation/lib:/home/bryan/pico_ws/install/rotors_control/lib:/home/bryan/pico_ws/install/mav_planning_msgs/lib:/home/bryan/turtlesim_ws/install/turtlesim/lib:/usr/lib/x86_64-linux-gnu/gazebo-11/plugins:/usr/local/lib:/home/bryan/pico_ws/install/swift_msgs/lib:/home/bryan/pico_ws/install/pid_msg/lib:/home/bryan/pico_ws/install/mav_system_msgs/lib:/home/bryan/pico_ws/install/mav_state_machine_msgs/lib:/home/bryan/pico_ws/install/mav_msgs/lib:/opt/ros/humble/opt/rviz_ogre_vendor/lib:/opt/ros/humble/lib/x86_64-linux-gnu:/opt/ros/humble/lib /usr/bin/cmake --build /home/bryan/hexapod_ws/build/hexapod_controller -- -j16 -l16
[0.046s] [35m[1mConsolidate compiler generated dependencies of target tip_trajectory_generator[0m
[0.048s] [35m[1mConsolidate compiler generated dependencies of target tip_pose_generator[0m
[0.055s] [ 12%] [32mBuilding CXX object CMakeFiles/body_pose_generator.dir/src/body_pose_generator.cpp.o[0m
[0.057s] [ 37%] Built target inverse_kinematics
[0.064s] [ 50%] [32mBuilding CXX object CMakeFiles/tip_pose_generator.dir/src/tip_pose_generator.cpp.o[0m
[0.064s] [ 62%] [32mBuilding CXX object CMakeFiles/tip_trajectory_generator.dir/src/tip_trajectory_generator.cpp.o[0m
[0.186s] [01m[K/home/bryan/hexapod_ws/src/hexapod_controller/src/body_pose_generator.cpp:4:10:[m[K [01;31m[Kfatal error: [m[Ksensor_msgs/msg/Imu.hpp: No such file or directory
[0.186s]     4 | #include [01;31m[K"sensor_msgs/msg/Imu.hpp"[m[K
[0.186s]       |          [01;31m[K^~~~~~~~~~~~~~~~~~~~~~~~~[m[K
[0.186s] compilation terminated.
[0.189s] gmake[2]: *** [CMakeFiles/body_pose_generator.dir/build.make:76: CMakeFiles/body_pose_generator.dir/src/body_pose_generator.cpp.o] Error 1
[0.189s] gmake[1]: *** [CMakeFiles/Makefile2:169: CMakeFiles/body_pose_generator.dir/all] Error 2
[0.189s] gmake[1]: *** Waiting for unfinished jobs....
[1.406s] [01m[K/home/bryan/hexapod_ws/src/hexapod_controller/src/tip_trajectory_generator.cpp:129:58:[m[K [01;31m[Kerror: [m[Kexpected identifier before numeric constant
[1.406s]   129 |     std::vector<geometry_msgs::msg::Point> leg_positions([01;31m[K6[m[K);
[1.406s]       |                                                          [01;31m[K^[m[K
[1.406s] [01m[K/home/bryan/hexapod_ws/src/hexapod_controller/src/tip_trajectory_generator.cpp:129:58:[m[K [01;31m[Kerror: [m[Kexpected ‘[01m[K,[m[K’ or ‘[01m[K...[m[K’ before numeric constant
[1.434s] [01m[K/home/bryan/hexapod_ws/src/hexapod_controller/src/tip_pose_generator.cpp:[m[K In constructor ‘[01m[KHexapodTipPoseGenNode::HexapodTipPoseGenNode()[m[K’:
[1.434s] [01m[K/home/bryan/hexapod_ws/src/hexapod_controller/src/tip_pose_generator.cpp:43:22:[m[K [01;31m[Kerror: [m[Kno match for ‘[01m[Koperator[][m[K’ (operand types are ‘[01m[Khexapod_interfaces::msg::PointArray[m[K’ {aka ‘[01m[Khexapod_interfaces::msg::PointArray_<std::allocator<void> >[m[K’} and ‘[01m[Kint[m[K’)
[1.434s]    43 |         this->origins[01;31m[K[[m[K0].x = 0.093;
[1.434s]       |                      [01;31m[K^[m[K
[1.434s] [01m[K/home/bryan/hexapod_ws/src/hexapod_controller/src/tip_pose_generator.cpp:44:22:[m[K [01;31m[Kerror: [m[Kno match for ‘[01m[Koperator[][m[K’ (operand types are ‘[01m[Khexapod_interfaces::msg::PointArray[m[K’ {aka ‘[01m[Khexapod_interfaces::msg::PointArray_<std::allocator<void> >[m[K’} and ‘[01m[Kint[m[K’)
[1.434s]    44 |         this->origins[01;31m[K[[m[K0].y = 0.161;
[1.434s]       |                      [01;31m[K^[m[K
[1.434s] [01m[K/home/bryan/hexapod_ws/src/hexapod_controller/src/tip_pose_generator.cpp:45:22:[m[K [01;31m[Kerror: [m[Kno match for ‘[01m[Koperator[][m[K’ (operand types are ‘[01m[Khexapod_interfaces::msg::PointArray[m[K’ {aka ‘[01m[Khexapod_interfaces::msg::PointArray_<std::allocator<void> >[m[K’} and ‘[01m[Kint[m[K’)
[1.434s]    45 |         this->origins[01;31m[K[[m[K0].z = 0.047;
[1.434s]       |                      [01;31m[K^[m[K
[1.434s] [01m[K/home/bryan/hexapod_ws/src/hexapod_controller/src/tip_pose_generator.cpp:47:22:[m[K [01;31m[Kerror: [m[Kno match for ‘[01m[Koperator[][m[K’ (operand types are ‘[01m[Khexapod_interfaces::msg::PointArray[m[K’ {aka ‘[01m[Khexapod_interfaces::msg::PointArray_<std::allocator<void> >[m[K’} and ‘[01m[Kint[m[K’)
[1.434s]    47 |         this->origins[01;31m[K[[m[K1].x = 0.186;
[1.434s]       |                      [01;31m[K^[m[K
[1.435s] [01m[K/home/bryan/hexapod_ws/src/hexapod_controller/src/tip_pose_generator.cpp:48:22:[m[K [01;31m[Kerror: [m[Kno match for ‘[01m[Koperator[][m[K’ (operand types are ‘[01m[Khexapod_interfaces::msg::PointArray[m[K’ {aka ‘[01m[Khexapod_interfaces::msg::PointArray_<std::allocator<void> >[m[K’} and ‘[01m[Kint[m[K’)
[1.435s]    48 |         this->origins[01;31m[K[[m[K1].y = 0.0;
[1.435s]       |                      [01;31m[K^[m[K
[1.435s] [01m[K/home/bryan/hexapod_ws/src/hexapod_controller/src/tip_pose_generator.cpp:49:22:[m[K [01;31m[Kerror: [m[Kno match for ‘[01m[Koperator[][m[K’ (operand types are ‘[01m[Khexapod_interfaces::msg::PointArray[m[K’ {aka ‘[01m[Khexapod_interfaces::msg::PointArray_<std::allocator<void> >[m[K’} and ‘[01m[Kint[m[K’)
[1.435s]    49 |         this->origins[01;31m[K[[m[K1].z = 0.047;
[1.435s]       |                      [01;31m[K^[m[K
[1.435s] [01m[K/home/bryan/hexapod_ws/src/hexapod_controller/src/tip_pose_generator.cpp:51:22:[m[K [01;31m[Kerror: [m[Kno match for ‘[01m[Koperator[][m[K’ (operand types are ‘[01m[Khexapod_interfaces::msg::PointArray[m[K’ {aka ‘[01m[Khexapod_interfaces::msg::PointArray_<std::allocator<void> >[m[K’} and ‘[01m[Kint[m[K’)
[1.435s]    51 |         this->origins[01;31m[K[[m[K2].x = 0.093;
[1.435s]       |                      [01;31m[K^[m[K
[1.435s] [01m[K/home/bryan/hexapod_ws/src/hexapod_controller/src/tip_pose_generator.cpp:52:22:[m[K [01;31m[Kerror: [m[Kno match for ‘[01m[Koperator[][m[K’ (operand types are ‘[01m[Khexapod_interfaces::msg::PointArray[m[K’ {aka ‘[01m[Khexapod_interfaces::msg::PointArray_<std::allocator<void> >[m[K’} and ‘[01m[Kint[m[K’)
[1.435s]    52 |         this->origins[01;31m[K[[m[K2].y = 0.161;
[1.435s]       |                      [01;31m[K^[m[K
[1.435s] [01m[K/home/bryan/hexapod_ws/src/hexapod_controller/src/tip_pose_generator.cpp:53:22:[m[K [01;31m[Kerror: [m[Kno match for ‘[01m[Koperator[][m[K’ (operand types are ‘[01m[Khexapod_interfaces::msg::PointArray[m[K’ {aka ‘[01m[Khexapod_interfaces::msg::PointArray_<std::allocator<void> >[m[K’} and ‘[01m[Kint[m[K’)
[1.435s]    53 |         this->origins[01;31m[K[[m[K2].z = 0.047;
[1.435s]       |                      [01;31m[K^[m[K
[1.435s] [01m[K/home/bryan/hexapod_ws/src/hexapod_controller/src/tip_pose_generator.cpp:55:22:[m[K [01;31m[Kerror: [m[Kno match for ‘[01m[Koperator[][m[K’ (operand types are ‘[01m[Khexapod_interfaces::msg::PointArray[m[K’ {aka ‘[01m[Khexapod_interfaces::msg::PointArray_<std::allocator<void> >[m[K’} and ‘[01m[Kint[m[K’)
[1.435s]    55 |         this->origins[01;31m[K[[m[K3].x = 0.093;
[1.436s]       |                      [01;31m[K^[m[K
[1.436s] [01m[K/home/bryan/hexapod_ws/src/hexapod_controller/src/tip_pose_generator.cpp:56:22:[m[K [01;31m[Kerror: [m[Kno match for ‘[01m[Koperator[][m[K’ (operand types are ‘[01m[Khexapod_interfaces::msg::PointArray[m[K’ {aka ‘[01m[Khexapod_interfaces::msg::PointArray_<std::allocator<void> >[m[K’} and ‘[01m[Kint[m[K’)
[1.436s]    56 |         this->origins[01;31m[K[[m[K3].y = 0.161;
[1.436s]       |                      [01;31m[K^[m[K
[1.436s] [01m[K/home/bryan/hexapod_ws/src/hexapod_controller/src/tip_pose_generator.cpp:57:22:[m[K [01;31m[Kerror: [m[Kno match for ‘[01m[Koperator[][m[K’ (operand types are ‘[01m[Khexapod_interfaces::msg::PointArray[m[K’ {aka ‘[01m[Khexapod_interfaces::msg::PointArray_<std::allocator<void> >[m[K’} and ‘[01m[Kint[m[K’)
[1.436s]    57 |         this->origins[01;31m[K[[m[K3].z = 0.047;
[1.436s]       |                      [01;31m[K^[m[K
[1.436s] [01m[K/home/bryan/hexapod_ws/src/hexapod_controller/src/tip_pose_generator.cpp:59:22:[m[K [01;31m[Kerror: [m[Kno match for ‘[01m[Koperator[][m[K’ (operand types are ‘[01m[Khexapod_interfaces::msg::PointArray[m[K’ {aka ‘[01m[Khexapod_interfaces::msg::PointArray_<std::allocator<void> >[m[K’} and ‘[01m[Kint[m[K’)
[1.436s]    59 |         this->origins[01;31m[K[[m[K4].x = 0.186;
[1.436s]       |                      [01;31m[K^[m[K
[1.436s] [01m[K/home/bryan/hexapod_ws/src/hexapod_controller/src/tip_pose_generator.cpp:60:22:[m[K [01;31m[Kerror: [m[Kno match for ‘[01m[Koperator[][m[K’ (operand types are ‘[01m[Khexapod_interfaces::msg::PointArray[m[K’ {aka ‘[01m[Khexapod_interfaces::msg::PointArray_<std::allocator<void> >[m[K’} and ‘[01m[Kint[m[K’)
[1.436s]    60 |         this->origins[01;31m[K[[m[K4].y = 0.0;
[1.436s]       |                      [01;31m[K^[m[K
[1.436s] [01m[K/home/bryan/hexapod_ws/src/hexapod_controller/src/tip_pose_generator.cpp:61:22:[m[K [01;31m[Kerror: [m[Kno match for ‘[01m[Koperator[][m[K’ (operand types are ‘[01m[Khexapod_interfaces::msg::PointArray[m[K’ {aka ‘[01m[Khexapod_interfaces::msg::PointArray_<std::allocator<void> >[m[K’} and ‘[01m[Kint[m[K’)
[1.436s]    61 |         this->origins[01;31m[K[[m[K4].z = 0.047;
[1.436s]       |                      [01;31m[K^[m[K
[1.436s] [01m[K/home/bryan/hexapod_ws/src/hexapod_controller/src/tip_pose_generator.cpp:63:22:[m[K [01;31m[Kerror: [m[Kno match for ‘[01m[Koperator[][m[K’ (operand types are ‘[01m[Khexapod_interfaces::msg::PointArray[m[K’ {aka ‘[01m[Khexapod_interfaces::msg::PointArray_<std::allocator<void> >[m[K’} and ‘[01m[Kint[m[K’)
[1.437s]    63 |         this->origins[01;31m[K[[m[K5].x = 0.093;
[1.437s]       |                      [01;31m[K^[m[K
[1.437s] [01m[K/home/bryan/hexapod_ws/src/hexapod_controller/src/tip_pose_generator.cpp:64:22:[m[K [01;31m[Kerror: [m[Kno match for ‘[01m[Koperator[][m[K’ (operand types are ‘[01m[Khexapod_interfaces::msg::PointArray[m[K’ {aka ‘[01m[Khexapod_interfaces::msg::PointArray_<std::allocator<void> >[m[K’} and ‘[01m[Kint[m[K’)
[1.437s]    64 |         this->origins[01;31m[K[[m[K5].y = 0.161;
[1.437s]       |                      [01;31m[K^[m[K
[1.437s] [01m[K/home/bryan/hexapod_ws/src/hexapod_controller/src/tip_pose_generator.cpp:65:22:[m[K [01;31m[Kerror: [m[Kno match for ‘[01m[Koperator[][m[K’ (operand types are ‘[01m[Khexapod_interfaces::msg::PointArray[m[K’ {aka ‘[01m[Khexapod_interfaces::msg::PointArray_<std::allocator<void> >[m[K’} and ‘[01m[Kint[m[K’)
[1.437s]    65 |         this->origins[01;31m[K[[m[K5].z = 0.047;
[1.437s]       |                      [01;31m[K^[m[K
[1.437s] [01m[K/home/bryan/hexapod_ws/src/hexapod_controller/src/tip_trajectory_generator.cpp:154:50:[m[K [01;31m[Kerror: [m[Kcould not convert ‘[01m[K{0.0, 0.0, 0.0}[m[K’ from ‘[01m[K<brace-enclosed initializer list>[m[K’ to ‘[01m[Kgeometry_msgs::msg::Point[m[K’ {aka ‘[01m[Kgeometry_msgs::msg::Point_<std::allocator<void> >[m[K’}
[1.437s]   154 |     geometry_msgs::msg::Point start{0.0, 0.0, 0.0[01;31m[K}[m[K;
[1.437s]       |                                                  [01;31m[K^[m[K
[1.437s]       |                                                  [01;31m[K|[m[K
[1.437s]       |                                                  [01;31m[K<brace-enclosed initializer list>[m[K
[1.437s] [01m[K/home/bryan/hexapod_ws/src/hexapod_controller/src/tip_trajectory_generator.cpp:155:52:[m[K [01;31m[Kerror: [m[Kcould not convert ‘[01m[K{0.0, 0.0, 0.0}[m[K’ from ‘[01m[K<brace-enclosed initializer list>[m[K’ to ‘[01m[Kgeometry_msgs::msg::Point[m[K’ {aka ‘[01m[Kgeometry_msgs::msg::Point_<std::allocator<void> >[m[K’}
[1.437s]   155 |     geometry_msgs::msg::Point control{0.0, 0.0, 0.0[01;31m[K}[m[K;
[1.437s]       |                                                    [01;31m[K^[m[K
[1.437s]       |                                                    [01;31m[K|[m[K
[1.437s]       |                                                    [01;31m[K<brace-enclosed initializer list>[m[K
[1.438s] [01m[K/home/bryan/hexapod_ws/src/hexapod_controller/src/tip_trajectory_generator.cpp:156:48:[m[K [01;31m[Kerror: [m[Kcould not convert ‘[01m[K{0.0, 0.0, 0.0}[m[K’ from ‘[01m[K<brace-enclosed initializer list>[m[K’ to ‘[01m[Kgeometry_msgs::msg::Point[m[K’ {aka ‘[01m[Kgeometry_msgs::msg::Point_<std::allocator<void> >[m[K’}
[1.438s]   156 |     geometry_msgs::msg::Point end{0.0, 0.0, 0.0[01;31m[K}[m[K;
[1.438s]       |                                                [01;31m[K^[m[K
[1.438s]       |                                                [01;31m[K|[m[K
[1.438s]       |                                                [01;31m[K<brace-enclosed initializer list>[m[K
[1.448s] [01m[K/home/bryan/hexapod_ws/src/hexapod_controller/src/tip_trajectory_generator.cpp:[m[K In member function ‘[01m[Kvoid HexapodTrajectoryGenNode::updateTrajectory(std_msgs::msg::Float64MultiArray_<std::allocator<void> >::SharedPtr)[m[K’:
[1.448s] [01m[K/home/bryan/hexapod_ws/src/hexapod_controller/src/tip_trajectory_generator.cpp:54:31:[m[K [01;31m[Kerror: [m[Kinvalid types ‘[01m[Kint [4][__gnu_cxx::__alloc_traits<std::allocator<double>, double>::value_type {aka double}][m[K’ for array subscript
[1.448s]    54 |             this->gait = gaits[01;31m[K[[m[Kmsg->data[9]];
[1.448s]       |                               [01;31m[K^[m[K
[1.451s] [01m[K/home/bryan/hexapod_ws/src/hexapod_controller/src/tip_trajectory_generator.cpp:[m[K In member function ‘[01m[Kvoid HexapodTrajectoryGenNode::publish_leg_positions()[m[K’:
[1.451s] [01m[K/home/bryan/hexapod_ws/src/hexapod_controller/src/tip_trajectory_generator.cpp:65:13:[m[K [01;31m[Kerror: [m[K‘[01m[Ki[m[K’ was not declared in this scope
[1.451s]    65 |         for([01;31m[Ki[m[K=0 ; i<6 ; i++){
[1.451s]       |             [01;31m[K^[m[K
[1.451s] [01m[K/home/bryan/hexapod_ws/src/hexapod_controller/src/tip_trajectory_generator.cpp:69:97:[m[K [01;31m[Kerror: [m[Kinvalid use of non-static member function ‘[01m[Kstd::vector<geometry_msgs::msg::Point_<std::allocator<void> >, std::allocator<geometry_msgs::msg::Point_<std::allocator<void> > > > HexapodTrajectoryGenNode::leg_positions(int)[m[K’
[1.452s]    69 |         hexapod_interfaces::msg::PointArray transformed_leg_positions = transform_leg_positions([01;31m[Kleg_positions[m[K);
[1.452s]       |                                                                                                 [01;31m[K^~~~~~~~~~~~~[m[K
[1.452s] [01m[K/home/bryan/hexapod_ws/src/hexapod_controller/src/tip_trajectory_generator.cpp:129:44:[m[K [01;36m[Knote: [m[Kdeclared here
[1.452s]   129 |     std::vector<geometry_msgs::msg::Point> [01;36m[Kleg_positions[m[K(6);
[1.452s]       |                                            [01;36m[K^~~~~~~~~~~~~[m[K
[1.452s] [01m[K/home/bryan/hexapod_ws/src/hexapod_controller/src/tip_trajectory_generator.cpp:[m[K In member function ‘[01m[Kvoid HexapodTrajectoryGenNode::generate_3_points()[m[K’:
[1.452s] [01m[K/home/bryan/hexapod_ws/src/hexapod_controller/src/tip_trajectory_generator.cpp:81:49:[m[K [01;31m[Kerror: [m[Kno match for ‘[01m[Koperator=[m[K’ (operand types are ‘[01m[Kgeometry_msgs::msg::Point[m[K’ {aka ‘[01m[Kgeometry_msgs::msg::Point_<std::allocator<void> >[m[K’} and ‘[01m[K<brace-enclosed initializer list>[m[K’)
[1.452s]    81 |         start = { velocity[0], velocity[1], 0.0 [01;31m[K}[m[K;
[1.452s]       |                                                 [01;31m[K^[m[K
[1.452s] In file included from [01m[K/opt/ros/humble/include/geometry_msgs/geometry_msgs/msg/point.hpp:7[m[K,
[1.452s]                  from [01m[K/home/bryan/hexapod_ws/src/hexapod_controller/src/tip_trajectory_generator.cpp:2[m[K:
[1.452s] [01m[K/opt/ros/humble/include/geometry_msgs/geometry_msgs/msg/detail/point__struct.hpp:32:8:[m[K [01;36m[Knote: [m[Kcandidate: ‘[01m[Kconstexpr geometry_msgs::msg::Point_<std::allocator<void> >& geometry_msgs::msg::Point_<std::allocator<void> >::operator=(const geometry_msgs::msg::Point_<std::allocator<void> >&)[m[K’
[1.452s]    32 | struct [01;36m[KPoint_[m[K
[1.452s]       |        [01;36m[K^~~~~~[m[K
[1.452s] [01m[K/opt/ros/humble/include/geometry_msgs/geometry_msgs/msg/detail/point__struct.hpp:32:8:[m[K [01;36m[Knote: [m[K  no known conversion for argument 1 from ‘[01m[K<brace-enclosed initializer list>[m[K’ to ‘[01m[Kconst geometry_msgs::msg::Point_<std::allocator<void> >&[m[K’
[1.452s] [01m[K/opt/ros/humble/include/geometry_msgs/geometry_msgs/msg/detail/point__struct.hpp:32:8:[m[K [01;36m[Knote: [m[Kcandidate: ‘[01m[Kconstexpr geometry_msgs::msg::Point_<std::allocator<void> >& geometry_msgs::msg::Point_<std::allocator<void> >::operator=(geometry_msgs::msg::Point_<std::allocator<void> >&&)[m[K’
[1.453s] [01m[K/opt/ros/humble/include/geometry_msgs/geometry_msgs/msg/detail/point__struct.hpp:32:8:[m[K [01;36m[Knote: [m[K  no known conversion for argument 1 from ‘[01m[K<brace-enclosed initializer list>[m[K’ to ‘[01m[Kgeometry_msgs::msg::Point_<std::allocator<void> >&&[m[K’
[1.453s] [01m[K/home/bryan/hexapod_ws/src/hexapod_controller/src/tip_trajectory_generator.cpp:82:93:[m[K [01;31m[Kerror: [m[Kno match for ‘[01m[Koperator=[m[K’ (operand types are ‘[01m[Kgeometry_msgs::msg::Point[m[K’ {aka ‘[01m[Kgeometry_msgs::msg::Point_<std::allocator<void> >[m[K’} and ‘[01m[K<brace-enclosed initializer list>[m[K’)
[1.453s]    82 |         control = { 0, 0, max_step_height*hypot(velocity[0],velocity[1])/(max_step_length/2)[01;31m[K}[m[K;
[1.453s]       |                                                                                             [01;31m[K^[m[K
[1.453s] In file included from [01m[K/opt/ros/humble/include/geometry_msgs/geometry_msgs/msg/point.hpp:7[m[K,
[1.453s]                  from [01m[K/home/bryan/hexapod_ws/src/hexapod_controller/src/tip_trajectory_generator.cpp:2[m[K:
[1.453s] [01m[K/opt/ros/humble/include/geometry_msgs/geometry_msgs/msg/detail/point__struct.hpp:32:8:[m[K [01;36m[Knote: [m[Kcandidate: ‘[01m[Kconstexpr geometry_msgs::msg::Point_<std::allocator<void> >& geometry_msgs::msg::Point_<std::allocator<void> >::operator=(const geometry_msgs::msg::Point_<std::allocator<void> >&)[m[K’
[1.453s]    32 | struct [01;36m[KPoint_[m[K
[1.453s]       |        [01;36m[K^~~~~~[m[K
[1.453s] [01m[K/opt/ros/humble/include/geometry_msgs/geometry_msgs/msg/detail/point__struct.hpp:32:8:[m[K [01;36m[Knote: [m[K  no known conversion for argument 1 from ‘[01m[K<brace-enclosed initializer list>[m[K’ to ‘[01m[Kconst geometry_msgs::msg::Point_<std::allocator<void> >&[m[K’
[1.453s] [01m[K/opt/ros/humble/include/geometry_msgs/geometry_msgs/msg/detail/point__struct.hpp:32:8:[m[K [01;36m[Knote: [m[Kcandidate: ‘[01m[Kconstexpr geometry_msgs::msg::Point_<std::allocator<void> >& geometry_msgs::msg::Point_<std::allocator<void> >::operator=(geometry_msgs::msg::Point_<std::allocator<void> >&&)[m[K’
[1.453s] [01m[K/opt/ros/humble/include/geometry_msgs/geometry_msgs/msg/detail/point__struct.hpp:32:8:[m[K [01;36m[Knote: [m[K  no known conversion for argument 1 from ‘[01m[K<brace-enclosed initializer list>[m[K’ to ‘[01m[Kgeometry_msgs::msg::Point_<std::allocator<void> >&&[m[K’
[1.453s] [01m[K/home/bryan/hexapod_ws/src/hexapod_controller/src/tip_trajectory_generator.cpp:83:47:[m[K [01;31m[Kerror: [m[Kno match for ‘[01m[Koperator=[m[K’ (operand types are ‘[01m[Kgeometry_msgs::msg::Point[m[K’ {aka ‘[01m[Kgeometry_msgs::msg::Point_<std::allocator<void> >[m[K’} and ‘[01m[K<brace-enclosed initializer list>[m[K’)
[1.453s]    83 |         end = { -velocity[0],-velocity[1],0.0 [01;31m[K}[m[K;
[1.453s]       |                                               [01;31m[K^[m[K
[1.453s] In file included from [01m[K/opt/ros/humble/include/geometry_msgs/geometry_msgs/msg/point.hpp:7[m[K,
[1.453s]                  from [01m[K/home/bryan/hexapod_ws/src/hexapod_controller/src/tip_trajectory_generator.cpp:2[m[K:
[1.454s] [01m[K/opt/ros/humble/include/geometry_msgs/geometry_msgs/msg/detail/point__struct.hpp:32:8:[m[K [01;36m[Knote: [m[Kcandidate: ‘[01m[Kconstexpr geometry_msgs::msg::Point_<std::allocator<void> >& geometry_msgs::msg::Point_<std::allocator<void> >::operator=(const geometry_msgs::msg::Point_<std::allocator<void> >&)[m[K’
[1.454s]    32 | struct [01;36m[KPoint_[m[K
[1.454s]       |        [01;36m[K^~~~~~[m[K
[1.454s] [01m[K/opt/ros/humble/include/geometry_msgs/geometry_msgs/msg/detail/point__struct.hpp:32:8:[m[K [01;36m[Knote: [m[K  no known conversion for argument 1 from ‘[01m[K<brace-enclosed initializer list>[m[K’ to ‘[01m[Kconst geometry_msgs::msg::Point_<std::allocator<void> >&[m[K’
[1.454s] [01m[K/opt/ros/humble/include/geometry_msgs/geometry_msgs/msg/detail/point__struct.hpp:32:8:[m[K [01;36m[Knote: [m[Kcandidate: ‘[01m[Kconstexpr geometry_msgs::msg::Point_<std::allocator<void> >& geometry_msgs::msg::Point_<std::allocator<void> >::operator=(geometry_msgs::msg::Point_<std::allocator<void> >&&)[m[K’
[1.454s] [01m[K/opt/ros/humble/include/geometry_msgs/geometry_msgs/msg/detail/point__struct.hpp:32:8:[m[K [01;36m[Knote: [m[K  no known conversion for argument 1 from ‘[01m[K<brace-enclosed initializer list>[m[K’ to ‘[01m[Kgeometry_msgs::msg::Point_<std::allocator<void> >&&[m[K’
[1.454s] [01m[K/home/bryan/hexapod_ws/src/hexapod_controller/src/tip_trajectory_generator.cpp:[m[K In member function ‘[01m[Kvoid HexapodTrajectoryGenNode::set_control_point(int, double, int, int)[m[K’:
[1.454s] [01m[K/home/bryan/hexapod_ws/src/hexapod_controller/src/tip_trajectory_generator.cpp:98:22:[m[K [01;31m[Kerror: [m[Kinvalid types ‘[01m[K<unresolved overloaded function type>[int][m[K’ for array subscript
[1.454s]    98 |         leg_positions[01;31m[K[[m[Kleg_no] = point;
[1.454s]       |                      [01;31m[K^[m[K
[1.463s] [01m[K/home/bryan/hexapod_ws/src/hexapod_controller/src/tip_pose_generator.cpp:69:100:[m[K [01;31m[Kerror: [m[Kno match for ‘[01m[Koperator=[m[K’ (operand types are ‘[01m[Krclcpp::Subscription<std_msgs::msg::Float64MultiArray_<std::allocator<void> > >::SharedPtr[m[K’ {aka ‘[01m[Kstd::shared_ptr<rclcpp::Subscription<std_msgs::msg::Float64MultiArray_<std::allocator<void> > > >[m[K’} and ‘[01m[Kstd::shared_ptr<rclcpp::Subscription<hexapod_interfaces::msg::PointArray_<std::allocator<void> >, std::allocator<void>, hexapod_interfaces::msg::PointArray_<std::allocator<void> >, hexapod_interfaces::msg::PointArray_<std::allocator<void> >, rclcpp::message_memory_strategy::MessageMemoryStrategy<hexapod_interfaces::msg::PointArray_<std::allocator<void> >, std::allocator<void> > > >[m[K’)
[1.463s]    69 |             "/trajectory_poses", 10, std::bind(&HexapodTipPoseGenNode::update_tip_points, this, _1)[01;31m[K)[m[K;
[1.463s]       |                                                                                                    [01;31m[K^[m[K
[1.463s] In file included from [01m[K/usr/include/c++/11/memory:77[m[K,
[1.463s]                  from [01m[K/opt/ros/humble/include/rclcpp/rclcpp/rclcpp.hpp:153[m[K,
[1.463s]                  from [01m[K/home/bryan/hexapod_ws/src/hexapod_controller/src/tip_pose_generator.cpp:1[m[K:
[1.463s] [01m[K/usr/include/c++/11/bits/shared_ptr.h:363:9:[m[K [01;36m[Knote: [m[Kcandidate: ‘[01m[Ktemplate<class _Yp> std::shared_ptr<_Tp>::_Assignable<const std::shared_ptr<_Yp>&> std::shared_ptr<_Tp>::operator=(const std::shared_ptr<_Yp>&) [with _Yp = _Yp; _Tp = rclcpp::Subscription<std_msgs::msg::Float64MultiArray_<std::allocator<void> > >][m[K’
[1.463s]   363 |         [01;36m[Koperator[m[K=(const shared_ptr<_Yp>& __r) noexcept
[1.463s]       |         [01;36m[K^~~~~~~~[m[K
[1.463s] [01m[K/usr/include/c++/11/bits/shared_ptr.h:363:9:[m[K [01;36m[Knote: [m[K  template argument deduction/substitution failed:
[1.463s] /usr/include/c++/11/bits/shared_ptr.h: In substitution of ‘[01m[Ktemplate<class _Tp> template<class _Arg> using _Assignable = typename std::enable_if<std::is_assignable<std::__shared_ptr<_Tp>&, _Arg>::value, std::shared_ptr<_Tp>&>::type [with _Arg = const std::shared_ptr<rclcpp::Subscription<hexapod_interfaces::msg::PointArray_<std::allocator<void> >, std::allocator<void>, hexapod_interfaces::msg::PointArray_<std::allocator<void> >, hexapod_interfaces::msg::PointArray_<std::allocator<void> >, rclcpp::message_memory_strategy::MessageMemoryStrategy<hexapod_interfaces::msg::PointArray_<std::allocator<void> >, std::allocator<void> > > >&; _Tp = rclcpp::Subscription<std_msgs::msg::Float64MultiArray_<std::allocator<void> > >][m[K’:
[1.463s] [01m[K/usr/include/c++/11/bits/shared_ptr.h:363:2:[m[K   required by substitution of ‘[01m[Ktemplate<class _Yp> std::shared_ptr<rclcpp::Subscription<std_msgs::msg::Float64MultiArray_<std::allocator<void> > > >::_Assignable<const std::shared_ptr<_Tp>&> std::shared_ptr<rclcpp::Subscription<std_msgs::msg::Float64MultiArray_<std::allocator<void> > > >::operator=<_Yp>(const std::shared_ptr<_Tp>&) [with _Yp = rclcpp::Subscription<hexapod_interfaces::msg::PointArray_<std::allocator<void> >, std::allocator<void>, hexapod_interfaces::msg::PointArray_<std::allocator<void> >, hexapod_interfaces::msg::PointArray_<std::allocator<void> >, rclcpp::message_memory_strategy::MessageMemoryStrategy<hexapod_interfaces::msg::PointArray_<std::allocator<void> >, std::allocator<void> > >][m[K’
[1.464s] [01m[K/home/bryan/hexapod_ws/src/hexapod_controller/src/tip_pose_generator.cpp:69:100:[m[K   required from here
[1.464s] [01m[K/usr/include/c++/11/bits/shared_ptr.h:130:15:[m[K [01;31m[Kerror: [m[Kno type named ‘[01m[Ktype[m[K’ in ‘[01m[Kstruct std::enable_if<false, std::shared_ptr<rclcpp::Subscription<std_msgs::msg::Float64MultiArray_<std::allocator<void> > > >&>[m[K’
[1.464s]   130 |         using [01;31m[K_Assignable[m[K = typename enable_if<
[1.464s]       |               [01;31m[K^~~~~~~~~~~[m[K
[1.464s] [01m[K/usr/include/c++/11/bits/shared_ptr.h:374:9:[m[K [01;36m[Knote: [m[Kcandidate: ‘[01m[Ktemplate<class _Yp> std::shared_ptr<_Tp>::_Assignable<std::auto_ptr<_Up> > std::shared_ptr<_Tp>::operator=(std::auto_ptr<_Up>&&) [with _Yp = _Yp; _Tp = rclcpp::Subscription<std_msgs::msg::Float64MultiArray_<std::allocator<void> > >][m[K’
[1.464s]   374 |         [01;36m[Koperator[m[K=(auto_ptr<_Yp>&& __r)
[1.464s]       |         [01;36m[K^~~~~~~~[m[K
[1.464s] [01m[K/usr/include/c++/11/bits/shared_ptr.h:374:9:[m[K [01;36m[Knote: [m[K  template argument deduction/substitution failed:
[1.464s] [01m[K/home/bryan/hexapod_ws/src/hexapod_controller/src/tip_pose_generator.cpp:69:100:[m[K [01;36m[Knote: [m[K  ‘[01m[Kstd::shared_ptr<rclcpp::Subscription<hexapod_interfaces::msg::PointArray_<std::allocator<void> >, std::allocator<void>, hexapod_interfaces::msg::PointArray_<std::allocator<void> >, hexapod_interfaces::msg::PointArray_<std::allocator<void> >, rclcpp::message_memory_strategy::MessageMemoryStrategy<hexapod_interfaces::msg::PointArray_<std::allocator<void> >, std::allocator<void> > > >[m[K’ is not derived from ‘[01m[Kstd::auto_ptr<_Up>[m[K’
[1.464s]    69 |             "/trajectory_poses", 10, std::bind(&HexapodTipPoseGenNode::update_tip_points, this, _1)[01;36m[K)[m[K;
[1.464s]       |                                                                                                    [01;36m[K^[m[K
[1.464s] In file included from [01m[K/usr/include/c++/11/memory:77[m[K,
[1.464s]                  from [01m[K/opt/ros/humble/include/rclcpp/rclcpp/rclcpp.hpp:153[m[K,
[1.464s]                  from [01m[K/home/bryan/hexapod_ws/src/hexapod_controller/src/tip_pose_generator.cpp:1[m[K:
[1.464s] [01m[K/usr/include/c++/11/bits/shared_ptr.h:391:9:[m[K [01;36m[Knote: [m[Kcandidate: ‘[01m[Ktemplate<class _Yp> std::shared_ptr<_Tp>::_Assignable<std::shared_ptr<_Yp> > std::shared_ptr<_Tp>::operator=(std::shared_ptr<_Yp>&&) [with _Yp = _Yp; _Tp = rclcpp::Subscription<std_msgs::msg::Float64MultiArray_<std::allocator<void> > >][m[K’
[1.464s]   391 |         [01;36m[Koperator[m[K=(shared_ptr<_Yp>&& __r) noexcept
[1.464s]       |         [01;36m[K^~~~~~~~[m[K
[1.465s] [01m[K/usr/include/c++/11/bits/shared_ptr.h:391:9:[m[K [01;36m[Knote: [m[K  template argument deduction/substitution failed:
[1.465s] /usr/include/c++/11/bits/shared_ptr.h: In substitution of ‘[01m[Ktemplate<class _Tp> template<class _Arg> using _Assignable = typename std::enable_if<std::is_assignable<std::__shared_ptr<_Tp>&, _Arg>::value, std::shared_ptr<_Tp>&>::type [with _Arg = std::shared_ptr<rclcpp::Subscription<hexapod_interfaces::msg::PointArray_<std::allocator<void> >, std::allocator<void>, hexapod_interfaces::msg::PointArray_<std::allocator<void> >, hexapod_interfaces::msg::PointArray_<std::allocator<void> >, rclcpp::message_memory_strategy::MessageMemoryStrategy<hexapod_interfaces::msg::PointArray_<std::allocator<void> >, std::allocator<void> > > >; _Tp = rclcpp::Subscription<std_msgs::msg::Float64MultiArray_<std::allocator<void> > >][m[K’:
[1.465s] [01m[K/usr/include/c++/11/bits/shared_ptr.h:391:2:[m[K   required by substitution of ‘[01m[Ktemplate<class _Yp> std::shared_ptr<rclcpp::Subscription<std_msgs::msg::Float64MultiArray_<std::allocator<void> > > >::_Assignable<std::shared_ptr<_Tp> > std::shared_ptr<rclcpp::Subscription<std_msgs::msg::Float64MultiArray_<std::allocator<void> > > >::operator=<_Yp>(std::shared_ptr<_Tp>&&) [with _Yp = rclcpp::Subscription<hexapod_interfaces::msg::PointArray_<std::allocator<void> >, std::allocator<void>, hexapod_interfaces::msg::PointArray_<std::allocator<void> >, hexapod_interfaces::msg::PointArray_<std::allocator<void> >, rclcpp::message_memory_strategy::MessageMemoryStrategy<hexapod_interfaces::msg::PointArray_<std::allocator<void> >, std::allocator<void> > >][m[K’
[1.465s] [01m[K/home/bryan/hexapod_ws/src/hexapod_controller/src/tip_pose_generator.cpp:69:100:[m[K   required from here
[1.465s] [01m[K/usr/include/c++/11/bits/shared_ptr.h:130:15:[m[K [01;31m[Kerror: [m[Kno type named ‘[01m[Ktype[m[K’ in ‘[01m[Kstruct std::enable_if<false, std::shared_ptr<rclcpp::Subscription<std_msgs::msg::Float64MultiArray_<std::allocator<void> > > >&>[m[K’
[1.465s]   130 |         using [01;31m[K_Assignable[m[K = typename enable_if<
[1.465s]       |               [01;31m[K^~~~~~~~~~~[m[K
[1.465s] [01m[K/usr/include/c++/11/bits/shared_ptr.h:399:9:[m[K [01;36m[Knote: [m[Kcandidate: ‘[01m[Ktemplate<class _Yp, class _Del> std::shared_ptr<_Tp>::_Assignable<std::unique_ptr<_Up, _Ep> > std::shared_ptr<_Tp>::operator=(std::unique_ptr<_Up, _Ep>&&) [with _Yp = _Yp; _Del = _Del; _Tp = rclcpp::Subscription<std_msgs::msg::Float64MultiArray_<std::allocator<void> > >][m[K’
[1.465s]   399 |         [01;36m[Koperator[m[K=(unique_ptr<_Yp, _Del>&& __r)
[1.465s]       |         [01;36m[K^~~~~~~~[m[K
[1.465s] [01m[K/usr/include/c++/11/bits/shared_ptr.h:399:9:[m[K [01;36m[Knote: [m[K  template argument deduction/substitution failed:
[1.465s] [01m[K/home/bryan/hexapod_ws/src/hexapod_controller/src/tip_pose_generator.cpp:69:100:[m[K [01;36m[Knote: [m[K  ‘[01m[Kstd::shared_ptr<rclcpp::Subscription<hexapod_interfaces::msg::PointArray_<std::allocator<void> >, std::allocator<void>, hexapod_interfaces::msg::PointArray_<std::allocator<void> >, hexapod_interfaces::msg::PointArray_<std::allocator<void> >, rclcpp::message_memory_strategy::MessageMemoryStrategy<hexapod_interfaces::msg::PointArray_<std::allocator<void> >, std::allocator<void> > > >[m[K’ is not derived from ‘[01m[Kstd::unique_ptr<_Tp, _Dp>[m[K’
[1.465s]    69 |             "/trajectory_poses", 10, std::bind(&HexapodTipPoseGenNode::update_tip_points, this, _1)[01;36m[K)[m[K;
[1.465s]       |                                                                                                    [01;36m[K^[m[K
[1.465s] In file included from [01m[K/usr/include/c++/11/memory:77[m[K,
[1.465s]                  from [01m[K/opt/ros/humble/include/rclcpp/rclcpp/rclcpp.hpp:153[m[K,
[1.465s]                  from [01m[K/home/bryan/hexapod_ws/src/hexapod_controller/src/tip_pose_generator.cpp:1[m[K:
[1.466s] [01m[K/usr/include/c++/11/bits/shared_ptr.h:359:19:[m[K [01;36m[Knote: [m[Kcandidate: ‘[01m[Kstd::shared_ptr<_Tp>& std::shared_ptr<_Tp>::operator=(const std::shared_ptr<_Tp>&) [with _Tp = rclcpp::Subscription<std_msgs::msg::Float64MultiArray_<std::allocator<void> > >][m[K’
[1.466s]   359 |       shared_ptr& [01;36m[Koperator[m[K=(const shared_ptr&) noexcept = default;
[1.466s]       |                   [01;36m[K^~~~~~~~[m[K
[1.466s] [01m[K/usr/include/c++/11/bits/shared_ptr.h:359:29:[m[K [01;36m[Knote: [m[K  no known conversion for argument 1 from ‘[01m[Kstd::shared_ptr<rclcpp::Subscription<hexapod_interfaces::msg::PointArray_<std::allocator<void> >, std::allocator<void>, hexapod_interfaces::msg::PointArray_<std::allocator<void> >, hexapod_interfaces::msg::PointArray_<std::allocator<void> >, rclcpp::message_memory_strategy::MessageMemoryStrategy<hexapod_interfaces::msg::PointArray_<std::allocator<void> >, std::allocator<void> > > >[m[K’ to ‘[01m[Kconst std::shared_ptr<rclcpp::Subscription<std_msgs::msg::Float64MultiArray_<std::allocator<void> > > >&[m[K’
[1.466s]   359 |       shared_ptr& operator=([01;36m[Kconst shared_ptr&[m[K) noexcept = default;
[1.466s]       |                             [01;36m[K^~~~~~~~~~~~~~~~~[m[K
[1.466s] [01m[K/usr/include/c++/11/bits/shared_ptr.h:383:7:[m[K [01;36m[Knote: [m[Kcandidate: ‘[01m[Kstd::shared_ptr<_Tp>& std::shared_ptr<_Tp>::operator=(std::shared_ptr<_Tp>&&) [with _Tp = rclcpp::Subscription<std_msgs::msg::Float64MultiArray_<std::allocator<void> > >][m[K’
[1.466s]   383 |       [01;36m[Koperator[m[K=(shared_ptr&& __r) noexcept
[1.466s]       |       [01;36m[K^~~~~~~~[m[K
[1.466s] [01m[K/usr/include/c++/11/bits/shared_ptr.h:383:30:[m[K [01;36m[Knote: [m[K  no known conversion for argument 1 from ‘[01m[Kstd::shared_ptr<rclcpp::Subscription<hexapod_interfaces::msg::PointArray_<std::allocator<void> >, std::allocator<void>, hexapod_interfaces::msg::PointArray_<std::allocator<void> >, hexapod_interfaces::msg::PointArray_<std::allocator<void> >, rclcpp::message_memory_strategy::MessageMemoryStrategy<hexapod_interfaces::msg::PointArray_<std::allocator<void> >, std::allocator<void> > > >[m[K’ to ‘[01m[Kstd::shared_ptr<rclcpp::Subscription<std_msgs::msg::Float64MultiArray_<std::allocator<void> > > >&&[m[K’
[1.466s]   383 |       operator=([01;36m[Kshared_ptr&& __r[m[K) noexcept
[1.466s]       |                 [01;36m[K~~~~~~~~~~~~~^~~[m[K
[1.467s] [01m[K/home/bryan/hexapod_ws/src/hexapod_controller/src/tip_pose_generator.cpp:72:95:[m[K [01;31m[Kerror: [m[Kno match for ‘[01m[Koperator=[m[K’ (operand types are ‘[01m[Krclcpp::Publisher<hexapod_interfaces::msg::PointArray_<std::allocator<void> > >::SharedPtr[m[K’ {aka ‘[01m[Kstd::shared_ptr<rclcpp::Publisher<hexapod_interfaces::msg::PointArray_<std::allocator<void> > > >[m[K’} and ‘[01m[Kstd::shared_ptr<rclcpp::Publisher<std_msgs::msg::Float64MultiArray_<std::allocator<void> >, std::allocator<void> > >[m[K’)
[1.467s]    72 |         publisher_ = this->create_publisher<std_msgs::msg::Float64MultiArray>("/tip_poses", 10[01;31m[K)[m[K;
[1.467s]       |                                                                                               [01;31m[K^[m[K
[1.468s] In file included from [01m[K/usr/include/c++/11/memory:77[m[K,
[1.468s]                  from [01m[K/opt/ros/humble/include/rclcpp/rclcpp/rclcpp.hpp:153[m[K,
[1.468s]                  from [01m[K/home/bryan/hexapod_ws/src/hexapod_controller/src/tip_pose_generator.cpp:1[m[K:
[1.468s] [01m[K/usr/include/c++/11/bits/shared_ptr.h:363:9:[m[K [01;36m[Knote: [m[Kcandidate: ‘[01m[Ktemplate<class _Yp> std::shared_ptr<_Tp>::_Assignable<const std::shared_ptr<_Yp>&> std::shared_ptr<_Tp>::operator=(const std::shared_ptr<_Yp>&) [with _Yp = _Yp; _Tp = rclcpp::Publisher<hexapod_interfaces::msg::PointArray_<std::allocator<void> > >][m[K’
[1.468s]   363 |         [01;36m[Koperator[m[K=(const shared_ptr<_Yp>& __r) noexcept
[1.468s]       |         [01;36m[K^~~~~~~~[m[K
[1.468s] [01m[K/usr/include/c++/11/bits/shared_ptr.h:363:9:[m[K [01;36m[Knote: [m[K  template argument deduction/substitution failed:
[1.468s] /usr/include/c++/11/bits/shared_ptr.h: In substitution of ‘[01m[Ktemplate<class _Tp> template<class _Arg> using _Assignable = typename std::enable_if<std::is_assignable<std::__shared_ptr<_Tp>&, _Arg>::value, std::shared_ptr<_Tp>&>::type [with _Arg = const std::shared_ptr<rclcpp::Publisher<std_msgs::msg::Float64MultiArray_<std::allocator<void> >, std::allocator<void> > >&; _Tp = rclcpp::Publisher<hexapod_interfaces::msg::PointArray_<std::allocator<void> > >][m[K’:
[1.468s] [01m[K/usr/include/c++/11/bits/shared_ptr.h:363:2:[m[K   required by substitution of ‘[01m[Ktemplate<class _Yp> std::shared_ptr<rclcpp::Publisher<hexapod_interfaces::msg::PointArray_<std::allocator<void> > > >::_Assignable<const std::shared_ptr<_Tp>&> std::shared_ptr<rclcpp::Publisher<hexapod_interfaces::msg::PointArray_<std::allocator<void> > > >::operator=<_Yp>(const std::shared_ptr<_Tp>&) [with _Yp = rclcpp::Publisher<std_msgs::msg::Float64MultiArray_<std::allocator<void> >, std::allocator<void> >][m[K’
[1.468s] [01m[K/home/bryan/hexapod_ws/src/hexapod_controller/src/tip_pose_generator.cpp:72:95:[m[K   required from here
[1.468s] [01m[K/usr/include/c++/11/bits/shared_ptr.h:130:15:[m[K [01;31m[Kerror: [m[Kno type named ‘[01m[Ktype[m[K’ in ‘[01m[Kstruct std::enable_if<false, std::shared_ptr<rclcpp::Publisher<hexapod_interfaces::msg::PointArray_<std::allocator<void> > > >&>[m[K’
[1.468s]   130 |         using [01;31m[K_Assignable[m[K = typename enable_if<
[1.468s]       |               [01;31m[K^~~~~~~~~~~[m[K
[1.468s] [01m[K/usr/include/c++/11/bits/shared_ptr.h:374:9:[m[K [01;36m[Knote: [m[Kcandidate: ‘[01m[Ktemplate<class _Yp> std::shared_ptr<_Tp>::_Assignable<std::auto_ptr<_Up> > std::shared_ptr<_Tp>::operator=(std::auto_ptr<_Up>&&) [with _Yp = _Yp; _Tp = rclcpp::Publisher<hexapod_interfaces::msg::PointArray_<std::allocator<void> > >][m[K’
[1.468s]   374 |         [01;36m[Koperator[m[K=(auto_ptr<_Yp>&& __r)
[1.469s]       |         [01;36m[K^~~~~~~~[m[K
[1.469s] [01m[K/usr/include/c++/11/bits/shared_ptr.h:374:9:[m[K [01;36m[Knote: [m[K  template argument deduction/substitution failed:
[1.469s] [01m[K/home/bryan/hexapod_ws/src/hexapod_controller/src/tip_pose_generator.cpp:72:95:[m[K [01;36m[Knote: [m[K  ‘[01m[Kstd::shared_ptr<rclcpp::Publisher<std_msgs::msg::Float64MultiArray_<std::allocator<void> >, std::allocator<void> > >[m[K’ is not derived from ‘[01m[Kstd::auto_ptr<_Up>[m[K’
[1.469s]    72 |         publisher_ = this->create_publisher<std_msgs::msg::Float64MultiArray>("/tip_poses", 10[01;36m[K)[m[K;
[1.469s]       |                                                                                               [01;36m[K^[m[K
[1.469s] In file included from [01m[K/usr/include/c++/11/memory:77[m[K,
[1.469s]                  from [01m[K/opt/ros/humble/include/rclcpp/rclcpp/rclcpp.hpp:153[m[K,
[1.469s]                  from [01m[K/home/bryan/hexapod_ws/src/hexapod_controller/src/tip_pose_generator.cpp:1[m[K:
[1.469s] [01m[K/usr/include/c++/11/bits/shared_ptr.h:391:9:[m[K [01;36m[Knote: [m[Kcandidate: ‘[01m[Ktemplate<class _Yp> std::shared_ptr<_Tp>::_Assignable<std::shared_ptr<_Yp> > std::shared_ptr<_Tp>::operator=(std::shared_ptr<_Yp>&&) [with _Yp = _Yp; _Tp = rclcpp::Publisher<hexapod_interfaces::msg::PointArray_<std::allocator<void> > >][m[K’
[1.469s]   391 |         [01;36m[Koperator[m[K=(shared_ptr<_Yp>&& __r) noexcept
[1.469s]       |         [01;36m[K^~~~~~~~[m[K
[1.469s] [01m[K/usr/include/c++/11/bits/shared_ptr.h:391:9:[m[K [01;36m[Knote: [m[K  template argument deduction/substitution failed:
[1.469s] /usr/include/c++/11/bits/shared_ptr.h: In substitution of ‘[01m[Ktemplate<class _Tp> template<class _Arg> using _Assignable = typename std::enable_if<std::is_assignable<std::__shared_ptr<_Tp>&, _Arg>::value, std::shared_ptr<_Tp>&>::type [with _Arg = std::shared_ptr<rclcpp::Publisher<std_msgs::msg::Float64MultiArray_<std::allocator<void> >, std::allocator<void> > >; _Tp = rclcpp::Publisher<hexapod_interfaces::msg::PointArray_<std::allocator<void> > >][m[K’:
[1.469s] [01m[K/usr/include/c++/11/bits/shared_ptr.h:391:2:[m[K   required by substitution of ‘[01m[Ktemplate<class _Yp> std::shared_ptr<rclcpp::Publisher<hexapod_interfaces::msg::PointArray_<std::allocator<void> > > >::_Assignable<std::shared_ptr<_Tp> > std::shared_ptr<rclcpp::Publisher<hexapod_interfaces::msg::PointArray_<std::allocator<void> > > >::operator=<_Yp>(std::shared_ptr<_Tp>&&) [with _Yp = rclcpp::Publisher<std_msgs::msg::Float64MultiArray_<std::allocator<void> >, std::allocator<void> >][m[K’
[1.469s] [01m[K/home/bryan/hexapod_ws/src/hexapod_controller/src/tip_pose_generator.cpp:72:95:[m[K   required from here
[1.469s] [01m[K/usr/include/c++/11/bits/shared_ptr.h:130:15:[m[K [01;31m[Kerror: [m[Kno type named ‘[01m[Ktype[m[K’ in ‘[01m[Kstruct std::enable_if<false, std::shared_ptr<rclcpp::Publisher<hexapod_interfaces::msg::PointArray_<std::allocator<void> > > >&>[m[K’
[1.469s]   130 |         using [01;31m[K_Assignable[m[K = typename enable_if<
[1.469s]       |               [01;31m[K^~~~~~~~~~~[m[K
[1.470s] [01m[K/usr/include/c++/11/bits/shared_ptr.h:399:9:[m[K [01;36m[Knote: [m[Kcandidate: ‘[01m[Ktemplate<class _Yp, class _Del> std::shared_ptr<_Tp>::_Assignable<std::unique_ptr<_Up, _Ep> > std::shared_ptr<_Tp>::operator=(std::unique_ptr<_Up, _Ep>&&) [with _Yp = _Yp; _Del = _Del; _Tp = rclcpp::Publisher<hexapod_interfaces::msg::PointArray_<std::allocator<void> > >][m[K’
[1.470s]   399 |         [01;36m[Koperator[m[K=(unique_ptr<_Yp, _Del>&& __r)
[1.470s]       |         [01;36m[K^~~~~~~~[m[K
[1.470s] [01m[K/usr/include/c++/11/bits/shared_ptr.h:399:9:[m[K [01;36m[Knote: [m[K  template argument deduction/substitution failed:
[1.470s] [01m[K/home/bryan/hexapod_ws/src/hexapod_controller/src/tip_pose_generator.cpp:72:95:[m[K [01;36m[Knote: [m[K  ‘[01m[Kstd::shared_ptr<rclcpp::Publisher<std_msgs::msg::Float64MultiArray_<std::allocator<void> >, std::allocator<void> > >[m[K’ is not derived from ‘[01m[Kstd::unique_ptr<_Tp, _Dp>[m[K’
[1.470s]    72 |         publisher_ = this->create_publisher<std_msgs::msg::Float64MultiArray>("/tip_poses", 10[01;36m[K)[m[K;
[1.470s]       |                                                                                               [01;36m[K^[m[K
[1.470s] In file included from [01m[K/usr/include/c++/11/memory:77[m[K,
[1.470s]                  from [01m[K/opt/ros/humble/include/rclcpp/rclcpp/rclcpp.hpp:153[m[K,
[1.470s]                  from [01m[K/home/bryan/hexapod_ws/src/hexapod_controller/src/tip_pose_generator.cpp:1[m[K:
[1.470s] [01m[K/usr/include/c++/11/bits/shared_ptr.h:359:19:[m[K [01;36m[Knote: [m[Kcandidate: ‘[01m[Kstd::shared_ptr<_Tp>& std::shared_ptr<_Tp>::operator=(const std::shared_ptr<_Tp>&) [with _Tp = rclcpp::Publisher<hexapod_interfaces::msg::PointArray_<std::allocator<void> > >][m[K’
[1.470s]   359 |       shared_ptr& [01;36m[Koperator[m[K=(const shared_ptr&) noexcept = default;
[1.470s]       |                   [01;36m[K^~~~~~~~[m[K
[1.470s] [01m[K/usr/include/c++/11/bits/shared_ptr.h:359:29:[m[K [01;36m[Knote: [m[K  no known conversion for argument 1 from ‘[01m[Kstd::shared_ptr<rclcpp::Publisher<std_msgs::msg::Float64MultiArray_<std::allocator<void> >, std::allocator<void> > >[m[K’ to ‘[01m[Kconst std::shared_ptr<rclcpp::Publisher<hexapod_interfaces::msg::PointArray_<std::allocator<void> > > >&[m[K’
[1.470s]   359 |       shared_ptr& operator=([01;36m[Kconst shared_ptr&[m[K) noexcept = default;
[1.470s]       |                             [01;36m[K^~~~~~~~~~~~~~~~~[m[K
[1.470s] [01m[K/usr/include/c++/11/bits/shared_ptr.h:383:7:[m[K [01;36m[Knote: [m[Kcandidate: ‘[01m[Kstd::shared_ptr<_Tp>& std::shared_ptr<_Tp>::operator=(std::shared_ptr<_Tp>&&) [with _Tp = rclcpp::Publisher<hexapod_interfaces::msg::PointArray_<std::allocator<void> > >][m[K’
[1.471s]   383 |       [01;36m[Koperator[m[K=(shared_ptr&& __r) noexcept
[1.471s]       |       [01;36m[K^~~~~~~~[m[K
[1.471s] [01m[K/usr/include/c++/11/bits/shared_ptr.h:383:30:[m[K [01;36m[Knote: [m[K  no known conversion for argument 1 from ‘[01m[Kstd::shared_ptr<rclcpp::Publisher<std_msgs::msg::Float64MultiArray_<std::allocator<void> >, std::allocator<void> > >[m[K’ to ‘[01m[Kstd::shared_ptr<rclcpp::Publisher<hexapod_interfaces::msg::PointArray_<std::allocator<void> > > >&&[m[K’
[1.471s]   383 |       operator=([01;36m[Kshared_ptr&& __r[m[K) noexcept
[1.471s]       |                 [01;36m[K~~~~~~~~~~~~~^~~[m[K
[1.471s] [01m[K/home/bryan/hexapod_ws/src/hexapod_controller/src/tip_pose_generator.cpp:[m[K In member function ‘[01m[Kvoid HexapodTipPoseGenNode::update_tip_points(const PointArray&)[m[K’:
[1.471s] [01m[K/home/bryan/hexapod_ws/src/hexapod_controller/src/tip_pose_generator.cpp:89:13:[m[K [01;31m[Kerror: [m[K‘[01m[Ki[m[K’ was not declared in this scope
[1.471s]    89 |         for([01;31m[Ki[m[K=0 ; i<6 ; i++){
[1.471s]       |             [01;31m[K^[m[K
[1.472s] [01m[K/home/bryan/hexapod_ws/src/hexapod_controller/src/tip_pose_generator.cpp:105:60:[m[K [01;31m[Kerror: [m[K‘[01m[Kusing PointArray = struct hexapod_interfaces::msg::PointArray_<std::allocator<void> >[m[K’ {aka ‘[01m[Kstruct hexapod_interfaces::msg::PointArray_<std::allocator<void> >[m[K’} has no member named ‘[01m[Kposes[m[K’
[1.472s]   105 |             final_tip_poses_global->points[i].x -= origins.[01;31m[Kposes[m[K[i].x;
[1.472s]       |                                                            [01;31m[K^~~~~[m[K
[1.472s] [01m[K/home/bryan/hexapod_ws/src/hexapod_controller/src/tip_pose_generator.cpp:106:60:[m[K [01;31m[Kerror: [m[K‘[01m[Kusing PointArray = struct hexapod_interfaces::msg::PointArray_<std::allocator<void> >[m[K’ {aka ‘[01m[Kstruct hexapod_interfaces::msg::PointArray_<std::allocator<void> >[m[K’} has no member named ‘[01m[Kposes[m[K’
[1.472s]   106 |             final_tip_poses_global->points[i].y -= origins.[01;31m[Kposes[m[K[i].y;
[1.472s]       |                                                            [01;31m[K^~~~~[m[K
[1.472s] [01m[K/home/bryan/hexapod_ws/src/hexapod_controller/src/tip_pose_generator.cpp:107:60:[m[K [01;31m[Kerror: [m[K‘[01m[Kusing PointArray = struct hexapod_interfaces::msg::PointArray_<std::allocator<void> >[m[K’ {aka ‘[01m[Kstruct hexapod_interfaces::msg::PointArray_<std::allocator<void> >[m[K’} has no member named ‘[01m[Kposes[m[K’
[1.472s]   107 |             final_tip_poses_global->points[i].z -= origins.[01;31m[Kposes[m[K[i].z;
[1.472s]       |                                                            [01;31m[K^~~~~[m[K
[1.475s] [01m[K/home/bryan/hexapod_ws/src/hexapod_controller/src/tip_pose_generator.cpp:113:13:[m[K [01;31m[Kerror: [m[K‘[01m[Ki[m[K’ was not declared in this scope
[1.475s]   113 |         for([01;31m[Ki[m[K=0 ; i< 6 ; i++){
[1.475s]       |             [01;31m[K^[m[K
[1.475s] [01m[K/home/bryan/hexapod_ws/src/hexapod_controller/src/tip_pose_generator.cpp:131:28:[m[K [01;31m[Kerror: [m[Kno matching function for call to ‘[01m[Krclcpp::Publisher<hexapod_interfaces::msg::PointArray_<std::allocator<void> > >::publish(std_msgs::msg::Float64MultiArray&)[m[K’
[1.475s]   131 |         [01;31m[Kpublisher_->publish(final_tip_poses_local)[m[K;
[1.475s]       |         [01;31m[K~~~~~~~~~~~~~~~~~~~^~~~~~~~~~~~~~~~~~~~~~~[m[K
[1.475s] In file included from [01m[K/opt/ros/humble/include/rclcpp/rclcpp/topic_statistics/subscription_topic_statistics.hpp:31[m[K,
[1.476s]                  from [01m[K/opt/ros/humble/include/rclcpp/rclcpp/subscription.hpp:50[m[K,
[1.476s]                  from [01m[K/opt/ros/humble/include/rclcpp/rclcpp/any_executable.hpp:25[m[K,
[1.476s]                  from [01m[K/opt/ros/humble/include/rclcpp/rclcpp/memory_strategy.hpp:25[m[K,
[1.476s]                  from [01m[K/opt/ros/humble/include/rclcpp/rclcpp/memory_strategies.hpp:18[m[K,
[1.476s]                  from [01m[K/opt/ros/humble/include/rclcpp/rclcpp/executor_options.hpp:20[m[K,
[1.476s]                  from [01m[K/opt/ros/humble/include/rclcpp/rclcpp/executor.hpp:37[m[K,
[1.476s]                  from [01m[K/opt/ros/humble/include/rclcpp/rclcpp/executors/multi_threaded_executor.hpp:25[m[K,
[1.476s]                  from [01m[K/opt/ros/humble/include/rclcpp/rclcpp/executors.hpp:21[m[K,
[1.476s]                  from [01m[K/opt/ros/humble/include/rclcpp/rclcpp/rclcpp.hpp:155[m[K,
[1.476s]                  from [01m[K/home/bryan/hexapod_ws/src/hexapod_controller/src/tip_pose_generator.cpp:1[m[K:
[1.476s] [01m[K/opt/ros/humble/include/rclcpp/rclcpp/publisher.hpp:251:3:[m[K [01;36m[Knote: [m[Kcandidate: ‘[01m[Ktemplate<class T> std::enable_if_t<(rosidl_generator_traits::is_message<T>::value && std::is_same<T, typename rclcpp::TypeAdapter<MessageT>::ros_message_type>::value)> rclcpp::Publisher<MessageT, AllocatorT>::publish(std::unique_ptr<T, typename std::conditional<std::is_same<typename std::allocator_traits<typename std::allocator_traits<_Allocator>::rebind_traits<typename rclcpp::TypeAdapter<MessageT, void, void>::ros_message_type>::allocator_type>::rebind_alloc<typename rclcpp::TypeAdapter<MessageT, void, void>::ros_message_type>, std::allocator<typename rclcpp::TypeAdapter<MessageT>::ros_message_type> >::value, std::default_delete<typename rclcpp::TypeAdapter<MessageT>::ros_message_type>, rclcpp::allocator::AllocatorDeleter<typename std::allocator_traits<_Allocator>::rebind_traits<typename rclcpp::TypeAdapter<MessageT, void, void>::ros_message_type>::allocator_type> >::type>) [with T = T; MessageT = hexapod_interfaces::msg::PointArray_<std::allocator<void> >; AllocatorT = std::allocator<void>][m[K’
[1.476s]   251 |   [01;36m[Kpublish[m[K(std::unique_ptr<T, ROSMessageTypeDeleter> msg)
[1.476s]       |   [01;36m[K^~~~~~~[m[K
[1.476s] [01m[K/opt/ros/humble/include/rclcpp/rclcpp/publisher.hpp:251:3:[m[K [01;36m[Knote: [m[K  template argument deduction/substitution failed:
[1.476s] [01m[K/home/bryan/hexapod_ws/src/hexapod_controller/src/tip_pose_generator.cpp:131:28:[m[K [01;36m[Knote: [m[K  ‘[01m[Kstd_msgs::msg::Float64MultiArray_<std::allocator<void> >[m[K’ is not derived from ‘[01m[Kstd::unique_ptr<T, std::default_delete<hexapod_interfaces::msg::PointArray_<std::allocator<void> > > >[m[K’
[1.476s]   131 |         [01;36m[Kpublisher_->publish(final_tip_poses_local)[m[K;
[1.476s]       |         [01;36m[K~~~~~~~~~~~~~~~~~~~^~~~~~~~~~~~~~~~~~~~~~~[m[K
[1.477s] In file included from [01m[K/opt/ros/humble/include/rclcpp/rclcpp/topic_statistics/subscription_topic_statistics.hpp:31[m[K,
[1.477s]                  from [01m[K/opt/ros/humble/include/rclcpp/rclcpp/subscription.hpp:50[m[K,
[1.477s]                  from [01m[K/opt/ros/humble/include/rclcpp/rclcpp/any_executable.hpp:25[m[K,
[1.477s]                  from [01m[K/opt/ros/humble/include/rclcpp/rclcpp/memory_strategy.hpp:25[m[K,
[1.477s]                  from [01m[K/opt/ros/humble/include/rclcpp/rclcpp/memory_strategies.hpp:18[m[K,
[1.477s]                  from [01m[K/opt/ros/humble/include/rclcpp/rclcpp/executor_options.hpp:20[m[K,
[1.477s]                  from [01m[K/opt/ros/humble/include/rclcpp/rclcpp/executor.hpp:37[m[K,
[1.477s]                  from [01m[K/opt/ros/humble/include/rclcpp/rclcpp/executors/multi_threaded_executor.hpp:25[m[K,
[1.477s]                  from [01m[K/opt/ros/humble/include/rclcpp/rclcpp/executors.hpp:21[m[K,
[1.477s]                  from [01m[K/opt/ros/humble/include/rclcpp/rclcpp/rclcpp.hpp:155[m[K,
[1.477s]                  from [01m[K/home/bryan/hexapod_ws/src/hexapod_controller/src/tip_pose_generator.cpp:1[m[K:
[1.477s] [01m[K/opt/ros/humble/include/rclcpp/rclcpp/publisher.hpp:292:3:[m[K [01;36m[Knote: [m[Kcandidate: ‘[01m[Ktemplate<class T> std::enable_if_t<(rosidl_generator_traits::is_message<T>::value && std::is_same<T, typename rclcpp::TypeAdapter<MessageT>::ros_message_type>::value)> rclcpp::Publisher<MessageT, AllocatorT>::publish(const T&) [with T = T; MessageT = hexapod_interfaces::msg::PointArray_<std::allocator<void> >; AllocatorT = std::allocator<void>][m[K’
[1.477s]   292 |   [01;36m[Kpublish[m[K(const T & msg)
[1.477s]       |   [01;36m[K^~~~~~~[m[K
[1.477s] [01m[K/opt/ros/humble/include/rclcpp/rclcpp/publisher.hpp:292:3:[m[K [01;36m[Knote: [m[K  template argument deduction/substitution failed:
[1.477s] In file included from [01m[K/usr/include/c++/11/bits/move.h:57[m[K,
[1.477s]                  from [01m[K/usr/include/c++/11/bits/stl_pair.h:59[m[K,
[1.478s]                  from [01m[K/usr/include/c++/11/bits/stl_algobase.h:64[m[K,
[1.478s]                  from [01m[K/usr/include/c++/11/memory:63[m[K,
[1.478s]                  from [01m[K/opt/ros/humble/include/rclcpp/rclcpp/rclcpp.hpp:153[m[K,
[1.478s]                  from [01m[K/home/bryan/hexapod_ws/src/hexapod_controller/src/tip_pose_generator.cpp:1[m[K:
[1.478s] /usr/include/c++/11/type_traits: In substitution of ‘[01m[Ktemplate<bool _Cond, class _Tp> using enable_if_t = typename std::enable_if::type [with bool _Cond = false; _Tp = void][m[K’:
[1.478s] [01m[K/opt/ros/humble/include/rclcpp/rclcpp/publisher.hpp:292:3:[m[K   required by substitution of ‘[01m[Ktemplate<class T> std::enable_if_t<(rosidl_generator_traits::is_message<T>::value && std::is_same<T, hexapod_interfaces::msg::PointArray_<std::allocator<void> > >::value), void> rclcpp::Publisher<hexapod_interfaces::msg::PointArray_<std::allocator<void> > >::publish<T>(const T&) [with T = std_msgs::msg::Float64MultiArray_<std::allocator<void> >][m[K’
[1.478s] [01m[K/home/bryan/hexapod_ws/src/hexapod_controller/src/tip_pose_generator.cpp:131:28:[m[K   required from here
[1.478s] [01m[K/usr/include/c++/11/type_traits:2579:11:[m[K [01;31m[Kerror: [m[Kno type named ‘[01m[Ktype[m[K’ in ‘[01m[Kstruct std::enable_if<false, void>[m[K’
[1.478s]  2579 |     using [01;31m[Kenable_if_t[m[K = typename enable_if<_Cond, _Tp>::type;
[1.478s]       |           [01;31m[K^~~~~~~~~~~[m[K
[1.478s] In file included from [01m[K/opt/ros/humble/include/rclcpp/rclcpp/topic_statistics/subscription_topic_statistics.hpp:31[m[K,
[1.478s]                  from [01m[K/opt/ros/humble/include/rclcpp/rclcpp/subscription.hpp:50[m[K,
[1.478s]                  from [01m[K/opt/ros/humble/include/rclcpp/rclcpp/any_executable.hpp:25[m[K,
[1.478s]                  from [01m[K/opt/ros/humble/include/rclcpp/rclcpp/memory_strategy.hpp:25[m[K,
[1.478s]                  from [01m[K/opt/ros/humble/include/rclcpp/rclcpp/memory_strategies.hpp:18[m[K,
[1.478s]                  from [01m[K/opt/ros/humble/include/rclcpp/rclcpp/executor_options.hpp:20[m[K,
[1.478s]                  from [01m[K/opt/ros/humble/include/rclcpp/rclcpp/executor.hpp:37[m[K,
[1.478s]                  from [01m[K/opt/ros/humble/include/rclcpp/rclcpp/executors/multi_threaded_executor.hpp:25[m[K,
[1.479s]                  from [01m[K/opt/ros/humble/include/rclcpp/rclcpp/executors.hpp:21[m[K,
[1.479s]                  from [01m[K/opt/ros/humble/include/rclcpp/rclcpp/rclcpp.hpp:155[m[K,
[1.479s]                  from [01m[K/home/bryan/hexapod_ws/src/hexapod_controller/src/tip_pose_generator.cpp:1[m[K:
[1.479s] [01m[K/opt/ros/humble/include/rclcpp/rclcpp/publisher.hpp:322:3:[m[K [01;36m[Knote: [m[Kcandidate: ‘[01m[Ktemplate<class T> std::enable_if_t<(typename rclcpp::TypeAdapter<MessageT>::is_specialized::value && std::is_same<T, typename rclcpp::TypeAdapter<MessageT>::custom_type>::value)> rclcpp::Publisher<MessageT, AllocatorT>::publish(std::unique_ptr<T, typename std::conditional<std::is_same<typename std::allocator_traits<typename std::allocator_traits<_Allocator>::rebind_traits<typename rclcpp::TypeAdapter<MessageT, void, void>::custom_type>::allocator_type>::rebind_alloc<typename rclcpp::TypeAdapter<MessageT, void, void>::custom_type>, std::allocator<typename rclcpp::TypeAdapter<MessageT>::custom_type> >::value, std::default_delete<typename rclcpp::TypeAdapter<MessageT>::custom_type>, rclcpp::allocator::AllocatorDeleter<typename std::allocator_traits<_Allocator>::rebind_traits<typename rclcpp::TypeAdapter<MessageT, void, void>::custom_type>::allocator_type> >::type>) [with T = T; MessageT = hexapod_interfaces::msg::PointArray_<std::allocator<void> >; AllocatorT = std::allocator<void>][m[K’
[1.479s]   322 |   [01;36m[Kpublish[m[K(std::unique_ptr<T, PublishedTypeDeleter> msg)
[1.479s]       |   [01;36m[K^~~~~~~[m[K
[1.479s] [01m[K/opt/ros/humble/include/rclcpp/rclcpp/publisher.hpp:322:3:[m[K [01;36m[Knote: [m[K  template argument deduction/substitution failed:
[1.479s] [01m[K/home/bryan/hexapod_ws/src/hexapod_controller/src/tip_pose_generator.cpp:131:28:[m[K [01;36m[Knote: [m[K  ‘[01m[Kstd_msgs::msg::Float64MultiArray_<std::allocator<void> >[m[K’ is not derived from ‘[01m[Kstd::unique_ptr<T, std::default_delete<hexapod_interfaces::msg::PointArray_<std::allocator<void> > > >[m[K’
[1.479s]   131 |         [01;36m[Kpublisher_->publish(final_tip_poses_local)[m[K;
[1.479s]       |         [01;36m[K~~~~~~~~~~~~~~~~~~~^~~~~~~~~~~~~~~~~~~~~~~[m[K
[1.479s] In file included from [01m[K/opt/ros/humble/include/rclcpp/rclcpp/topic_statistics/subscription_topic_statistics.hpp:31[m[K,
[1.479s]                  from [01m[K/opt/ros/humble/include/rclcpp/rclcpp/subscription.hpp:50[m[K,
[1.479s]                  from [01m[K/opt/ros/humble/include/rclcpp/rclcpp/any_executable.hpp:25[m[K,
[1.479s]                  from [01m[K/opt/ros/humble/include/rclcpp/rclcpp/memory_strategy.hpp:25[m[K,
[1.479s]                  from [01m[K/opt/ros/humble/include/rclcpp/rclcpp/memory_strategies.hpp:18[m[K,
[1.479s]                  from [01m[K/opt/ros/humble/include/rclcpp/rclcpp/executor_options.hpp:20[m[K,
[1.479s]                  from [01m[K/opt/ros/humble/include/rclcpp/rclcpp/executor.hpp:37[m[K,
[1.480s]                  from [01m[K/opt/ros/humble/include/rclcpp/rclcpp/executors/multi_threaded_executor.hpp:25[m[K,
[1.480s]                  from [01m[K/opt/ros/humble/include/rclcpp/rclcpp/executors.hpp:21[m[K,
[1.480s]                  from [01m[K/opt/ros/humble/include/rclcpp/rclcpp/rclcpp.hpp:155[m[K,
[1.480s]                  from [01m[K/home/bryan/hexapod_ws/src/hexapod_controller/src/tip_pose_generator.cpp:1[m[K:
[1.480s] [01m[K/opt/ros/humble/include/rclcpp/rclcpp/publisher.hpp:364:3:[m[K [01;36m[Knote: [m[Kcandidate: ‘[01m[Ktemplate<class T> std::enable_if_t<(typename rclcpp::TypeAdapter<MessageT>::is_specialized::value && std::is_same<T, typename rclcpp::TypeAdapter<MessageT>::custom_type>::value)> rclcpp::Publisher<MessageT, AllocatorT>::publish(const T&) [with T = T; MessageT = hexapod_interfaces::msg::PointArray_<std::allocator<void> >; AllocatorT = std::allocator<void>][m[K’
[1.480s]   364 |   [01;36m[Kpublish[m[K(const T & msg)
[1.480s]       |   [01;36m[K^~~~~~~[m[K
[1.480s] [01m[K/opt/ros/humble/include/rclcpp/rclcpp/publisher.hpp:364:3:[m[K [01;36m[Knote: [m[K  template argument deduction/substitution failed:
[1.480s] [01m[K/opt/ros/humble/include/rclcpp/rclcpp/publisher.hpp:383:3:[m[K [01;36m[Knote: [m[Kcandidate: ‘[01m[Kvoid rclcpp::Publisher<MessageT, AllocatorT>::publish(const rcl_serialized_message_t&) [with MessageT = hexapod_interfaces::msg::PointArray_<std::allocator<void> >; AllocatorT = std::allocator<void>; rcl_serialized_message_t = rcutils_uint8_array_s][m[K’
[1.480s]   383 |   [01;36m[Kpublish[m[K(const rcl_serialized_message_t & serialized_msg)
[1.480s]       |   [01;36m[K^~~~~~~[m[K
[1.480s] [01m[K/opt/ros/humble/include/rclcpp/rclcpp/publisher.hpp:383:44:[m[K [01;36m[Knote: [m[K  no known conversion for argument 1 from ‘[01m[Kstd_msgs::msg::Float64MultiArray[m[K’ {aka ‘[01m[Kstd_msgs::msg::Float64MultiArray_<std::allocator<void> >[m[K’} to ‘[01m[Kconst rcl_serialized_message_t&[m[K’ {aka ‘[01m[Kconst rcutils_uint8_array_s&[m[K’}
[1.480s]   383 |   publish([01;36m[Kconst rcl_serialized_message_t & serialized_msg[m[K)
[1.480s]       |           [01;36m[K~~~~~~~~~~~~~~~~~~~~~~~~~~~~~~~~~^~~~~~~~~~~~~~[m[K
[1.480s] [01m[K/opt/ros/humble/include/rclcpp/rclcpp/publisher.hpp:389:3:[m[K [01;36m[Knote: [m[Kcandidate: ‘[01m[Kvoid rclcpp::Publisher<MessageT, AllocatorT>::publish(const rclcpp::SerializedMessage&) [with MessageT = hexapod_interfaces::msg::PointArray_<std::allocator<void> >; AllocatorT = std::allocator<void>][m[K’
[1.480s]   389 |   [01;36m[Kpublish[m[K(const SerializedMessage & serialized_msg)
[1.480s]       |   [01;36m[K^~~~~~~[m[K
[1.480s] [01m[K/opt/ros/humble/include/rclcpp/rclcpp/publisher.hpp:389:37:[m[K [01;36m[Knote: [m[K  no known conversion for argument 1 from ‘[01m[Kstd_msgs::msg::Float64MultiArray[m[K’ {aka ‘[01m[Kstd_msgs::msg::Float64MultiArray_<std::allocator<void> >[m[K’} to ‘[01m[Kconst rclcpp::SerializedMessage&[m[K’
[1.481s]   389 |   publish([01;36m[Kconst SerializedMessage & serialized_msg[m[K)
[1.481s]       |           [01;36m[K~~~~~~~~~~~~~~~~~~~~~~~~~~^~~~~~~~~~~~~~[m[K
[1.481s] [01m[K/opt/ros/humble/include/rclcpp/rclcpp/publisher.hpp:403:3:[m[K [01;36m[Knote: [m[Kcandidate: ‘[01m[Kvoid rclcpp::Publisher<MessageT, AllocatorT>::publish(rclcpp::LoanedMessage<typename rclcpp::TypeAdapter<MessageT>::ros_message_type, AllocatorT>&&) [with MessageT = hexapod_interfaces::msg::PointArray_<std::allocator<void> >; AllocatorT = std::allocator<void>; typename rclcpp::TypeAdapter<MessageT>::ros_message_type = hexapod_interfaces::msg::PointArray_<std::allocator<void> >][m[K’
[1.481s]   403 |   [01;36m[Kpublish[m[K(rclcpp::LoanedMessage<ROSMessageType, AllocatorT> && loaned_msg)
[1.481s]       |   [01;36m[K^~~~~~~[m[K
[1.481s] [01m[K/opt/ros/humble/include/rclcpp/rclcpp/publisher.hpp:403:64:[m[K [01;36m[Knote: [m[K  no known conversion for argument 1 from ‘[01m[Kstd_msgs::msg::Float64MultiArray[m[K’ {aka ‘[01m[Kstd_msgs::msg::Float64MultiArray_<std::allocator<void> >[m[K’} to ‘[01m[Krclcpp::LoanedMessage<hexapod_interfaces::msg::PointArray_<std::allocator<void> >, std::allocator<void> >&&[m[K’
[1.481s]   403 |   publish([01;36m[Krclcpp::LoanedMessage<ROSMessageType, AllocatorT> && loaned_msg[m[K)
[1.481s]       |           [01;36m[K~~~~~~~~~~~~~~~~~~~~~~~~~~~~~~~~~~~~~~~~~~~~~~~~~~~~~^~~~~~~~~~[m[K
[2.972s] gmake[2]: *** [CMakeFiles/tip_trajectory_generator.dir/build.make:76: CMakeFiles/tip_trajectory_generator.dir/src/tip_trajectory_generator.cpp.o] Error 1
[2.973s] gmake[1]: *** [CMakeFiles/Makefile2:221: CMakeFiles/tip_trajectory_generator.dir/all] Error 2
[3.314s] gmake[2]: *** [CMakeFiles/tip_pose_generator.dir/build.make:76: CMakeFiles/tip_pose_generator.dir/src/tip_pose_generator.cpp.o] Error 1
[3.314s] gmake[1]: *** [CMakeFiles/Makefile2:195: CMakeFiles/tip_pose_generator.dir/all] Error 2
[3.315s] gmake: *** [Makefile:146: all] Error 2
[3.317s] Invoked command in '/home/bryan/hexapod_ws/build/hexapod_controller' returned '2': CMAKE_PREFIX_PATH=/home/bryan/hexapod_ws/install/hexapod_interfaces:/home/bryan/pico_ws/install/whycon:/home/bryan/pico_ws/install/swift_pico:/home/bryan/pico_ws/install/waypoint_navigation:/home/bryan/pico_ws/install/swift_pico_description:/home/bryan/pico_ws/install/rotors_swift_interface:/home/bryan/pico_ws/install/swift_msgs:/home/bryan/pico_ws/install/rotors_swift_gazebo:/home/bryan/pico_ws/install/rotors_swift_description:/home/bryan/pico_ws/install/rotors_control:/home/bryan/pico_ws/install/pid_tune:/home/bryan/pico_ws/install/pid_msg:/home/bryan/pico_ws/install/mav_comm:/home/bryan/pico_ws/install/mav_system_msgs:/home/bryan/pico_ws/install/mav_state_machine_msgs:/home/bryan/pico_ws/install/mav_planning_msgs:/home/bryan/pico_ws/install/mav_msgs:/home/bryan/hexapod_ws/install/hexapod_utils:/home/bryan/hexapod_ws/install/hexapod_kinematics:/home/bryan/hexapod_ws/install/hexapod_description:/home/bryan/hexapod_ws/install/hexapod_controller:/home/bryan/turtlesim_ws/install/turtlesim:/opt/ros/humble LD_LIBRARY_PATH=/home/bryan/hexapod_ws/install/hexapod_interfaces/lib:/home/bryan/pico_ws/install/whycon/lib:/home/bryan/pico_ws/install/waypoint_navigation/lib:/home/bryan/pico_ws/install/rotors_control/lib:/home/bryan/pico_ws/install/mav_planning_msgs/lib:/home/bryan/turtlesim_ws/install/turtlesim/lib:/usr/lib/x86_64-linux-gnu/gazebo-11/plugins:/usr/local/lib:/home/bryan/pico_ws/install/swift_msgs/lib:/home/bryan/pico_ws/install/pid_msg/lib:/home/bryan/pico_ws/install/mav_system_msgs/lib:/home/bryan/pico_ws/install/mav_state_machine_msgs/lib:/home/bryan/pico_ws/install/mav_msgs/lib:/opt/ros/humble/opt/rviz_ogre_vendor/lib:/opt/ros/humble/lib/x86_64-linux-gnu:/opt/ros/humble/lib /usr/bin/cmake --build /home/bryan/hexapod_ws/build/hexapod_controller -- -j16 -l16
