[0.016s] Invoking command in '/home/bryan/hexapod_ws/build/hexapod_controller': CMAKE_PREFIX_PATH=/home/bryan/hexapod_ws/install/hexapod_interfaces:/home/bryan/pico_ws/install/whycon:/home/bryan/pico_ws/install/swift_pico:/home/bryan/pico_ws/install/waypoint_navigation:/home/bryan/pico_ws/install/swift_pico_description:/home/bryan/pico_ws/install/rotors_swift_interface:/home/bryan/pico_ws/install/swift_msgs:/home/bryan/pico_ws/install/rotors_swift_gazebo:/home/bryan/pico_ws/install/rotors_swift_description:/home/bryan/pico_ws/install/rotors_control:/home/bryan/pico_ws/install/pid_tune:/home/bryan/pico_ws/install/pid_msg:/home/bryan/pico_ws/install/mav_comm:/home/bryan/pico_ws/install/mav_system_msgs:/home/bryan/pico_ws/install/mav_state_machine_msgs:/home/bryan/pico_ws/install/mav_planning_msgs:/home/bryan/pico_ws/install/mav_msgs:/home/bryan/hexapod_ws/install/hexapod_utils:/home/bryan/hexapod_ws/install/hexapod_kinematics:/home/bryan/hexapod_ws/install/hexapod_controller:/home/bryan/hexapod_ws/install/hexapod_description:/home/bryan/turtlesim_ws/install/turtlesim:/opt/ros/humble LD_LIBRARY_PATH=/home/bryan/hexapod_ws/install/hexapod_interfaces/lib:/home/bryan/pico_ws/install/whycon/lib:/home/bryan/pico_ws/install/waypoint_navigation/lib:/home/bryan/pico_ws/install/rotors_control/lib:/home/bryan/pico_ws/install/mav_planning_msgs/lib:/home/bryan/turtlesim_ws/install/turtlesim/lib:/usr/lib/x86_64-linux-gnu/gazebo-11/plugins:/usr/local/lib:/home/bryan/pico_ws/install/swift_msgs/lib:/home/bryan/pico_ws/install/pid_msg/lib:/home/bryan/pico_ws/install/mav_system_msgs/lib:/home/bryan/pico_ws/install/mav_state_machine_msgs/lib:/home/bryan/pico_ws/install/mav_msgs/lib:/opt/ros/humble/opt/rviz_ogre_vendor/lib:/opt/ros/humble/lib/x86_64-linux-gnu:/opt/ros/humble/lib /usr/bin/cmake --build /home/bryan/hexapod_ws/build/hexapod_controller -- -j16 -l16
[0.068s] [35m[1mConsolidate compiler generated dependencies of target tip_trajectory_generator[0m
[0.083s] [ 25%] Built target inverse_kinematics
[0.084s] [ 50%] Built target tip_pose_generator
[0.085s] [ 75%] Built target body_pose_generator
[0.085s] [ 87%] [32mBuilding CXX object CMakeFiles/tip_trajectory_generator.dir/src/tip_trajectory_generator.cpp.o[0m
[2.393s] In file included from [01m[K/opt/ros/humble/include/rclcpp/rclcpp/logging.hpp:24[m[K,
[2.393s]                  from [01m[K/opt/ros/humble/include/rclcpp/rclcpp/client.hpp:40[m[K,
[2.394s]                  from [01m[K/opt/ros/humble/include/rclcpp/rclcpp/callback_group.hpp:24[m[K,
[2.394s]                  from [01m[K/opt/ros/humble/include/rclcpp/rclcpp/any_executable.hpp:20[m[K,
[2.394s]                  from [01m[K/opt/ros/humble/include/rclcpp/rclcpp/memory_strategy.hpp:25[m[K,
[2.394s]                  from [01m[K/opt/ros/humble/include/rclcpp/rclcpp/memory_strategies.hpp:18[m[K,
[2.394s]                  from [01m[K/opt/ros/humble/include/rclcpp/rclcpp/executor_options.hpp:20[m[K,
[2.394s]                  from [01m[K/opt/ros/humble/include/rclcpp/rclcpp/executor.hpp:37[m[K,
[2.394s]                  from [01m[K/opt/ros/humble/include/rclcpp/rclcpp/executors/multi_threaded_executor.hpp:25[m[K,
[2.394s]                  from [01m[K/opt/ros/humble/include/rclcpp/rclcpp/executors.hpp:21[m[K,
[2.394s]                  from [01m[K/opt/ros/humble/include/rclcpp/rclcpp/rclcpp.hpp:155[m[K,
[2.394s]                  from [01m[K/home/bryan/hexapod_ws/src/hexapod_controller/src/tip_trajectory_generator.cpp:1[m[K:
[2.394s] [01m[K/home/bryan/hexapod_ws/src/hexapod_controller/src/tip_trajectory_generator.cpp:[m[K In member function ‘[01m[Kgeometry_msgs::msg::Point HexapodTrajectoryGenNode::quadraticBezier3D(geometry_msgs::msg::Point, geometry_msgs::msg::Point, geometry_msgs::msg::Point, double, int)[m[K’:
[2.395s] [01m[K/home/bryan/hexapod_ws/src/hexapod_controller/src/tip_trajectory_generator.cpp:43:41:[m[K [01;35m[Kwarning: [m[Ktoo many arguments for format [[01;35m[K]8;;https://gcc.gnu.org/onlinedocs/gcc/Warning-Options.html#index-Wformat-extra-args-Wformat-extra-args]8;;[m[K]
[2.395s]    43 |         RCLCPP_INFO(this->get_logger(), [01;35m[K"t_quadratic_bezier_3d"[m[K, t);
[2.395s]       |                                         [01;35m[K^~~~~~~~~~~~~~~~~~~~~~~[m[K
[8.888s] [100%] [32m[1mLinking CXX executable tip_trajectory_generator[0m
[9.369s] [100%] Built target tip_trajectory_generator
[9.382s] Invoked command in '/home/bryan/hexapod_ws/build/hexapod_controller' returned '0': CMAKE_PREFIX_PATH=/home/bryan/hexapod_ws/install/hexapod_interfaces:/home/bryan/pico_ws/install/whycon:/home/bryan/pico_ws/install/swift_pico:/home/bryan/pico_ws/install/waypoint_navigation:/home/bryan/pico_ws/install/swift_pico_description:/home/bryan/pico_ws/install/rotors_swift_interface:/home/bryan/pico_ws/install/swift_msgs:/home/bryan/pico_ws/install/rotors_swift_gazebo:/home/bryan/pico_ws/install/rotors_swift_description:/home/bryan/pico_ws/install/rotors_control:/home/bryan/pico_ws/install/pid_tune:/home/bryan/pico_ws/install/pid_msg:/home/bryan/pico_ws/install/mav_comm:/home/bryan/pico_ws/install/mav_system_msgs:/home/bryan/pico_ws/install/mav_state_machine_msgs:/home/bryan/pico_ws/install/mav_planning_msgs:/home/bryan/pico_ws/install/mav_msgs:/home/bryan/hexapod_ws/install/hexapod_utils:/home/bryan/hexapod_ws/install/hexapod_kinematics:/home/bryan/hexapod_ws/install/hexapod_controller:/home/bryan/hexapod_ws/install/hexapod_description:/home/bryan/turtlesim_ws/install/turtlesim:/opt/ros/humble LD_LIBRARY_PATH=/home/bryan/hexapod_ws/install/hexapod_interfaces/lib:/home/bryan/pico_ws/install/whycon/lib:/home/bryan/pico_ws/install/waypoint_navigation/lib:/home/bryan/pico_ws/install/rotors_control/lib:/home/bryan/pico_ws/install/mav_planning_msgs/lib:/home/bryan/turtlesim_ws/install/turtlesim/lib:/usr/lib/x86_64-linux-gnu/gazebo-11/plugins:/usr/local/lib:/home/bryan/pico_ws/install/swift_msgs/lib:/home/bryan/pico_ws/install/pid_msg/lib:/home/bryan/pico_ws/install/mav_system_msgs/lib:/home/bryan/pico_ws/install/mav_state_machine_msgs/lib:/home/bryan/pico_ws/install/mav_msgs/lib:/opt/ros/humble/opt/rviz_ogre_vendor/lib:/opt/ros/humble/lib/x86_64-linux-gnu:/opt/ros/humble/lib /usr/bin/cmake --build /home/bryan/hexapod_ws/build/hexapod_controller -- -j16 -l16
[9.449s] Invoking command in '/home/bryan/hexapod_ws/build/hexapod_controller': CMAKE_PREFIX_PATH=/home/bryan/hexapod_ws/install/hexapod_interfaces:/home/bryan/pico_ws/install/whycon:/home/bryan/pico_ws/install/swift_pico:/home/bryan/pico_ws/install/waypoint_navigation:/home/bryan/pico_ws/install/swift_pico_description:/home/bryan/pico_ws/install/rotors_swift_interface:/home/bryan/pico_ws/install/swift_msgs:/home/bryan/pico_ws/install/rotors_swift_gazebo:/home/bryan/pico_ws/install/rotors_swift_description:/home/bryan/pico_ws/install/rotors_control:/home/bryan/pico_ws/install/pid_tune:/home/bryan/pico_ws/install/pid_msg:/home/bryan/pico_ws/install/mav_comm:/home/bryan/pico_ws/install/mav_system_msgs:/home/bryan/pico_ws/install/mav_state_machine_msgs:/home/bryan/pico_ws/install/mav_planning_msgs:/home/bryan/pico_ws/install/mav_msgs:/home/bryan/hexapod_ws/install/hexapod_utils:/home/bryan/hexapod_ws/install/hexapod_kinematics:/home/bryan/hexapod_ws/install/hexapod_controller:/home/bryan/hexapod_ws/install/hexapod_description:/home/bryan/turtlesim_ws/install/turtlesim:/opt/ros/humble LD_LIBRARY_PATH=/home/bryan/hexapod_ws/install/hexapod_interfaces/lib:/home/bryan/pico_ws/install/whycon/lib:/home/bryan/pico_ws/install/waypoint_navigation/lib:/home/bryan/pico_ws/install/rotors_control/lib:/home/bryan/pico_ws/install/mav_planning_msgs/lib:/home/bryan/turtlesim_ws/install/turtlesim/lib:/usr/lib/x86_64-linux-gnu/gazebo-11/plugins:/usr/local/lib:/home/bryan/pico_ws/install/swift_msgs/lib:/home/bryan/pico_ws/install/pid_msg/lib:/home/bryan/pico_ws/install/mav_system_msgs/lib:/home/bryan/pico_ws/install/mav_state_machine_msgs/lib:/home/bryan/pico_ws/install/mav_msgs/lib:/opt/ros/humble/opt/rviz_ogre_vendor/lib:/opt/ros/humble/lib/x86_64-linux-gnu:/opt/ros/humble/lib /usr/bin/cmake --install /home/bryan/hexapod_ws/build/hexapod_controller
[9.460s] -- Install configuration: ""
[9.460s] -- Up-to-date: /home/bryan/hexapod_ws/install/hexapod_controller/include/include
[9.460s] -- Up-to-date: /home/bryan/hexapod_ws/install/hexapod_controller/include/include/hexapod_controller
[9.460s] -- Up-to-date: /home/bryan/hexapod_ws/install/hexapod_controller/include/include/hexapod_controller/pid_controller.hpp
[9.460s] -- Up-to-date: /home/bryan/hexapod_ws/install/hexapod_controller/lib/hexapod_controller/inverse_kinematics
[9.460s] -- Up-to-date: /home/bryan/hexapod_ws/install/hexapod_controller/lib/hexapod_controller/body_pose_generator
[9.460s] -- Up-to-date: /home/bryan/hexapod_ws/install/hexapod_controller/lib/hexapod_controller/tip_pose_generator
[9.460s] -- Installing: /home/bryan/hexapod_ws/install/hexapod_controller/lib/hexapod_controller/tip_trajectory_generator
[9.464s] -- Set runtime path of "/home/bryan/hexapod_ws/install/hexapod_controller/lib/hexapod_controller/tip_trajectory_generator" to ""
[9.464s] -- Up-to-date: /home/bryan/hexapod_ws/install/hexapod_controller/share/hexapod_controller/config
[9.464s] -- Up-to-date: /home/bryan/hexapod_ws/install/hexapod_controller/share/hexapod_controller/config/hexapod_controllers.yaml
[9.464s] -- Up-to-date: /home/bryan/hexapod_ws/install/hexapod_controller/share/hexapod_controller/config/joy_teleop.yaml
[9.464s] -- Up-to-date: /home/bryan/hexapod_ws/install/hexapod_controller/share/hexapod_controller/config/joy_config.yaml
[9.464s] -- Up-to-date: /home/bryan/hexapod_ws/install/hexapod_controller/share/hexapod_controller/launch
[9.464s] -- Up-to-date: /home/bryan/hexapod_ws/install/hexapod_controller/share/hexapod_controller/launch/controller.launch.py
[9.464s] -- Up-to-date: /home/bryan/hexapod_ws/install/hexapod_controller/share/hexapod_controller/launch/joystick_teleop.launch.py
[9.464s] -- Up-to-date: /home/bryan/hexapod_ws/install/hexapod_controller/share/hexapod_controller/launch/keyboard_teleop.launch.py
[9.464s] -- Up-to-date: /home/bryan/hexapod_ws/install/hexapod_controller/share/ament_index/resource_index/package_run_dependencies/hexapod_controller
[9.464s] -- Up-to-date: /home/bryan/hexapod_ws/install/hexapod_controller/share/ament_index/resource_index/parent_prefix_path/hexapod_controller
[9.464s] -- Up-to-date: /home/bryan/hexapod_ws/install/hexapod_controller/share/hexapod_controller/environment/ament_prefix_path.sh
[9.464s] -- Up-to-date: /home/bryan/hexapod_ws/install/hexapod_controller/share/hexapod_controller/environment/ament_prefix_path.dsv
[9.464s] -- Up-to-date: /home/bryan/hexapod_ws/install/hexapod_controller/share/hexapod_controller/environment/path.sh
[9.464s] -- Up-to-date: /home/bryan/hexapod_ws/install/hexapod_controller/share/hexapod_controller/environment/path.dsv
[9.464s] -- Up-to-date: /home/bryan/hexapod_ws/install/hexapod_controller/share/hexapod_controller/local_setup.bash
[9.464s] -- Up-to-date: /home/bryan/hexapod_ws/install/hexapod_controller/share/hexapod_controller/local_setup.sh
[9.465s] -- Up-to-date: /home/bryan/hexapod_ws/install/hexapod_controller/share/hexapod_controller/local_setup.zsh
[9.465s] -- Up-to-date: /home/bryan/hexapod_ws/install/hexapod_controller/share/hexapod_controller/local_setup.dsv
[9.465s] -- Installing: /home/bryan/hexapod_ws/install/hexapod_controller/share/hexapod_controller/package.dsv
[9.465s] -- Up-to-date: /home/bryan/hexapod_ws/install/hexapod_controller/share/ament_index/resource_index/packages/hexapod_controller
[9.465s] -- Up-to-date: /home/bryan/hexapod_ws/install/hexapod_controller/share/hexapod_controller/cmake/hexapod_controllerConfig.cmake
[9.465s] -- Up-to-date: /home/bryan/hexapod_ws/install/hexapod_controller/share/hexapod_controller/cmake/hexapod_controllerConfig-version.cmake
[9.465s] -- Up-to-date: /home/bryan/hexapod_ws/install/hexapod_controller/share/hexapod_controller/package.xml
[9.466s] Invoked command in '/home/bryan/hexapod_ws/build/hexapod_controller' returned '0': CMAKE_PREFIX_PATH=/home/bryan/hexapod_ws/install/hexapod_interfaces:/home/bryan/pico_ws/install/whycon:/home/bryan/pico_ws/install/swift_pico:/home/bryan/pico_ws/install/waypoint_navigation:/home/bryan/pico_ws/install/swift_pico_description:/home/bryan/pico_ws/install/rotors_swift_interface:/home/bryan/pico_ws/install/swift_msgs:/home/bryan/pico_ws/install/rotors_swift_gazebo:/home/bryan/pico_ws/install/rotors_swift_description:/home/bryan/pico_ws/install/rotors_control:/home/bryan/pico_ws/install/pid_tune:/home/bryan/pico_ws/install/pid_msg:/home/bryan/pico_ws/install/mav_comm:/home/bryan/pico_ws/install/mav_system_msgs:/home/bryan/pico_ws/install/mav_state_machine_msgs:/home/bryan/pico_ws/install/mav_planning_msgs:/home/bryan/pico_ws/install/mav_msgs:/home/bryan/hexapod_ws/install/hexapod_utils:/home/bryan/hexapod_ws/install/hexapod_kinematics:/home/bryan/hexapod_ws/install/hexapod_controller:/home/bryan/hexapod_ws/install/hexapod_description:/home/bryan/turtlesim_ws/install/turtlesim:/opt/ros/humble LD_LIBRARY_PATH=/home/bryan/hexapod_ws/install/hexapod_interfaces/lib:/home/bryan/pico_ws/install/whycon/lib:/home/bryan/pico_ws/install/waypoint_navigation/lib:/home/bryan/pico_ws/install/rotors_control/lib:/home/bryan/pico_ws/install/mav_planning_msgs/lib:/home/bryan/turtlesim_ws/install/turtlesim/lib:/usr/lib/x86_64-linux-gnu/gazebo-11/plugins:/usr/local/lib:/home/bryan/pico_ws/install/swift_msgs/lib:/home/bryan/pico_ws/install/pid_msg/lib:/home/bryan/pico_ws/install/mav_system_msgs/lib:/home/bryan/pico_ws/install/mav_state_machine_msgs/lib:/home/bryan/pico_ws/install/mav_msgs/lib:/opt/ros/humble/opt/rviz_ogre_vendor/lib:/opt/ros/humble/lib/x86_64-linux-gnu:/opt/ros/humble/lib /usr/bin/cmake --install /home/bryan/hexapod_ws/build/hexapod_controller
