[0.021s] Invoking command in '/home/bryan/hexapod_ws/build/hexapod_controller': CMAKE_PREFIX_PATH=/home/bryan/hexapod_ws/install/hexapod_interfaces:/home/bryan/pico_ws/install/whycon:/home/bryan/pico_ws/install/swift_pico:/home/bryan/pico_ws/install/waypoint_navigation:/home/bryan/pico_ws/install/swift_pico_description:/home/bryan/pico_ws/install/rotors_swift_interface:/home/bryan/pico_ws/install/swift_msgs:/home/bryan/pico_ws/install/rotors_swift_gazebo:/home/bryan/pico_ws/install/rotors_swift_description:/home/bryan/pico_ws/install/rotors_control:/home/bryan/pico_ws/install/pid_tune:/home/bryan/pico_ws/install/pid_msg:/home/bryan/pico_ws/install/mav_comm:/home/bryan/pico_ws/install/mav_system_msgs:/home/bryan/pico_ws/install/mav_state_machine_msgs:/home/bryan/pico_ws/install/mav_planning_msgs:/home/bryan/pico_ws/install/mav_msgs:/home/bryan/hexapod_ws/install/hexapod_utils:/home/bryan/hexapod_ws/install/hexapod_kinematics:/home/bryan/hexapod_ws/install/hexapod_controller:/home/bryan/hexapod_ws/install/hexapod_description:/home/bryan/turtlesim_ws/install/turtlesim:/opt/ros/humble LD_LIBRARY_PATH=/home/bryan/hexapod_ws/install/hexapod_interfaces/lib:/home/bryan/pico_ws/install/whycon/lib:/home/bryan/pico_ws/install/waypoint_navigation/lib:/home/bryan/pico_ws/install/rotors_control/lib:/home/bryan/pico_ws/install/mav_planning_msgs/lib:/home/bryan/turtlesim_ws/install/turtlesim/lib:/usr/lib/x86_64-linux-gnu/gazebo-11/plugins:/usr/local/lib:/home/bryan/pico_ws/install/swift_msgs/lib:/home/bryan/pico_ws/install/pid_msg/lib:/home/bryan/pico_ws/install/mav_system_msgs/lib:/home/bryan/pico_ws/install/mav_state_machine_msgs/lib:/home/bryan/pico_ws/install/mav_msgs/lib:/opt/ros/humble/opt/rviz_ogre_vendor/lib:/opt/ros/humble/lib/x86_64-linux-gnu:/opt/ros/humble/lib /usr/bin/cmake --build /home/bryan/hexapod_ws/build/hexapod_controller -- -j16 -l16
[0.103s] [35m[1mConsolidate compiler generated dependencies of target tip_trajectory_generator[0m
[0.129s] [ 50%] Built target inverse_kinematics
[0.130s] [ 50%] Built target tip_pose_generator
[0.131s] [ 62%] [32mBuilding CXX object CMakeFiles/tip_trajectory_generator.dir/src/tip_trajectory_generator.cpp.o[0m
[0.137s] [ 87%] Built target body_pose_generator
[4.205s] [01m[K/home/bryan/hexapod_ws/src/hexapod_controller/src/tip_trajectory_generator.cpp:[m[K In constructor ‘[01m[KHexapodTrajectoryGenNode::HexapodTrajectoryGenNode()[m[K’:
[4.205s] [01m[K/home/bryan/hexapod_ws/src/hexapod_controller/src/tip_trajectory_generator.cpp:35:33:[m[K [01;31m[Kerror: [m[K‘[01m[Kclass std::vector<std::shared_ptr<rclcpp::Publisher<geometry_msgs::msg::PointStamped_<std::allocator<void> > > > >[m[K’ has no member named ‘[01m[Kpush_bback[m[K’; did you mean ‘[01m[Kpush_back[m[K’?
[4.205s]    35 |         publisher_point_stamped.[01;31m[Kpush_bback[m[K(this->create_publisher<geometry_msgs::msg::PointStamped>("/point_stamped0", 10));
[4.205s]       |                                 [01;31m[K^~~~~~~~~~[m[K
[4.205s]       |                                 [32m[Kpush_back[m[K
[4.209s] [01m[K/home/bryan/hexapod_ws/src/hexapod_controller/src/tip_trajectory_generator.cpp:36:33:[m[K [01;31m[Kerror: [m[K‘[01m[Kclass std::vector<std::shared_ptr<rclcpp::Publisher<geometry_msgs::msg::PointStamped_<std::allocator<void> > > > >[m[K’ has no member named ‘[01m[Kpush_bback[m[K’; did you mean ‘[01m[Kpush_back[m[K’?
[4.210s]    36 |         publisher_point_stamped.[01;31m[Kpush_bback[m[K(this->create_publisher<geometry_msgs::msg::PointStamped>("/point_stamped1", 10));
[4.210s]       |                                 [01;31m[K^~~~~~~~~~[m[K
[4.210s]       |                                 [32m[Kpush_back[m[K
[4.210s] [01m[K/home/bryan/hexapod_ws/src/hexapod_controller/src/tip_trajectory_generator.cpp:37:33:[m[K [01;31m[Kerror: [m[K‘[01m[Kclass std::vector<std::shared_ptr<rclcpp::Publisher<geometry_msgs::msg::PointStamped_<std::allocator<void> > > > >[m[K’ has no member named ‘[01m[Kpush_bback[m[K’; did you mean ‘[01m[Kpush_back[m[K’?
[4.210s]    37 |         publisher_point_stamped.[01;31m[Kpush_bback[m[K(this->create_publisher<geometry_msgs::msg::PointStamped>("/point_stamped2", 10));
[4.211s]       |                                 [01;31m[K^~~~~~~~~~[m[K
[4.211s]       |                                 [32m[Kpush_back[m[K
[4.211s] [01m[K/home/bryan/hexapod_ws/src/hexapod_controller/src/tip_trajectory_generator.cpp:38:33:[m[K [01;31m[Kerror: [m[K‘[01m[Kclass std::vector<std::shared_ptr<rclcpp::Publisher<geometry_msgs::msg::PointStamped_<std::allocator<void> > > > >[m[K’ has no member named ‘[01m[Kpush_bback[m[K’; did you mean ‘[01m[Kpush_back[m[K’?
[4.211s]    38 |         publisher_point_stamped.[01;31m[Kpush_bback[m[K(this->create_publisher<geometry_msgs::msg::PointStamped>("/point_stamped3", 10));
[4.211s]       |                                 [01;31m[K^~~~~~~~~~[m[K
[4.211s]       |                                 [32m[Kpush_back[m[K
[4.211s] [01m[K/home/bryan/hexapod_ws/src/hexapod_controller/src/tip_trajectory_generator.cpp:39:33:[m[K [01;31m[Kerror: [m[K‘[01m[Kclass std::vector<std::shared_ptr<rclcpp::Publisher<geometry_msgs::msg::PointStamped_<std::allocator<void> > > > >[m[K’ has no member named ‘[01m[Kpush_bback[m[K’; did you mean ‘[01m[Kpush_back[m[K’?
[4.212s]    39 |         publisher_point_stamped.[01;31m[Kpush_bback[m[K(this->create_publisher<geometry_msgs::msg::PointStamped>("/point_stamped4", 10));
[4.212s]       |                                 [01;31m[K^~~~~~~~~~[m[K
[4.212s]       |                                 [32m[Kpush_back[m[K
[4.212s] [01m[K/home/bryan/hexapod_ws/src/hexapod_controller/src/tip_trajectory_generator.cpp:40:33:[m[K [01;31m[Kerror: [m[K‘[01m[Kclass std::vector<std::shared_ptr<rclcpp::Publisher<geometry_msgs::msg::PointStamped_<std::allocator<void> > > > >[m[K’ has no member named ‘[01m[Kpush_bback[m[K’; did you mean ‘[01m[Kpush_back[m[K’?
[4.212s]    40 |         publisher_point_stamped.[01;31m[Kpush_bback[m[K(this->create_publisher<geometry_msgs::msg::PointStamped>("/point_stamped5", 10));
[4.212s]       |                                 [01;31m[K^~~~~~~~~~[m[K
[4.212s]       |                                 [32m[Kpush_back[m[K
[9.947s] gmake[2]: *** [CMakeFiles/tip_trajectory_generator.dir/build.make:76: CMakeFiles/tip_trajectory_generator.dir/src/tip_trajectory_generator.cpp.o] Error 1
[9.948s] gmake[1]: *** [CMakeFiles/Makefile2:221: CMakeFiles/tip_trajectory_generator.dir/all] Error 2
[9.948s] gmake: *** [Makefile:146: all] Error 2
[9.954s] Invoked command in '/home/bryan/hexapod_ws/build/hexapod_controller' returned '2': CMAKE_PREFIX_PATH=/home/bryan/hexapod_ws/install/hexapod_interfaces:/home/bryan/pico_ws/install/whycon:/home/bryan/pico_ws/install/swift_pico:/home/bryan/pico_ws/install/waypoint_navigation:/home/bryan/pico_ws/install/swift_pico_description:/home/bryan/pico_ws/install/rotors_swift_interface:/home/bryan/pico_ws/install/swift_msgs:/home/bryan/pico_ws/install/rotors_swift_gazebo:/home/bryan/pico_ws/install/rotors_swift_description:/home/bryan/pico_ws/install/rotors_control:/home/bryan/pico_ws/install/pid_tune:/home/bryan/pico_ws/install/pid_msg:/home/bryan/pico_ws/install/mav_comm:/home/bryan/pico_ws/install/mav_system_msgs:/home/bryan/pico_ws/install/mav_state_machine_msgs:/home/bryan/pico_ws/install/mav_planning_msgs:/home/bryan/pico_ws/install/mav_msgs:/home/bryan/hexapod_ws/install/hexapod_utils:/home/bryan/hexapod_ws/install/hexapod_kinematics:/home/bryan/hexapod_ws/install/hexapod_controller:/home/bryan/hexapod_ws/install/hexapod_description:/home/bryan/turtlesim_ws/install/turtlesim:/opt/ros/humble LD_LIBRARY_PATH=/home/bryan/hexapod_ws/install/hexapod_interfaces/lib:/home/bryan/pico_ws/install/whycon/lib:/home/bryan/pico_ws/install/waypoint_navigation/lib:/home/bryan/pico_ws/install/rotors_control/lib:/home/bryan/pico_ws/install/mav_planning_msgs/lib:/home/bryan/turtlesim_ws/install/turtlesim/lib:/usr/lib/x86_64-linux-gnu/gazebo-11/plugins:/usr/local/lib:/home/bryan/pico_ws/install/swift_msgs/lib:/home/bryan/pico_ws/install/pid_msg/lib:/home/bryan/pico_ws/install/mav_system_msgs/lib:/home/bryan/pico_ws/install/mav_state_machine_msgs/lib:/home/bryan/pico_ws/install/mav_msgs/lib:/opt/ros/humble/opt/rviz_ogre_vendor/lib:/opt/ros/humble/lib/x86_64-linux-gnu:/opt/ros/humble/lib /usr/bin/cmake --build /home/bryan/hexapod_ws/build/hexapod_controller -- -j16 -l16
