[0.043s] Invoking command in '/home/bryan/hexapod_ws/build/hexapod_utils': CMAKE_PREFIX_PATH=${CMAKE_PREFIX_PATH}:/opt/ros/humble /usr/bin/cmake --build /home/bryan/hexapod_ws/build/hexapod_utils -- -j16 -l16
[0.126s] Invoked command in '/home/bryan/hexapod_ws/build/hexapod_utils' returned '0': CMAKE_PREFIX_PATH=${CMAKE_PREFIX_PATH}:/opt/ros/humble /usr/bin/cmake --build /home/bryan/hexapod_ws/build/hexapod_utils -- -j16 -l16
[0.197s] Invoking command in '/home/bryan/hexapod_ws/build/hexapod_utils': CMAKE_PREFIX_PATH=${CMAKE_PREFIX_PATH}:/opt/ros/humble /usr/bin/cmake --install /home/bryan/hexapod_ws/build/hexapod_utils
[0.250s] -- Install configuration: ""
[0.253s] -- Up-to-date: /home/bryan/hexapod_ws/install/hexapod_utils/lib/hexapod_utils/keyboard_publisher.py
[0.254s] -- Installing: /home/bryan/hexapod_ws/install/hexapod_utils/lib/hexapod_utils/joy_teleop_utility.py
[0.254s] -- Up-to-date: /home/bryan/hexapod_ws/install/hexapod_utils/share/ament_index/resource_index/package_run_dependencies/hexapod_utils
[0.254s] -- Up-to-date: /home/bryan/hexapod_ws/install/hexapod_utils/share/ament_index/resource_index/parent_prefix_path/hexapod_utils
[0.255s] -- Up-to-date: /home/bryan/hexapod_ws/install/hexapod_utils/share/hexapod_utils/environment/ament_prefix_path.sh
[0.256s] -- Up-to-date: /home/bryan/hexapod_ws/install/hexapod_utils/share/hexapod_utils/environment/ament_prefix_path.dsv
[0.256s] -- Up-to-date: /home/bryan/hexapod_ws/install/hexapod_utils/share/hexapod_utils/environment/path.sh
[0.257s] -- Up-to-date: /home/bryan/hexapod_ws/install/hexapod_utils/share/hexapod_utils/environment/path.dsv
[0.257s] -- Up-to-date: /home/bryan/hexapod_ws/install/hexapod_utils/share/hexapod_utils/local_setup.bash
[0.258s] -- Up-to-date: /home/bryan/hexapod_ws/install/hexapod_utils/share/hexapod_utils/local_setup.sh
[0.259s] -- Up-to-date: /home/bryan/hexapod_ws/install/hexapod_utils/share/hexapod_utils/local_setup.zsh
[0.259s] -- Up-to-date: /home/bryan/hexapod_ws/install/hexapod_utils/share/hexapod_utils/local_setup.dsv
[0.259s] -- Installing: /home/bryan/hexapod_ws/install/hexapod_utils/share/hexapod_utils/package.dsv
[0.259s] -- Up-to-date: /home/bryan/hexapod_ws/install/hexapod_utils/share/ament_index/resource_index/packages/hexapod_utils
[0.259s] -- Up-to-date: /home/bryan/hexapod_ws/install/hexapod_utils/share/hexapod_utils/cmake/hexapod_utilsConfig.cmake
[0.260s] -- Up-to-date: /home/bryan/hexapod_ws/install/hexapod_utils/share/hexapod_utils/cmake/hexapod_utilsConfig-version.cmake
[0.260s] -- Up-to-date: /home/bryan/hexapod_ws/install/hexapod_utils/share/hexapod_utils/package.xml
[0.290s] Invoked command in '/home/bryan/hexapod_ws/build/hexapod_utils' returned '0': CMAKE_PREFIX_PATH=${CMAKE_PREFIX_PATH}:/opt/ros/humble /usr/bin/cmake --install /home/bryan/hexapod_ws/build/hexapod_utils
