[35m[1mConsolidate compiler generated dependencies of target tip_trajectory_generator[0m
[ 75%] Built target body_pose_generator
[ 75%] Built target inverse_kinematics
[ 75%] Built target tip_pose_generator
[ 87%] [32mBuilding CXX object CMakeFiles/tip_trajectory_generator.dir/src/tip_trajectory_generator.cpp.o[0m
In file included from [01m[K/opt/ros/humble/include/rclcpp/rclcpp/logging.hpp:24[m[K,
                 from [01m[K/opt/ros/humble/include/rclcpp/rclcpp/client.hpp:40[m[K,
                 from [01m[K/opt/ros/humble/include/rclcpp/rclcpp/callback_group.hpp:24[m[K,
                 from [01m[K/opt/ros/humble/include/rclcpp/rclcpp/any_executable.hpp:20[m[K,
                 from [01m[K/opt/ros/humble/include/rclcpp/rclcpp/memory_strategy.hpp:25[m[K,
                 from [01m[K/opt/ros/humble/include/rclcpp/rclcpp/memory_strategies.hpp:18[m[K,
                 from [01m[K/opt/ros/humble/include/rclcpp/rclcpp/executor_options.hpp:20[m[K,
                 from [01m[K/opt/ros/humble/include/rclcpp/rclcpp/executor.hpp:37[m[K,
                 from [01m[K/opt/ros/humble/include/rclcpp/rclcpp/executors/multi_threaded_executor.hpp:25[m[K,
                 from [01m[K/opt/ros/humble/include/rclcpp/rclcpp/executors.hpp:21[m[K,
                 from [01m[K/opt/ros/humble/include/rclcpp/rclcpp/rclcpp.hpp:155[m[K,
                 from [01m[K/home/bryan/hexapod_ws/src/hexapod_controller/src/tip_trajectory_generator.cpp:1[m[K:
[01m[K/home/bryan/hexapod_ws/src/hexapod_controller/src/tip_trajectory_generator.cpp:[m[K In member function ‘[01m[Kvoid HexapodTrajectoryGenNode::publish_leg_positions()[m[K’:
[01m[K/home/bryan/hexapod_ws/src/hexapod_controller/src/tip_trajectory_generator.cpp:96:83:[m[K [01;31m[Kerror: [m[Kinvalid use of member function ‘[01m[Khexapod_interfaces::msg::PointArray HexapodTrajectoryGenNode::transform_leg_positions(std::vector<geometry_msgs::msg::Point_<std::allocator<void> >, std::allocator<geometry_msgs::msg::Point_<std::allocator<void> > > >&)[m[K’ (did you forget the ‘[01m[K()[m[K’ ?)
   96 |             RCLCPP_INFO(this->get_logger(), "leg[%d] position (%.3f,%.3f,%.3f)",i,[01;31m[Ktransform_leg_positions[m[K.points[i].x,transform_leg_positions.points[i].y,transform_leg_positions.points[i].z);
      |                                                                                   [01;31m[K^~~~~~~~~~~~~~~~~~~~~~~[m[K
[01m[K/home/bryan/hexapod_ws/src/hexapod_controller/src/tip_trajectory_generator.cpp:96:119:[m[K [01;31m[Kerror: [m[Kinvalid use of member function ‘[01m[Khexapod_interfaces::msg::PointArray HexapodTrajectoryGenNode::transform_leg_positions(std::vector<geometry_msgs::msg::Point_<std::allocator<void> >, std::allocator<geometry_msgs::msg::Point_<std::allocator<void> > > >&)[m[K’ (did you forget the ‘[01m[K()[m[K’ ?)
   96 |             RCLCPP_INFO(this->get_logger(), "leg[%d] position (%.3f,%.3f,%.3f)",i,transform_leg_positions.points[i].x,[01;31m[Ktransform_leg_positions[m[K.points[i].y,transform_leg_positions.points[i].z);
      |                                                                                                                       [01;31m[K^~~~~~~~~~~~~~~~~~~~~~~[m[K
[01m[K/home/bryan/hexapod_ws/src/hexapod_controller/src/tip_trajectory_generator.cpp:96:155:[m[K [01;31m[Kerror: [m[Kinvalid use of member function ‘[01m[Khexapod_interfaces::msg::PointArray HexapodTrajectoryGenNode::transform_leg_positions(std::vector<geometry_msgs::msg::Point_<std::allocator<void> >, std::allocator<geometry_msgs::msg::Point_<std::allocator<void> > > >&)[m[K’ (did you forget the ‘[01m[K()[m[K’ ?)
   96 |             RCLCPP_INFO(this->get_logger(), "leg[%d] position (%.3f,%.3f,%.3f)",i,transform_leg_positions.points[i].x,transform_leg_positions.points[i].y,[01;31m[Ktransform_leg_positions[m[K.points[i].z);
      |                                                                                                                                                           [01;31m[K^~~~~~~~~~~~~~~~~~~~~~~[m[K
gmake[2]: *** [CMakeFiles/tip_trajectory_generator.dir/build.make:76: CMakeFiles/tip_trajectory_generator.dir/src/tip_trajectory_generator.cpp.o] Error 1
gmake[1]: *** [CMakeFiles/Makefile2:221: CMakeFiles/tip_trajectory_generator.dir/all] Error 2
gmake: *** [Makefile:146: all] Error 2
