[0.076s] Invoking command in '/home/bryan/hexapod_ws/build/hexapod_kinematics': CMAKE_PREFIX_PATH=${CMAKE_PREFIX_PATH}:/home/bryan/bumperbot_ws/install/bumperbot_py_examples:/opt/ros/humble /usr/bin/cmake --build /home/bryan/hexapod_ws/build/hexapod_kinematics -- -j16 -l16
[0.196s] Invoked command in '/home/bryan/hexapod_ws/build/hexapod_kinematics' returned '0': CMAKE_PREFIX_PATH=${CMAKE_PREFIX_PATH}:/home/bryan/bumperbot_ws/install/bumperbot_py_examples:/opt/ros/humble /usr/bin/cmake --build /home/bryan/hexapod_ws/build/hexapod_kinematics -- -j16 -l16
[0.304s] Invoking command in '/home/bryan/hexapod_ws/build/hexapod_kinematics': CMAKE_PREFIX_PATH=${CMAKE_PREFIX_PATH}:/home/bryan/bumperbot_ws/install/bumperbot_py_examples:/opt/ros/humble /usr/bin/cmake --install /home/bryan/hexapod_ws/build/hexapod_kinematics
[0.331s] -- Install configuration: ""
[0.333s] -- Up-to-date: /home/bryan/hexapod_ws/install/hexapod_kinematics/share/ament_index/resource_index/package_run_dependencies/hexapod_kinematics
[0.334s] -- Up-to-date: /home/bryan/hexapod_ws/install/hexapod_kinematics/share/ament_index/resource_index/parent_prefix_path/hexapod_kinematics
[0.334s] -- Up-to-date: /home/bryan/hexapod_ws/install/hexapod_kinematics/share/hexapod_kinematics/environment/ament_prefix_path.sh
[0.334s] -- Up-to-date: /home/bryan/hexapod_ws/install/hexapod_kinematics/share/hexapod_kinematics/environment/ament_prefix_path.dsv
[0.335s] -- Up-to-date: /home/bryan/hexapod_ws/install/hexapod_kinematics/share/hexapod_kinematics/environment/path.sh
[0.336s] -- Up-to-date: /home/bryan/hexapod_ws/install/hexapod_kinematics/share/hexapod_kinematics/environment/path.dsv
[0.336s] -- Up-to-date: /home/bryan/hexapod_ws/install/hexapod_kinematics/share/hexapod_kinematics/local_setup.bash
[0.337s] -- Up-to-date: /home/bryan/hexapod_ws/install/hexapod_kinematics/share/hexapod_kinematics/local_setup.sh
[0.338s] -- Up-to-date: /home/bryan/hexapod_ws/install/hexapod_kinematics/share/hexapod_kinematics/local_setup.zsh
[0.338s] -- Up-to-date: /home/bryan/hexapod_ws/install/hexapod_kinematics/share/hexapod_kinematics/local_setup.dsv
[0.339s] -- Installing: /home/bryan/hexapod_ws/install/hexapod_kinematics/share/hexapod_kinematics/package.dsv
[0.339s] -- Up-to-date: /home/bryan/hexapod_ws/install/hexapod_kinematics/share/ament_index/resource_index/packages/hexapod_kinematics
[0.339s] -- Up-to-date: /home/bryan/hexapod_ws/install/hexapod_kinematics/share/hexapod_kinematics/cmake/hexapod_kinematicsConfig.cmake
[0.339s] -- Up-to-date: /home/bryan/hexapod_ws/install/hexapod_kinematics/share/hexapod_kinematics/cmake/hexapod_kinematicsConfig-version.cmake
[0.341s] -- Up-to-date: /home/bryan/hexapod_ws/install/hexapod_kinematics/share/hexapod_kinematics/package.xml
[0.403s] Invoked command in '/home/bryan/hexapod_ws/build/hexapod_kinematics' returned '0': CMAKE_PREFIX_PATH=${CMAKE_PREFIX_PATH}:/home/bryan/bumperbot_ws/install/bumperbot_py_examples:/opt/ros/humble /usr/bin/cmake --install /home/bryan/hexapod_ws/build/hexapod_kinematics
