[0.059s] Invoking command in '/home/bryan/hexapod_ws/build/hexapod_interfaces': CMAKE_PREFIX_PATH=${CMAKE_PREFIX_PATH}:/opt/ros/humble /usr/bin/cmake --build /home/bryan/hexapod_ws/build/hexapod_interfaces -- -j16 -l16
[0.209s] [  9%] Built target hexapod_interfaces__rosidl_generator_c
[0.212s] [ 12%] Built target hexapod_interfaces__cpp
[0.244s] [ 12%] Built target ament_cmake_python_copy_hexapod_interfaces
[0.279s] [ 25%] Built target hexapod_interfaces__rosidl_typesupport_fastrtps_c
[0.280s] [ 32%] Built target hexapod_interfaces__rosidl_typesupport_introspection_c
[0.303s] [ 41%] Built target hexapod_interfaces__rosidl_typesupport_introspection_cpp
[0.307s] [ 51%] Built target hexapod_interfaces__rosidl_typesupport_c
[0.318s] [ 61%] Built target hexapod_interfaces__rosidl_typesupport_fastrtps_cpp
[0.319s] [ 70%] Built target hexapod_interfaces__rosidl_typesupport_cpp
[0.414s] [ 70%] Built target hexapod_interfaces
[0.439s] [ 74%] Built target hexapod_interfaces__py
[0.494s] [ 80%] Built target hexapod_interfaces__rosidl_generator_py
[0.566s] [ 87%] Built target hexapod_interfaces__rosidl_typesupport_fastrtps_c__pyext
[0.567s] [ 96%] Built target hexapod_interfaces__rosidl_typesupport_c__pyext
[0.568s] [100%] Built target hexapod_interfaces__rosidl_typesupport_introspection_c__pyext
[0.927s] running egg_info
[0.929s] writing hexapod_interfaces.egg-info/PKG-INFO
[0.929s] writing dependency_links to hexapod_interfaces.egg-info/dependency_links.txt
[0.929s] writing top-level names to hexapod_interfaces.egg-info/top_level.txt
[0.935s] reading manifest file 'hexapod_interfaces.egg-info/SOURCES.txt'
[0.936s] writing manifest file 'hexapod_interfaces.egg-info/SOURCES.txt'
[1.009s] [100%] Built target ament_cmake_python_build_hexapod_interfaces_egg
[1.047s] Invoked command in '/home/bryan/hexapod_ws/build/hexapod_interfaces' returned '0': CMAKE_PREFIX_PATH=${CMAKE_PREFIX_PATH}:/opt/ros/humble /usr/bin/cmake --build /home/bryan/hexapod_ws/build/hexapod_interfaces -- -j16 -l16
[1.280s] Invoking command in '/home/bryan/hexapod_ws/build/hexapod_interfaces': CMAKE_PREFIX_PATH=${CMAKE_PREFIX_PATH}:/opt/ros/humble /usr/bin/cmake --install /home/bryan/hexapod_ws/build/hexapod_interfaces
[1.296s] -- Install configuration: ""
[1.298s] -- Up-to-date: /home/bryan/hexapod_ws/install/hexapod_interfaces/share/ament_index/resource_index/rosidl_interfaces/hexapod_interfaces
[1.298s] -- Up-to-date: /home/bryan/hexapod_ws/install/hexapod_interfaces/include/hexapod_interfaces/hexapod_interfaces
[1.298s] -- Up-to-date: /home/bryan/hexapod_ws/install/hexapod_interfaces/include/hexapod_interfaces/hexapod_interfaces/msg
[1.299s] -- Up-to-date: /home/bryan/hexapod_ws/install/hexapod_interfaces/include/hexapod_interfaces/hexapod_interfaces/msg/point_array.h
[1.299s] -- Up-to-date: /home/bryan/hexapod_ws/install/hexapod_interfaces/include/hexapod_interfaces/hexapod_interfaces/msg/detail
[1.299s] -- Up-to-date: /home/bryan/hexapod_ws/install/hexapod_interfaces/include/hexapod_interfaces/hexapod_interfaces/msg/detail/point_array__type_support.h
[1.300s] -- Up-to-date: /home/bryan/hexapod_ws/install/hexapod_interfaces/include/hexapod_interfaces/hexapod_interfaces/msg/detail/point_array__functions.c
[1.300s] -- Up-to-date: /home/bryan/hexapod_ws/install/hexapod_interfaces/include/hexapod_interfaces/hexapod_interfaces/msg/detail/point_array__functions.h
[1.300s] -- Up-to-date: /home/bryan/hexapod_ws/install/hexapod_interfaces/include/hexapod_interfaces/hexapod_interfaces/msg/detail/point_array__struct.h
[1.300s] -- Up-to-date: /home/bryan/hexapod_ws/install/hexapod_interfaces/include/hexapod_interfaces/hexapod_interfaces/msg/rosidl_generator_c__visibility_control.h
[1.300s] -- Up-to-date: /home/bryan/hexapod_ws/install/hexapod_interfaces/share/hexapod_interfaces/environment/library_path.sh
[1.300s] -- Up-to-date: /home/bryan/hexapod_ws/install/hexapod_interfaces/share/hexapod_interfaces/environment/library_path.dsv
[1.301s] -- Up-to-date: /home/bryan/hexapod_ws/install/hexapod_interfaces/lib/libhexapod_interfaces__rosidl_generator_c.so
[1.302s] -- Up-to-date: /home/bryan/hexapod_ws/install/hexapod_interfaces/include/hexapod_interfaces/hexapod_interfaces
[1.303s] -- Up-to-date: /home/bryan/hexapod_ws/install/hexapod_interfaces/include/hexapod_interfaces/hexapod_interfaces/msg
[1.303s] -- Up-to-date: /home/bryan/hexapod_ws/install/hexapod_interfaces/include/hexapod_interfaces/hexapod_interfaces/msg/rosidl_typesupport_fastrtps_c__visibility_control.h
[1.304s] -- Up-to-date: /home/bryan/hexapod_ws/install/hexapod_interfaces/include/hexapod_interfaces/hexapod_interfaces/msg/detail
[1.304s] -- Up-to-date: /home/bryan/hexapod_ws/install/hexapod_interfaces/include/hexapod_interfaces/hexapod_interfaces/msg/detail/point_array__rosidl_typesupport_fastrtps_c.h
[1.305s] -- Up-to-date: /home/bryan/hexapod_ws/install/hexapod_interfaces/lib/libhexapod_interfaces__rosidl_typesupport_fastrtps_c.so
[1.305s] -- Up-to-date: /home/bryan/hexapod_ws/install/hexapod_interfaces/include/hexapod_interfaces/hexapod_interfaces
[1.305s] -- Up-to-date: /home/bryan/hexapod_ws/install/hexapod_interfaces/include/hexapod_interfaces/hexapod_interfaces/msg
[1.306s] -- Up-to-date: /home/bryan/hexapod_ws/install/hexapod_interfaces/include/hexapod_interfaces/hexapod_interfaces/msg/point_array.hpp
[1.306s] -- Up-to-date: /home/bryan/hexapod_ws/install/hexapod_interfaces/include/hexapod_interfaces/hexapod_interfaces/msg/detail
[1.306s] -- Up-to-date: /home/bryan/hexapod_ws/install/hexapod_interfaces/include/hexapod_interfaces/hexapod_interfaces/msg/detail/point_array__struct.hpp
[1.307s] -- Up-to-date: /home/bryan/hexapod_ws/install/hexapod_interfaces/include/hexapod_interfaces/hexapod_interfaces/msg/detail/point_array__builder.hpp
[1.307s] -- Up-to-date: /home/bryan/hexapod_ws/install/hexapod_interfaces/include/hexapod_interfaces/hexapod_interfaces/msg/detail/point_array__traits.hpp
[1.308s] -- Up-to-date: /home/bryan/hexapod_ws/install/hexapod_interfaces/include/hexapod_interfaces/hexapod_interfaces
[1.308s] -- Up-to-date: /home/bryan/hexapod_ws/install/hexapod_interfaces/include/hexapod_interfaces/hexapod_interfaces/msg
[1.308s] -- Up-to-date: /home/bryan/hexapod_ws/install/hexapod_interfaces/include/hexapod_interfaces/hexapod_interfaces/msg/rosidl_typesupport_fastrtps_cpp__visibility_control.h
[1.309s] -- Up-to-date: /home/bryan/hexapod_ws/install/hexapod_interfaces/include/hexapod_interfaces/hexapod_interfaces/msg/detail
[1.309s] -- Up-to-date: /home/bryan/hexapod_ws/install/hexapod_interfaces/include/hexapod_interfaces/hexapod_interfaces/msg/detail/dds_fastrtps
[1.310s] -- Up-to-date: /home/bryan/hexapod_ws/install/hexapod_interfaces/include/hexapod_interfaces/hexapod_interfaces/msg/detail/point_array__rosidl_typesupport_fastrtps_cpp.hpp
[1.311s] -- Up-to-date: /home/bryan/hexapod_ws/install/hexapod_interfaces/lib/libhexapod_interfaces__rosidl_typesupport_fastrtps_cpp.so
[1.311s] -- Up-to-date: /home/bryan/hexapod_ws/install/hexapod_interfaces/include/hexapod_interfaces/hexapod_interfaces
[1.311s] -- Up-to-date: /home/bryan/hexapod_ws/install/hexapod_interfaces/include/hexapod_interfaces/hexapod_interfaces/msg
[1.311s] -- Up-to-date: /home/bryan/hexapod_ws/install/hexapod_interfaces/include/hexapod_interfaces/hexapod_interfaces/msg/detail
[1.311s] -- Up-to-date: /home/bryan/hexapod_ws/install/hexapod_interfaces/include/hexapod_interfaces/hexapod_interfaces/msg/detail/point_array__type_support.c
[1.311s] -- Up-to-date: /home/bryan/hexapod_ws/install/hexapod_interfaces/include/hexapod_interfaces/hexapod_interfaces/msg/detail/point_array__rosidl_typesupport_introspection_c.h
[1.311s] -- Up-to-date: /home/bryan/hexapod_ws/install/hexapod_interfaces/include/hexapod_interfaces/hexapod_interfaces/msg/rosidl_typesupport_introspection_c__visibility_control.h
[1.312s] -- Up-to-date: /home/bryan/hexapod_ws/install/hexapod_interfaces/lib/libhexapod_interfaces__rosidl_typesupport_introspection_c.so
[1.312s] -- Up-to-date: /home/bryan/hexapod_ws/install/hexapod_interfaces/lib/libhexapod_interfaces__rosidl_typesupport_c.so
[1.312s] -- Up-to-date: /home/bryan/hexapod_ws/install/hexapod_interfaces/include/hexapod_interfaces/hexapod_interfaces
[1.312s] -- Up-to-date: /home/bryan/hexapod_ws/install/hexapod_interfaces/include/hexapod_interfaces/hexapod_interfaces/msg
[1.312s] -- Up-to-date: /home/bryan/hexapod_ws/install/hexapod_interfaces/include/hexapod_interfaces/hexapod_interfaces/msg/detail
[1.312s] -- Up-to-date: /home/bryan/hexapod_ws/install/hexapod_interfaces/include/hexapod_interfaces/hexapod_interfaces/msg/detail/point_array__type_support.cpp
[1.312s] -- Up-to-date: /home/bryan/hexapod_ws/install/hexapod_interfaces/include/hexapod_interfaces/hexapod_interfaces/msg/detail/point_array__rosidl_typesupport_introspection_cpp.hpp
[1.313s] -- Up-to-date: /home/bryan/hexapod_ws/install/hexapod_interfaces/lib/libhexapod_interfaces__rosidl_typesupport_introspection_cpp.so
[1.314s] -- Up-to-date: /home/bryan/hexapod_ws/install/hexapod_interfaces/lib/libhexapod_interfaces__rosidl_typesupport_cpp.so
[1.314s] -- Up-to-date: /home/bryan/hexapod_ws/install/hexapod_interfaces/share/hexapod_interfaces/environment/pythonpath.sh
[1.314s] -- Up-to-date: /home/bryan/hexapod_ws/install/hexapod_interfaces/share/hexapod_interfaces/environment/pythonpath.dsv
[1.314s] -- Up-to-date: /home/bryan/hexapod_ws/install/hexapod_interfaces/local/lib/python3.10/dist-packages/hexapod_interfaces-0.0.0-py3.10.egg-info
[1.315s] -- Installing: /home/bryan/hexapod_ws/install/hexapod_interfaces/local/lib/python3.10/dist-packages/hexapod_interfaces-0.0.0-py3.10.egg-info/SOURCES.txt
[1.315s] -- Installing: /home/bryan/hexapod_ws/install/hexapod_interfaces/local/lib/python3.10/dist-packages/hexapod_interfaces-0.0.0-py3.10.egg-info/PKG-INFO
[1.316s] -- Installing: /home/bryan/hexapod_ws/install/hexapod_interfaces/local/lib/python3.10/dist-packages/hexapod_interfaces-0.0.0-py3.10.egg-info/top_level.txt
[1.316s] -- Installing: /home/bryan/hexapod_ws/install/hexapod_interfaces/local/lib/python3.10/dist-packages/hexapod_interfaces-0.0.0-py3.10.egg-info/dependency_links.txt
[1.316s] -- Up-to-date: /home/bryan/hexapod_ws/install/hexapod_interfaces/local/lib/python3.10/dist-packages/hexapod_interfaces
[1.317s] -- Up-to-date: /home/bryan/hexapod_ws/install/hexapod_interfaces/local/lib/python3.10/dist-packages/hexapod_interfaces/__init__.py
[1.317s] -- Up-to-date: /home/bryan/hexapod_ws/install/hexapod_interfaces/local/lib/python3.10/dist-packages/hexapod_interfaces/_hexapod_interfaces_s.ep.rosidl_typesupport_c.c
[1.318s] -- Up-to-date: /home/bryan/hexapod_ws/install/hexapod_interfaces/local/lib/python3.10/dist-packages/hexapod_interfaces/msg
[1.318s] -- Up-to-date: /home/bryan/hexapod_ws/install/hexapod_interfaces/local/lib/python3.10/dist-packages/hexapod_interfaces/msg/__init__.py
[1.318s] -- Up-to-date: /home/bryan/hexapod_ws/install/hexapod_interfaces/local/lib/python3.10/dist-packages/hexapod_interfaces/msg/_point_array_s.c
[1.319s] -- Up-to-date: /home/bryan/hexapod_ws/install/hexapod_interfaces/local/lib/python3.10/dist-packages/hexapod_interfaces/msg/_point_array.py
[1.319s] -- Up-to-date: /home/bryan/hexapod_ws/install/hexapod_interfaces/local/lib/python3.10/dist-packages/hexapod_interfaces/hexapod_interfaces_s__rosidl_typesupport_c.cpython-310-x86_64-linux-gnu.so
[1.319s] -- Up-to-date: /home/bryan/hexapod_ws/install/hexapod_interfaces/local/lib/python3.10/dist-packages/hexapod_interfaces/_hexapod_interfaces_s.ep.rosidl_typesupport_introspection_c.c
[1.320s] -- Up-to-date: /home/bryan/hexapod_ws/install/hexapod_interfaces/local/lib/python3.10/dist-packages/hexapod_interfaces/_hexapod_interfaces_s.ep.rosidl_typesupport_fastrtps_c.c
[1.320s] -- Up-to-date: /home/bryan/hexapod_ws/install/hexapod_interfaces/local/lib/python3.10/dist-packages/hexapod_interfaces/libhexapod_interfaces__rosidl_generator_py.so
[1.320s] -- Up-to-date: /home/bryan/hexapod_ws/install/hexapod_interfaces/local/lib/python3.10/dist-packages/hexapod_interfaces/hexapod_interfaces_s__rosidl_typesupport_fastrtps_c.cpython-310-x86_64-linux-gnu.so
[1.321s] -- Up-to-date: /home/bryan/hexapod_ws/install/hexapod_interfaces/local/lib/python3.10/dist-packages/hexapod_interfaces/hexapod_interfaces_s__rosidl_typesupport_introspection_c.cpython-310-x86_64-linux-gnu.so
[1.386s] Listing '/home/bryan/hexapod_ws/install/hexapod_interfaces/local/lib/python3.10/dist-packages/hexapod_interfaces'...
[1.387s] Listing '/home/bryan/hexapod_ws/install/hexapod_interfaces/local/lib/python3.10/dist-packages/hexapod_interfaces/msg'...
[1.395s] -- Up-to-date: /home/bryan/hexapod_ws/install/hexapod_interfaces/local/lib/python3.10/dist-packages/hexapod_interfaces/hexapod_interfaces_s__rosidl_typesupport_fastrtps_c.cpython-310-x86_64-linux-gnu.so
[1.395s] -- Up-to-date: /home/bryan/hexapod_ws/install/hexapod_interfaces/local/lib/python3.10/dist-packages/hexapod_interfaces/hexapod_interfaces_s__rosidl_typesupport_introspection_c.cpython-310-x86_64-linux-gnu.so
[1.395s] -- Up-to-date: /home/bryan/hexapod_ws/install/hexapod_interfaces/local/lib/python3.10/dist-packages/hexapod_interfaces/hexapod_interfaces_s__rosidl_typesupport_c.cpython-310-x86_64-linux-gnu.so
[1.396s] -- Up-to-date: /home/bryan/hexapod_ws/install/hexapod_interfaces/lib/libhexapod_interfaces__rosidl_generator_py.so
[1.396s] -- Up-to-date: /home/bryan/hexapod_ws/install/hexapod_interfaces/share/hexapod_interfaces/msg/PointArray.idl
[1.396s] -- Up-to-date: /home/bryan/hexapod_ws/install/hexapod_interfaces/share/hexapod_interfaces/msg/PointArray.msg
[1.396s] -- Up-to-date: /home/bryan/hexapod_ws/install/hexapod_interfaces/share/ament_index/resource_index/package_run_dependencies/hexapod_interfaces
[1.397s] -- Up-to-date: /home/bryan/hexapod_ws/install/hexapod_interfaces/share/ament_index/resource_index/parent_prefix_path/hexapod_interfaces
[1.397s] -- Up-to-date: /home/bryan/hexapod_ws/install/hexapod_interfaces/share/hexapod_interfaces/environment/ament_prefix_path.sh
[1.397s] -- Up-to-date: /home/bryan/hexapod_ws/install/hexapod_interfaces/share/hexapod_interfaces/environment/ament_prefix_path.dsv
[1.397s] -- Up-to-date: /home/bryan/hexapod_ws/install/hexapod_interfaces/share/hexapod_interfaces/environment/path.sh
[1.397s] -- Up-to-date: /home/bryan/hexapod_ws/install/hexapod_interfaces/share/hexapod_interfaces/environment/path.dsv
[1.397s] -- Up-to-date: /home/bryan/hexapod_ws/install/hexapod_interfaces/share/hexapod_interfaces/local_setup.bash
[1.398s] -- Up-to-date: /home/bryan/hexapod_ws/install/hexapod_interfaces/share/hexapod_interfaces/local_setup.sh
[1.398s] -- Up-to-date: /home/bryan/hexapod_ws/install/hexapod_interfaces/share/hexapod_interfaces/local_setup.zsh
[1.399s] -- Up-to-date: /home/bryan/hexapod_ws/install/hexapod_interfaces/share/hexapod_interfaces/local_setup.dsv
[1.399s] -- Installing: /home/bryan/hexapod_ws/install/hexapod_interfaces/share/hexapod_interfaces/package.dsv
[1.400s] -- Up-to-date: /home/bryan/hexapod_ws/install/hexapod_interfaces/share/ament_index/resource_index/packages/hexapod_interfaces
[1.400s] -- Up-to-date: /home/bryan/hexapod_ws/install/hexapod_interfaces/share/hexapod_interfaces/cmake/export_hexapod_interfaces__rosidl_generator_cExport.cmake
[1.401s] -- Up-to-date: /home/bryan/hexapod_ws/install/hexapod_interfaces/share/hexapod_interfaces/cmake/export_hexapod_interfaces__rosidl_generator_cExport-noconfig.cmake
[1.401s] -- Up-to-date: /home/bryan/hexapod_ws/install/hexapod_interfaces/share/hexapod_interfaces/cmake/export_hexapod_interfaces__rosidl_typesupport_fastrtps_cExport.cmake
[1.402s] -- Up-to-date: /home/bryan/hexapod_ws/install/hexapod_interfaces/share/hexapod_interfaces/cmake/export_hexapod_interfaces__rosidl_typesupport_fastrtps_cExport-noconfig.cmake
[1.402s] -- Up-to-date: /home/bryan/hexapod_ws/install/hexapod_interfaces/share/hexapod_interfaces/cmake/export_hexapod_interfaces__rosidl_generator_cppExport.cmake
[1.402s] -- Up-to-date: /home/bryan/hexapod_ws/install/hexapod_interfaces/share/hexapod_interfaces/cmake/export_hexapod_interfaces__rosidl_typesupport_fastrtps_cppExport.cmake
[1.403s] -- Up-to-date: /home/bryan/hexapod_ws/install/hexapod_interfaces/share/hexapod_interfaces/cmake/export_hexapod_interfaces__rosidl_typesupport_fastrtps_cppExport-noconfig.cmake
[1.403s] -- Up-to-date: /home/bryan/hexapod_ws/install/hexapod_interfaces/share/hexapod_interfaces/cmake/hexapod_interfaces__rosidl_typesupport_introspection_cExport.cmake
[1.403s] -- Up-to-date: /home/bryan/hexapod_ws/install/hexapod_interfaces/share/hexapod_interfaces/cmake/hexapod_interfaces__rosidl_typesupport_introspection_cExport-noconfig.cmake
[1.403s] -- Up-to-date: /home/bryan/hexapod_ws/install/hexapod_interfaces/share/hexapod_interfaces/cmake/hexapod_interfaces__rosidl_typesupport_cExport.cmake
[1.403s] -- Up-to-date: /home/bryan/hexapod_ws/install/hexapod_interfaces/share/hexapod_interfaces/cmake/hexapod_interfaces__rosidl_typesupport_cExport-noconfig.cmake
[1.404s] -- Up-to-date: /home/bryan/hexapod_ws/install/hexapod_interfaces/share/hexapod_interfaces/cmake/hexapod_interfaces__rosidl_typesupport_introspection_cppExport.cmake
[1.404s] -- Up-to-date: /home/bryan/hexapod_ws/install/hexapod_interfaces/share/hexapod_interfaces/cmake/hexapod_interfaces__rosidl_typesupport_introspection_cppExport-noconfig.cmake
[1.404s] -- Up-to-date: /home/bryan/hexapod_ws/install/hexapod_interfaces/share/hexapod_interfaces/cmake/hexapod_interfaces__rosidl_typesupport_cppExport.cmake
[1.404s] -- Up-to-date: /home/bryan/hexapod_ws/install/hexapod_interfaces/share/hexapod_interfaces/cmake/hexapod_interfaces__rosidl_typesupport_cppExport-noconfig.cmake
[1.405s] -- Up-to-date: /home/bryan/hexapod_ws/install/hexapod_interfaces/share/hexapod_interfaces/cmake/export_hexapod_interfaces__rosidl_generator_pyExport.cmake
[1.407s] -- Up-to-date: /home/bryan/hexapod_ws/install/hexapod_interfaces/share/hexapod_interfaces/cmake/export_hexapod_interfaces__rosidl_generator_pyExport-noconfig.cmake
[1.407s] -- Up-to-date: /home/bryan/hexapod_ws/install/hexapod_interfaces/share/hexapod_interfaces/cmake/rosidl_cmake-extras.cmake
[1.408s] -- Up-to-date: /home/bryan/hexapod_ws/install/hexapod_interfaces/share/hexapod_interfaces/cmake/ament_cmake_export_dependencies-extras.cmake
[1.409s] -- Up-to-date: /home/bryan/hexapod_ws/install/hexapod_interfaces/share/hexapod_interfaces/cmake/ament_cmake_export_include_directories-extras.cmake
[1.409s] -- Up-to-date: /home/bryan/hexapod_ws/install/hexapod_interfaces/share/hexapod_interfaces/cmake/ament_cmake_export_libraries-extras.cmake
[1.409s] -- Up-to-date: /home/bryan/hexapod_ws/install/hexapod_interfaces/share/hexapod_interfaces/cmake/ament_cmake_export_targets-extras.cmake
[1.409s] -- Up-to-date: /home/bryan/hexapod_ws/install/hexapod_interfaces/share/hexapod_interfaces/cmake/rosidl_cmake_export_typesupport_targets-extras.cmake
[1.409s] -- Up-to-date: /home/bryan/hexapod_ws/install/hexapod_interfaces/share/hexapod_interfaces/cmake/rosidl_cmake_export_typesupport_libraries-extras.cmake
[1.410s] -- Up-to-date: /home/bryan/hexapod_ws/install/hexapod_interfaces/share/hexapod_interfaces/cmake/hexapod_interfacesConfig.cmake
[1.410s] -- Up-to-date: /home/bryan/hexapod_ws/install/hexapod_interfaces/share/hexapod_interfaces/cmake/hexapod_interfacesConfig-version.cmake
[1.410s] -- Up-to-date: /home/bryan/hexapod_ws/install/hexapod_interfaces/share/hexapod_interfaces/package.xml
[1.410s] Invoked command in '/home/bryan/hexapod_ws/build/hexapod_interfaces' returned '0': CMAKE_PREFIX_PATH=${CMAKE_PREFIX_PATH}:/opt/ros/humble /usr/bin/cmake --install /home/bryan/hexapod_ws/build/hexapod_interfaces
