In file included from [01m[K/opt/ros/humble/include/rclcpp/rclcpp/client.hpp:40[m[K,
                 from [01m[K/opt/ros/humble/include/rclcpp/rclcpp/callback_group.hpp:24[m[K,
                 from [01m[K/opt/ros/humble/include/rclcpp/rclcpp/any_executable.hpp:20[m[K,
                 from [01m[K/opt/ros/humble/include/rclcpp/rclcpp/memory_strategy.hpp:25[m[K,
                 from [01m[K/opt/ros/humble/include/rclcpp/rclcpp/memory_strategies.hpp:18[m[K,
                 from [01m[K/opt/ros/humble/include/rclcpp/rclcpp/executor_options.hpp:20[m[K,
                 from [01m[K/opt/ros/humble/include/rclcpp/rclcpp/executor.hpp:37[m[K,
                 from [01m[K/opt/ros/humble/include/rclcpp/rclcpp/executors/multi_threaded_executor.hpp:25[m[K,
                 from [01m[K/opt/ros/humble/include/rclcpp/rclcpp/executors.hpp:21[m[K,
                 from [01m[K/opt/ros/humble/include/rclcpp/rclcpp/rclcpp.hpp:155[m[K,
                 from [01m[K/home/bryan/hexapod_ws/src/hexapod_controller/src/tip_pose_generator.cpp:1[m[K:
[01m[K/home/bryan/hexapod_ws/src/hexapod_controller/src/tip_pose_generator.cpp:12:5:[m[K [01;31m[Kerror: [m[Kexpected unqualified-id before ‘[01m[Kdo[m[K’
   12 |     [01;31m[KRCLCPP_INFO_STREAM[m[K(get_logger(), "pint_3D created");
      |     [01;31m[K^~~~~~~~~~~~~~~~~~[m[K
[01m[K/home/bryan/hexapod_ws/src/hexapod_controller/src/tip_pose_generator.cpp:12:5:[m[K [01;31m[Kerror: [m[Kexpected unqualified-id before ‘[01m[Kwhile[m[K’
   12 |     [01;31m[KRCLCPP_INFO_STREAM[m[K(get_logger(), "pint_3D created");
      |     [01;31m[K^~~~~~~~~~~~~~~~~~[m[K
[01m[K/home/bryan/hexapod_ws/src/hexapod_controller/src/tip_pose_generator.cpp:[m[K In function ‘[01m[KPoint3D rotatePoint(const Point3D&, double, double, double)[m[K’:
[01m[K/home/bryan/hexapod_ws/src/hexapod_controller/src/tip_pose_generator.cpp:18:24:[m[K [01;31m[Kerror: [m[K‘[01m[Kget_logger[m[K’ was not declared in this scope; did you mean ‘[01m[Krclcpp::get_logger[m[K’?
   18 |     RCLCPP_INFO_STREAM([01;31m[Kget_logger[m[K(), "rotate_point_called");
      |                        [01;31m[K^~~~~~~~~~[m[K
In file included from [01m[K/opt/ros/humble/include/rclcpp/rclcpp/logging.hpp:23[m[K,
                 from [01m[K/opt/ros/humble/include/rclcpp/rclcpp/client.hpp:40[m[K,
                 from [01m[K/opt/ros/humble/include/rclcpp/rclcpp/callback_group.hpp:24[m[K,
                 from [01m[K/opt/ros/humble/include/rclcpp/rclcpp/any_executable.hpp:20[m[K,
                 from [01m[K/opt/ros/humble/include/rclcpp/rclcpp/memory_strategy.hpp:25[m[K,
                 from [01m[K/opt/ros/humble/include/rclcpp/rclcpp/memory_strategies.hpp:18[m[K,
                 from [01m[K/opt/ros/humble/include/rclcpp/rclcpp/executor_options.hpp:20[m[K,
                 from [01m[K/opt/ros/humble/include/rclcpp/rclcpp/executor.hpp:37[m[K,
                 from [01m[K/opt/ros/humble/include/rclcpp/rclcpp/executors/multi_threaded_executor.hpp:25[m[K,
                 from [01m[K/opt/ros/humble/include/rclcpp/rclcpp/executors.hpp:21[m[K,
                 from [01m[K/opt/ros/humble/include/rclcpp/rclcpp/rclcpp.hpp:155[m[K,
                 from [01m[K/home/bryan/hexapod_ws/src/hexapod_controller/src/tip_pose_generator.cpp:1[m[K:
[01m[K/opt/ros/humble/include/rclcpp/rclcpp/logger.hpp:106:17:[m[K [01;36m[Knote: [m[K‘[01m[Krclcpp::get_logger[m[K’ declared here
  106 |   friend Logger [01;36m[Krclcpp[m[K::get_logger(const std::string & name);
      |                 [01;36m[K^~~~~~[m[K
In file included from [01m[K/opt/ros/humble/include/rclcpp/rclcpp/client.hpp:40[m[K,
                 from [01m[K/opt/ros/humble/include/rclcpp/rclcpp/callback_group.hpp:24[m[K,
                 from [01m[K/opt/ros/humble/include/rclcpp/rclcpp/any_executable.hpp:20[m[K,
                 from [01m[K/opt/ros/humble/include/rclcpp/rclcpp/memory_strategy.hpp:25[m[K,
                 from [01m[K/opt/ros/humble/include/rclcpp/rclcpp/memory_strategies.hpp:18[m[K,
                 from [01m[K/opt/ros/humble/include/rclcpp/rclcpp/executor_options.hpp:20[m[K,
                 from [01m[K/opt/ros/humble/include/rclcpp/rclcpp/executor.hpp:37[m[K,
                 from [01m[K/opt/ros/humble/include/rclcpp/rclcpp/executors/multi_threaded_executor.hpp:25[m[K,
                 from [01m[K/opt/ros/humble/include/rclcpp/rclcpp/executors.hpp:21[m[K,
                 from [01m[K/opt/ros/humble/include/rclcpp/rclcpp/rclcpp.hpp:155[m[K,
                 from [01m[K/home/bryan/hexapod_ws/src/hexapod_controller/src/tip_pose_generator.cpp:1[m[K:
[01m[K/home/bryan/hexapod_ws/src/hexapod_controller/src/tip_pose_generator.cpp:18:5:[m[K [01;31m[Kerror: [m[Ktemplate argument 1 is invalid
   18 |     [01;31m[KRCLCPP_INFO_STREAM[m[K(get_logger(), "rotate_point_called");
      |     [01;31m[K^~~~~~~~~~~~~~~~~~[m[K
[01m[K/home/bryan/hexapod_ws/src/hexapod_controller/src/tip_pose_generator.cpp:18:5:[m[K [01;31m[Kerror: [m[Ktemplate argument 1 is invalid
   18 |     [01;31m[KRCLCPP_INFO_STREAM[m[K(get_logger(), "rotate_point_called");
      |     [01;31m[K^~~~~~~~~~~~~~~~~~[m[K
[01m[K/home/bryan/hexapod_ws/src/hexapod_controller/src/tip_pose_generator.cpp:18:5:[m[K [01;31m[Kerror: [m[Ktemplate argument 1 is invalid
   18 |     [01;31m[KRCLCPP_INFO_STREAM[m[K(get_logger(), "rotate_point_called");
      |     [01;31m[K^~~~~~~~~~~~~~~~~~[m[K
[01m[K/home/bryan/hexapod_ws/src/hexapod_controller/src/tip_pose_generator.cpp:[m[K At global scope:
[01m[K/home/bryan/hexapod_ws/src/hexapod_controller/src/tip_pose_generator.cpp:168:5:[m[K [01;31m[Kerror: [m[Kexpected unqualified-id before ‘[01m[Kdo[m[K’
  168 |     [01;31m[KRCLCPP_INFO_STREAM[m[K(this->get_logger(), "about to initialize private members");
      |     [01;31m[K^~~~~~~~~~~~~~~~~~[m[K
[01m[K/home/bryan/hexapod_ws/src/hexapod_controller/src/tip_pose_generator.cpp:168:5:[m[K [01;31m[Kerror: [m[Kexpected unqualified-id before ‘[01m[Kwhile[m[K’
  168 |     [01;31m[KRCLCPP_INFO_STREAM[m[K(this->get_logger(), "about to initialize private members");
      |     [01;31m[K^~~~~~~~~~~~~~~~~~[m[K
[01m[K/home/bryan/hexapod_ws/src/hexapod_controller/src/tip_pose_generator.cpp:177:5:[m[K [01;31m[Kerror: [m[Kexpected unqualified-id before ‘[01m[Kdo[m[K’
  177 |     [01;31m[KRCLCPP_INFO_STREAM[m[K(this->get_logger(), "finished initializing private members");
      |     [01;31m[K^~~~~~~~~~~~~~~~~~[m[K
[01m[K/home/bryan/hexapod_ws/src/hexapod_controller/src/tip_pose_generator.cpp:177:5:[m[K [01;31m[Kerror: [m[Kexpected unqualified-id before ‘[01m[Kwhile[m[K’
  177 |     [01;31m[KRCLCPP_INFO_STREAM[m[K(this->get_logger(), "finished initializing private members");
      |     [01;31m[K^~~~~~~~~~~~~~~~~~[m[K
gmake[2]: *** [CMakeFiles/tip_pose_generator.dir/build.make:76: CMakeFiles/tip_pose_generator.dir/src/tip_pose_generator.cpp.o] Error 1
gmake[1]: *** [CMakeFiles/Makefile2:195: CMakeFiles/tip_pose_generator.dir/all] Error 2
gmake: *** [Makefile:146: all] Error 2
