[0.086s] Invoking command in '/home/bryan/hexapod_ws/build/hexapod_description': CMAKE_PREFIX_PATH=${CMAKE_PREFIX_PATH}:/home/bryan/bumperbot_ws/install/bumperbot_py_examples:/opt/ros/humble /usr/bin/cmake --build /home/bryan/hexapod_ws/build/hexapod_description -- -j16 -l16
[0.220s] Invoked command in '/home/bryan/hexapod_ws/build/hexapod_description' returned '0': CMAKE_PREFIX_PATH=${CMAKE_PREFIX_PATH}:/home/bryan/bumperbot_ws/install/bumperbot_py_examples:/opt/ros/humble /usr/bin/cmake --build /home/bryan/hexapod_ws/build/hexapod_description -- -j16 -l16
[0.375s] Invoking command in '/home/bryan/hexapod_ws/build/hexapod_description': CMAKE_PREFIX_PATH=${CMAKE_PREFIX_PATH}:/home/bryan/bumperbot_ws/install/bumperbot_py_examples:/opt/ros/humble /usr/bin/cmake --install /home/bryan/hexapod_ws/build/hexapod_description
[0.410s] -- Install configuration: ""
[0.411s] -- Up-to-date: /home/bryan/hexapod_ws/install/hexapod_description/share/hexapod_description/launch
[0.412s] -- Up-to-date: /home/bryan/hexapod_ws/install/hexapod_description/share/hexapod_description/launch/gazebo.launch.py
[0.414s] -- Up-to-date: /home/bryan/hexapod_ws/install/hexapod_description/share/hexapod_description/launch/display.launch.py
[0.415s] -- Up-to-date: /home/bryan/hexapod_ws/install/hexapod_description/share/hexapod_description/meshes
[0.417s] -- Up-to-date: /home/bryan/hexapod_ws/install/hexapod_description/share/hexapod_description/meshes/c2.STL
[0.418s] -- Up-to-date: /home/bryan/hexapod_ws/install/hexapod_description/share/hexapod_description/meshes/t6_scad.stl
[0.418s] -- Up-to-date: /home/bryan/hexapod_ws/install/hexapod_description/share/hexapod_description/meshes/body_scad.stl
[0.418s] -- Up-to-date: /home/bryan/hexapod_ws/install/hexapod_description/share/hexapod_description/meshes/f3.STL
[0.418s] -- Up-to-date: /home/bryan/hexapod_ws/install/hexapod_description/share/hexapod_description/meshes/t5_scad.stl
[0.419s] -- Up-to-date: /home/bryan/hexapod_ws/install/hexapod_description/share/hexapod_description/meshes/c5_scad.stl
[0.419s] -- Up-to-date: /home/bryan/hexapod_ws/install/hexapod_description/share/hexapod_description/meshes/e2.scad
[0.419s] -- Up-to-date: /home/bryan/hexapod_ws/install/hexapod_description/share/hexapod_description/meshes/f6.scad
[0.419s] -- Up-to-date: /home/bryan/hexapod_ws/install/hexapod_description/share/hexapod_description/meshes/t4.STL
[0.421s] -- Up-to-date: /home/bryan/hexapod_ws/install/hexapod_description/share/hexapod_description/meshes/c5.scad
[0.422s] -- Up-to-date: /home/bryan/hexapod_ws/install/hexapod_description/share/hexapod_description/meshes/f2_scad.stl
[0.422s] -- Up-to-date: /home/bryan/hexapod_ws/install/hexapod_description/share/hexapod_description/meshes/c1.scad
[0.422s] -- Up-to-date: /home/bryan/hexapod_ws/install/hexapod_description/share/hexapod_description/meshes/f4.STL
[0.423s] -- Up-to-date: /home/bryan/hexapod_ws/install/hexapod_description/share/hexapod_description/meshes/e1_scad.stl
[0.423s] -- Up-to-date: /home/bryan/hexapod_ws/install/hexapod_description/share/hexapod_description/meshes/c1.STL
[0.423s] -- Up-to-date: /home/bryan/hexapod_ws/install/hexapod_description/share/hexapod_description/meshes/t5.STL
[0.423s] -- Up-to-date: /home/bryan/hexapod_ws/install/hexapod_description/share/hexapod_description/meshes/f5.scad
[0.423s] -- Up-to-date: /home/bryan/hexapod_ws/install/hexapod_description/share/hexapod_description/meshes/f1.scad
[0.423s] -- Up-to-date: /home/bryan/hexapod_ws/install/hexapod_description/share/hexapod_description/meshes/c5.STL
[0.423s] -- Up-to-date: /home/bryan/hexapod_ws/install/hexapod_description/share/hexapod_description/meshes/e4.scad
[0.424s] -- Up-to-date: /home/bryan/hexapod_ws/install/hexapod_description/share/hexapod_description/meshes/t1_scad.stl
[0.424s] -- Up-to-date: /home/bryan/hexapod_ws/install/hexapod_description/share/hexapod_description/meshes/e2_scad.stl
[0.425s] -- Up-to-date: /home/bryan/hexapod_ws/install/hexapod_description/share/hexapod_description/meshes/e1.scad
[0.425s] -- Up-to-date: /home/bryan/hexapod_ws/install/hexapod_description/share/hexapod_description/meshes/e6.scad
[0.425s] -- Up-to-date: /home/bryan/hexapod_ws/install/hexapod_description/share/hexapod_description/meshes/f4_scad.stl
[0.425s] -- Up-to-date: /home/bryan/hexapod_ws/install/hexapod_description/share/hexapod_description/meshes/e4_scad.stl
[0.427s] -- Up-to-date: /home/bryan/hexapod_ws/install/hexapod_description/share/hexapod_description/meshes/f1_scad.stl
[0.427s] -- Up-to-date: /home/bryan/hexapod_ws/install/hexapod_description/share/hexapod_description/meshes/f2.scad
[0.427s] -- Up-to-date: /home/bryan/hexapod_ws/install/hexapod_description/share/hexapod_description/meshes/t2.STL
[0.427s] -- Up-to-date: /home/bryan/hexapod_ws/install/hexapod_description/share/hexapod_description/meshes/e5.scad
[0.427s] -- Up-to-date: /home/bryan/hexapod_ws/install/hexapod_description/share/hexapod_description/meshes/t5.scad
[0.428s] -- Up-to-date: /home/bryan/hexapod_ws/install/hexapod_description/share/hexapod_description/meshes/t3_scad.stl
[0.428s] -- Up-to-date: /home/bryan/hexapod_ws/install/hexapod_description/share/hexapod_description/meshes/t4.scad
[0.428s] -- Up-to-date: /home/bryan/hexapod_ws/install/hexapod_description/share/hexapod_description/meshes/t2_scad.stl
[0.429s] -- Up-to-date: /home/bryan/hexapod_ws/install/hexapod_description/share/hexapod_description/meshes/f5_scad.stl
[0.429s] -- Up-to-date: /home/bryan/hexapod_ws/install/hexapod_description/share/hexapod_description/meshes/c6.scad
[0.430s] -- Up-to-date: /home/bryan/hexapod_ws/install/hexapod_description/share/hexapod_description/meshes/t2.scad
[0.430s] -- Up-to-date: /home/bryan/hexapod_ws/install/hexapod_description/share/hexapod_description/meshes/c2_scad.stl
[0.430s] -- Up-to-date: /home/bryan/hexapod_ws/install/hexapod_description/share/hexapod_description/meshes/f5.STL
[0.430s] -- Up-to-date: /home/bryan/hexapod_ws/install/hexapod_description/share/hexapod_description/meshes/e3.scad
[0.430s] -- Up-to-date: /home/bryan/hexapod_ws/install/hexapod_description/share/hexapod_description/meshes/c6.STL
[0.431s] -- Up-to-date: /home/bryan/hexapod_ws/install/hexapod_description/share/hexapod_description/meshes/f6.STL
[0.431s] -- Up-to-date: /home/bryan/hexapod_ws/install/hexapod_description/share/hexapod_description/meshes/body.STL
[0.431s] -- Up-to-date: /home/bryan/hexapod_ws/install/hexapod_description/share/hexapod_description/meshes/c4.STL
[0.431s] -- Up-to-date: /home/bryan/hexapod_ws/install/hexapod_description/share/hexapod_description/meshes/e5_scad.stl
[0.431s] -- Up-to-date: /home/bryan/hexapod_ws/install/hexapod_description/share/hexapod_description/meshes/e6_scad.stl
[0.432s] -- Up-to-date: /home/bryan/hexapod_ws/install/hexapod_description/share/hexapod_description/meshes/c1_scad.stl
[0.432s] -- Up-to-date: /home/bryan/hexapod_ws/install/hexapod_description/share/hexapod_description/meshes/c6_scad.stl
[0.432s] -- Up-to-date: /home/bryan/hexapod_ws/install/hexapod_description/share/hexapod_description/meshes/f2.STL
[0.432s] -- Up-to-date: /home/bryan/hexapod_ws/install/hexapod_description/share/hexapod_description/meshes/t3.scad
[0.432s] -- Up-to-date: /home/bryan/hexapod_ws/install/hexapod_description/share/hexapod_description/meshes/c3_scad.stl
[0.432s] -- Up-to-date: /home/bryan/hexapod_ws/install/hexapod_description/share/hexapod_description/meshes/f4.scad
[0.432s] -- Up-to-date: /home/bryan/hexapod_ws/install/hexapod_description/share/hexapod_description/meshes/c3.scad
[0.432s] -- Up-to-date: /home/bryan/hexapod_ws/install/hexapod_description/share/hexapod_description/meshes/f3_scad.stl
[0.433s] -- Up-to-date: /home/bryan/hexapod_ws/install/hexapod_description/share/hexapod_description/meshes/t3.STL
[0.433s] -- Up-to-date: /home/bryan/hexapod_ws/install/hexapod_description/share/hexapod_description/meshes/base_link.scad
[0.433s] -- Up-to-date: /home/bryan/hexapod_ws/install/hexapod_description/share/hexapod_description/meshes/c4.scad
[0.433s] -- Up-to-date: /home/bryan/hexapod_ws/install/hexapod_description/share/hexapod_description/meshes/c4_scad.stl
[0.434s] -- Up-to-date: /home/bryan/hexapod_ws/install/hexapod_description/share/hexapod_description/meshes/f3.scad
[0.434s] -- Up-to-date: /home/bryan/hexapod_ws/install/hexapod_description/share/hexapod_description/meshes/t4_scad.stl
[0.434s] -- Up-to-date: /home/bryan/hexapod_ws/install/hexapod_description/share/hexapod_description/meshes/c3.STL
[0.434s] -- Up-to-date: /home/bryan/hexapod_ws/install/hexapod_description/share/hexapod_description/meshes/t6.STL
[0.435s] -- Up-to-date: /home/bryan/hexapod_ws/install/hexapod_description/share/hexapod_description/meshes/e3_scad.stl
[0.435s] -- Up-to-date: /home/bryan/hexapod_ws/install/hexapod_description/share/hexapod_description/meshes/scad
[0.435s] -- Up-to-date: /home/bryan/hexapod_ws/install/hexapod_description/share/hexapod_description/meshes/t1.STL
[0.435s] -- Up-to-date: /home/bryan/hexapod_ws/install/hexapod_description/share/hexapod_description/meshes/t6.scad
[0.435s] -- Up-to-date: /home/bryan/hexapod_ws/install/hexapod_description/share/hexapod_description/meshes/t1.scad
[0.435s] -- Up-to-date: /home/bryan/hexapod_ws/install/hexapod_description/share/hexapod_description/meshes/c2.scad
[0.436s] -- Up-to-date: /home/bryan/hexapod_ws/install/hexapod_description/share/hexapod_description/meshes/f6_scad.stl
[0.436s] -- Up-to-date: /home/bryan/hexapod_ws/install/hexapod_description/share/hexapod_description/meshes/f1.STL
[0.440s] -- Up-to-date: /home/bryan/hexapod_ws/install/hexapod_description/share/hexapod_description/models
[0.441s] -- Up-to-date: /home/bryan/hexapod_ws/install/hexapod_description/share/hexapod_description/models/sun
[0.441s] -- Up-to-date: /home/bryan/hexapod_ws/install/hexapod_description/share/hexapod_description/models/sun/model-1_3.sdf
[0.441s] -- Up-to-date: /home/bryan/hexapod_ws/install/hexapod_description/share/hexapod_description/models/sun/model.config
[0.441s] -- Up-to-date: /home/bryan/hexapod_ws/install/hexapod_description/share/hexapod_description/models/sun/model-1_4.sdf
[0.442s] -- Up-to-date: /home/bryan/hexapod_ws/install/hexapod_description/share/hexapod_description/models/sun/model.sdf
[0.442s] -- Up-to-date: /home/bryan/hexapod_ws/install/hexapod_description/share/hexapod_description/models/sun/model-1_2.sdf
[0.442s] -- Up-to-date: /home/bryan/hexapod_ws/install/hexapod_description/share/hexapod_description/models/ground_plane
[0.442s] -- Up-to-date: /home/bryan/hexapod_ws/install/hexapod_description/share/hexapod_description/models/ground_plane/model-1_3.sdf
[0.442s] -- Up-to-date: /home/bryan/hexapod_ws/install/hexapod_description/share/hexapod_description/models/ground_plane/model.config
[0.442s] -- Up-to-date: /home/bryan/hexapod_ws/install/hexapod_description/share/hexapod_description/models/ground_plane/model-1_4.sdf
[0.442s] -- Up-to-date: /home/bryan/hexapod_ws/install/hexapod_description/share/hexapod_description/models/ground_plane/model.sdf
[0.442s] -- Up-to-date: /home/bryan/hexapod_ws/install/hexapod_description/share/hexapod_description/models/ground_plane/model-1_2.sdf
[0.443s] -- Up-to-date: /home/bryan/hexapod_ws/install/hexapod_description/share/hexapod_description/urdf
[0.443s] -- Up-to-date: /home/bryan/hexapod_ws/install/hexapod_description/share/hexapod_description/urdf/hexapod.urdf.xacro
[0.444s] -- Up-to-date: /home/bryan/hexapod_ws/install/hexapod_description/share/hexapod_description/urdf/hexapod_ros2_control.xacro
[0.444s] -- Up-to-date: /home/bryan/hexapod_ws/install/hexapod_description/share/hexapod_description/urdf/hexapod_gazebo.xacro
[0.445s] -- Up-to-date: /home/bryan/hexapod_ws/install/hexapod_description/share/hexapod_description/rviz
[0.446s] -- Up-to-date: /home/bryan/hexapod_ws/install/hexapod_description/share/hexapod_description/rviz/hexapod.rviz
[0.447s] -- Up-to-date: /home/bryan/hexapod_ws/install/hexapod_description/share/ament_index/resource_index/package_run_dependencies/hexapod_description
[0.447s] -- Up-to-date: /home/bryan/hexapod_ws/install/hexapod_description/share/ament_index/resource_index/parent_prefix_path/hexapod_description
[0.451s] -- Up-to-date: /home/bryan/hexapod_ws/install/hexapod_description/share/hexapod_description/environment/ament_prefix_path.sh
[0.451s] -- Up-to-date: /home/bryan/hexapod_ws/install/hexapod_description/share/hexapod_description/environment/ament_prefix_path.dsv
[0.451s] -- Up-to-date: /home/bryan/hexapod_ws/install/hexapod_description/share/hexapod_description/environment/path.sh
[0.452s] -- Up-to-date: /home/bryan/hexapod_ws/install/hexapod_description/share/hexapod_description/environment/path.dsv
[0.452s] -- Up-to-date: /home/bryan/hexapod_ws/install/hexapod_description/share/hexapod_description/local_setup.bash
[0.452s] -- Up-to-date: /home/bryan/hexapod_ws/install/hexapod_description/share/hexapod_description/local_setup.sh
[0.453s] -- Up-to-date: /home/bryan/hexapod_ws/install/hexapod_description/share/hexapod_description/local_setup.zsh
[0.455s] -- Up-to-date: /home/bryan/hexapod_ws/install/hexapod_description/share/hexapod_description/local_setup.dsv
[0.457s] -- Installing: /home/bryan/hexapod_ws/install/hexapod_description/share/hexapod_description/package.dsv
[0.459s] -- Up-to-date: /home/bryan/hexapod_ws/install/hexapod_description/share/ament_index/resource_index/packages/hexapod_description
[0.462s] -- Up-to-date: /home/bryan/hexapod_ws/install/hexapod_description/share/hexapod_description/cmake/hexapod_descriptionConfig.cmake
[0.466s] -- Up-to-date: /home/bryan/hexapod_ws/install/hexapod_description/share/hexapod_description/cmake/hexapod_descriptionConfig-version.cmake
[0.468s] -- Up-to-date: /home/bryan/hexapod_ws/install/hexapod_description/share/hexapod_description/package.xml
[0.521s] Invoked command in '/home/bryan/hexapod_ws/build/hexapod_description' returned '0': CMAKE_PREFIX_PATH=${CMAKE_PREFIX_PATH}:/home/bryan/bumperbot_ws/install/bumperbot_py_examples:/opt/ros/humble /usr/bin/cmake --install /home/bryan/hexapod_ws/build/hexapod_description
