[0.220s] DEBUG:colcon:Command line arguments: ['/usr/bin/colcon', 'build']
[0.220s] DEBUG:colcon:Parsed command line arguments: Namespace(log_base=None, log_level=None, verb_name='build', build_base='build', install_base='install', merge_install=False, symlink_install=False, test_result_base=None, continue_on_error=False, executor='parallel', parallel_workers=16, event_handlers=None, ignore_user_meta=False, metas=['./colcon.meta'], base_paths=['.'], packages_ignore=None, packages_ignore_regex=None, paths=None, packages_up_to=None, packages_up_to_regex=None, packages_above=None, packages_above_and_dependencies=None, packages_above_depth=None, packages_select_by_dep=None, packages_skip_by_dep=None, packages_skip_up_to=None, packages_select_build_failed=False, packages_skip_build_finished=False, packages_select_test_failures=False, packages_skip_test_passed=False, packages_select=None, packages_skip=None, packages_select_regex=None, packages_skip_regex=None, packages_start=None, packages_end=None, allow_overriding=[], cmake_args=None, cmake_target=None, cmake_target_skip_unavailable=False, cmake_clean_cache=False, cmake_clean_first=False, cmake_force_configure=False, ament_cmake_args=None, catkin_cmake_args=None, catkin_skip_building_tests=False, mixin_files=None, mixin=None, verb_parser=<colcon_mixin.mixin.mixin_argument.MixinArgumentDecorator object at 0x77b33a5683d0>, verb_extension=<colcon_core.verb.build.BuildVerb object at 0x77b33a53b910>, main=<bound method BuildVerb.main of <colcon_core.verb.build.BuildVerb object at 0x77b33a53b910>>, mixin_verb=('build',))
[0.546s] Level 1:colcon.colcon_core.package_discovery:discover_packages(colcon_meta) check parameters
[0.547s] Level 1:colcon.colcon_core.package_discovery:discover_packages(recursive) check parameters
[0.547s] Level 1:colcon.colcon_core.package_discovery:discover_packages(ignore) check parameters
[0.547s] Level 1:colcon.colcon_core.package_discovery:discover_packages(path) check parameters
[0.547s] Level 1:colcon.colcon_core.package_discovery:discover_packages(colcon_meta) discover
[0.547s] Level 1:colcon.colcon_core.package_discovery:discover_packages(recursive) discover
[0.547s] INFO:colcon.colcon_core.package_discovery:Crawling recursively for packages in '/home/bryan/hexapod_ws'
[0.548s] Level 1:colcon.colcon_core.package_identification:_identify(.) by extensions ['ignore', 'ignore_ament_install']
[0.548s] Level 1:colcon.colcon_core.package_identification:_identify(.) by extension 'ignore'
[0.548s] Level 1:colcon.colcon_core.package_identification:_identify(.) by extension 'ignore_ament_install'
[0.548s] Level 1:colcon.colcon_core.package_identification:_identify(.) by extensions ['colcon_pkg']
[0.548s] Level 1:colcon.colcon_core.package_identification:_identify(.) by extension 'colcon_pkg'
[0.549s] Level 1:colcon.colcon_core.package_identification:_identify(.) by extensions ['colcon_meta']
[0.549s] Level 1:colcon.colcon_core.package_identification:_identify(.) by extension 'colcon_meta'
[0.549s] Level 1:colcon.colcon_core.package_identification:_identify(.) by extensions ['ros']
[0.549s] Level 1:colcon.colcon_core.package_identification:_identify(.) by extension 'ros'
[0.576s] Level 1:colcon.colcon_core.package_identification:_identify(.) by extensions ['cmake', 'python']
[0.576s] Level 1:colcon.colcon_core.package_identification:_identify(.) by extension 'cmake'
[0.577s] Level 1:colcon.colcon_core.package_identification:_identify(.) by extension 'python'
[0.577s] Level 1:colcon.colcon_core.package_identification:_identify(.) by extensions ['python_setup_py']
[0.577s] Level 1:colcon.colcon_core.package_identification:_identify(.) by extension 'python_setup_py'
[0.577s] Level 1:colcon.colcon_core.package_identification:_identify(build) by extensions ['ignore', 'ignore_ament_install']
[0.577s] Level 1:colcon.colcon_core.package_identification:_identify(build) by extension 'ignore'
[0.577s] Level 1:colcon.colcon_core.package_identification:_identify(build) ignored
[0.578s] Level 1:colcon.colcon_core.package_identification:_identify(install) by extensions ['ignore', 'ignore_ament_install']
[0.578s] Level 1:colcon.colcon_core.package_identification:_identify(install) by extension 'ignore'
[0.578s] Level 1:colcon.colcon_core.package_identification:_identify(install) ignored
[0.578s] Level 1:colcon.colcon_core.package_identification:_identify(log) by extensions ['ignore', 'ignore_ament_install']
[0.579s] Level 1:colcon.colcon_core.package_identification:_identify(log) by extension 'ignore'
[0.579s] Level 1:colcon.colcon_core.package_identification:_identify(log) ignored
[0.579s] Level 1:colcon.colcon_core.package_identification:_identify(src) by extensions ['ignore', 'ignore_ament_install']
[0.579s] Level 1:colcon.colcon_core.package_identification:_identify(src) by extension 'ignore'
[0.579s] Level 1:colcon.colcon_core.package_identification:_identify(src) by extension 'ignore_ament_install'
[0.579s] Level 1:colcon.colcon_core.package_identification:_identify(src) by extensions ['colcon_pkg']
[0.579s] Level 1:colcon.colcon_core.package_identification:_identify(src) by extension 'colcon_pkg'
[0.579s] Level 1:colcon.colcon_core.package_identification:_identify(src) by extensions ['colcon_meta']
[0.579s] Level 1:colcon.colcon_core.package_identification:_identify(src) by extension 'colcon_meta'
[0.579s] Level 1:colcon.colcon_core.package_identification:_identify(src) by extensions ['ros']
[0.579s] Level 1:colcon.colcon_core.package_identification:_identify(src) by extension 'ros'
[0.579s] Level 1:colcon.colcon_core.package_identification:_identify(src) by extensions ['cmake', 'python']
[0.579s] Level 1:colcon.colcon_core.package_identification:_identify(src) by extension 'cmake'
[0.579s] Level 1:colcon.colcon_core.package_identification:_identify(src) by extension 'python'
[0.579s] Level 1:colcon.colcon_core.package_identification:_identify(src) by extensions ['python_setup_py']
[0.580s] Level 1:colcon.colcon_core.package_identification:_identify(src) by extension 'python_setup_py'
[0.580s] Level 1:colcon.colcon_core.package_identification:_identify(src/hexapod_controller) by extensions ['ignore', 'ignore_ament_install']
[0.580s] Level 1:colcon.colcon_core.package_identification:_identify(src/hexapod_controller) by extension 'ignore'
[0.580s] Level 1:colcon.colcon_core.package_identification:_identify(src/hexapod_controller) by extension 'ignore_ament_install'
[0.580s] Level 1:colcon.colcon_core.package_identification:_identify(src/hexapod_controller) by extensions ['colcon_pkg']
[0.580s] Level 1:colcon.colcon_core.package_identification:_identify(src/hexapod_controller) by extension 'colcon_pkg'
[0.580s] Level 1:colcon.colcon_core.package_identification:_identify(src/hexapod_controller) by extensions ['colcon_meta']
[0.580s] Level 1:colcon.colcon_core.package_identification:_identify(src/hexapod_controller) by extension 'colcon_meta'
[0.580s] Level 1:colcon.colcon_core.package_identification:_identify(src/hexapod_controller) by extensions ['ros']
[0.580s] Level 1:colcon.colcon_core.package_identification:_identify(src/hexapod_controller) by extension 'ros'
[0.585s] DEBUG:colcon.colcon_core.package_identification:Package 'src/hexapod_controller' with type 'ros.ament_cmake' and name 'hexapod_controller'
[0.586s] Level 1:colcon.colcon_core.package_identification:_identify(src/hexapod_description) by extensions ['ignore', 'ignore_ament_install']
[0.586s] Level 1:colcon.colcon_core.package_identification:_identify(src/hexapod_description) by extension 'ignore'
[0.586s] Level 1:colcon.colcon_core.package_identification:_identify(src/hexapod_description) by extension 'ignore_ament_install'
[0.586s] Level 1:colcon.colcon_core.package_identification:_identify(src/hexapod_description) by extensions ['colcon_pkg']
[0.586s] Level 1:colcon.colcon_core.package_identification:_identify(src/hexapod_description) by extension 'colcon_pkg'
[0.586s] Level 1:colcon.colcon_core.package_identification:_identify(src/hexapod_description) by extensions ['colcon_meta']
[0.586s] Level 1:colcon.colcon_core.package_identification:_identify(src/hexapod_description) by extension 'colcon_meta'
[0.586s] Level 1:colcon.colcon_core.package_identification:_identify(src/hexapod_description) by extensions ['ros']
[0.586s] Level 1:colcon.colcon_core.package_identification:_identify(src/hexapod_description) by extension 'ros'
[0.592s] DEBUG:colcon.colcon_core.package_identification:Package 'src/hexapod_description' with type 'ros.ament_cmake' and name 'hexapod_description'
[0.592s] Level 1:colcon.colcon_core.package_identification:_identify(src/hexapod_interfaces) by extensions ['ignore', 'ignore_ament_install']
[0.592s] Level 1:colcon.colcon_core.package_identification:_identify(src/hexapod_interfaces) by extension 'ignore'
[0.592s] Level 1:colcon.colcon_core.package_identification:_identify(src/hexapod_interfaces) by extension 'ignore_ament_install'
[0.592s] Level 1:colcon.colcon_core.package_identification:_identify(src/hexapod_interfaces) by extensions ['colcon_pkg']
[0.593s] Level 1:colcon.colcon_core.package_identification:_identify(src/hexapod_interfaces) by extension 'colcon_pkg'
[0.593s] Level 1:colcon.colcon_core.package_identification:_identify(src/hexapod_interfaces) by extensions ['colcon_meta']
[0.593s] Level 1:colcon.colcon_core.package_identification:_identify(src/hexapod_interfaces) by extension 'colcon_meta'
[0.593s] Level 1:colcon.colcon_core.package_identification:_identify(src/hexapod_interfaces) by extensions ['ros']
[0.593s] Level 1:colcon.colcon_core.package_identification:_identify(src/hexapod_interfaces) by extension 'ros'
[0.594s] DEBUG:colcon.colcon_core.package_identification:Package 'src/hexapod_interfaces' with type 'ros.ament_cmake' and name 'hexapod_interfaces'
[0.594s] Level 1:colcon.colcon_core.package_identification:_identify(src/hexapod_kinematics) by extensions ['ignore', 'ignore_ament_install']
[0.594s] Level 1:colcon.colcon_core.package_identification:_identify(src/hexapod_kinematics) by extension 'ignore'
[0.594s] Level 1:colcon.colcon_core.package_identification:_identify(src/hexapod_kinematics) by extension 'ignore_ament_install'
[0.595s] Level 1:colcon.colcon_core.package_identification:_identify(src/hexapod_kinematics) by extensions ['colcon_pkg']
[0.595s] Level 1:colcon.colcon_core.package_identification:_identify(src/hexapod_kinematics) by extension 'colcon_pkg'
[0.595s] Level 1:colcon.colcon_core.package_identification:_identify(src/hexapod_kinematics) by extensions ['colcon_meta']
[0.595s] Level 1:colcon.colcon_core.package_identification:_identify(src/hexapod_kinematics) by extension 'colcon_meta'
[0.595s] Level 1:colcon.colcon_core.package_identification:_identify(src/hexapod_kinematics) by extensions ['ros']
[0.595s] Level 1:colcon.colcon_core.package_identification:_identify(src/hexapod_kinematics) by extension 'ros'
[0.614s] DEBUG:colcon.colcon_core.package_identification:Package 'src/hexapod_kinematics' with type 'ros.ament_cmake' and name 'hexapod_kinematics'
[0.615s] Level 1:colcon.colcon_core.package_identification:_identify(src/hexapod_utils) by extensions ['ignore', 'ignore_ament_install']
[0.615s] Level 1:colcon.colcon_core.package_identification:_identify(src/hexapod_utils) by extension 'ignore'
[0.615s] Level 1:colcon.colcon_core.package_identification:_identify(src/hexapod_utils) by extension 'ignore_ament_install'
[0.615s] Level 1:colcon.colcon_core.package_identification:_identify(src/hexapod_utils) by extensions ['colcon_pkg']
[0.615s] Level 1:colcon.colcon_core.package_identification:_identify(src/hexapod_utils) by extension 'colcon_pkg'
[0.615s] Level 1:colcon.colcon_core.package_identification:_identify(src/hexapod_utils) by extensions ['colcon_meta']
[0.615s] Level 1:colcon.colcon_core.package_identification:_identify(src/hexapod_utils) by extension 'colcon_meta'
[0.615s] Level 1:colcon.colcon_core.package_identification:_identify(src/hexapod_utils) by extensions ['ros']
[0.615s] Level 1:colcon.colcon_core.package_identification:_identify(src/hexapod_utils) by extension 'ros'
[0.617s] DEBUG:colcon.colcon_core.package_identification:Package 'src/hexapod_utils' with type 'ros.ament_cmake' and name 'hexapod_utils'
[0.617s] Level 1:colcon.colcon_core.package_discovery:discover_packages(recursive) using defaults
[0.617s] Level 1:colcon.colcon_core.package_discovery:discover_packages(ignore) discover
[0.617s] Level 1:colcon.colcon_core.package_discovery:discover_packages(ignore) using defaults
[0.617s] Level 1:colcon.colcon_core.package_discovery:discover_packages(path) discover
[0.617s] Level 1:colcon.colcon_core.package_discovery:discover_packages(path) using defaults
[0.671s] Level 1:colcon.colcon_core.package_discovery:discover_packages(prefix_path) check parameters
[0.671s] Level 1:colcon.colcon_core.package_discovery:discover_packages(prefix_path) discover
[0.675s] DEBUG:colcon.colcon_installed_package_information.package_discovery:Found 5 installed packages in /home/bryan/hexapod_ws/install
[0.676s] DEBUG:colcon.colcon_installed_package_information.package_discovery:Found 1 installed packages in /home/bryan/turtlesim_ws/install
[0.677s] DEBUG:colcon.colcon_installed_package_information.package_discovery:Found 16 installed packages in /home/bryan/pico_ws/install
[0.679s] DEBUG:colcon.colcon_installed_package_information.package_discovery:Found 352 installed packages in /opt/ros/humble
[0.682s] Level 1:colcon.colcon_core.package_discovery:discover_packages(prefix_path) using defaults
[0.755s] Level 5:colcon.colcon_core.verb:set package 'hexapod_description' build argument 'cmake_args' from command line to 'None'
[0.756s] Level 5:colcon.colcon_core.verb:set package 'hexapod_description' build argument 'cmake_target' from command line to 'None'
[0.756s] Level 5:colcon.colcon_core.verb:set package 'hexapod_description' build argument 'cmake_target_skip_unavailable' from command line to 'False'
[0.756s] Level 5:colcon.colcon_core.verb:set package 'hexapod_description' build argument 'cmake_clean_cache' from command line to 'False'
[0.756s] Level 5:colcon.colcon_core.verb:set package 'hexapod_description' build argument 'cmake_clean_first' from command line to 'False'
[0.756s] Level 5:colcon.colcon_core.verb:set package 'hexapod_description' build argument 'cmake_force_configure' from command line to 'False'
[0.756s] Level 5:colcon.colcon_core.verb:set package 'hexapod_description' build argument 'ament_cmake_args' from command line to 'None'
[0.756s] Level 5:colcon.colcon_core.verb:set package 'hexapod_description' build argument 'catkin_cmake_args' from command line to 'None'
[0.756s] Level 5:colcon.colcon_core.verb:set package 'hexapod_description' build argument 'catkin_skip_building_tests' from command line to 'False'
[0.756s] DEBUG:colcon.colcon_core.verb:Building package 'hexapod_description' with the following arguments: {'ament_cmake_args': None, 'build_base': '/home/bryan/hexapod_ws/build/hexapod_description', 'catkin_cmake_args': None, 'catkin_skip_building_tests': False, 'cmake_args': None, 'cmake_clean_cache': False, 'cmake_clean_first': False, 'cmake_force_configure': False, 'cmake_target': None, 'cmake_target_skip_unavailable': False, 'install_base': '/home/bryan/hexapod_ws/install/hexapod_description', 'merge_install': False, 'path': '/home/bryan/hexapod_ws/src/hexapod_description', 'symlink_install': False, 'test_result_base': None}
[0.757s] Level 5:colcon.colcon_core.verb:set package 'hexapod_interfaces' build argument 'cmake_args' from command line to 'None'
[0.757s] Level 5:colcon.colcon_core.verb:set package 'hexapod_interfaces' build argument 'cmake_target' from command line to 'None'
[0.757s] Level 5:colcon.colcon_core.verb:set package 'hexapod_interfaces' build argument 'cmake_target_skip_unavailable' from command line to 'False'
[0.757s] Level 5:colcon.colcon_core.verb:set package 'hexapod_interfaces' build argument 'cmake_clean_cache' from command line to 'False'
[0.757s] Level 5:colcon.colcon_core.verb:set package 'hexapod_interfaces' build argument 'cmake_clean_first' from command line to 'False'
[0.757s] Level 5:colcon.colcon_core.verb:set package 'hexapod_interfaces' build argument 'cmake_force_configure' from command line to 'False'
[0.757s] Level 5:colcon.colcon_core.verb:set package 'hexapod_interfaces' build argument 'ament_cmake_args' from command line to 'None'
[0.757s] Level 5:colcon.colcon_core.verb:set package 'hexapod_interfaces' build argument 'catkin_cmake_args' from command line to 'None'
[0.757s] Level 5:colcon.colcon_core.verb:set package 'hexapod_interfaces' build argument 'catkin_skip_building_tests' from command line to 'False'
[0.757s] DEBUG:colcon.colcon_core.verb:Building package 'hexapod_interfaces' with the following arguments: {'ament_cmake_args': None, 'build_base': '/home/bryan/hexapod_ws/build/hexapod_interfaces', 'catkin_cmake_args': None, 'catkin_skip_building_tests': False, 'cmake_args': None, 'cmake_clean_cache': False, 'cmake_clean_first': False, 'cmake_force_configure': False, 'cmake_target': None, 'cmake_target_skip_unavailable': False, 'install_base': '/home/bryan/hexapod_ws/install/hexapod_interfaces', 'merge_install': False, 'path': '/home/bryan/hexapod_ws/src/hexapod_interfaces', 'symlink_install': False, 'test_result_base': None}
[0.758s] Level 5:colcon.colcon_core.verb:set package 'hexapod_kinematics' build argument 'cmake_args' from command line to 'None'
[0.758s] Level 5:colcon.colcon_core.verb:set package 'hexapod_kinematics' build argument 'cmake_target' from command line to 'None'
[0.758s] Level 5:colcon.colcon_core.verb:set package 'hexapod_kinematics' build argument 'cmake_target_skip_unavailable' from command line to 'False'
[0.758s] Level 5:colcon.colcon_core.verb:set package 'hexapod_kinematics' build argument 'cmake_clean_cache' from command line to 'False'
[0.758s] Level 5:colcon.colcon_core.verb:set package 'hexapod_kinematics' build argument 'cmake_clean_first' from command line to 'False'
[0.758s] Level 5:colcon.colcon_core.verb:set package 'hexapod_kinematics' build argument 'cmake_force_configure' from command line to 'False'
[0.758s] Level 5:colcon.colcon_core.verb:set package 'hexapod_kinematics' build argument 'ament_cmake_args' from command line to 'None'
[0.758s] Level 5:colcon.colcon_core.verb:set package 'hexapod_kinematics' build argument 'catkin_cmake_args' from command line to 'None'
[0.758s] Level 5:colcon.colcon_core.verb:set package 'hexapod_kinematics' build argument 'catkin_skip_building_tests' from command line to 'False'
[0.758s] DEBUG:colcon.colcon_core.verb:Building package 'hexapod_kinematics' with the following arguments: {'ament_cmake_args': None, 'build_base': '/home/bryan/hexapod_ws/build/hexapod_kinematics', 'catkin_cmake_args': None, 'catkin_skip_building_tests': False, 'cmake_args': None, 'cmake_clean_cache': False, 'cmake_clean_first': False, 'cmake_force_configure': False, 'cmake_target': None, 'cmake_target_skip_unavailable': False, 'install_base': '/home/bryan/hexapod_ws/install/hexapod_kinematics', 'merge_install': False, 'path': '/home/bryan/hexapod_ws/src/hexapod_kinematics', 'symlink_install': False, 'test_result_base': None}
[0.759s] Level 5:colcon.colcon_core.verb:set package 'hexapod_utils' build argument 'cmake_args' from command line to 'None'
[0.759s] Level 5:colcon.colcon_core.verb:set package 'hexapod_utils' build argument 'cmake_target' from command line to 'None'
[0.759s] Level 5:colcon.colcon_core.verb:set package 'hexapod_utils' build argument 'cmake_target_skip_unavailable' from command line to 'False'
[0.759s] Level 5:colcon.colcon_core.verb:set package 'hexapod_utils' build argument 'cmake_clean_cache' from command line to 'False'
[0.759s] Level 5:colcon.colcon_core.verb:set package 'hexapod_utils' build argument 'cmake_clean_first' from command line to 'False'
[0.759s] Level 5:colcon.colcon_core.verb:set package 'hexapod_utils' build argument 'cmake_force_configure' from command line to 'False'
[0.759s] Level 5:colcon.colcon_core.verb:set package 'hexapod_utils' build argument 'ament_cmake_args' from command line to 'None'
[0.759s] Level 5:colcon.colcon_core.verb:set package 'hexapod_utils' build argument 'catkin_cmake_args' from command line to 'None'
[0.759s] Level 5:colcon.colcon_core.verb:set package 'hexapod_utils' build argument 'catkin_skip_building_tests' from command line to 'False'
[0.759s] DEBUG:colcon.colcon_core.verb:Building package 'hexapod_utils' with the following arguments: {'ament_cmake_args': None, 'build_base': '/home/bryan/hexapod_ws/build/hexapod_utils', 'catkin_cmake_args': None, 'catkin_skip_building_tests': False, 'cmake_args': None, 'cmake_clean_cache': False, 'cmake_clean_first': False, 'cmake_force_configure': False, 'cmake_target': None, 'cmake_target_skip_unavailable': False, 'install_base': '/home/bryan/hexapod_ws/install/hexapod_utils', 'merge_install': False, 'path': '/home/bryan/hexapod_ws/src/hexapod_utils', 'symlink_install': False, 'test_result_base': None}
[0.760s] Level 5:colcon.colcon_core.verb:set package 'hexapod_controller' build argument 'cmake_args' from command line to 'None'
[0.760s] Level 5:colcon.colcon_core.verb:set package 'hexapod_controller' build argument 'cmake_target' from command line to 'None'
[0.760s] Level 5:colcon.colcon_core.verb:set package 'hexapod_controller' build argument 'cmake_target_skip_unavailable' from command line to 'False'
[0.760s] Level 5:colcon.colcon_core.verb:set package 'hexapod_controller' build argument 'cmake_clean_cache' from command line to 'False'
[0.760s] Level 5:colcon.colcon_core.verb:set package 'hexapod_controller' build argument 'cmake_clean_first' from command line to 'False'
[0.760s] Level 5:colcon.colcon_core.verb:set package 'hexapod_controller' build argument 'cmake_force_configure' from command line to 'False'
[0.760s] Level 5:colcon.colcon_core.verb:set package 'hexapod_controller' build argument 'ament_cmake_args' from command line to 'None'
[0.760s] Level 5:colcon.colcon_core.verb:set package 'hexapod_controller' build argument 'catkin_cmake_args' from command line to 'None'
[0.760s] Level 5:colcon.colcon_core.verb:set package 'hexapod_controller' build argument 'catkin_skip_building_tests' from command line to 'False'
[0.760s] DEBUG:colcon.colcon_core.verb:Building package 'hexapod_controller' with the following arguments: {'ament_cmake_args': None, 'build_base': '/home/bryan/hexapod_ws/build/hexapod_controller', 'catkin_cmake_args': None, 'catkin_skip_building_tests': False, 'cmake_args': None, 'cmake_clean_cache': False, 'cmake_clean_first': False, 'cmake_force_configure': False, 'cmake_target': None, 'cmake_target_skip_unavailable': False, 'install_base': '/home/bryan/hexapod_ws/install/hexapod_controller', 'merge_install': False, 'path': '/home/bryan/hexapod_ws/src/hexapod_controller', 'symlink_install': False, 'test_result_base': None}
[0.761s] INFO:colcon.colcon_core.executor:Executing jobs using 'parallel' executor
[0.764s] DEBUG:colcon.colcon_parallel_executor.executor.parallel:run_until_complete
[0.765s] INFO:colcon.colcon_ros.task.ament_cmake.build:Building ROS package in '/home/bryan/hexapod_ws/src/hexapod_interfaces' with build type 'ament_cmake'
[0.765s] INFO:colcon.colcon_cmake.task.cmake.build:Building CMake package in '/home/bryan/hexapod_ws/src/hexapod_interfaces'
[0.771s] INFO:colcon.colcon_core.plugin_system:Skipping extension 'colcon_core.shell.bat': Not used on non-Windows systems
[0.772s] INFO:colcon.colcon_core.shell:Skip shell extension 'powershell' for command environment: Not usable outside of PowerShell
[0.772s] DEBUG:colcon.colcon_core.shell:Skip shell extension 'dsv' for command environment
[0.779s] INFO:colcon.colcon_ros.task.ament_cmake.build:Building ROS package in '/home/bryan/hexapod_ws/src/hexapod_description' with build type 'ament_cmake'
[0.780s] INFO:colcon.colcon_cmake.task.cmake.build:Building CMake package in '/home/bryan/hexapod_ws/src/hexapod_description'
[0.781s] INFO:colcon.colcon_core.shell:Skip shell extension 'powershell' for command environment: Not usable outside of PowerShell
[0.781s] DEBUG:colcon.colcon_core.shell:Skip shell extension 'dsv' for command environment
[0.789s] INFO:colcon.colcon_ros.task.ament_cmake.build:Building ROS package in '/home/bryan/hexapod_ws/src/hexapod_kinematics' with build type 'ament_cmake'
[0.789s] INFO:colcon.colcon_cmake.task.cmake.build:Building CMake package in '/home/bryan/hexapod_ws/src/hexapod_kinematics'
[0.790s] INFO:colcon.colcon_core.shell:Skip shell extension 'powershell' for command environment: Not usable outside of PowerShell
[0.790s] DEBUG:colcon.colcon_core.shell:Skip shell extension 'dsv' for command environment
[0.797s] INFO:colcon.colcon_ros.task.ament_cmake.build:Building ROS package in '/home/bryan/hexapod_ws/src/hexapod_utils' with build type 'ament_cmake'
[0.798s] INFO:colcon.colcon_cmake.task.cmake.build:Building CMake package in '/home/bryan/hexapod_ws/src/hexapod_utils'
[0.798s] INFO:colcon.colcon_core.shell:Skip shell extension 'powershell' for command environment: Not usable outside of PowerShell
[0.798s] DEBUG:colcon.colcon_core.shell:Skip shell extension 'dsv' for command environment
[0.817s] DEBUG:colcon.colcon_core.event_handler.log_command:Invoking command in '/home/bryan/hexapod_ws/build/hexapod_interfaces': CMAKE_PREFIX_PATH=${CMAKE_PREFIX_PATH}:/opt/ros/humble /usr/bin/cmake --build /home/bryan/hexapod_ws/build/hexapod_interfaces -- -j16 -l16
[0.823s] DEBUG:colcon.colcon_core.event_handler.log_command:Invoking command in '/home/bryan/hexapod_ws/build/hexapod_description': CMAKE_PREFIX_PATH=${CMAKE_PREFIX_PATH}:/opt/ros/humble /usr/bin/cmake --build /home/bryan/hexapod_ws/build/hexapod_description -- -j16 -l16
[0.830s] DEBUG:colcon.colcon_core.event_handler.log_command:Invoking command in '/home/bryan/hexapod_ws/build/hexapod_kinematics': CMAKE_PREFIX_PATH=${CMAKE_PREFIX_PATH}:/opt/ros/humble /usr/bin/cmake --build /home/bryan/hexapod_ws/build/hexapod_kinematics -- -j16 -l16
[0.842s] DEBUG:colcon.colcon_core.event_handler.log_command:Invoking command in '/home/bryan/hexapod_ws/build/hexapod_utils': CMAKE_PREFIX_PATH=${CMAKE_PREFIX_PATH}:/opt/ros/humble /usr/bin/cmake --build /home/bryan/hexapod_ws/build/hexapod_utils -- -j16 -l16
[0.923s] DEBUG:colcon.colcon_core.event_handler.log_command:Invoked command in '/home/bryan/hexapod_ws/build/hexapod_description' returned '0': CMAKE_PREFIX_PATH=${CMAKE_PREFIX_PATH}:/opt/ros/humble /usr/bin/cmake --build /home/bryan/hexapod_ws/build/hexapod_description -- -j16 -l16
[0.932s] DEBUG:colcon.colcon_core.event_handler.log_command:Invoked command in '/home/bryan/hexapod_ws/build/hexapod_kinematics' returned '0': CMAKE_PREFIX_PATH=${CMAKE_PREFIX_PATH}:/opt/ros/humble /usr/bin/cmake --build /home/bryan/hexapod_ws/build/hexapod_kinematics -- -j16 -l16
[0.971s] DEBUG:colcon.colcon_core.event_handler.log_command:Invoked command in '/home/bryan/hexapod_ws/build/hexapod_utils' returned '0': CMAKE_PREFIX_PATH=${CMAKE_PREFIX_PATH}:/opt/ros/humble /usr/bin/cmake --build /home/bryan/hexapod_ws/build/hexapod_utils -- -j16 -l16
[1.030s] DEBUG:colcon.colcon_core.event_handler.log_command:Invoking command in '/home/bryan/hexapod_ws/build/hexapod_kinematics': CMAKE_PREFIX_PATH=${CMAKE_PREFIX_PATH}:/opt/ros/humble /usr/bin/cmake --install /home/bryan/hexapod_ws/build/hexapod_kinematics
[1.037s] DEBUG:colcon.colcon_core.event_handler.log_command:Invoking command in '/home/bryan/hexapod_ws/build/hexapod_description': CMAKE_PREFIX_PATH=${CMAKE_PREFIX_PATH}:/opt/ros/humble /usr/bin/cmake --install /home/bryan/hexapod_ws/build/hexapod_description
[1.046s] DEBUG:colcon.colcon_core.event_handler.log_command:Invoking command in '/home/bryan/hexapod_ws/build/hexapod_utils': CMAKE_PREFIX_PATH=${CMAKE_PREFIX_PATH}:/opt/ros/humble /usr/bin/cmake --install /home/bryan/hexapod_ws/build/hexapod_utils
[1.070s] Level 1:colcon.colcon_core.environment:create_environment_scripts_only(hexapod_kinematics)
[1.098s] DEBUG:colcon.colcon_core.event_handler.log_command:Invoked command in '/home/bryan/hexapod_ws/build/hexapod_kinematics' returned '0': CMAKE_PREFIX_PATH=${CMAKE_PREFIX_PATH}:/opt/ros/humble /usr/bin/cmake --install /home/bryan/hexapod_ws/build/hexapod_kinematics
[1.108s] Level 1:colcon.colcon_core.environment:checking '/home/bryan/hexapod_ws/install/hexapod_kinematics' for CMake module files
[1.110s] Level 1:colcon.colcon_core.environment:checking '/home/bryan/hexapod_ws/install/hexapod_kinematics' for CMake config files
[1.112s] Level 1:colcon.colcon_core.shell:create_environment_hook('hexapod_kinematics', 'cmake_prefix_path')
[1.113s] INFO:colcon.colcon_core.shell:Creating environment hook '/home/bryan/hexapod_ws/install/hexapod_kinematics/share/hexapod_kinematics/hook/cmake_prefix_path.ps1'
[1.116s] INFO:colcon.colcon_core.shell:Creating environment descriptor '/home/bryan/hexapod_ws/install/hexapod_kinematics/share/hexapod_kinematics/hook/cmake_prefix_path.dsv'
[1.119s] INFO:colcon.colcon_core.shell:Creating environment hook '/home/bryan/hexapod_ws/install/hexapod_kinematics/share/hexapod_kinematics/hook/cmake_prefix_path.sh'
[1.122s] Level 1:colcon.colcon_core.environment:checking '/home/bryan/hexapod_ws/install/hexapod_kinematics/bin'
[1.122s] Level 1:colcon.colcon_core.environment:checking '/home/bryan/hexapod_ws/install/hexapod_kinematics/lib/pkgconfig/hexapod_kinematics.pc'
[1.123s] Level 1:colcon.colcon_core.environment:checking '/home/bryan/hexapod_ws/install/hexapod_kinematics/lib/python3.10/site-packages'
[1.123s] Level 1:colcon.colcon_core.environment:checking '/home/bryan/hexapod_ws/install/hexapod_kinematics/bin'
[1.123s] INFO:colcon.colcon_core.shell:Creating package script '/home/bryan/hexapod_ws/install/hexapod_kinematics/share/hexapod_kinematics/package.ps1'
[1.125s] INFO:colcon.colcon_core.shell:Creating package descriptor '/home/bryan/hexapod_ws/install/hexapod_kinematics/share/hexapod_kinematics/package.dsv'
[1.127s] INFO:colcon.colcon_core.shell:Creating package script '/home/bryan/hexapod_ws/install/hexapod_kinematics/share/hexapod_kinematics/package.sh'
[1.128s] INFO:colcon.colcon_core.shell:Creating package script '/home/bryan/hexapod_ws/install/hexapod_kinematics/share/hexapod_kinematics/package.bash'
[1.130s] INFO:colcon.colcon_core.shell:Creating package script '/home/bryan/hexapod_ws/install/hexapod_kinematics/share/hexapod_kinematics/package.zsh'
[1.131s] Level 1:colcon.colcon_core.environment:create_file_with_runtime_dependencies(/home/bryan/hexapod_ws/install/hexapod_kinematics/share/colcon-core/packages/hexapod_kinematics)
[1.137s] Level 1:colcon.colcon_core.environment:create_environment_scripts_only(hexapod_description)
[1.139s] Level 1:colcon.colcon_core.environment:checking '/home/bryan/hexapod_ws/install/hexapod_description' for CMake module files
[1.141s] DEBUG:colcon.colcon_core.event_handler.log_command:Invoked command in '/home/bryan/hexapod_ws/build/hexapod_description' returned '0': CMAKE_PREFIX_PATH=${CMAKE_PREFIX_PATH}:/opt/ros/humble /usr/bin/cmake --install /home/bryan/hexapod_ws/build/hexapod_description
[1.143s] Level 1:colcon.colcon_core.environment:checking '/home/bryan/hexapod_ws/install/hexapod_description' for CMake config files
[1.144s] Level 1:colcon.colcon_core.shell:create_environment_hook('hexapod_description', 'cmake_prefix_path')
[1.145s] INFO:colcon.colcon_core.shell:Creating environment hook '/home/bryan/hexapod_ws/install/hexapod_description/share/hexapod_description/hook/cmake_prefix_path.ps1'
[1.147s] INFO:colcon.colcon_core.shell:Creating environment descriptor '/home/bryan/hexapod_ws/install/hexapod_description/share/hexapod_description/hook/cmake_prefix_path.dsv'
[1.149s] INFO:colcon.colcon_core.shell:Creating environment hook '/home/bryan/hexapod_ws/install/hexapod_description/share/hexapod_description/hook/cmake_prefix_path.sh'
[1.151s] Level 1:colcon.colcon_core.environment:checking '/home/bryan/hexapod_ws/install/hexapod_description/bin'
[1.152s] Level 1:colcon.colcon_core.environment:checking '/home/bryan/hexapod_ws/install/hexapod_description/lib/pkgconfig/hexapod_description.pc'
[1.152s] Level 1:colcon.colcon_core.environment:checking '/home/bryan/hexapod_ws/install/hexapod_description/lib/python3.10/site-packages'
[1.153s] Level 1:colcon.colcon_core.environment:checking '/home/bryan/hexapod_ws/install/hexapod_description/bin'
[1.154s] INFO:colcon.colcon_core.shell:Creating package script '/home/bryan/hexapod_ws/install/hexapod_description/share/hexapod_description/package.ps1'
[1.155s] INFO:colcon.colcon_core.shell:Creating package descriptor '/home/bryan/hexapod_ws/install/hexapod_description/share/hexapod_description/package.dsv'
[1.156s] INFO:colcon.colcon_core.shell:Creating package script '/home/bryan/hexapod_ws/install/hexapod_description/share/hexapod_description/package.sh'
[1.158s] INFO:colcon.colcon_core.shell:Creating package script '/home/bryan/hexapod_ws/install/hexapod_description/share/hexapod_description/package.bash'
[1.159s] INFO:colcon.colcon_core.shell:Creating package script '/home/bryan/hexapod_ws/install/hexapod_description/share/hexapod_description/package.zsh'
[1.159s] Level 1:colcon.colcon_core.environment:create_file_with_runtime_dependencies(/home/bryan/hexapod_ws/install/hexapod_description/share/colcon-core/packages/hexapod_description)
[1.161s] Level 1:colcon.colcon_core.environment:create_environment_scripts_only(hexapod_utils)
[1.162s] Level 1:colcon.colcon_core.environment:checking '/home/bryan/hexapod_ws/install/hexapod_utils' for CMake module files
[1.163s] DEBUG:colcon.colcon_core.event_handler.log_command:Invoked command in '/home/bryan/hexapod_ws/build/hexapod_utils' returned '0': CMAKE_PREFIX_PATH=${CMAKE_PREFIX_PATH}:/opt/ros/humble /usr/bin/cmake --install /home/bryan/hexapod_ws/build/hexapod_utils
[1.165s] Level 1:colcon.colcon_core.environment:checking '/home/bryan/hexapod_ws/install/hexapod_utils' for CMake config files
[1.166s] Level 1:colcon.colcon_core.shell:create_environment_hook('hexapod_utils', 'cmake_prefix_path')
[1.168s] INFO:colcon.colcon_core.shell:Creating environment hook '/home/bryan/hexapod_ws/install/hexapod_utils/share/hexapod_utils/hook/cmake_prefix_path.ps1'
[1.170s] INFO:colcon.colcon_core.shell:Creating environment descriptor '/home/bryan/hexapod_ws/install/hexapod_utils/share/hexapod_utils/hook/cmake_prefix_path.dsv'
[1.171s] INFO:colcon.colcon_core.shell:Creating environment hook '/home/bryan/hexapod_ws/install/hexapod_utils/share/hexapod_utils/hook/cmake_prefix_path.sh'
[1.174s] Level 1:colcon.colcon_core.environment:checking '/home/bryan/hexapod_ws/install/hexapod_utils/lib'
[1.175s] Level 1:colcon.colcon_core.environment:checking '/home/bryan/hexapod_ws/install/hexapod_utils/bin'
[1.176s] Level 1:colcon.colcon_core.environment:checking '/home/bryan/hexapod_ws/install/hexapod_utils/lib/pkgconfig/hexapod_utils.pc'
[1.177s] Level 1:colcon.colcon_core.environment:checking '/home/bryan/hexapod_ws/install/hexapod_utils/lib/python3.10/site-packages'
[1.178s] Level 1:colcon.colcon_core.environment:checking '/home/bryan/hexapod_ws/install/hexapod_utils/bin'
[1.179s] INFO:colcon.colcon_core.shell:Creating package script '/home/bryan/hexapod_ws/install/hexapod_utils/share/hexapod_utils/package.ps1'
[1.182s] INFO:colcon.colcon_core.shell:Creating package descriptor '/home/bryan/hexapod_ws/install/hexapod_utils/share/hexapod_utils/package.dsv'
[1.183s] INFO:colcon.colcon_core.shell:Creating package script '/home/bryan/hexapod_ws/install/hexapod_utils/share/hexapod_utils/package.sh'
[1.185s] INFO:colcon.colcon_core.shell:Creating package script '/home/bryan/hexapod_ws/install/hexapod_utils/share/hexapod_utils/package.bash'
[1.185s] INFO:colcon.colcon_core.shell:Creating package script '/home/bryan/hexapod_ws/install/hexapod_utils/share/hexapod_utils/package.zsh'
[1.186s] Level 1:colcon.colcon_core.environment:create_file_with_runtime_dependencies(/home/bryan/hexapod_ws/install/hexapod_utils/share/colcon-core/packages/hexapod_utils)
[1.196s] Level 1:colcon.colcon_core.environment:create_environment_scripts_only(hexapod_kinematics)
[1.197s] Level 1:colcon.colcon_core.environment:checking '/home/bryan/hexapod_ws/install/hexapod_kinematics' for CMake module files
[1.198s] Level 1:colcon.colcon_core.environment:checking '/home/bryan/hexapod_ws/install/hexapod_kinematics' for CMake config files
[1.198s] Level 1:colcon.colcon_core.shell:create_environment_hook('hexapod_kinematics', 'cmake_prefix_path')
[1.199s] INFO:colcon.colcon_core.shell:Creating environment hook '/home/bryan/hexapod_ws/install/hexapod_kinematics/share/hexapod_kinematics/hook/cmake_prefix_path.ps1'
[1.200s] INFO:colcon.colcon_core.shell:Creating environment descriptor '/home/bryan/hexapod_ws/install/hexapod_kinematics/share/hexapod_kinematics/hook/cmake_prefix_path.dsv'
[1.201s] INFO:colcon.colcon_core.shell:Creating environment hook '/home/bryan/hexapod_ws/install/hexapod_kinematics/share/hexapod_kinematics/hook/cmake_prefix_path.sh'
[1.202s] Level 1:colcon.colcon_core.environment:checking '/home/bryan/hexapod_ws/install/hexapod_kinematics/bin'
[1.202s] Level 1:colcon.colcon_core.environment:checking '/home/bryan/hexapod_ws/install/hexapod_kinematics/lib/pkgconfig/hexapod_kinematics.pc'
[1.203s] Level 1:colcon.colcon_core.environment:checking '/home/bryan/hexapod_ws/install/hexapod_kinematics/lib/python3.10/site-packages'
[1.203s] Level 1:colcon.colcon_core.environment:checking '/home/bryan/hexapod_ws/install/hexapod_kinematics/bin'
[1.204s] INFO:colcon.colcon_core.shell:Creating package script '/home/bryan/hexapod_ws/install/hexapod_kinematics/share/hexapod_kinematics/package.ps1'
[1.205s] INFO:colcon.colcon_core.shell:Creating package descriptor '/home/bryan/hexapod_ws/install/hexapod_kinematics/share/hexapod_kinematics/package.dsv'
[1.205s] INFO:colcon.colcon_core.shell:Creating package script '/home/bryan/hexapod_ws/install/hexapod_kinematics/share/hexapod_kinematics/package.sh'
[1.206s] INFO:colcon.colcon_core.shell:Creating package script '/home/bryan/hexapod_ws/install/hexapod_kinematics/share/hexapod_kinematics/package.bash'
[1.207s] INFO:colcon.colcon_core.shell:Creating package script '/home/bryan/hexapod_ws/install/hexapod_kinematics/share/hexapod_kinematics/package.zsh'
[1.208s] Level 1:colcon.colcon_core.environment:create_file_with_runtime_dependencies(/home/bryan/hexapod_ws/install/hexapod_kinematics/share/colcon-core/packages/hexapod_kinematics)
[1.239s] Level 1:colcon.colcon_core.environment:create_environment_scripts_only(hexapod_description)
[1.239s] Level 1:colcon.colcon_core.environment:checking '/home/bryan/hexapod_ws/install/hexapod_description' for CMake module files
[1.240s] Level 1:colcon.colcon_core.environment:checking '/home/bryan/hexapod_ws/install/hexapod_description' for CMake config files
[1.240s] Level 1:colcon.colcon_core.shell:create_environment_hook('hexapod_description', 'cmake_prefix_path')
[1.241s] INFO:colcon.colcon_core.shell:Creating environment hook '/home/bryan/hexapod_ws/install/hexapod_description/share/hexapod_description/hook/cmake_prefix_path.ps1'
[1.241s] INFO:colcon.colcon_core.shell:Creating environment descriptor '/home/bryan/hexapod_ws/install/hexapod_description/share/hexapod_description/hook/cmake_prefix_path.dsv'
[1.242s] INFO:colcon.colcon_core.shell:Creating environment hook '/home/bryan/hexapod_ws/install/hexapod_description/share/hexapod_description/hook/cmake_prefix_path.sh'
[1.244s] Level 1:colcon.colcon_core.environment:checking '/home/bryan/hexapod_ws/install/hexapod_description/bin'
[1.244s] Level 1:colcon.colcon_core.environment:checking '/home/bryan/hexapod_ws/install/hexapod_description/lib/pkgconfig/hexapod_description.pc'
[1.245s] Level 1:colcon.colcon_core.environment:checking '/home/bryan/hexapod_ws/install/hexapod_description/lib/python3.10/site-packages'
[1.246s] Level 1:colcon.colcon_core.environment:checking '/home/bryan/hexapod_ws/install/hexapod_description/bin'
[1.248s] INFO:colcon.colcon_core.shell:Creating package script '/home/bryan/hexapod_ws/install/hexapod_description/share/hexapod_description/package.ps1'
[1.251s] INFO:colcon.colcon_core.shell:Creating package descriptor '/home/bryan/hexapod_ws/install/hexapod_description/share/hexapod_description/package.dsv'
[1.253s] INFO:colcon.colcon_core.shell:Creating package script '/home/bryan/hexapod_ws/install/hexapod_description/share/hexapod_description/package.sh'
[1.255s] INFO:colcon.colcon_core.shell:Creating package script '/home/bryan/hexapod_ws/install/hexapod_description/share/hexapod_description/package.bash'
[1.257s] INFO:colcon.colcon_core.shell:Creating package script '/home/bryan/hexapod_ws/install/hexapod_description/share/hexapod_description/package.zsh'
[1.259s] Level 1:colcon.colcon_core.environment:create_file_with_runtime_dependencies(/home/bryan/hexapod_ws/install/hexapod_description/share/colcon-core/packages/hexapod_description)
[1.280s] Level 1:colcon.colcon_core.environment:create_environment_scripts_only(hexapod_utils)
[1.282s] Level 1:colcon.colcon_core.environment:checking '/home/bryan/hexapod_ws/install/hexapod_utils' for CMake module files
[1.284s] Level 1:colcon.colcon_core.environment:checking '/home/bryan/hexapod_ws/install/hexapod_utils' for CMake config files
[1.285s] Level 1:colcon.colcon_core.shell:create_environment_hook('hexapod_utils', 'cmake_prefix_path')
[1.287s] INFO:colcon.colcon_core.shell:Creating environment hook '/home/bryan/hexapod_ws/install/hexapod_utils/share/hexapod_utils/hook/cmake_prefix_path.ps1'
[1.289s] INFO:colcon.colcon_core.shell:Creating environment descriptor '/home/bryan/hexapod_ws/install/hexapod_utils/share/hexapod_utils/hook/cmake_prefix_path.dsv'
[1.290s] INFO:colcon.colcon_core.shell:Creating environment hook '/home/bryan/hexapod_ws/install/hexapod_utils/share/hexapod_utils/hook/cmake_prefix_path.sh'
[1.293s] Level 1:colcon.colcon_core.environment:checking '/home/bryan/hexapod_ws/install/hexapod_utils/lib'
[1.293s] Level 1:colcon.colcon_core.environment:checking '/home/bryan/hexapod_ws/install/hexapod_utils/bin'
[1.294s] Level 1:colcon.colcon_core.environment:checking '/home/bryan/hexapod_ws/install/hexapod_utils/lib/pkgconfig/hexapod_utils.pc'
[1.295s] Level 1:colcon.colcon_core.environment:checking '/home/bryan/hexapod_ws/install/hexapod_utils/lib/python3.10/site-packages'
[1.296s] Level 1:colcon.colcon_core.environment:checking '/home/bryan/hexapod_ws/install/hexapod_utils/bin'
[1.298s] INFO:colcon.colcon_core.shell:Creating package script '/home/bryan/hexapod_ws/install/hexapod_utils/share/hexapod_utils/package.ps1'
[1.301s] INFO:colcon.colcon_core.shell:Creating package descriptor '/home/bryan/hexapod_ws/install/hexapod_utils/share/hexapod_utils/package.dsv'
[1.304s] INFO:colcon.colcon_core.shell:Creating package script '/home/bryan/hexapod_ws/install/hexapod_utils/share/hexapod_utils/package.sh'
[1.306s] INFO:colcon.colcon_core.shell:Creating package script '/home/bryan/hexapod_ws/install/hexapod_utils/share/hexapod_utils/package.bash'
[1.308s] INFO:colcon.colcon_core.shell:Creating package script '/home/bryan/hexapod_ws/install/hexapod_utils/share/hexapod_utils/package.zsh'
[1.310s] Level 1:colcon.colcon_core.environment:create_file_with_runtime_dependencies(/home/bryan/hexapod_ws/install/hexapod_utils/share/colcon-core/packages/hexapod_utils)
[1.895s] DEBUG:colcon.colcon_core.event_handler.log_command:Invoked command in '/home/bryan/hexapod_ws/build/hexapod_interfaces' returned '0': CMAKE_PREFIX_PATH=${CMAKE_PREFIX_PATH}:/opt/ros/humble /usr/bin/cmake --build /home/bryan/hexapod_ws/build/hexapod_interfaces -- -j16 -l16
[2.103s] DEBUG:colcon.colcon_core.event_handler.log_command:Invoking command in '/home/bryan/hexapod_ws/build/hexapod_interfaces': CMAKE_PREFIX_PATH=${CMAKE_PREFIX_PATH}:/opt/ros/humble /usr/bin/cmake --install /home/bryan/hexapod_ws/build/hexapod_interfaces
[2.258s] Level 1:colcon.colcon_core.environment:create_environment_scripts_only(hexapod_interfaces)
[2.259s] Level 1:colcon.colcon_core.environment:checking '/home/bryan/hexapod_ws/install/hexapod_interfaces' for CMake module files
[2.259s] DEBUG:colcon.colcon_core.event_handler.log_command:Invoked command in '/home/bryan/hexapod_ws/build/hexapod_interfaces' returned '0': CMAKE_PREFIX_PATH=${CMAKE_PREFIX_PATH}:/opt/ros/humble /usr/bin/cmake --install /home/bryan/hexapod_ws/build/hexapod_interfaces
[2.263s] Level 1:colcon.colcon_core.environment:checking '/home/bryan/hexapod_ws/install/hexapod_interfaces' for CMake config files
[2.263s] Level 1:colcon.colcon_core.shell:create_environment_hook('hexapod_interfaces', 'cmake_prefix_path')
[2.264s] INFO:colcon.colcon_core.shell:Creating environment hook '/home/bryan/hexapod_ws/install/hexapod_interfaces/share/hexapod_interfaces/hook/cmake_prefix_path.ps1'
[2.266s] INFO:colcon.colcon_core.shell:Creating environment descriptor '/home/bryan/hexapod_ws/install/hexapod_interfaces/share/hexapod_interfaces/hook/cmake_prefix_path.dsv'
[2.267s] INFO:colcon.colcon_core.shell:Creating environment hook '/home/bryan/hexapod_ws/install/hexapod_interfaces/share/hexapod_interfaces/hook/cmake_prefix_path.sh'
[2.270s] Level 1:colcon.colcon_core.environment:checking '/home/bryan/hexapod_ws/install/hexapod_interfaces/lib'
[2.270s] Level 1:colcon.colcon_core.shell:create_environment_hook('hexapod_interfaces', 'ld_library_path_lib')
[2.272s] INFO:colcon.colcon_core.shell:Creating environment hook '/home/bryan/hexapod_ws/install/hexapod_interfaces/share/hexapod_interfaces/hook/ld_library_path_lib.ps1'
[2.273s] INFO:colcon.colcon_core.shell:Creating environment descriptor '/home/bryan/hexapod_ws/install/hexapod_interfaces/share/hexapod_interfaces/hook/ld_library_path_lib.dsv'
[2.275s] INFO:colcon.colcon_core.shell:Creating environment hook '/home/bryan/hexapod_ws/install/hexapod_interfaces/share/hexapod_interfaces/hook/ld_library_path_lib.sh'
[2.276s] Level 1:colcon.colcon_core.environment:checking '/home/bryan/hexapod_ws/install/hexapod_interfaces/bin'
[2.276s] Level 1:colcon.colcon_core.environment:checking '/home/bryan/hexapod_ws/install/hexapod_interfaces/lib/pkgconfig/hexapod_interfaces.pc'
[2.276s] Level 1:colcon.colcon_core.environment:checking '/home/bryan/hexapod_ws/install/hexapod_interfaces/lib/python3.10/site-packages'
[2.277s] Level 1:colcon.colcon_core.environment:checking '/home/bryan/hexapod_ws/install/hexapod_interfaces/bin'
[2.277s] INFO:colcon.colcon_core.shell:Creating package script '/home/bryan/hexapod_ws/install/hexapod_interfaces/share/hexapod_interfaces/package.ps1'
[2.278s] INFO:colcon.colcon_core.shell:Creating package descriptor '/home/bryan/hexapod_ws/install/hexapod_interfaces/share/hexapod_interfaces/package.dsv'
[2.279s] INFO:colcon.colcon_core.shell:Creating package script '/home/bryan/hexapod_ws/install/hexapod_interfaces/share/hexapod_interfaces/package.sh'
[2.279s] INFO:colcon.colcon_core.shell:Creating package script '/home/bryan/hexapod_ws/install/hexapod_interfaces/share/hexapod_interfaces/package.bash'
[2.280s] INFO:colcon.colcon_core.shell:Creating package script '/home/bryan/hexapod_ws/install/hexapod_interfaces/share/hexapod_interfaces/package.zsh'
[2.280s] Level 1:colcon.colcon_core.environment:create_file_with_runtime_dependencies(/home/bryan/hexapod_ws/install/hexapod_interfaces/share/colcon-core/packages/hexapod_interfaces)
[2.490s] Level 1:colcon.colcon_core.environment:create_environment_scripts_only(hexapod_interfaces)
[2.490s] Level 1:colcon.colcon_core.environment:checking '/home/bryan/hexapod_ws/install/hexapod_interfaces' for CMake module files
[2.491s] Level 1:colcon.colcon_core.environment:checking '/home/bryan/hexapod_ws/install/hexapod_interfaces' for CMake config files
[2.492s] Level 1:colcon.colcon_core.shell:create_environment_hook('hexapod_interfaces', 'cmake_prefix_path')
[2.492s] INFO:colcon.colcon_core.shell:Creating environment hook '/home/bryan/hexapod_ws/install/hexapod_interfaces/share/hexapod_interfaces/hook/cmake_prefix_path.ps1'
[2.493s] INFO:colcon.colcon_core.shell:Creating environment descriptor '/home/bryan/hexapod_ws/install/hexapod_interfaces/share/hexapod_interfaces/hook/cmake_prefix_path.dsv'
[2.493s] INFO:colcon.colcon_core.shell:Creating environment hook '/home/bryan/hexapod_ws/install/hexapod_interfaces/share/hexapod_interfaces/hook/cmake_prefix_path.sh'
[2.494s] Level 1:colcon.colcon_core.environment:checking '/home/bryan/hexapod_ws/install/hexapod_interfaces/lib'
[2.495s] Level 1:colcon.colcon_core.shell:create_environment_hook('hexapod_interfaces', 'ld_library_path_lib')
[2.496s] INFO:colcon.colcon_core.shell:Creating environment hook '/home/bryan/hexapod_ws/install/hexapod_interfaces/share/hexapod_interfaces/hook/ld_library_path_lib.ps1'
[2.498s] INFO:colcon.colcon_core.shell:Creating environment descriptor '/home/bryan/hexapod_ws/install/hexapod_interfaces/share/hexapod_interfaces/hook/ld_library_path_lib.dsv'
[2.500s] INFO:colcon.colcon_core.shell:Creating environment hook '/home/bryan/hexapod_ws/install/hexapod_interfaces/share/hexapod_interfaces/hook/ld_library_path_lib.sh'
[2.502s] Level 1:colcon.colcon_core.environment:checking '/home/bryan/hexapod_ws/install/hexapod_interfaces/bin'
[2.502s] Level 1:colcon.colcon_core.environment:checking '/home/bryan/hexapod_ws/install/hexapod_interfaces/lib/pkgconfig/hexapod_interfaces.pc'
[2.503s] Level 1:colcon.colcon_core.environment:checking '/home/bryan/hexapod_ws/install/hexapod_interfaces/lib/python3.10/site-packages'
[2.504s] Level 1:colcon.colcon_core.environment:checking '/home/bryan/hexapod_ws/install/hexapod_interfaces/bin'
[2.506s] INFO:colcon.colcon_core.shell:Creating package script '/home/bryan/hexapod_ws/install/hexapod_interfaces/share/hexapod_interfaces/package.ps1'
[2.508s] INFO:colcon.colcon_core.shell:Creating package descriptor '/home/bryan/hexapod_ws/install/hexapod_interfaces/share/hexapod_interfaces/package.dsv'
[2.510s] INFO:colcon.colcon_core.shell:Creating package script '/home/bryan/hexapod_ws/install/hexapod_interfaces/share/hexapod_interfaces/package.sh'
[2.512s] INFO:colcon.colcon_core.shell:Creating package script '/home/bryan/hexapod_ws/install/hexapod_interfaces/share/hexapod_interfaces/package.bash'
[2.514s] INFO:colcon.colcon_core.shell:Creating package script '/home/bryan/hexapod_ws/install/hexapod_interfaces/share/hexapod_interfaces/package.zsh'
[2.516s] Level 1:colcon.colcon_core.environment:create_file_with_runtime_dependencies(/home/bryan/hexapod_ws/install/hexapod_interfaces/share/colcon-core/packages/hexapod_interfaces)
[2.517s] INFO:colcon.colcon_ros.task.ament_cmake.build:Building ROS package in '/home/bryan/hexapod_ws/src/hexapod_controller' with build type 'ament_cmake'
[2.518s] INFO:colcon.colcon_cmake.task.cmake.build:Building CMake package in '/home/bryan/hexapod_ws/src/hexapod_controller'
[2.519s] INFO:colcon.colcon_core.shell:Skip shell extension 'powershell' for command environment: Not usable outside of PowerShell
[2.520s] DEBUG:colcon.colcon_core.shell:Skip shell extension 'dsv' for command environment
[2.558s] DEBUG:colcon.colcon_core.event_handler.log_command:Invoking command in '/home/bryan/hexapod_ws/build/hexapod_controller': CMAKE_PREFIX_PATH=/home/bryan/hexapod_ws/install/hexapod_interfaces:/home/bryan/pico_ws/install/whycon:/home/bryan/pico_ws/install/swift_pico:/home/bryan/pico_ws/install/waypoint_navigation:/home/bryan/pico_ws/install/swift_pico_description:/home/bryan/pico_ws/install/rotors_swift_interface:/home/bryan/pico_ws/install/swift_msgs:/home/bryan/pico_ws/install/rotors_swift_gazebo:/home/bryan/pico_ws/install/rotors_swift_description:/home/bryan/pico_ws/install/rotors_control:/home/bryan/pico_ws/install/pid_tune:/home/bryan/pico_ws/install/pid_msg:/home/bryan/pico_ws/install/mav_comm:/home/bryan/pico_ws/install/mav_system_msgs:/home/bryan/pico_ws/install/mav_state_machine_msgs:/home/bryan/pico_ws/install/mav_planning_msgs:/home/bryan/pico_ws/install/mav_msgs:/home/bryan/hexapod_ws/install/hexapod_utils:/home/bryan/hexapod_ws/install/hexapod_kinematics:/home/bryan/hexapod_ws/install/hexapod_controller:/home/bryan/hexapod_ws/install/hexapod_description:/home/bryan/turtlesim_ws/install/turtlesim:/opt/ros/humble LD_LIBRARY_PATH=/home/bryan/hexapod_ws/install/hexapod_interfaces/lib:/home/bryan/pico_ws/install/whycon/lib:/home/bryan/pico_ws/install/waypoint_navigation/lib:/home/bryan/pico_ws/install/rotors_control/lib:/home/bryan/pico_ws/install/mav_planning_msgs/lib:/home/bryan/turtlesim_ws/install/turtlesim/lib:/usr/lib/x86_64-linux-gnu/gazebo-11/plugins:/usr/local/lib:/home/bryan/pico_ws/install/swift_msgs/lib:/home/bryan/pico_ws/install/pid_msg/lib:/home/bryan/pico_ws/install/mav_system_msgs/lib:/home/bryan/pico_ws/install/mav_state_machine_msgs/lib:/home/bryan/pico_ws/install/mav_msgs/lib:/opt/ros/humble/opt/rviz_ogre_vendor/lib:/opt/ros/humble/lib/x86_64-linux-gnu:/opt/ros/humble/lib /usr/bin/cmake --build /home/bryan/hexapod_ws/build/hexapod_controller -- -j16 -l16
[21.824s] DEBUG:colcon.colcon_core.event_handler.log_command:Invoked command in '/home/bryan/hexapod_ws/build/hexapod_controller' returned '0': CMAKE_PREFIX_PATH=/home/bryan/hexapod_ws/install/hexapod_interfaces:/home/bryan/pico_ws/install/whycon:/home/bryan/pico_ws/install/swift_pico:/home/bryan/pico_ws/install/waypoint_navigation:/home/bryan/pico_ws/install/swift_pico_description:/home/bryan/pico_ws/install/rotors_swift_interface:/home/bryan/pico_ws/install/swift_msgs:/home/bryan/pico_ws/install/rotors_swift_gazebo:/home/bryan/pico_ws/install/rotors_swift_description:/home/bryan/pico_ws/install/rotors_control:/home/bryan/pico_ws/install/pid_tune:/home/bryan/pico_ws/install/pid_msg:/home/bryan/pico_ws/install/mav_comm:/home/bryan/pico_ws/install/mav_system_msgs:/home/bryan/pico_ws/install/mav_state_machine_msgs:/home/bryan/pico_ws/install/mav_planning_msgs:/home/bryan/pico_ws/install/mav_msgs:/home/bryan/hexapod_ws/install/hexapod_utils:/home/bryan/hexapod_ws/install/hexapod_kinematics:/home/bryan/hexapod_ws/install/hexapod_controller:/home/bryan/hexapod_ws/install/hexapod_description:/home/bryan/turtlesim_ws/install/turtlesim:/opt/ros/humble LD_LIBRARY_PATH=/home/bryan/hexapod_ws/install/hexapod_interfaces/lib:/home/bryan/pico_ws/install/whycon/lib:/home/bryan/pico_ws/install/waypoint_navigation/lib:/home/bryan/pico_ws/install/rotors_control/lib:/home/bryan/pico_ws/install/mav_planning_msgs/lib:/home/bryan/turtlesim_ws/install/turtlesim/lib:/usr/lib/x86_64-linux-gnu/gazebo-11/plugins:/usr/local/lib:/home/bryan/pico_ws/install/swift_msgs/lib:/home/bryan/pico_ws/install/pid_msg/lib:/home/bryan/pico_ws/install/mav_system_msgs/lib:/home/bryan/pico_ws/install/mav_state_machine_msgs/lib:/home/bryan/pico_ws/install/mav_msgs/lib:/opt/ros/humble/opt/rviz_ogre_vendor/lib:/opt/ros/humble/lib/x86_64-linux-gnu:/opt/ros/humble/lib /usr/bin/cmake --build /home/bryan/hexapod_ws/build/hexapod_controller -- -j16 -l16
[21.935s] DEBUG:colcon.colcon_core.event_handler.log_command:Invoking command in '/home/bryan/hexapod_ws/build/hexapod_controller': CMAKE_PREFIX_PATH=/home/bryan/hexapod_ws/install/hexapod_interfaces:/home/bryan/pico_ws/install/whycon:/home/bryan/pico_ws/install/swift_pico:/home/bryan/pico_ws/install/waypoint_navigation:/home/bryan/pico_ws/install/swift_pico_description:/home/bryan/pico_ws/install/rotors_swift_interface:/home/bryan/pico_ws/install/swift_msgs:/home/bryan/pico_ws/install/rotors_swift_gazebo:/home/bryan/pico_ws/install/rotors_swift_description:/home/bryan/pico_ws/install/rotors_control:/home/bryan/pico_ws/install/pid_tune:/home/bryan/pico_ws/install/pid_msg:/home/bryan/pico_ws/install/mav_comm:/home/bryan/pico_ws/install/mav_system_msgs:/home/bryan/pico_ws/install/mav_state_machine_msgs:/home/bryan/pico_ws/install/mav_planning_msgs:/home/bryan/pico_ws/install/mav_msgs:/home/bryan/hexapod_ws/install/hexapod_utils:/home/bryan/hexapod_ws/install/hexapod_kinematics:/home/bryan/hexapod_ws/install/hexapod_controller:/home/bryan/hexapod_ws/install/hexapod_description:/home/bryan/turtlesim_ws/install/turtlesim:/opt/ros/humble LD_LIBRARY_PATH=/home/bryan/hexapod_ws/install/hexapod_interfaces/lib:/home/bryan/pico_ws/install/whycon/lib:/home/bryan/pico_ws/install/waypoint_navigation/lib:/home/bryan/pico_ws/install/rotors_control/lib:/home/bryan/pico_ws/install/mav_planning_msgs/lib:/home/bryan/turtlesim_ws/install/turtlesim/lib:/usr/lib/x86_64-linux-gnu/gazebo-11/plugins:/usr/local/lib:/home/bryan/pico_ws/install/swift_msgs/lib:/home/bryan/pico_ws/install/pid_msg/lib:/home/bryan/pico_ws/install/mav_system_msgs/lib:/home/bryan/pico_ws/install/mav_state_machine_msgs/lib:/home/bryan/pico_ws/install/mav_msgs/lib:/opt/ros/humble/opt/rviz_ogre_vendor/lib:/opt/ros/humble/lib/x86_64-linux-gnu:/opt/ros/humble/lib /usr/bin/cmake --install /home/bryan/hexapod_ws/build/hexapod_controller
[21.972s] Level 1:colcon.colcon_core.environment:create_environment_scripts_only(hexapod_controller)
[21.973s] Level 1:colcon.colcon_core.environment:checking '/home/bryan/hexapod_ws/install/hexapod_controller' for CMake module files
[21.976s] DEBUG:colcon.colcon_core.event_handler.log_command:Invoked command in '/home/bryan/hexapod_ws/build/hexapod_controller' returned '0': CMAKE_PREFIX_PATH=/home/bryan/hexapod_ws/install/hexapod_interfaces:/home/bryan/pico_ws/install/whycon:/home/bryan/pico_ws/install/swift_pico:/home/bryan/pico_ws/install/waypoint_navigation:/home/bryan/pico_ws/install/swift_pico_description:/home/bryan/pico_ws/install/rotors_swift_interface:/home/bryan/pico_ws/install/swift_msgs:/home/bryan/pico_ws/install/rotors_swift_gazebo:/home/bryan/pico_ws/install/rotors_swift_description:/home/bryan/pico_ws/install/rotors_control:/home/bryan/pico_ws/install/pid_tune:/home/bryan/pico_ws/install/pid_msg:/home/bryan/pico_ws/install/mav_comm:/home/bryan/pico_ws/install/mav_system_msgs:/home/bryan/pico_ws/install/mav_state_machine_msgs:/home/bryan/pico_ws/install/mav_planning_msgs:/home/bryan/pico_ws/install/mav_msgs:/home/bryan/hexapod_ws/install/hexapod_utils:/home/bryan/hexapod_ws/install/hexapod_kinematics:/home/bryan/hexapod_ws/install/hexapod_controller:/home/bryan/hexapod_ws/install/hexapod_description:/home/bryan/turtlesim_ws/install/turtlesim:/opt/ros/humble LD_LIBRARY_PATH=/home/bryan/hexapod_ws/install/hexapod_interfaces/lib:/home/bryan/pico_ws/install/whycon/lib:/home/bryan/pico_ws/install/waypoint_navigation/lib:/home/bryan/pico_ws/install/rotors_control/lib:/home/bryan/pico_ws/install/mav_planning_msgs/lib:/home/bryan/turtlesim_ws/install/turtlesim/lib:/usr/lib/x86_64-linux-gnu/gazebo-11/plugins:/usr/local/lib:/home/bryan/pico_ws/install/swift_msgs/lib:/home/bryan/pico_ws/install/pid_msg/lib:/home/bryan/pico_ws/install/mav_system_msgs/lib:/home/bryan/pico_ws/install/mav_state_machine_msgs/lib:/home/bryan/pico_ws/install/mav_msgs/lib:/opt/ros/humble/opt/rviz_ogre_vendor/lib:/opt/ros/humble/lib/x86_64-linux-gnu:/opt/ros/humble/lib /usr/bin/cmake --install /home/bryan/hexapod_ws/build/hexapod_controller
[21.978s] Level 1:colcon.colcon_core.environment:checking '/home/bryan/hexapod_ws/install/hexapod_controller' for CMake config files
[21.980s] Level 1:colcon.colcon_core.shell:create_environment_hook('hexapod_controller', 'cmake_prefix_path')
[21.981s] INFO:colcon.colcon_core.shell:Creating environment hook '/home/bryan/hexapod_ws/install/hexapod_controller/share/hexapod_controller/hook/cmake_prefix_path.ps1'
[21.983s] INFO:colcon.colcon_core.shell:Creating environment descriptor '/home/bryan/hexapod_ws/install/hexapod_controller/share/hexapod_controller/hook/cmake_prefix_path.dsv'
[21.985s] INFO:colcon.colcon_core.shell:Creating environment hook '/home/bryan/hexapod_ws/install/hexapod_controller/share/hexapod_controller/hook/cmake_prefix_path.sh'
[21.988s] Level 1:colcon.colcon_core.environment:checking '/home/bryan/hexapod_ws/install/hexapod_controller/lib'
[21.988s] Level 1:colcon.colcon_core.environment:checking '/home/bryan/hexapod_ws/install/hexapod_controller/bin'
[21.988s] Level 1:colcon.colcon_core.environment:checking '/home/bryan/hexapod_ws/install/hexapod_controller/lib/pkgconfig/hexapod_controller.pc'
[21.989s] Level 1:colcon.colcon_core.environment:checking '/home/bryan/hexapod_ws/install/hexapod_controller/lib/python3.10/site-packages'
[21.990s] Level 1:colcon.colcon_core.environment:checking '/home/bryan/hexapod_ws/install/hexapod_controller/bin'
[21.992s] INFO:colcon.colcon_core.shell:Creating package script '/home/bryan/hexapod_ws/install/hexapod_controller/share/hexapod_controller/package.ps1'
[21.994s] INFO:colcon.colcon_core.shell:Creating package descriptor '/home/bryan/hexapod_ws/install/hexapod_controller/share/hexapod_controller/package.dsv'
[21.996s] INFO:colcon.colcon_core.shell:Creating package script '/home/bryan/hexapod_ws/install/hexapod_controller/share/hexapod_controller/package.sh'
[21.998s] INFO:colcon.colcon_core.shell:Creating package script '/home/bryan/hexapod_ws/install/hexapod_controller/share/hexapod_controller/package.bash'
[21.999s] INFO:colcon.colcon_core.shell:Creating package script '/home/bryan/hexapod_ws/install/hexapod_controller/share/hexapod_controller/package.zsh'
[22.001s] Level 1:colcon.colcon_core.environment:create_file_with_runtime_dependencies(/home/bryan/hexapod_ws/install/hexapod_controller/share/colcon-core/packages/hexapod_controller)
[22.123s] Level 1:colcon.colcon_core.environment:create_environment_scripts_only(hexapod_controller)
[22.124s] Level 1:colcon.colcon_core.environment:checking '/home/bryan/hexapod_ws/install/hexapod_controller' for CMake module files
[22.125s] Level 1:colcon.colcon_core.environment:checking '/home/bryan/hexapod_ws/install/hexapod_controller' for CMake config files
[22.126s] Level 1:colcon.colcon_core.shell:create_environment_hook('hexapod_controller', 'cmake_prefix_path')
[22.126s] INFO:colcon.colcon_core.shell:Creating environment hook '/home/bryan/hexapod_ws/install/hexapod_controller/share/hexapod_controller/hook/cmake_prefix_path.ps1'
[22.127s] INFO:colcon.colcon_core.shell:Creating environment descriptor '/home/bryan/hexapod_ws/install/hexapod_controller/share/hexapod_controller/hook/cmake_prefix_path.dsv'
[22.128s] INFO:colcon.colcon_core.shell:Creating environment hook '/home/bryan/hexapod_ws/install/hexapod_controller/share/hexapod_controller/hook/cmake_prefix_path.sh'
[22.129s] Level 1:colcon.colcon_core.environment:checking '/home/bryan/hexapod_ws/install/hexapod_controller/lib'
[22.129s] Level 1:colcon.colcon_core.environment:checking '/home/bryan/hexapod_ws/install/hexapod_controller/bin'
[22.129s] Level 1:colcon.colcon_core.environment:checking '/home/bryan/hexapod_ws/install/hexapod_controller/lib/pkgconfig/hexapod_controller.pc'
[22.130s] Level 1:colcon.colcon_core.environment:checking '/home/bryan/hexapod_ws/install/hexapod_controller/lib/python3.10/site-packages'
[22.130s] Level 1:colcon.colcon_core.environment:checking '/home/bryan/hexapod_ws/install/hexapod_controller/bin'
[22.131s] INFO:colcon.colcon_core.shell:Creating package script '/home/bryan/hexapod_ws/install/hexapod_controller/share/hexapod_controller/package.ps1'
[22.132s] INFO:colcon.colcon_core.shell:Creating package descriptor '/home/bryan/hexapod_ws/install/hexapod_controller/share/hexapod_controller/package.dsv'
[22.133s] INFO:colcon.colcon_core.shell:Creating package script '/home/bryan/hexapod_ws/install/hexapod_controller/share/hexapod_controller/package.sh'
[22.134s] INFO:colcon.colcon_core.shell:Creating package script '/home/bryan/hexapod_ws/install/hexapod_controller/share/hexapod_controller/package.bash'
[22.134s] INFO:colcon.colcon_core.shell:Creating package script '/home/bryan/hexapod_ws/install/hexapod_controller/share/hexapod_controller/package.zsh'
[22.135s] Level 1:colcon.colcon_core.environment:create_file_with_runtime_dependencies(/home/bryan/hexapod_ws/install/hexapod_controller/share/colcon-core/packages/hexapod_controller)
[22.135s] DEBUG:colcon.colcon_parallel_executor.executor.parallel:closing loop
[22.136s] DEBUG:colcon.colcon_parallel_executor.executor.parallel:loop closed
[22.136s] DEBUG:colcon.colcon_parallel_executor.executor.parallel:run_until_complete finished with '0'
[22.136s] DEBUG:colcon.colcon_core.event_reactor:joining thread
[22.147s] INFO:colcon.colcon_core.plugin_system:Skipping extension 'colcon_notification.desktop_notification.terminal_notifier': Not used on non-Darwin systems
[22.147s] INFO:colcon.colcon_core.plugin_system:Skipping extension 'colcon_notification.desktop_notification.win32': Not used on non-Windows systems
[22.147s] INFO:colcon.colcon_notification.desktop_notification:Sending desktop notification using 'notify2'
[22.181s] DEBUG:colcon.colcon_core.event_reactor:joined thread
[22.182s] INFO:colcon.colcon_core.shell:Creating prefix script '/home/bryan/hexapod_ws/install/local_setup.ps1'
[22.186s] INFO:colcon.colcon_core.shell:Creating prefix util module '/home/bryan/hexapod_ws/install/_local_setup_util_ps1.py'
[22.188s] INFO:colcon.colcon_core.shell:Creating prefix chain script '/home/bryan/hexapod_ws/install/setup.ps1'
[22.191s] INFO:colcon.colcon_core.shell:Creating prefix script '/home/bryan/hexapod_ws/install/local_setup.sh'
[22.192s] INFO:colcon.colcon_core.shell:Creating prefix util module '/home/bryan/hexapod_ws/install/_local_setup_util_sh.py'
[22.192s] INFO:colcon.colcon_core.shell:Creating prefix chain script '/home/bryan/hexapod_ws/install/setup.sh'
[22.196s] INFO:colcon.colcon_core.shell:Creating prefix script '/home/bryan/hexapod_ws/install/local_setup.bash'
[22.197s] INFO:colcon.colcon_core.shell:Creating prefix chain script '/home/bryan/hexapod_ws/install/setup.bash'
[22.202s] INFO:colcon.colcon_core.shell:Creating prefix script '/home/bryan/hexapod_ws/install/local_setup.zsh'
[22.203s] INFO:colcon.colcon_core.shell:Creating prefix chain script '/home/bryan/hexapod_ws/install/setup.zsh'
