[0.112s] Invoking command in '/home/bryan/hexapod_ws/build/hexapod_interfaces': CMAKE_PREFIX_PATH=${CMAKE_PREFIX_PATH}:/home/bryan/bumperbot_ws/install/bumperbot_py_examples:/opt/ros/humble /usr/bin/cmake --build /home/bryan/hexapod_ws/build/hexapod_interfaces -- -j16 -l16
[0.267s] [  3%] Built target hexapod_interfaces__cpp
[0.274s] [ 12%] Built target hexapod_interfaces__rosidl_generator_c
[0.295s] [ 12%] Built target ament_cmake_python_copy_hexapod_interfaces
[0.341s] [ 29%] Built target hexapod_interfaces__rosidl_typesupport_c
[0.341s] [ 32%] Built target hexapod_interfaces__rosidl_typesupport_introspection_c
[0.341s] [ 41%] Built target hexapod_interfaces__rosidl_typesupport_introspection_cpp
[0.356s] [ 51%] Built target hexapod_interfaces__rosidl_typesupport_cpp
[0.364s] [ 61%] Built target hexapod_interfaces__rosidl_typesupport_fastrtps_cpp
[0.381s] [ 70%] Built target hexapod_interfaces__rosidl_typesupport_fastrtps_c
[0.468s] [ 70%] Built target hexapod_interfaces
[0.522s] [ 74%] Built target hexapod_interfaces__py
[0.600s] [ 80%] Built target hexapod_interfaces__rosidl_generator_py
[0.669s] [100%] Built target hexapod_interfaces__rosidl_typesupport_c__pyext
[0.670s] [100%] Built target hexapod_interfaces__rosidl_typesupport_fastrtps_c__pyext
[0.670s] [100%] Built target hexapod_interfaces__rosidl_typesupport_introspection_c__pyext
[0.993s] running egg_info
[0.996s] writing hexapod_interfaces.egg-info/PKG-INFO
[0.996s] writing dependency_links to hexapod_interfaces.egg-info/dependency_links.txt
[0.996s] writing top-level names to hexapod_interfaces.egg-info/top_level.txt
[1.003s] reading manifest file 'hexapod_interfaces.egg-info/SOURCES.txt'
[1.005s] writing manifest file 'hexapod_interfaces.egg-info/SOURCES.txt'
[1.096s] [100%] Built target ament_cmake_python_build_hexapod_interfaces_egg
[1.124s] Invoked command in '/home/bryan/hexapod_ws/build/hexapod_interfaces' returned '0': CMAKE_PREFIX_PATH=${CMAKE_PREFIX_PATH}:/home/bryan/bumperbot_ws/install/bumperbot_py_examples:/opt/ros/humble /usr/bin/cmake --build /home/bryan/hexapod_ws/build/hexapod_interfaces -- -j16 -l16
[1.307s] Invoking command in '/home/bryan/hexapod_ws/build/hexapod_interfaces': CMAKE_PREFIX_PATH=${CMAKE_PREFIX_PATH}:/home/bryan/bumperbot_ws/install/bumperbot_py_examples:/opt/ros/humble /usr/bin/cmake --install /home/bryan/hexapod_ws/build/hexapod_interfaces
[1.329s] -- Install configuration: ""
[1.330s] -- Up-to-date: /home/bryan/hexapod_ws/install/hexapod_interfaces/share/ament_index/resource_index/rosidl_interfaces/hexapod_interfaces
[1.331s] -- Up-to-date: /home/bryan/hexapod_ws/install/hexapod_interfaces/include/hexapod_interfaces/hexapod_interfaces
[1.331s] -- Up-to-date: /home/bryan/hexapod_ws/install/hexapod_interfaces/include/hexapod_interfaces/hexapod_interfaces/msg
[1.332s] -- Up-to-date: /home/bryan/hexapod_ws/install/hexapod_interfaces/include/hexapod_interfaces/hexapod_interfaces/msg/point_array.h
[1.332s] -- Up-to-date: /home/bryan/hexapod_ws/install/hexapod_interfaces/include/hexapod_interfaces/hexapod_interfaces/msg/detail
[1.333s] -- Up-to-date: /home/bryan/hexapod_ws/install/hexapod_interfaces/include/hexapod_interfaces/hexapod_interfaces/msg/detail/point_array__type_support.h
[1.333s] -- Up-to-date: /home/bryan/hexapod_ws/install/hexapod_interfaces/include/hexapod_interfaces/hexapod_interfaces/msg/detail/point_array__functions.c
[1.333s] -- Up-to-date: /home/bryan/hexapod_ws/install/hexapod_interfaces/include/hexapod_interfaces/hexapod_interfaces/msg/detail/point_array__functions.h
[1.333s] -- Up-to-date: /home/bryan/hexapod_ws/install/hexapod_interfaces/include/hexapod_interfaces/hexapod_interfaces/msg/detail/point_array__struct.h
[1.334s] -- Up-to-date: /home/bryan/hexapod_ws/install/hexapod_interfaces/include/hexapod_interfaces/hexapod_interfaces/msg/rosidl_generator_c__visibility_control.h
[1.334s] -- Up-to-date: /home/bryan/hexapod_ws/install/hexapod_interfaces/share/hexapod_interfaces/environment/library_path.sh
[1.334s] -- Up-to-date: /home/bryan/hexapod_ws/install/hexapod_interfaces/share/hexapod_interfaces/environment/library_path.dsv
[1.334s] -- Up-to-date: /home/bryan/hexapod_ws/install/hexapod_interfaces/lib/libhexapod_interfaces__rosidl_generator_c.so
[1.334s] -- Up-to-date: /home/bryan/hexapod_ws/install/hexapod_interfaces/include/hexapod_interfaces/hexapod_interfaces
[1.335s] -- Up-to-date: /home/bryan/hexapod_ws/install/hexapod_interfaces/include/hexapod_interfaces/hexapod_interfaces/msg
[1.335s] -- Up-to-date: /home/bryan/hexapod_ws/install/hexapod_interfaces/include/hexapod_interfaces/hexapod_interfaces/msg/rosidl_typesupport_fastrtps_c__visibility_control.h
[1.335s] -- Up-to-date: /home/bryan/hexapod_ws/install/hexapod_interfaces/include/hexapod_interfaces/hexapod_interfaces/msg/detail
[1.335s] -- Up-to-date: /home/bryan/hexapod_ws/install/hexapod_interfaces/include/hexapod_interfaces/hexapod_interfaces/msg/detail/point_array__rosidl_typesupport_fastrtps_c.h
[1.336s] -- Up-to-date: /home/bryan/hexapod_ws/install/hexapod_interfaces/lib/libhexapod_interfaces__rosidl_typesupport_fastrtps_c.so
[1.336s] -- Up-to-date: /home/bryan/hexapod_ws/install/hexapod_interfaces/include/hexapod_interfaces/hexapod_interfaces
[1.336s] -- Up-to-date: /home/bryan/hexapod_ws/install/hexapod_interfaces/include/hexapod_interfaces/hexapod_interfaces/msg
[1.336s] -- Up-to-date: /home/bryan/hexapod_ws/install/hexapod_interfaces/include/hexapod_interfaces/hexapod_interfaces/msg/point_array.hpp
[1.336s] -- Up-to-date: /home/bryan/hexapod_ws/install/hexapod_interfaces/include/hexapod_interfaces/hexapod_interfaces/msg/detail
[1.336s] -- Up-to-date: /home/bryan/hexapod_ws/install/hexapod_interfaces/include/hexapod_interfaces/hexapod_interfaces/msg/detail/point_array__struct.hpp
[1.336s] -- Up-to-date: /home/bryan/hexapod_ws/install/hexapod_interfaces/include/hexapod_interfaces/hexapod_interfaces/msg/detail/point_array__builder.hpp
[1.337s] -- Up-to-date: /home/bryan/hexapod_ws/install/hexapod_interfaces/include/hexapod_interfaces/hexapod_interfaces/msg/detail/point_array__traits.hpp
[1.337s] -- Up-to-date: /home/bryan/hexapod_ws/install/hexapod_interfaces/include/hexapod_interfaces/hexapod_interfaces
[1.337s] -- Up-to-date: /home/bryan/hexapod_ws/install/hexapod_interfaces/include/hexapod_interfaces/hexapod_interfaces/msg
[1.337s] -- Up-to-date: /home/bryan/hexapod_ws/install/hexapod_interfaces/include/hexapod_interfaces/hexapod_interfaces/msg/rosidl_typesupport_fastrtps_cpp__visibility_control.h
[1.337s] -- Up-to-date: /home/bryan/hexapod_ws/install/hexapod_interfaces/include/hexapod_interfaces/hexapod_interfaces/msg/detail
[1.338s] -- Up-to-date: /home/bryan/hexapod_ws/install/hexapod_interfaces/include/hexapod_interfaces/hexapod_interfaces/msg/detail/dds_fastrtps
[1.338s] -- Up-to-date: /home/bryan/hexapod_ws/install/hexapod_interfaces/include/hexapod_interfaces/hexapod_interfaces/msg/detail/point_array__rosidl_typesupport_fastrtps_cpp.hpp
[1.338s] -- Up-to-date: /home/bryan/hexapod_ws/install/hexapod_interfaces/lib/libhexapod_interfaces__rosidl_typesupport_fastrtps_cpp.so
[1.338s] -- Up-to-date: /home/bryan/hexapod_ws/install/hexapod_interfaces/include/hexapod_interfaces/hexapod_interfaces
[1.338s] -- Up-to-date: /home/bryan/hexapod_ws/install/hexapod_interfaces/include/hexapod_interfaces/hexapod_interfaces/msg
[1.338s] -- Up-to-date: /home/bryan/hexapod_ws/install/hexapod_interfaces/include/hexapod_interfaces/hexapod_interfaces/msg/detail
[1.339s] -- Up-to-date: /home/bryan/hexapod_ws/install/hexapod_interfaces/include/hexapod_interfaces/hexapod_interfaces/msg/detail/point_array__type_support.c
[1.339s] -- Up-to-date: /home/bryan/hexapod_ws/install/hexapod_interfaces/include/hexapod_interfaces/hexapod_interfaces/msg/detail/point_array__rosidl_typesupport_introspection_c.h
[1.339s] -- Up-to-date: /home/bryan/hexapod_ws/install/hexapod_interfaces/include/hexapod_interfaces/hexapod_interfaces/msg/rosidl_typesupport_introspection_c__visibility_control.h
[1.339s] -- Up-to-date: /home/bryan/hexapod_ws/install/hexapod_interfaces/lib/libhexapod_interfaces__rosidl_typesupport_introspection_c.so
[1.339s] -- Up-to-date: /home/bryan/hexapod_ws/install/hexapod_interfaces/lib/libhexapod_interfaces__rosidl_typesupport_c.so
[1.339s] -- Up-to-date: /home/bryan/hexapod_ws/install/hexapod_interfaces/include/hexapod_interfaces/hexapod_interfaces
[1.339s] -- Up-to-date: /home/bryan/hexapod_ws/install/hexapod_interfaces/include/hexapod_interfaces/hexapod_interfaces/msg
[1.339s] -- Up-to-date: /home/bryan/hexapod_ws/install/hexapod_interfaces/include/hexapod_interfaces/hexapod_interfaces/msg/detail
[1.340s] -- Up-to-date: /home/bryan/hexapod_ws/install/hexapod_interfaces/include/hexapod_interfaces/hexapod_interfaces/msg/detail/point_array__type_support.cpp
[1.340s] -- Up-to-date: /home/bryan/hexapod_ws/install/hexapod_interfaces/include/hexapod_interfaces/hexapod_interfaces/msg/detail/point_array__rosidl_typesupport_introspection_cpp.hpp
[1.340s] -- Up-to-date: /home/bryan/hexapod_ws/install/hexapod_interfaces/lib/libhexapod_interfaces__rosidl_typesupport_introspection_cpp.so
[1.340s] -- Up-to-date: /home/bryan/hexapod_ws/install/hexapod_interfaces/lib/libhexapod_interfaces__rosidl_typesupport_cpp.so
[1.340s] -- Up-to-date: /home/bryan/hexapod_ws/install/hexapod_interfaces/share/hexapod_interfaces/environment/pythonpath.sh
[1.340s] -- Up-to-date: /home/bryan/hexapod_ws/install/hexapod_interfaces/share/hexapod_interfaces/environment/pythonpath.dsv
[1.340s] -- Up-to-date: /home/bryan/hexapod_ws/install/hexapod_interfaces/local/lib/python3.10/dist-packages/hexapod_interfaces-0.0.0-py3.10.egg-info
[1.340s] -- Installing: /home/bryan/hexapod_ws/install/hexapod_interfaces/local/lib/python3.10/dist-packages/hexapod_interfaces-0.0.0-py3.10.egg-info/SOURCES.txt
[1.340s] -- Installing: /home/bryan/hexapod_ws/install/hexapod_interfaces/local/lib/python3.10/dist-packages/hexapod_interfaces-0.0.0-py3.10.egg-info/PKG-INFO
[1.340s] -- Installing: /home/bryan/hexapod_ws/install/hexapod_interfaces/local/lib/python3.10/dist-packages/hexapod_interfaces-0.0.0-py3.10.egg-info/top_level.txt
[1.340s] -- Installing: /home/bryan/hexapod_ws/install/hexapod_interfaces/local/lib/python3.10/dist-packages/hexapod_interfaces-0.0.0-py3.10.egg-info/dependency_links.txt
[1.340s] -- Up-to-date: /home/bryan/hexapod_ws/install/hexapod_interfaces/local/lib/python3.10/dist-packages/hexapod_interfaces
[1.340s] -- Up-to-date: /home/bryan/hexapod_ws/install/hexapod_interfaces/local/lib/python3.10/dist-packages/hexapod_interfaces/__init__.py
[1.340s] -- Up-to-date: /home/bryan/hexapod_ws/install/hexapod_interfaces/local/lib/python3.10/dist-packages/hexapod_interfaces/_hexapod_interfaces_s.ep.rosidl_typesupport_c.c
[1.340s] -- Up-to-date: /home/bryan/hexapod_ws/install/hexapod_interfaces/local/lib/python3.10/dist-packages/hexapod_interfaces/msg
[1.341s] -- Up-to-date: /home/bryan/hexapod_ws/install/hexapod_interfaces/local/lib/python3.10/dist-packages/hexapod_interfaces/msg/__init__.py
[1.341s] -- Up-to-date: /home/bryan/hexapod_ws/install/hexapod_interfaces/local/lib/python3.10/dist-packages/hexapod_interfaces/msg/_point_array_s.c
[1.341s] -- Up-to-date: /home/bryan/hexapod_ws/install/hexapod_interfaces/local/lib/python3.10/dist-packages/hexapod_interfaces/msg/_point_array.py
[1.341s] -- Up-to-date: /home/bryan/hexapod_ws/install/hexapod_interfaces/local/lib/python3.10/dist-packages/hexapod_interfaces/hexapod_interfaces_s__rosidl_typesupport_c.cpython-310-x86_64-linux-gnu.so
[1.341s] -- Up-to-date: /home/bryan/hexapod_ws/install/hexapod_interfaces/local/lib/python3.10/dist-packages/hexapod_interfaces/_hexapod_interfaces_s.ep.rosidl_typesupport_introspection_c.c
[1.341s] -- Up-to-date: /home/bryan/hexapod_ws/install/hexapod_interfaces/local/lib/python3.10/dist-packages/hexapod_interfaces/_hexapod_interfaces_s.ep.rosidl_typesupport_fastrtps_c.c
[1.341s] -- Up-to-date: /home/bryan/hexapod_ws/install/hexapod_interfaces/local/lib/python3.10/dist-packages/hexapod_interfaces/libhexapod_interfaces__rosidl_generator_py.so
[1.341s] -- Up-to-date: /home/bryan/hexapod_ws/install/hexapod_interfaces/local/lib/python3.10/dist-packages/hexapod_interfaces/hexapod_interfaces_s__rosidl_typesupport_fastrtps_c.cpython-310-x86_64-linux-gnu.so
[1.341s] -- Up-to-date: /home/bryan/hexapod_ws/install/hexapod_interfaces/local/lib/python3.10/dist-packages/hexapod_interfaces/hexapod_interfaces_s__rosidl_typesupport_introspection_c.cpython-310-x86_64-linux-gnu.so
[1.435s] Listing '/home/bryan/hexapod_ws/install/hexapod_interfaces/local/lib/python3.10/dist-packages/hexapod_interfaces'...
[1.435s] Listing '/home/bryan/hexapod_ws/install/hexapod_interfaces/local/lib/python3.10/dist-packages/hexapod_interfaces/msg'...
[1.454s] -- Up-to-date: /home/bryan/hexapod_ws/install/hexapod_interfaces/local/lib/python3.10/dist-packages/hexapod_interfaces/hexapod_interfaces_s__rosidl_typesupport_fastrtps_c.cpython-310-x86_64-linux-gnu.so
[1.455s] -- Up-to-date: /home/bryan/hexapod_ws/install/hexapod_interfaces/local/lib/python3.10/dist-packages/hexapod_interfaces/hexapod_interfaces_s__rosidl_typesupport_introspection_c.cpython-310-x86_64-linux-gnu.so
[1.455s] -- Up-to-date: /home/bryan/hexapod_ws/install/hexapod_interfaces/local/lib/python3.10/dist-packages/hexapod_interfaces/hexapod_interfaces_s__rosidl_typesupport_c.cpython-310-x86_64-linux-gnu.so
[1.456s] -- Up-to-date: /home/bryan/hexapod_ws/install/hexapod_interfaces/lib/libhexapod_interfaces__rosidl_generator_py.so
[1.457s] -- Up-to-date: /home/bryan/hexapod_ws/install/hexapod_interfaces/share/hexapod_interfaces/msg/PointArray.idl
[1.457s] -- Up-to-date: /home/bryan/hexapod_ws/install/hexapod_interfaces/share/hexapod_interfaces/msg/PointArray.msg
[1.457s] -- Up-to-date: /home/bryan/hexapod_ws/install/hexapod_interfaces/share/ament_index/resource_index/package_run_dependencies/hexapod_interfaces
[1.458s] -- Up-to-date: /home/bryan/hexapod_ws/install/hexapod_interfaces/share/ament_index/resource_index/parent_prefix_path/hexapod_interfaces
[1.458s] -- Up-to-date: /home/bryan/hexapod_ws/install/hexapod_interfaces/share/hexapod_interfaces/environment/ament_prefix_path.sh
[1.459s] -- Up-to-date: /home/bryan/hexapod_ws/install/hexapod_interfaces/share/hexapod_interfaces/environment/ament_prefix_path.dsv
[1.459s] -- Up-to-date: /home/bryan/hexapod_ws/install/hexapod_interfaces/share/hexapod_interfaces/environment/path.sh
[1.459s] -- Up-to-date: /home/bryan/hexapod_ws/install/hexapod_interfaces/share/hexapod_interfaces/environment/path.dsv
[1.460s] -- Up-to-date: /home/bryan/hexapod_ws/install/hexapod_interfaces/share/hexapod_interfaces/local_setup.bash
[1.460s] -- Up-to-date: /home/bryan/hexapod_ws/install/hexapod_interfaces/share/hexapod_interfaces/local_setup.sh
[1.460s] -- Up-to-date: /home/bryan/hexapod_ws/install/hexapod_interfaces/share/hexapod_interfaces/local_setup.zsh
[1.460s] -- Up-to-date: /home/bryan/hexapod_ws/install/hexapod_interfaces/share/hexapod_interfaces/local_setup.dsv
[1.460s] -- Installing: /home/bryan/hexapod_ws/install/hexapod_interfaces/share/hexapod_interfaces/package.dsv
[1.460s] -- Up-to-date: /home/bryan/hexapod_ws/install/hexapod_interfaces/share/ament_index/resource_index/packages/hexapod_interfaces
[1.460s] -- Up-to-date: /home/bryan/hexapod_ws/install/hexapod_interfaces/share/hexapod_interfaces/cmake/export_hexapod_interfaces__rosidl_generator_cExport.cmake
[1.461s] -- Up-to-date: /home/bryan/hexapod_ws/install/hexapod_interfaces/share/hexapod_interfaces/cmake/export_hexapod_interfaces__rosidl_generator_cExport-noconfig.cmake
[1.461s] -- Up-to-date: /home/bryan/hexapod_ws/install/hexapod_interfaces/share/hexapod_interfaces/cmake/export_hexapod_interfaces__rosidl_typesupport_fastrtps_cExport.cmake
[1.461s] -- Up-to-date: /home/bryan/hexapod_ws/install/hexapod_interfaces/share/hexapod_interfaces/cmake/export_hexapod_interfaces__rosidl_typesupport_fastrtps_cExport-noconfig.cmake
[1.461s] -- Up-to-date: /home/bryan/hexapod_ws/install/hexapod_interfaces/share/hexapod_interfaces/cmake/export_hexapod_interfaces__rosidl_generator_cppExport.cmake
[1.462s] -- Up-to-date: /home/bryan/hexapod_ws/install/hexapod_interfaces/share/hexapod_interfaces/cmake/export_hexapod_interfaces__rosidl_typesupport_fastrtps_cppExport.cmake
[1.462s] -- Up-to-date: /home/bryan/hexapod_ws/install/hexapod_interfaces/share/hexapod_interfaces/cmake/export_hexapod_interfaces__rosidl_typesupport_fastrtps_cppExport-noconfig.cmake
[1.463s] -- Up-to-date: /home/bryan/hexapod_ws/install/hexapod_interfaces/share/hexapod_interfaces/cmake/hexapod_interfaces__rosidl_typesupport_introspection_cExport.cmake
[1.463s] -- Up-to-date: /home/bryan/hexapod_ws/install/hexapod_interfaces/share/hexapod_interfaces/cmake/hexapod_interfaces__rosidl_typesupport_introspection_cExport-noconfig.cmake
[1.464s] -- Up-to-date: /home/bryan/hexapod_ws/install/hexapod_interfaces/share/hexapod_interfaces/cmake/hexapod_interfaces__rosidl_typesupport_cExport.cmake
[1.464s] -- Up-to-date: /home/bryan/hexapod_ws/install/hexapod_interfaces/share/hexapod_interfaces/cmake/hexapod_interfaces__rosidl_typesupport_cExport-noconfig.cmake
[1.466s] -- Up-to-date: /home/bryan/hexapod_ws/install/hexapod_interfaces/share/hexapod_interfaces/cmake/hexapod_interfaces__rosidl_typesupport_introspection_cppExport.cmake
[1.466s] -- Up-to-date: /home/bryan/hexapod_ws/install/hexapod_interfaces/share/hexapod_interfaces/cmake/hexapod_interfaces__rosidl_typesupport_introspection_cppExport-noconfig.cmake
[1.466s] -- Up-to-date: /home/bryan/hexapod_ws/install/hexapod_interfaces/share/hexapod_interfaces/cmake/hexapod_interfaces__rosidl_typesupport_cppExport.cmake
[1.467s] -- Up-to-date: /home/bryan/hexapod_ws/install/hexapod_interfaces/share/hexapod_interfaces/cmake/hexapod_interfaces__rosidl_typesupport_cppExport-noconfig.cmake
[1.467s] -- Up-to-date: /home/bryan/hexapod_ws/install/hexapod_interfaces/share/hexapod_interfaces/cmake/export_hexapod_interfaces__rosidl_generator_pyExport.cmake
[1.468s] -- Up-to-date: /home/bryan/hexapod_ws/install/hexapod_interfaces/share/hexapod_interfaces/cmake/export_hexapod_interfaces__rosidl_generator_pyExport-noconfig.cmake
[1.468s] -- Up-to-date: /home/bryan/hexapod_ws/install/hexapod_interfaces/share/hexapod_interfaces/cmake/rosidl_cmake-extras.cmake
[1.469s] -- Up-to-date: /home/bryan/hexapod_ws/install/hexapod_interfaces/share/hexapod_interfaces/cmake/ament_cmake_export_dependencies-extras.cmake
[1.469s] -- Up-to-date: /home/bryan/hexapod_ws/install/hexapod_interfaces/share/hexapod_interfaces/cmake/ament_cmake_export_include_directories-extras.cmake
[1.469s] -- Up-to-date: /home/bryan/hexapod_ws/install/hexapod_interfaces/share/hexapod_interfaces/cmake/ament_cmake_export_libraries-extras.cmake
[1.470s] -- Up-to-date: /home/bryan/hexapod_ws/install/hexapod_interfaces/share/hexapod_interfaces/cmake/ament_cmake_export_targets-extras.cmake
[1.470s] -- Up-to-date: /home/bryan/hexapod_ws/install/hexapod_interfaces/share/hexapod_interfaces/cmake/rosidl_cmake_export_typesupport_targets-extras.cmake
[1.470s] -- Up-to-date: /home/bryan/hexapod_ws/install/hexapod_interfaces/share/hexapod_interfaces/cmake/rosidl_cmake_export_typesupport_libraries-extras.cmake
[1.470s] -- Up-to-date: /home/bryan/hexapod_ws/install/hexapod_interfaces/share/hexapod_interfaces/cmake/hexapod_interfacesConfig.cmake
[1.470s] -- Up-to-date: /home/bryan/hexapod_ws/install/hexapod_interfaces/share/hexapod_interfaces/cmake/hexapod_interfacesConfig-version.cmake
[1.471s] -- Up-to-date: /home/bryan/hexapod_ws/install/hexapod_interfaces/share/hexapod_interfaces/package.xml
[1.477s] Invoked command in '/home/bryan/hexapod_ws/build/hexapod_interfaces' returned '0': CMAKE_PREFIX_PATH=${CMAKE_PREFIX_PATH}:/home/bryan/bumperbot_ws/install/bumperbot_py_examples:/opt/ros/humble /usr/bin/cmake --install /home/bryan/hexapod_ws/build/hexapod_interfaces
