[0.020s] Invoking command in '/home/bryan/hexapod_ws/build/hexapod_bringup': CMAKE_PREFIX_PATH=${CMAKE_PREFIX_PATH}:/home/bryan/bumperbot_ws/install/bumperbot_py_examples:/opt/ros/humble /usr/bin/cmake --build /home/bryan/hexapod_ws/build/hexapod_bringup -- -j16 -l16
[0.052s] Invoked command in '/home/bryan/hexapod_ws/build/hexapod_bringup' returned '0': CMAKE_PREFIX_PATH=${CMAKE_PREFIX_PATH}:/home/bryan/bumperbot_ws/install/bumperbot_py_examples:/opt/ros/humble /usr/bin/cmake --build /home/bryan/hexapod_ws/build/hexapod_bringup -- -j16 -l16
[0.087s] Invoking command in '/home/bryan/hexapod_ws/build/hexapod_bringup': CMAKE_PREFIX_PATH=${CMAKE_PREFIX_PATH}:/home/bryan/bumperbot_ws/install/bumperbot_py_examples:/opt/ros/humble /usr/bin/cmake --install /home/bryan/hexapod_ws/build/hexapod_bringup
[0.097s] -- Install configuration: ""
[0.098s] -- Up-to-date: /home/bryan/hexapod_ws/install/hexapod_bringup/share/hexapod_bringup/config
[0.098s] -- Up-to-date: /home/bryan/hexapod_ws/install/hexapod_bringup/share/hexapod_bringup/launch
[0.098s] -- Installing: /home/bryan/hexapod_ws/install/hexapod_bringup/share/hexapod_bringup/launch/simulated_robot.launch.py
[0.099s] -- Up-to-date: /home/bryan/hexapod_ws/install/hexapod_bringup/share/ament_index/resource_index/package_run_dependencies/hexapod_bringup
[0.099s] -- Up-to-date: /home/bryan/hexapod_ws/install/hexapod_bringup/share/ament_index/resource_index/parent_prefix_path/hexapod_bringup
[0.099s] -- Up-to-date: /home/bryan/hexapod_ws/install/hexapod_bringup/share/hexapod_bringup/environment/ament_prefix_path.sh
[0.099s] -- Up-to-date: /home/bryan/hexapod_ws/install/hexapod_bringup/share/hexapod_bringup/environment/ament_prefix_path.dsv
[0.099s] -- Up-to-date: /home/bryan/hexapod_ws/install/hexapod_bringup/share/hexapod_bringup/environment/path.sh
[0.099s] -- Up-to-date: /home/bryan/hexapod_ws/install/hexapod_bringup/share/hexapod_bringup/environment/path.dsv
[0.099s] -- Up-to-date: /home/bryan/hexapod_ws/install/hexapod_bringup/share/hexapod_bringup/local_setup.bash
[0.099s] -- Up-to-date: /home/bryan/hexapod_ws/install/hexapod_bringup/share/hexapod_bringup/local_setup.sh
[0.099s] -- Up-to-date: /home/bryan/hexapod_ws/install/hexapod_bringup/share/hexapod_bringup/local_setup.zsh
[0.099s] -- Up-to-date: /home/bryan/hexapod_ws/install/hexapod_bringup/share/hexapod_bringup/local_setup.dsv
[0.100s] -- Installing: /home/bryan/hexapod_ws/install/hexapod_bringup/share/hexapod_bringup/package.dsv
[0.100s] -- Up-to-date: /home/bryan/hexapod_ws/install/hexapod_bringup/share/ament_index/resource_index/packages/hexapod_bringup
[0.100s] -- Up-to-date: /home/bryan/hexapod_ws/install/hexapod_bringup/share/hexapod_bringup/cmake/hexapod_bringupConfig.cmake
[0.100s] -- Up-to-date: /home/bryan/hexapod_ws/install/hexapod_bringup/share/hexapod_bringup/cmake/hexapod_bringupConfig-version.cmake
[0.100s] -- Up-to-date: /home/bryan/hexapod_ws/install/hexapod_bringup/share/hexapod_bringup/package.xml
[0.103s] Invoked command in '/home/bryan/hexapod_ws/build/hexapod_bringup' returned '0': CMAKE_PREFIX_PATH=${CMAKE_PREFIX_PATH}:/home/bryan/bumperbot_ws/install/bumperbot_py_examples:/opt/ros/humble /usr/bin/cmake --install /home/bryan/hexapod_ws/build/hexapod_bringup
